-0.999 -5.90402e-05 -2.68892e-05
-0.998 -0.000253659 -0.000114181
-0.997 -0.000559277 -0.00027338
-0.996 -0.000901753 -0.000516889
-0.995 -0.00121677 -0.000848926
-0.994 -0.00151479 -0.00125012
-0.993 -0.00189769 -0.00166521
-0.992 -0.0024996 -0.00200588
-0.991 -0.00337419 -0.00217539
-0.99 -0.0043903 -0.00210905
-0.989 -0.00520363 -0.00181318
-0.988 -0.00534788 -0.00138234
-0.987 -0.00444386 -0.000981952
-0.986 -0.00245951 -0.000797969
-0.985 0.00011227 -0.000973004
-0.984 0.00229568 -0.00156037
-0.983 0.00292826 -0.00252414
-0.982 0.00109818 -0.00379267
-0.981 -0.00346882 -0.00534234
-0.98 -0.0102318 -0.00726463
-0.979 -0.0179413 -0.00977152
-0.978 -0.0250305 -0.0131207
-0.977 -0.0302082 -0.0174757
-0.976 -0.0330404 -0.0227492
-0.975 -0.0342043 -0.0285022
-0.974 -0.0351944 -0.0339665
-0.973 -0.0375726 -0.0382112
-0.972 -0.0421283 -0.0404095
-0.971 -0.048333 -0.0401023
-0.97 -0.0542903 -0.0373499
-0.969 -0.0571972 -0.0327039
-0.968 -0.0542396 -0.0270109
-0.967 -0.0437228 -0.0211121
-0.966 -0.026023 -0.0155494
-0.965 -0.00384106 -0.01041
-0.964 0.0184952 -0.00540166
-0.963 0.0364014 -0.000144456
-0.962 0.0464732 0.00545204
-0.961 0.0474593 0.0109144
-0.96 0.0405327 0.0151865
-0.959 0.0288239 0.016898
-0.958 0.0162867 0.0148309
-0.957 0.00617765 0.00842594
-0.956 -0.000258077 -0.00187097
-0.955 -0.00424681 -0.0146059
-0.954 -0.0088765 -0.0277289
-0.953 -0.0177795 -0.0392895
-0.952 -0.0336987 -0.0481304
-0.951 -0.0573768 -0.0542762
-0.95 -0.0870154 -0.058848
-0.949 -0.1185 -0.0635473
-0.948 -0.14648 -0.0699127
-0.947 -0.166045 -0.0786219
-0.946 -0.174324 -0.0891258
-0.945 -0.171334 -0.0998209
-0.944 -0.159873 -0.10874
-0.943 -0.14469 -0.114468
-0.942 -0.131215 -0.116841
-0.941 -0.12402 -0.11709
-0.94 -0.125286 -0.117309
-0.939 -0.133811 -0.119482
-0.938 -0.14515 -0.124442
-0.937 -0.152938 -0.131221
-0.936 -0.150875 -0.137097
-0.935 -0.134612 -0.138424
-0.934 -0.103129 -0.13198
-0.933 -0.0594378 -0.116298
-0.932 -0.010372 -0.0924416
-0.931 0.0348538 -0.0638613
-0.93 0.0672527 -0.0353281
-0.929 0.0809931 -0.0113806
-0.928 0.0753281 0.00506463
-0.927 0.0546342 0.0133592
-0.926 0.0266709 0.0147918
-0.925 -0.000152743 0.011478
-0.924 -0.0196971 0.00498675
-0.923 -0.0305298 -0.00472146
-0.922 -0.037095 -0.019595
-0.921 -0.048723 -0.0427816
-0.92 -0.0761594 -0.0770307
-0.919 -0.126617 -0.122843
-0.918 -0.199524 -0.177294
-0.917 -0.285017 -0.234193
-0.916 -0.365862 -0.285587
-0.915 -0.421995 -0.323962
-0.914 -0.436281 -0.344239
-0.913 -0.399985 -0.344987
-0.912 -0.3164 -0.328547
-0.911 -0.20101 -0.300008
-0.91 -0.0772848 -0.265227
-0.909 0.0308642 -0.228642
-0.908 0.10697 -0.191989
-0.907 0.14682 -0.154624
-0.906 0.158458 -0.115171
-0.905 0.157841 -0.0734744
-0.904 0.161955 -0.0317936
-0.903 0.181558 0.00513548
-0.902 0.21587 0.0310311
-0.901 0.251483 0.0398148
-0.9 0.266743 0.0278728
-0.899 0.24047 -0.00404525
-0.898 0.161352 -0.0504229
-0.897 0.0339399 -0.102536
-0.896 -0.121004 -0.151265
-0.895 -0.271674 -0.189728
-0.894 -0.384211 -0.214665
-0.893 -0.432866 -0.226426
-0.892 -0.408046 -0.22798
-0.891 -0.319177 -0.223206
-0.89 -0.191024 -0.214927
-0.889 -0.0550748 -0.203709
-0.888 0.0602832 -0.188365
-0.887 0.13723 -0.167942
-0.886 0.17182 -0.143836
-0.885 0.172668 -0.120577
-0.884 0.155506 -0.104958
-0.883 0.135429 -0.104194
-0.882 0.120073 -0.123871
-0.881 0.106857 -0.165944
-0.88 0.0850987 -0.227383
-0.879 0.0409809 -0.300585
-0.878 -0.0374121 -0.376003
-0.877 -0.156145 -0.445704
-0.876 -0.312549 -0.505663
-0.875 -0.494022 -0.555556
-0.874 -0.679731 -0.596784
-0.873 -0.845115 -0.630389
-0.872 -0.967029 -0.655633
-0.871 -1.02721 -0.669151
-0.87 -1.01406 -0.66507
-0.869 -0.924736 -0.637064
-0.868 -0.767841 -0.582161
-0.867 -0.564535 -0.504069
-0.866 -0.345334 -0.413405
-0.865 -0.143027 -0.324282
-0.864 0.0155171 -0.249388
-0.863 0.116126 -0.196251
-0.862 0.161607 -0.165644
-0.861 0.172498 -0.151731
-0.86 0.182148 -0.143977
-0.859 0.22503 -0.131162
-0.858 0.32164 -0.106551
-0.857 0.466958 -0.0714737
-0.856 0.628339 -0.0348376
-0.855 0.754033 -0.00873042
-0.854 0.789599 -0.00290705
-0.853 0.69756 -0.0210969
-0.852 0.474544 -0.0600722
-0.851 0.158976 -0.11104
-0.85 -0.176583 -0.16307
-0.849 -0.448517 -0.208114
-0.848 -0.592432 -0.245731
-0.847 -0.588214 -0.284737
-0.846 -0.470137 -0.340159
-0.845 -0.31811 -0.426771
-0.844 -0.231713 -0.552442
-0.843 -0.293607 -0.714019
-0.842 -0.533929 -0.896716
-0.841 -0.910419 -1.07692
-0.84 -1.31571 -1.22809
-0.839 -1.61173 -1.32819
-0.838 -1.67817 -1.36569
-0.837 -1.45639 -1.34115
-0.836 -0.973631 -1.26392
-0.835 -0.339131 -1.14632
-0.834 0.288046 -0.998297
-0.833 0.751624 -0.824726
-0.832 0.954218 -0.625549
-0.831 0.894632 -0.398664
-0.83 0.668496 -0.145119
-0.829 0.430136 0.125338
-0.828 0.331082 0.391707
-0.827 0.459323 0.624429
-0.826 0.801191 0.792354
-0.825 1.23911 0.870523
-0.824 1.58737 0.845479
-0.823 1.6566 0.716967
-0.822 1.32607 0.49664
-0.821 0.596162 0.204521
-0.82 -0.401989 -0.136137
-0.819 -1.44535 -0.503819
-0.818 -2.29165 -0.88096
-0.817 -2.75877 -1.25242
-0.816 -2.78291 -1.60203
-0.815 -2.43661 -1.91038
-0.814 -1.90066 -2.15578
-0.813 -1.3984 -2.318
-0.812 -1.11433 -2.38274
-0.811 -1.12708 -2.34496
-0.81 -1.38288 -2.21041
-0.809 -1.7194 -1.99462
-0.808 -1.92987 -1.71908
-0.807 -1.84311 -1.40588
-0.806 -1.39036 -1.07351
-0.805 -0.6362 -0.735787
-0.804 0.237663 -0.404259
-0.803 0.99108 -0.0922491
-0.802 1.4065 0.182194
-0.801 1.36257 0.396319
-0.8 0.873952 0.526207
-0.799 0.0851523 0.553289
-0.798 -0.777423 0.471736
-0.797 -1.47827 0.293148
-0.796 -1.84689 0.0456076
-0.795 -1.82935 -0.233175
-0.794 -1.4995 -0.50624
-0.793 -1.02577 -0.747454
-0.792 -0.607286 -0.947552
-0.791 -0.40515 -1.11404
-0.79 -0.492079 -1.26466
-0.789 -0.83336 -1.41615
-0.788 -1.30135 -1.57272
-0.787 -1.71851 -1.71999
-0.786 -1.9175 -1.82802
-0.785 -1.79967 -1.86223
-0.784 -1.37036 -1.79786
-0.783 -0.737216 -1.63196
-0.782 -0.0749134 -1.38834
-0.781 0.427695 -1.11349
-0.78 0.620966 -0.863907
-0.779 0.436564 -0.688358
-0.778 -0.0907529 -0.611628
-0.777 -0.82953 -0.627039
-0.776 -1.58882 -0.70128
-0.775 -2.17682 -0.789561
-0.774 -2.46007 -0.854766
-0.773 -2.40253 -0.882975
-0.772 -2.07435 -0.889626
-0.771 -1.63093 -0.913975
-0.77 -1.26741 -1.00313
-0.769 -1.15792 -1.1909
-0.768 -1.39586 -1.48001
-0.767 -1.95557 -1.83551
-0.766 -2.6917 -2.19228
-0.765 -3.37899 -2.47414
-0.764 -3.78008 -2.61729
-0.763 -3.72048 -2.58977
-0.762 -3.14892 -2.40005
-0.761 -2.16299 -2.09176
-0.76 -0.986852 -1.7262
-0.759 0.0959477 -1.35948
-0.758 0.832378 -1.02412
-0.757 1.08099 -0.722291
-0.756 0.857077 -0.432607
-0.755 0.327652 -0.126611
-0.754 -0.243999 0.211576
-0.753 -0.591551 0.570113
-0.752 -0.548677 0.90489
-0.751 -0.122216 1.14835
-0.75 0.4984 1.22914
-0.749 1.00178 1.09478
-0.748 1.06046 0.728054
-0.747 0.443503 0.151879
-0.746 -0.898248 -0.577582
-0.745 -2.79861 -1.38573
-0.744 -4.90883 -2.19724
-0.743 -6.79615 -2.95113
-0.742 -8.08056 -3.60856
-0.741 -8.55709 -4.1511
-0.74 -8.2529 -4.57153
-0.739 -7.40076 -4.86327
-0.738 -6.34805 -5.01419
-0.737 -5.43755 -5.00679
-0.736 -4.89502 -4.8234
-0.735 -4.75485 -4.45379
-0.734 -4.85006 -3.90247
-0.733 -4.87879 -3.1932
-0.732 -4.5275 -2.36847
-0.731 -3.60072 -1.48373
-0.73 -2.10353 -0.599167
-0.729 -0.250954 0.226755
-0.728 1.59009 0.940576
-0.727 3.00397 1.49546
-0.726 3.64678 1.85316
-0.725 3.35106 1.98661
-0.724 2.17999 1.88274
-0.723 0.408122 1.54556
-0.722 -1.56544 0.99933
-0.721 -3.33695 0.289597
-0.72 -4.60887 -0.521489
-0.719 -5.26215 -1.36667
-0.718 -5.37558 -2.18768
-0.717 -5.18792 -2.94526
-0.716 -5.01077 -3.62156
-0.715 -5.11788 -4.21501
-0.714 -5.64863 -4.73013
-0.713 -6.55837 -5.16483
-0.712 -7.62877 -5.49913
-0.711 -8.53048 -5.69131
-0.71 -8.92054 -5.68645
-0.709 -8.55207 -5.43623
-0.708 -7.36604 -4.92166
-0.707 -5.53112 -4.16827
-0.706 -3.41076 -3.24744
-0.705 -1.46504 -2.26368
-0.704 -0.119446 -1.33089
-0.703 0.359437 -0.543705
-0.702 -0.0527324 0.0471906
-0.701 -1.12041 0.445893
-0.7 -2.40911 0.70189
-0.699 -3.41841 0.882873
-0.698 -3.75104 1.04081
-0.697 -3.25797 1.18514
-0.696 -2.10301 1.27313
-0.695 -0.721161 1.22161
-0.694 0.317103 0.937281
-0.693 0.494568 0.35637
-0.692 -0.468358 -0.521297
-0.691 -2.49359 -1.61779
-0.69 -5.13697 -2.78939
-0.689 -7.709 -3.86238
-0.688 -9.49573 -4.68036
-0.687 -10.0046 -5.14691
-0.686 -9.14414 -5.24982
-0.685 -7.26906 -5.05786
-0.684 -5.07056 -4.69031
-0.683 -3.34681 -4.27049
-0.682 -2.72932 -3.88153
-0.681 -3.45606 -3.541
-0.68 -5.27073 -3.20348
-0.679 -7.49495 -2.78926
-0.678 -9.26249 -2.22875
-0.677 -9.83848 -1.50665
-0.676 -8.90483 -0.688902
-0.675 -6.70124 0.0802782
-0.674 -3.96538 0.61334
-0.673 -1.69253 0.734834
-0.672 -0.797572 0.337445
-0.671 -1.79077 -0.58065
-0.67 -4.57699 -1.90929
-0.669 -8.45744 -3.45283
-0.668 -12.348 -4.98136
-0.667 -15.1438 -6.29025
-0.666 -16.0953 -7.24829
-0.665 -15.0569 -7.81838
-0.664 -12.5182 -8.04499
-0.663 -9.41604 -8.01582
-0.662 -6.79713 -7.81367
-0.661 -5.4431 -7.47606
-0.66 -5.58799 -6.97779
-0.659 -6.83486 -6.24395
-0.658 -8.31144 -5.18887
-0.657 -9.0089 -3.76634
-0.656 -8.17304 -2.01102
-0.655 -5.60046 -0.0550101
-0.654 -1.73648 1.88705
-0.653 2.45338 3.56034
-0.652 5.79312 4.72858
-0.651 7.28618 5.23213
-0.65 6.45117 5.026
-0.649 3.47969 4.18364
-0.648 -0.841861 2.86618
-0.647 -5.40979 1.27114
-0.646 -9.17039 -0.420097
-0.645 -11.446 -2.07991
-0.644 -12.1163 -3.64874
-0.643 -11.605 -5.12371
-0.642 -10.6822 -6.52564
-0.641 -10.1535 -7.85661
-0.64 -10.5505 -9.06776
-0.639 -11.9402 -10.0537
-0.638 -13.9147 -10.6764
-0.637 -15.7511 -10.8067
-0.636 -16.6709 -10.3663
-0.635 -16.108 -9.35717
-0.634 -13.9026 -7.87106
-0.633 -10.3618 -6.07555
-0.632 -6.16728 -4.17768
-0.631 -2.16621 -2.37584
-0.63 0.878392 -0.817634
-0.629 2.491 0.420736
-0.628 2.58487 1.33001
-0.627 1.44771 1.94642
-0.626 -0.370667 2.32414
-0.625 -2.23354 2.50945
-0.624 -3.60654 2.52321
-0.623 -4.20487 2.35672
-0.622 -4.05595 1.9819
-0.621 -3.46746 1.37005
-0.62 -2.92132 0.509143
-0.619 -2.92793 -0.587161
-0.618 -3.87525 -1.87881
-0.617 -5.90518 -3.30339
-0.616 -8.85034 -4.78305
-0.615 -12.2574 -6.23416
-0.614 -15.4981 -7.57693
-0.613 -17.937 -8.74165
-0.612 -19.1098 -9.67187
-0.611 -18.8636 -10.3281
-0.61 -17.4175 -10.6939
-0.609 -15.3155 -10.7802
-0.608 -13.2729 -10.6209
-0.607 -11.9505 -10.2583
-0.606 -11.725 -9.72461
-0.605 -12.5369 -9.03023
-0.604 -13.8777 -8.16089
-0.603 -14.9333 -7.08434
-0.602 -14.8496 -5.76748
-0.601 -13.0424 -4.20442
-0.6 -9.44428 -2.44797
-0.599 -4.5941 -0.628683
-0.598 0.474541 1.0543
-0.597 4.52585 2.37321
-0.596 6.50991 3.12844
-0.595 5.91772 3.20155
-0.594 2.97556 2.58934
-0.593 -1.40207 1.4101
-0.592 -5.90194 -0.122926
-0.591 -9.25199 -1.75856
-0.59 -10.6544 -3.27928
-0.589 -10.0558 -4.56085
-0.588 -8.1586 -5.59324
-0.587 -6.15836 -6.45287
-0.586 -5.29212 -7.23964
-0.585 -6.3518 -8.00706
-0.584 -9.34235 -8.71295
-0.583 -13.4207 -9.20986
-0.582 -17.1559 -9.28265
-0.581 -19.0272 -8.7249
-0.58 -17.979 -7.43013
-0.579 -13.8357 -5.46399
-0.578 -7.42418 -3.08444
-0.577 -0.351292 -0.694883
-0.576 5.49595 1.25712
-0.575 8.55778 2.40096
-0.574 8.10886 2.54281
-0.573 4.48676 1.71113
-0.572 -1.043 0.133997
-0.571 -6.73733 -1.84236
-0.57 -10.9794 -3.86624
-0.569 -12.8231 -5.68638
-0.568 -12.286 -7.21246
-0.567 -10.2885 -8.50706
-0.566 -8.26908 -9.71378
-0.565 -7.61986 -10.9523
-0.564 -9.14317 -12.2249
-0.563 -12.7212 -13.3738
-0.562 -17.3166 -14.1069
-0.561 -21.3052 -14.083
-0.56 -23.029 -13.0312
-0.559 -21.3817 -10.8612
-0.558 -16.2195 -7.72616
-0.557 -8.45064 -4.01062
-0.556 0.224797 -0.243739
-0.555 7.8295 3.03321
-0.554 12.7039 5.40081
-0.553 13.9865 6.6534
-0.552 11.8317 6.82276
-0.551 7.30705 6.13021
-0.55 2.00723 4.88624
-0.549 -2.48792 3.37489
-0.548 -5.12754 1.76586
-0.547 -5.7003 0.0839444
-0.546 -4.84312 -1.75851
-0.545 -3.75955 -3.88402
-0.544 -3.75844 -6.35936
-0.543 -5.77426 -9.12508
-0.542 -10.0187 -11.9704
-0.541 -15.8651 -14.5654
-0.54 -22.0035 -16.542
-0.539 -26.8267 -17.5969
-0.538 -28.9295 -17.5759
-0.537 -27.5627 -16.5167
-0.536 -22.8877 -14.6375
-0.535 -15.9499 -12.2818
-0.534 -8.38537 -9.83601
-0.533 -1.95668 -7.63845
-0.532 1.94755 -5.90539
-0.531 2.71469 -4.69385
-0.53 0.693885 -3.91316
-0.529 -2.90392 -3.37624
-0.528 -6.38372 -2.8699
-0.527 -8.11717 -2.22368
-0.526 -7.08448 -1.36213
-0.525 -3.22146 -0.330692
-0.524 2.53924 0.712174
-0.523 8.54246 1.53938
-0.522 12.9225 1.92686
-0.521 14.2098 1.72938
-0.52 11.8473 0.934223
-0.519 6.43545 -0.3256
-0.518 -0.416109 -1.80495
-0.517 -6.6054 -3.21991
-0.516 -10.2515 -4.34048
-0.515 -10.3515 -5.07361
-0.514 -7.15876 -5.50633
-0.513 -2.14871 -5.887
-0.512 2.43494 -6.54337
-0.511 4.33452 -7.76041
-0.51 2.09715 -9.65689
-0.509 -4.3338 -12.1048
-0.508 -13.4949 -14.7278
-0.507 -22.8165 -16.9885
-0.506 -29.438 -18.3389
-0.505 -31.1504 -18.3864
-0.504 -27.1549 -17.0188
-0.503 -18.3772 -14.448
-0.502 -7.20644 -11.1542
-0.501 3.2792 -7.74511
-0.5 10.347 -4.76938
-0.499 12.5343 -2.54947
-0.498 10.1213 -1.09959
-0.497 4.98836 -0.163026
-0.496 -0.0856859 0.648892
-0.495 -2.44385 1.67247
-0.494 -0.548392 3.03031
-0.493 5.40042 4.54943
-0.492 13.4682 5.78932
-0.491 20.6399 6.18006
-0.49 23.8967 5.23356
-0.489 21.3198 2.75253
-0.488 12.8186 -1.05002
-0.487 0.236132 -5.57322
-0.486 -13.1968 -9.98567
-0.485 -23.8864 -13.4611
-0.484 -29.0451 -15.4147
-0.483 -27.6058 -15.6661
-0.482 -20.5494 -14.4775
-0.481 -10.5216 -12.4493
-0.48 -0.886546 -10.3034
-0.479 5.42385 -8.63597
-0.478 6.85597 -7.73455
-0.477 3.67064 -7.52294
-0.476 -2.24796 -7.64239
-0.475 -8.12897 -7.6295
-0.474 -11.3407 -7.12374
-0.473 -10.3475 -6.0314
-0.472 -5.25616 -4.58555
-0.471 2.23897 -3.27534
-0.47 9.47399 -2.67004
-0.469 13.7502 -3.20887
-0.468 13.2464 -5.03718
-0.467 7.61237 -7.94181
-0.466 -1.92263 -11.3993
-0.465 -12.9352 -14.7162
-0.464 -22.5492 -17.2179
-0.463 -28.2954 -18.4289
-0.462 -28.8177 -18.1851
-0.461 -24.2113 -16.645
-0.46 -15.9057 -14.2059
-0.459 -6.16478 -11.3714
-0.458 2.60594 -8.61718
-0.457 8.52728 -6.28786
-0.456 10.714 -4.54019
-0.455 9.44592 -3.34049
-0.454 6.02001 -2.51519
-0.453 2.32341 -1.83871
-0.452 0.23775 -1.12642
-0.451 1.04352 -0.301002
-0.45 5.00602 0.57973
-0.449 11.2641 1.33004
-0.448 18.0446 1.67583
-0.447 23.1402 1.32667
-0.446 24.5429 0.0714384
-0.445 21.0859 -2.12666
-0.444 12.9143 -5.07157
-0.443 1.60011 -8.34259
-0.442 -10.1998 -11.3756
-0.441 -19.4822 -13.5993
-0.44 -23.8123 -14.5927
-0.439 -22.1249 -14.223
-0.438 -15.1495 -12.7134
-0.437 -5.29893 -10.6066
-0.436 4.00152 -8.6195
-0.435 9.39036 -7.42206
-0.434 8.73055 -7.41144
-0.433 1.94162 -8.56316
-0.432 -8.83495 -10.4205
-0.431 -19.8463 -12.2349
-0.43 -26.9459 -13.2169
-0.429 -27.0283 -12.817
-0.428 -19.191 -10.9357
-0.427 -5.19433 -7.98463
-0.426 10.9938 -4.76642
-0.425 24.4692 -2.20395
-0.424 31.07 -1.0084
-0.423 28.8734 -1.40921
-0.422 18.9578 -3.05113
-0.421 5.12607 -5.10386
-0.42 -7.36691 -6.55419
-0.419 -13.6739 -6.58288
-0.418 -11.149 -4.89111
-0.417 -0.408217 -1.85362
-0.416 14.7597 1.56645
-0.415 28.6378 4.12237
-0.414 35.5606 4.70592
-0.413 31.9374 2.73626
-0.412 17.6065 -1.62189
-0.411 -3.9735 -7.48876
-0.41 -26.8092 -13.5447
-0.409 -44.3892 -18.4609
-0.408 -51.9189 -21.334
-0.407 -47.9597 -21.9665
-0.406 -34.8779 -20.8898
-0.405 -17.9502 -19.1264
-0.404 -3.46282 -17.7878
-0.403 3.51242 -17.6585
-0.402 0.888869 -18.91
-0.401 -9.73222 -21.0348
-0.4 -23.6785 -23.0241
-0.399 -34.9237 -23.7349
-0.398 -38.276 -22.3152
-0.397 -31.2477 -18.5311
-0.396 -14.9459 -12.8711
-0.395 6.30783 -6.39902
-0.394 26.4631 -0.424131
-0.393 39.7829 3.89004
-0.392 42.7281 5.85608
-0.391 35.0474 5.44069
-0.39 19.7375 3.23789
-0.389 1.93722 0.243799
-0.388 -12.8218 -2.4886
-0.387 -20.4096 -4.18812
-0.386 -19.3515 -4.58161
-0.385 -11.1463 -3.93074
-0.384 0.418917 -2.90172
-0.383 10.6629 -2.32358
-0.382 15.5929 -2.90803
-0.381 13.1419 -5.00743
-0.38 3.71559 -8.48315
-0.379 -10.0332 -12.7275
-0.378 -24.0752 -16.8298
-0.377 -34.2576 -19.8314
-0.376 -37.5745 -20.9953
-0.375 -33.0579 -20.0216
-0.374 -22.0096 -17.1474
-0.373 -7.54457 -13.0974
-0.372 6.34712 -8.88973
-0.371 15.9082 -5.54823
-0.37 18.6218 -3.80707
-0.369 13.9135 -3.89398
-0.368 3.36725 -5.4556
-0.367 -9.67473 -7.65622
-0.366 -21.0787 -9.44239
-0.365 -27.1777 -9.90849
-0.364 -25.918 -8.64035
-0.363 -17.5426 -5.90319
-0.362 -4.62336 -2.59513
-0.361 8.59104 0.0233944
-0.36 17.3985 0.739226
-0.359 18.153 -1.18821
-0.358 9.59482 -5.71631
-0.357 -6.50368 -11.9408
-0.356 -25.6895 -18.316
-0.355 -42.1319 -23.1324
-0.354 -50.4847 -25.0873
-0.353 -47.7109 -23.7282
-0.352 -34.2508 -19.6063
-0.351 -14.0824 -14.089
-0.35 6.44459 -8.90204
-0.349 20.6796 -5.54784
-0.348 23.9609 -4.78444
-0.347 15.3114 -6.35096
-0.346 -2.09181 -9.06644
-0.345 -21.9047 -11.292
-0.344 -36.7933 -11.5852
-0.343 -41.0848 -9.28851
-0.342 -32.9356 -4.82645
-0.341 -15.1635 0.394857
-0.34 5.62505 4.44581
-0.339 21.3173 5.53258
-0.338 25.1593 2.63627
-0.337 14.1989 -4.09298
-0.336 -9.53225 -13.3423
-0.335 -39.5396 -23.0531
-0.334 -66.9883 -31.0963
-0.333 -83.744 -35.9542
-0.332 -85.2212 -37.1648
-0.331 -71.9365 -35.3781
-0.33 -49.1783 -32.0232
-0.329 -24.9962 -28.7247
-0.328 -7.32799 -26.6884
-0.327 -1.28974 -26.2791
-0.326 -7.50262 -26.9365
-0.325 -21.9895 -27.4436
-0.324 -37.7014 -26.4316
-0.323 -47.1689 -22.9277
-0.322 -45.2932 -16.7474
-0.321 -31.1842 -8.59011
-0.32 -8.37711 0.185355
-0.319 16.5305 8.00409
-0.318 36.1899 13.5613
-0.317 44.9119 16.1732
-0.316 40.4205 15.8893
-0.315 24.4467 13.3662
-0.314 2.00064 9.58427
-0.313 -20.4117 5.51679
-0.312 -36.9655 1.85907
-0.311 -44.2852 -1.10451
-0.31 -42.2251 -3.47272
-0.309 -33.5302 -5.58086
-0.308 -22.656 -7.8188
-0.307 -14.2372 -10.4942
-0.306 -11.692 -13.7734
-0.305 -16.3307 -17.6741
-0.304 -27.1485 -22.064
-0.303 -41.2738 -26.6474
-0.302 -54.8644 -30.9567
-0.301 -64.1711 -34.3844
-0.3 -66.5036 -36.2799
-0.299 -60.8903 -36.1061
-0.298 -48.3097 -33.6186
-0.297 -31.4741 -29.0146
-0.296 -14.2308 -22.9863
-0.295 -0.68799 -16.6183
-0.294 5.8061 -11.1081
-0.293 3.66143 -7.37516
-0.292 -6.25393 -5.7009
-0.291 -20.5595 -5.57339
-0.29 -34.1681 -5.84517
-0.289 -41.8268 -5.17384
-0.288 -39.9229 -2.58987
-0.287 -27.9307 2.01929
-0.286 -8.96683 7.69917
-0.285 10.8183 12.6046
-0.284 23.9723 14.5526
-0.283 24.2038 11.8008
-0.282 8.81666 3.77856
-0.281 -19.8496 -8.53801
-0.28 -54.7215 -22.8057
-0.279 -86.1255 -36.0201
-0.278 -105.065 -45.4974
-0.277 -106.439 -49.7687
-0.276 -90.999 -49.0543
-0.275 -65.2875 -45.1345
-0.274 -39.4959 -40.6483
-0.273 -23.8557 -38.0486
-0.272 -24.7707 -38.5979
-0.271 -42.1472 -41.804
-0.27 -69.0785 -45.5549
-0.269 -94.1889 -46.9294
-0.268 -105.862 -43.3876
-0.267 -96.758 -33.8774
-0.266 -66.8497 -19.42
-0.265 -23.8095 -2.93241
-0.264 19.4466 11.6637
-0.263 49.2004 20.7343
-0.262 55.7987 22.1637
-0.261 37.1893 16.0733
-0.26 -0.212683 4.76053
-0.259 -43.7413 -8.12543
-0.258 -79.0348 -18.8756
-0.257 -95.2357 -25.0008
-0.256 -88.8343 -26.0122
-0.255 -64.6895 -23.413
-0.254 -33.9017 -19.9303
-0.253 -9.43336 -18.3138
-0.252 -1.17199 -20.1806
-0.251 -12.2555 -25.3421
-0.25 -37.9594 -31.843
-0.249 -67.5265 -36.6896
-0.248 -88.2738 -37.0015
-0.247 -90.4494 -31.1629
-0.246 -70.971 -19.5237
-0.245 -34.5907 -4.36669
-0.244 7.91864 10.8406
-0.243 43.7417 22.5977
-0.242 62.5455 28.4705
-0.241 59.8539 27.7472
-0.24 38.1595 21.4723
-0.239 5.5572 11.9047
-0.238 -27.4677 1.62507
-0.237 -51.8716 -7.37848
-0.236 -63.0841 -14.3065
-0.235 -62.1262 -19.6108
-0.234 -54.4857 -24.5339
-0.233 -47.3687 -30.3659
-0.232 -46.6002 -37.7676
-0.231 -54.4757 -46.4381
-0.23 -69.2846 -55.2122
-0.229 -86.4198 -62.4931
-0.228 -100.396 -66.8161
-0.227 -106.908 -67.3282
-0.226 -104.192 -64.0187
-0.225 -93.2841 -57.6362
-0.224 -77.1982 -49.3534
-0.223 -59.4936 -40.3473
-0.222 -42.9584 -31.492
-0.221 -29.0526 -23.2884
-0.22 -18.2524 -16.008
-0.219 -10.8506 -9.9061
-0.218 -7.52392 -5.33802
-0.217 -9.2251 -2.69632
-0.216 -16.467 -2.20824
-0.215 -28.4714 -3.72152
-0.214 -42.7259 -6.61207
-0.213 -55.2994 -9.89241
-0.212 -61.9696 -12.5194
-0.211 -59.8928 -13.8111
-0.21 -49.193 -13.8028
-0.209 -33.6421 -13.3492
-0.208 -19.8036 -13.8528
-0.207 -14.6751 -16.6754
-0.206 -22.692 -22.4685
-0.205 -43.4289 -30.7333
-0.204 -71.1311 -39.8337
-0.203 -96.4325 -47.4887
-0.202 -109.711 -51.576
-0.201 -104.871 -50.9493
-0.2 -82.1182 -45.9533
-0.199 -48.5205 -38.3993
-0.198 -15.8768 -30.9557
-0.197 3.54977 -26.1388
-0.196 1.90437 -25.2854
-0.195 -20.7582 -27.9317
-0.194 -55.9107 -31.8843
-0.193 -89.3523 -34.0002
-0.192 -106.419 -31.4025
-0.191 -97.6454 -22.6743
-0.19 -62.6818 -8.5577
-0.189 -10.9034 8.12612
-0.188 41.6311 23.3302
-0.187 77.8379 33.1105
-0.186 85.8426 34.9572
-0.185 63.4661 28.6508
-0.184 19.186 16.3151
-0.183 -30.9443 1.61738
-0.182 -69.3636 -11.6099
-0.181 -83.7268 -20.7893
-0.18 -71.5958 -25.4848
-0.179 -41.2291 -27.4055
-0.178 -8.23036 -29.5637
-0.177 10.5478 -34.9512
-0.176 3.50952 -45.2377
-0.175 -31.118 -59.9459
-0.174 -84.3054 -76.4012
-0.173 -139.285 -90.5215
-0.172 -177.654 -98.2114
-0.171 -186.219 -96.8358
-0.17 -161.84 -86.171
-0.169 -112.334 -68.4607
-0.168 -53.2621 -47.6174
-0.167 -2.13745 -27.948
-0.166 27.6138 -12.8815
-0.165 30.8596 -4.08505
-0.164 11.8759 -1.20258
-0.163 -17.8754 -2.2823
-0.162 -44.4789 -4.73851
-0.161 -57.0099 -6.46192
-0.16 -51.5078 -6.61193
-0.159 -31.9041 -5.78798
-0.158 -7.77457 -5.59331
-0.157 9.80941 -7.86096
-0.156 12.4812 -13.8734
-0.155 -2.6527 -23.8216
-0.154 -32.3614 -36.6349
-0.153 -68.6904 -50.2123
-0.152 -101.786 -61.9708
-0.151 -123.11 -69.5238
-0.15 -127.892 -71.2601
-0.149 -115.998 -66.6636
-0.148 -91.1521 -56.3327
-0.147 -59.1674 -41.7703
-0.146 -26.1164 -25.0442
-0.145 2.9085 -8.40926
-0.144 24.3057 6.04904
-0.143 36.032 16.7299
-0.142 37.5979 22.7791
-0.141 30.1499 24.2473
-0.14 16.4941 22.0505
-0.139 0.767479 17.6714
-0.138 -12.4145 12.6591
-0.137 -19.2328 8.09592
-0.136 -18.0329 4.21985
-0.135 -10.3528 0.322439
-0.134 -1.11945 -5.03744
-0.133 2.4497 -13.5028
-0.132 -6.65376 -26.1544
-0.131 -32.0024 -42.7626
-0.13 -71.2129 -61.4284
-0.129 -115.603 -78.8861
-0.128 -152.558 -91.4381
-0.127 -169.836 -96.1761
-0.126 -160.172 -92.0263
-0.125 -124.509 -80.2551
-0.124 -72.6262 -64.2519
-0.123 -20.6034 -48.5849
-0.122 14.4598 -37.5409
-0.121 20.8376 -33.6224
-0.12 -2.89193 -36.61
-0.119 -46.7015 -43.6361
-0.118 -92.5395 -50.2918
-0.117 -121.082 -52.3456
-0.116 -119.172 -47.4053
-0.115 -85.0819 -35.8956
-0.114 -29.554 -20.9818
-0.113 27.9035 -7.43896
-0.112 66.2638 0.13988
-0.111 71.0869 -0.876201
-0.11 40.313 -10.0773
-0.109 -14.6138 -24.0634
-0.108 -72.8636 -37.6399
-0.107 -112.127 -45.7435
-0.106 -117.295 -45.3755
-0.105 -86.4254 -36.7582
-0.104 -31.4534 -23.2187
-0.103 26.6296 -9.85314
-0.102 66.0132 -1.56837
-0.101 72.2626 -1.30438
-0.1 43.4019 -9.0588
-0.099 -9.68541 -21.9692
-0.098 -67.4804 -35.3856
-0.097 -109.233 -44.5889
-0.096 -120.894 -46.5377
-0.095 -100.32 -40.9189
-0.094 -57.3915 -30.0277
-0.093 -9.11649 -17.5984
-0.092 27.6952 -7.22296
-0.091 42.7224 -1.08843
-0.09 35.0998 0.564291
-0.089 12.6136 -0.769807
-0.088 -12.0807 -2.65327
-0.087 -26.8361 -2.81108
-0.086 -25.0605 -0.141532
-0.085 -8.23324 4.82608
-0.084 15.4134 10.2603
-0.083 35.2995 13.9311
-0.082 43.4744 14.1615
-0.081 37.6042 10.3621
-0.08 20.9078 3.0032
-0.079 -0.352006 -6.83448
-0.078 -20.373 -18.0659
-0.077 -36.7224 -30.0721
-0.076 -51.2628 -42.7825
-0.075 -68.4515 -56.2923
-0.074 -91.7969 -70.2465
-0.073 -120.517 -83.4109
-0.072 -148.429 -93.7417
-0.071 -165.823 -98.968
-0.07 -163.617 -97.4755
-0.069 -138.154 -89.1866
-0.068 -94.5658 -76.0591
-0.067 -46.6118 -61.7965
-0.066 -11.9949 -50.6056
-0.065 -4.58909 -45.417
-0.064 -27.4198 -46.4875
-0.063 -70.2454 -51.1786
-0.062 -113.001 -55.0137
-0.061 -133.446 -53.4898
-0.06 -116.096 -43.9648
-0.059 -59.5351 -27.0578
-0.058 20.7106 -7.0155
-0.057 96.1405 9.43506
-0.056 136.082 15.6812
-0.055 121.207 8.24178
-0.054 53.0547 -11.3391
-0.053 -45.3305 -36.7246
-0.052 -137.685 -58.9747
-0.051 -187.903 -69.6983
-0.05 -173.631 -64.0586
-0.049 -95.6933 -42.7165
-0.048 20.3879 -11.9555
-0.047 132.804 18.4083
-0.046 199.73 38.8013
-0.045 196.611 43.7663
-0.044 126.42 34.1318
-0.043 18.5433 16.5808
-0.042 -82.5414 0.959623
-0.041 -134.144 -3.56348
-0.04 -111.949 7.8301
-0.039 -20.4466 33.4061
-0.038 107.584 65.1704
-0.037 223.563 91.8232
-0.036 282.651 103.205
-0.035 261.449 94.2323
-0.034 166.492 66.7179
-0.033 31.2772 28.6336
-0.032 -96.1251 -8.72549
-0.031 -170.77 -34.7555
-0.03 -168.278 -43.4888
-0.029 -95.1185 -35.914
-0.028 13.9256 -19.4186
-0.027 110.888 -4.4343
-0.026 154.792 0.0152223
-0.025 127.088 -10.2753
-0.024 36.95 -33.4727
-0.023 -83.3197 -62.6203
-0.022 -190.183 -88.1633
-0.021 -245.029 -101.475
-0.02 -229.841 -98.3522
-0.019 -155.224 -80.8885
-0.018 -55.2855 -56.4729
-0.017 28.6019 -34.3303
-0.016 65.7859 -21.6167
-0.015 47.0571 -21.0134
-0.014 -14.4811 -30.3837
-0.013 -89.9831 -44.003
-0.012 -145.939 -54.7866
-0.011 -157.353 -57.0622
-0.01 -118.849 -49.0379
-0.009 -47.4833 -33.622
-0.008 25.9848 -16.8163
-0.007 72.6701 -4.57297
-0.006 78.4096 -0.0894941
-0.005 47.7684 -2.85703
-0.004 -0.137118 -9.38217
-0.003 -40.3267 -14.8562
-0.002 -52.2445 -15.1898
-0.001 -29.0683 -8.90301
0 18.1009 1.97457
0.001 65.238 12.8489
0.002 88.326 19.1267
0.003 76.2914 18.7778
0.004 35.9898 13.2809
0.005 -11.9951 6.7237
0.006 -42.6717 3.91351
0.007 -36.9341 8.34216
0.008 9.75034 20.5151
0.009 83.1745 37.2294
0.01 154.414 52.5289
0.011 192.692 60.4136
0.012 180.971 57.9852
0.013 124.675 47.0519
0.014 48.8624 33.3046
0.015 -12.9054 23.8453
0.016 -31.7565 24.4098
0.017 5.39848 37.1347
0.018 89.2972 59.3238
0.019 189.213 83.7956
0.02 263.709 101.301
0.021 278.658 104.441
0.022 223.487 91.1326
0.023 116.289 65.5994
0.024 -4.23338 36.4889
0.025 -94.4722 13.3678
0.026 -122.099 3.18859
0.027 -77.9788 7.75876
0.028 19.2411 22.8288
0.029 128.462 39.3271
0.03 201.619 46.7949
0.031 203.905 37.8571
0.032 128.908 11.5743
0.033 1.125 -26.0191
0.034 -134.369 -64.2592
0.035 -229.409 -91.8152
0.036 -250.474 -100.717
0.037 -191.092 -89.1913
0.038 -74.8039 -62.3928
0.039 53.3857 -30.5487
0.04 144.777 -4.99033
0.041 166.57 6.31012
0.042 114.369 1.68222
0.043 12.653 -13.9803
0.044 -95.7178 -31.4538
0.045 -166.155 -40.8791
0.046 -169.256 -35.6156
0.047 -102.149 -14.9265
0.048 10.4333 15.6191
0.049 126.474 46.3662
0.05 204.048 67.4874
0.051 217.651 72.7642
0.052 166.611 61.6476
0.053 73.5046 39.0906
0.054 -25.3579 13.5668
0.055 -93.5979 -5.96179
0.056 -108.19 -13.2091
0.057 -67.7426 -6.73843
0.058 8.18567 9.85298
0.059 88.698 29.8856
0.06 145.168 46.6476
0.061 162.099 55.976
0.062 141.067 57.3606
0.063 97.7788 53.5319
0.064 54.6584 49.0279
0.065 31.844 48.2889
0.066 39.5097 53.8507
0.067 74.4402 65.3212
0.068 122.517 79.6607
0.069 165.836 92.631
0.07 190.572 100.586
0.071 191.695 101.679
0.072 173.094 96.0989
0.073 144.115 85.5324
0.074 114.673 72.2599
0.075 91.0288 58.2757
0.076 73.894 44.7284
0.077 59.5686 31.8956
0.078 43.3603 19.6575
0.079 23.227 8.13297
0.08 1.55582 -1.96146
0.081 -15.7477 -9.44237
0.082 -22.2217 -13.1777
0.083 -14.4409 -12.717
0.084 5.39239 -8.73562
0.085 29.3356 -3.02972
0.086 46.6831 2.06851
0.087 48.9778 4.69049
0.088 34.4943 4.35588
0.089 9.65608 2.27934
0.09 -13.4101 0.858017
0.091 -21.9152 2.60286
0.092 -7.8459 8.99868
0.093 28.1621 19.7091
0.094 75.9423 32.4
0.095 118.719 43.342
0.096 139.387 48.7394
0.097 127.867 46.3502
0.098 86.0767 36.6423
0.099 27.9101 22.8488
0.1 -25.8942 9.83582
0.101 -55.6774 2.29465
0.102 -50.3234 3.00631
0.103 -11.5765 11.7966
0.104 46.276 25.5182
0.105 101.437 39.1103
0.106 132.785 47.4462
0.107 128.143 47.3151
0.108 89.1915 38.713
0.109 30.8453 24.8665
0.11 -24.6266 10.9767
0.111 -56.2695 2.22879
0.112 -52.4033 1.86679
0.113 -14.8375 10.0566
0.114 42.1592 23.9271
0.115 97.5949 38.7453
0.116 131.852 49.7562
0.117 133.973 53.9719
0.118 105.45 51.2322
0.119 59.2695 44.1717
0.12 14.7148 37.1414
0.121 -10.0502 34.4991
0.122 -4.77606 38.9148
0.123 29.3633 50.3455
0.124 80.8225 66.07
0.125 132.555 81.7189
0.126 168.394 92.8141
0.127 178.382 96.1959
0.128 161.367 90.876
0.129 124.455 78.1418
0.13 79.8324 60.9643
0.131 40.1754 42.929
0.132 14.3264 27.0619
0.133 4.85496 14.9926
0.134 8.32222 6.75994
0.135 17.7464 1.24677
0.136 25.8233 -3.06364
0.137 27.4632 -7.38474
0.138 20.9503 -12.1988
0.139 7.80613 -17.1414
0.14 -8.1964 -21.1555
0.141 -22.3884 -22.8537
0.142 -30.5057 -20.9808
0.143 -29.5968 -14.8176
0.144 -18.408 -4.39403
0.145 2.60627 9.51064
0.146 31.3639 25.4973
0.147 64.1776 41.7227
0.148 95.8647 56.1076
0.149 120.302 66.6184
0.15 131.689 71.6368
0.151 126.373 70.3585
0.152 104.584 63.0966
0.153 71.166 51.347
0.154 34.6849 37.5185
0.155 4.97586 24.3478
0.156 -10.0631 14.1582
0.157 -7.2755 8.20703
0.158 10.3819 6.35838
0.159 34.5196 7.21442
0.16 54.0924 8.70198
0.161 59.5744 8.95952
0.162 47.0633 7.22296
0.163 20.5006 4.32967
0.164 -9.24977 2.55115
0.165 -28.3436 4.74329
0.166 -25.3732 13.1326
0.167 3.9202 28.2382
0.168 54.4373 48.3645
0.169 112.837 69.8652
0.17 161.721 88.1185
0.171 185.623 98.9392
0.172 176.749 99.9708
0.173 138.18 91.5327
0.174 83.0008 76.5279
0.175 29.51 59.388
0.176 -5.578 44.465
0.177 -13.2116 34.5198
0.178 4.9351 29.8853
0.179 37.4135 28.5675
0.18 67.5113 27.2027
0.181 79.6945 22.513
0.182 65.6656 12.7396
0.183 27.7271 -1.49071
0.184 -21.9563 -17.2395
0.185 -65.9833 -30.281
0.186 -88.3827 -36.681
0.187 -80.6487 -34.2863
0.188 -44.8286 -23.5384
0.189 7.38576 -7.32754
0.19 59.0632 10.0198
0.191 94.2013 24.2244
0.192 103.366 32.4699
0.193 86.7629 34.2542
0.194 53.6829 31.3776
0.195 18.6405 27.0869
0.196 -4.23674 24.7236
0.197 -6.38483 26.4162
0.198 12.3893 32.3248
0.199 44.4105 40.6987
0.2 77.555 48.6684
0.201 100.071 53.409
0.202 104.851 53.2036
0.203 91.6054 48.018
0.204 66.3364 39.4099
0.205 38.5965 29.8578
0.206 17.7278 21.7992
0.207 9.52355 16.763
0.208 14.497 14.9282
0.209 28.2998 15.2541
0.21 43.9673 16.0828
0.211 54.9022 15.92
0.212 57.2668 14.0459
0.213 50.8829 10.723
0.214 38.5692 6.9725
0.215 24.5426 4.07691
0.216 12.7356 3.05835
0.217 5.65722 4.35036
0.218 4.06349 7.76877
0.219 7.3834 12.7485
0.22 14.5754 18.6988
0.221 24.8866 25.2814
0.222 38.0215 32.4607
0.223 53.6049 40.2971
0.224 70.3585 48.6026
0.225 85.6946 56.6765
0.226 96.2036 63.3119
0.227 98.9145 67.1251
0.228 92.7034 67.0771
0.229 79.1319 62.941
0.23 62.2626 55.4873
0.231 47.4075 46.2847
0.232 39.1613 37.1713
0.233 39.4031 29.5829
0.234 46.1252 23.9988
0.235 53.7961 19.7557
0.236 55.3858 15.3714
0.237 45.3722 9.29622
0.238 22.4631 0.785377
0.239 -9.21085 -9.51979
0.24 -41.0584 -19.5946
0.241 -62.8759 -26.6483
0.242 -66.5571 -28.1241
0.243 -49.3011 -22.7108
0.244 -15.0883 -10.9926
0.245 26.2574 4.5297
0.246 62.2589 20.124
0.247 82.1769 32.0319
0.248 80.9624 37.7585
0.249 61.1794 36.921
0.25 32.055 31.298
0.251 5.9667 24.0624
0.252 -6.281 18.5152
0.253 0.423721 16.8136
0.254 23.5287 19.1582
0.255 53.7152 23.7351
0.256 78.3542 27.4542
0.257 86.2968 27.2352
0.258 72.2492 21.3534
0.259 39.054 10.2948
0.26 -3.07598 -3.24559
0.261 -40.1558 -15.2372
0.262 -59.4978 -21.7241
0.263 -54.2896 -20.2337
0.264 -25.9659 -10.667
0.265 16.4248 4.64624
0.266 59.5229 21.7474
0.267 90.379 36.4119
0.268 100.91 45.573
0.269 90.5238 48.278
0.27 65.9975 45.8378
0.271 38.6544 41.1365
0.272 19.9573 37.392
0.273 17.2392 36.8583
0.274 31.2012 39.9656
0.275 56.0001 45.2111
0.276 81.7003 49.8148
0.277 98.0245 50.8536
0.278 98.0055 46.4187
0.279 80.318 36.3641
0.28 49.5742 22.3955
0.281 14.5505 7.49388
0.282 -14.9676 -5.0956
0.283 -31.5225 -12.9337
0.284 -32.2729 -15.1248
0.285 -19.4934 -12.4621
0.286 0.693073 -6.96222
0.287 20.682 -1.02173
0.288 33.9263 3.44604
0.289 36.8493 5.58051
0.29 29.6463 5.69814
0.291 15.8457 4.99364
0.292 0.870806 4.9692
0.293 -9.85034 6.81028
0.294 -12.5653 10.9341
0.295 -6.15764 16.8727
0.296 7.79637 23.5099
0.297 25.7197 29.5292
0.298 43.1462 33.8527
0.299 55.9163 35.9057
0.3 61.1905 35.658
0.301 58.0899 33.5004
0.302 47.8577 30.0473
0.303 33.5186 25.9372
0.304 19.0896 21.6858
0.305 8.49917 17.6289
0.306 4.47214 13.9513
0.307 7.69476 10.7487
0.308 16.5247 8.05107
0.309 27.3646 5.78773
0.31 35.6345 3.737
0.311 37.1284 1.5431
0.312 29.433 -1.15853
0.313 12.9737 -4.54505
0.314 -8.76281 -8.43044
0.315 -30.0805 -12.1992
0.316 -44.8239 -14.9014
0.317 -48.4209 -15.5077
0.318 -39.4666 -13.2597
0.319 -20.2964 -7.99996
0.32 3.63192 -0.346357
0.321 25.3856 8.39507
0.322 38.801 16.5884
0.323 40.6361 22.7848
0.324 31.8215 26.2074
0.325 17.2093 27.0114
0.326 3.81076 26.2072
0.327 -1.80838 25.2573
0.328 4.03936 25.4904
0.329 20.7722 27.5485
0.33 43.6239 31.082
0.331 65.1664 34.8207
0.332 77.8229 37.015
0.333 76.5678 36.0932
0.334 60.8337 31.2992
0.335 34.8403 23.0685
0.336 6.16517 12.9827
0.337 -16.8842 3.29743
0.338 -28.0882 -3.79168
0.339 -25.3265 -6.87406
0.34 -11.1475 -5.77292
0.341 8.24573 -1.55885
0.342 25.2342 3.86395
0.343 33.4754 8.44083
0.344 30.0876 10.6808
0.345 16.538 10.1552
0.346 -2.04647 7.60147
0.347 -18.8197 4.58855
0.348 -27.6651 2.87518
0.349 -25.2926 3.71188
0.35 -12.2926 7.35739
0.351 7.17499 12.9804
0.352 26.8956 18.9564
0.353 40.7341 23.4311
0.354 44.6166 24.9497
0.355 37.719 22.9469
0.356 22.5556 17.9304
0.357 4.03062 11.2975
0.358 -12.209 4.85231
0.359 -21.583 0.207184
0.36 -21.9564 -1.70836
0.361 -14.1352 -0.870499
0.362 -1.3786 1.92815
0.363 11.7936 5.4125
0.364 21.0325 8.27551
0.365 23.4172 9.60043
0.366 18.2571 9.12773
0.367 7.26097 7.29073
0.368 -6.00544 5.02106
0.369 -17.2488 3.40295
0.37 -22.7961 3.30293
0.371 -20.6971 5.09568
0.372 -11.2567 8.55806
0.373 3.07716 12.9423
0.374 18.3773 17.1928
0.375 30.3073 20.2398
0.376 35.3816 21.292
0.377 32.0694 20.0504
0.378 21.3423 16.7883
0.379 6.42088 12.2733
0.38 -8.21818 7.55174
0.381 -18.238 3.65327
0.382 -20.8025 1.30018
0.383 -15.5141 0.705844
0.384 -4.63583 1.5236
0.385 7.54312 2.96444
0.386 16.0827 4.05444
0.387 17.0921 3.96354
0.388 9.1592 2.3105
0.389 -6.02053 -0.659269
0.39 -24.0649 -4.10037
0.391 -39.2628 -6.81103
0.392 -46.443 -7.62324
0.393 -42.7463 -5.80808
0.394 -28.685 -1.35459
0.395 -8.07593 4.97657
0.396 13.1741 11.8498
0.397 29.0258 17.7494
0.398 35.3354 21.4545
0.399 31.2553 22.4346
0.4 19.5079 21.0186
0.401 5.41137 18.2625
0.402 -5.03224 15.5578
0.403 -7.31691 14.1205
0.404 -0.082163 14.5478
0.405 14.381 16.5988
0.406 30.9374 19.2788
0.407 43.4157 21.2002
0.408 46.7799 21.0985
0.409 38.9207 18.3203
0.41 21.4459 13.1005
0.411 -0.828096 6.52101
0.412 -21.5235 0.162467
0.413 -34.8979 -4.42626
0.414 -37.7768 -6.24877
0.415 -30.5274 -5.18531
0.416 -16.7758 -2.00796
0.417 -2.03593 1.91397
0.418 8.2407 5.10814
0.419 10.5233 6.51115
0.42 4.34409 5.81433
0.421 -7.65722 3.52759
0.422 -20.7828 0.750838
0.423 -30.0151 -1.25538
0.424 -31.7889 -1.53858
0.425 -25.1628 0.209607
0.426 -12.0288 3.56671
0.427 3.64428 7.56186
0.428 17.2162 11.0464
0.429 24.9331 13.1057
0.43 25.1112 13.361
0.431 18.5713 12.0642
0.432 8.21492 9.96679
0.433 -2.06395 8.02227
0.434 -8.72317 7.03788
0.435 -9.70742 7.40307
0.436 -5.01885 8.9843
0.437 3.41624 11.2079
0.438 12.4844 13.2835
0.439 18.9399 14.476
0.44 20.4207 14.3273
0.441 16.119 12.7655
0.442 6.94099 10.0804
0.443 -4.84785 6.7946
0.444 -16.3497 3.4905
0.445 -24.8961 0.657208
0.446 -28.7817 -1.4018
0.447 -27.6629 -2.58984
0.448 -22.5373 -2.9806
0.449 -15.3522 -2.7516
0.45 -8.38665 -2.11507
0.451 -3.58703 -1.26513
0.452 -2.02323 -0.347167
0.453 -3.60171 0.557593
0.454 -7.11649 1.44378
0.455 -10.6366 2.38903
0.456 -12.1265 3.54094
0.457 -10.1168 5.06938
0.458 -4.21807 7.08805
0.459 4.68059 9.57021
0.46 14.5941 12.2933
0.461 22.9658 14.842
0.462 27.4055 16.683
0.463 26.4411 17.3063
0.464 20.0475 16.3993
0.465 9.75159 13.9934
0.466 -1.76466 10.5153
0.467 -11.4588 6.70507
0.468 -16.8623 3.41679
0.469 -16.8399 1.36413
0.47 -11.9276 0.899812
0.471 -4.14315 1.90554
0.472 3.6831 3.83703
0.473 8.86507 5.91966
0.474 9.79764 7.43301
0.475 6.53501 7.97863
0.476 0.773302 7.62463
0.477 -4.77612 6.86742
0.478 -7.39161 6.42242
0.479 -5.35307 6.92135
0.48 1.39151 8.62818
0.481 11.1236 11.2817
0.482 20.8567 14.1332
0.483 27.3032 16.1805
0.484 27.9978 16.5195
0.485 22.1811 14.6798
0.486 11.1023 10.8153
0.487 -2.37704 5.68045
0.488 -14.7274 0.400123
0.489 -22.8895 -3.88521
0.49 -25.2207 -6.37719
0.491 -21.954 -6.8559
0.492 -15.0347 -5.7087
0.493 -7.38537 -3.73993
0.494 -1.84503 -1.83898
0.495 -0.162325 -0.640047
0.496 -2.41678 -0.301256
0.497 -7.06885 -0.477763
0.498 -11.5884 -0.489645
0.499 -13.4068 0.383836
0.5 -10.8556 2.59463
0.501 -3.78512 6.11668
0.502 6.34088 10.4178
0.503 16.9134 14.6239
0.504 25.0521 17.8095
0.505 28.5655 19.3031
0.506 26.6524 18.8974
0.507 20.1157 16.8947
0.508 11.0501 13.9791
0.509 2.13538 10.969
0.51 -4.22651 8.54499
0.511 -6.65597 7.04794
0.512 -5.17667 6.4151
0.513 -1.10631 6.26206
0.514 3.48244 6.06766
0.515 6.51084 5.38839
0.516 6.58415 4.02543
0.517 3.41255 2.08693
0.518 -2.14 -0.0703239
0.519 -8.37429 -1.98589
0.52 -13.3397 -3.26286
0.521 -15.4936 -3.69258
0.522 -14.2028 -3.29987
0.523 -9.91371 -2.30734
0.524 -3.95582 -1.04225
0.525 1.91644 0.180047
0.526 6.08116 1.15682
0.527 7.54446 1.84766
0.528 6.2425 2.36023
0.529 3.05783 2.88846
0.53 -0.471227 3.63654
0.531 -2.66187 4.75706
0.532 -2.2399 6.31377
0.533 1.25472 8.26578
0.534 7.32603 10.4707
0.535 14.6644 12.7073
0.536 21.5195 14.712
0.537 26.2032 16.2202
0.538 27.5851 17.005
0.539 25.4297 16.9144
0.54 20.4543 15.9059
0.541 14.0829 14.0694
0.542 7.98289 11.6204
0.543 3.5422 8.8565
0.544 1.45388 6.08651
0.545 1.53296 3.55739
0.546 2.81937 1.40091
0.547 3.93863 -0.382492
0.548 3.61143 -1.89312
0.549 1.14378 -3.25854
0.55 -3.27606 -4.54153
0.551 -8.58512 -5.6697
0.552 -13.1643 -6.42377
0.553 -15.367 -6.49625
0.554 -14.0831 -5.60032
0.555 -9.14673 -3.59048
0.556 -1.44705 -0.553849
0.557 7.30415 3.16327
0.558 15.079 7.01436
0.559 20.1487 10.3887
0.56 21.6062 12.7811
0.561 19.6239 13.9323
0.562 15.3569 13.8863
0.563 10.5208 12.9477
0.564 6.78594 11.5591
0.565 5.20478 10.143
0.566 5.87339 8.96116
0.567 7.9467 8.04114
0.568 9.99284 7.19898
0.569 10.5525 6.15275
0.57 8.70694 4.67911
0.571 4.45897 2.74639
0.572 -1.21182 0.568411
0.573 -6.65254 -1.44122
0.574 -10.0987 -2.79625
0.575 -10.2935 -3.1015
0.576 -6.93871 -2.19691
0.577 -0.811944 -0.228661
0.578 6.48171 2.3825
0.579 13.0281 5.06628
0.58 17.2133 7.27536
0.581 18.2232 8.64261
0.582 16.2648 9.0688
0.583 12.4351 8.71552
0.584 8.28769 7.91247
0.585 5.26171 7.01697
0.586 4.18408 6.27854
0.587 5.02288 5.75913
0.588 6.9623 5.33543
0.589 8.7516 4.77593
0.59 9.19596 3.85812
0.591 7.61566 2.48001
0.592 4.10999 0.723872
0.593 -0.465617 -1.15085
0.594 -4.79436 -2.78176
0.595 -7.55099 -3.81613
0.596 -7.84498 -4.01932
0.597 -5.50001 -3.34063
0.598 -1.08821 -1.91832
0.599 4.27656 -0.0288759
0.6 9.30975 1.99912
0.601 12.9621 3.87807
0.602 14.7198 5.43064
0.603 14.7034 6.61392
0.604 13.5519 7.49562
0.605 12.1507 8.19803
0.606 11.3109 8.83502
0.607 11.5072 9.46464
0.608 12.7468 10.0682
0.609 14.6005 10.5569
0.61 16.3781 10.8031
0.611 17.3788 10.6844
0.612 17.1223 10.1257
0.613 15.4863 9.12195
0.614 12.7204 7.74025
0.615 9.35339 6.10307
0.616 6.03253 4.36361
0.617 3.34425 2.67797
0.618 1.66154 1.17737
0.619 1.06085 -0.0541963
0.62 1.3303 -0.98908
0.621 2.05653 -1.64933
0.622 2.75359 -2.08912
0.623 2.99823 -2.37236
0.624 2.54532 -2.54842
0.625 1.40225 -2.62958
0.626 -0.158374 -2.57727
0.627 -1.66054 -2.3067
0.628 -2.55197 -1.71323
0.629 -2.36174 -0.712568
0.63 -0.844825 0.720159
0.631 1.92338 2.52432
0.632 5.53115 4.54781
0.633 9.31096 6.56647
0.634 12.51 8.32967
0.635 14.5071 9.62153
0.636 15.004 10.3157
0.637 14.1202 10.4019
0.638 12.3549 9.97419
0.639 10.4248 9.18974
0.64 9.02198 8.21303
0.641 8.56658 7.16209
0.642 9.04052 6.0735
0.643 9.97474 4.90175
0.644 10.6105 3.55856
0.645 10.1844 1.97722
0.646 8.23218 0.172304
0.647 4.80166 -1.73273
0.648 0.494093 -3.51976
0.649 -3.68839 -4.92481
0.65 -6.65216 -5.70647
0.651 -7.5789 -5.71641
0.652 -6.21765 -4.94944
0.653 -2.98802 -3.5512
0.654 1.1506 -1.77566
0.655 5.01861 0.0910362
0.656 7.61106 1.80842
0.657 8.43129 3.23343
0.658 7.64828 4.3346
0.659 6.01671 5.17142
0.66 4.58119 5.84706
0.661 4.27151 6.44856
0.662 5.54233 6.99675
0.663 8.19315 7.42878
0.664 11.4329 7.62223
0.665 14.1617 7.44807
0.666 15.3676 6.82737
0.667 14.5006 5.76997
0.668 11.6886 4.38578
0.669 7.71188 2.8673
0.67 3.73905 1.44665
0.671 0.924089 0.337219
0.672 0.0133989 -0.320554
0.673 1.10422 -0.489339
0.674 3.63372 -0.231475
0.675 6.59472 0.321972
0.676 8.8981 1.01479
0.677 9.75474 1.70793
0.678 8.9412 2.31117
0.679 6.85389 2.79669
0.68 4.33765 3.19028
0.681 2.35961 3.54356
0.682 1.6524 3.8999
0.683 2.45557 4.26846
0.684 4.44361 4.61474
0.685 6.85746 4.86761
0.686 8.78501 4.93865
0.687 9.48607 4.74875
0.688 8.64547 4.25581
0.689 6.46822 3.47402
0.69 3.59121 2.47671
0.691 0.85011 1.38142
0.692 -1.01236 0.323513
0.693 -1.59075 -0.572576
0.694 -0.927967 -1.21786
0.695 0.537248 -1.57509
0.696 2.1536 -1.66318
0.697 3.29584 -1.54646
0.698 3.57377 -1.31016
0.699 2.94706 -1.0306
0.7 1.71587 -0.751645
0.701 0.396093 -0.474631
0.702 -0.473611 -0.162907
0.703 -0.518931 0.241704
0.704 0.357418 0.794466
0.705 1.96809 1.52066
0.706 3.92421 2.39438
0.707 5.76816 3.33346
0.708 7.11057 4.21547
0.709 7.73406 4.91
0.71 7.63656 5.31473
0.711 7.00306 5.38283
0.712 6.12103 5.13384
0.713 5.27743 4.6458
0.714 4.67615 4.03059
0.715 4.39449 3.39864
0.716 4.378 2.82365
0.717 4.46751 2.3215
0.718 4.45239 1.85315
0.719 4.13852 1.3503
0.72 3.41033 0.752474
0.721 2.26723 0.0404416
0.722 0.828859 -0.745642
0.723 -0.685037 -1.50857
0.724 -1.9957 -2.11642
0.725 -2.82756 -2.43955
0.726 -2.98344 -2.39136
0.727 -2.40774 -1.9575
0.728 -1.20946 -1.20147
0.729 0.365295 -0.24481
0.73 1.99868 0.769232
0.731 3.38384 1.71447
0.732 4.30751 2.51085
0.733 4.71358 3.13636
0.734 4.72161 3.61916
0.735 4.581 4.01284
0.736 4.56987 4.36366
0.737 4.88116 4.68375
0.738 5.5449 4.94156
0.739 6.41194 5.07174
0.74 7.19752 4.99883
0.741 7.57047 4.66564
0.742 7.26741 4.05735
0.743 6.19885 3.21427
0.744 4.50333 2.22782
0.745 2.51763 1.21952
0.746 0.669335 0.310256
0.747 -0.662464 -0.408267
0.748 -1.26378 -0.89029
0.749 -1.14416 -1.13842
0.75 -0.525051 -1.19412
0.751 0.238055 -1.11973
0.752 0.779695 -0.976414
0.753 0.85509 -0.804678
0.754 0.426728 -0.615346
0.755 -0.329723 -0.394782
0.756 -1.09994 -0.12012
0.757 -1.55111 0.224449
0.758 -1.45186 0.636571
0.759 -0.754392 1.09105
0.76 0.386063 1.54143
0.761 1.66228 1.92866
0.762 2.72133 2.19651
0.763 3.28715 2.30865
0.764 3.25203 2.25946
0.765 2.70414 2.07371
0.766 1.88714 1.79785
0.767 1.11173 1.48837
0.768 0.649821 1.20001
0.769 0.644317 0.974681
0.77 1.06534 0.832649
0.771 1.72954 0.769922
0.772 2.37317 0.764108
0.773 2.74785 0.785899
0.774 2.70209 0.810184
0.775 2.22387 0.823011
0.776 1.43715 0.824624
0.777 0.55814 0.829196
0.778 -0.175601 0.860137
0.779 -0.581541 0.940616
0.78 -0.586779 1.08239
0.781 -0.241459 1.27828
0.782 0.309388 1.50195
0.783 0.879483 1.71417
0.784 1.29943 1.87236
0.785 1.46313 1.94118
0.786 1.35348 1.90261
0.787 1.04227 1.76214
0.788 0.663284 1.54752
0.789 0.36604 1.2994
0.79 0.266351 1.05799
0.791 0.409969 0.851333
0.792 0.758979 0.689202
0.793 1.20309 0.563256
0.794 1.59179 0.452477
0.795 1.77892 0.333159
0.796 1.66814 0.190945
0.797 1.2464 0.0298362
0.798 0.59386 -0.126459
0.799 -0.134176 -0.241536
0.8 -0.749635 -0.278188
0.801 -1.08696 -0.210159
0.802 -1.05458 -0.0302884
0.803 -0.664358 0.246281
0.804 -0.0279215 0.584698
0.805 0.679055 0.939144
0.806 1.27252 1.26535
0.807 1.6178 1.53183
0.808 1.6715 1.72532
0.809 1.49418 1.84928
0.81 1.22745 1.91746
0.811 1.04003 1.94572
0.812 1.06126 1.94466
0.813 1.3281 1.91461
0.814 1.7673 1.84501
0.815 2.21879 1.71913
0.816 2.49071 1.52254
0.817 2.42673 1.25124
0.818 1.96356 0.916286
0.819 1.15975 0.543474
0.82 0.183486 0.168845
0.821 -0.739427 -0.168405
0.822 -1.40012 -0.433944
0.823 -1.67537 -0.605343
0.824 -1.56465 -0.67584
0.825 -1.18323 -0.653512
0.826 -0.715899 -0.556706
0.827 -0.349115 -0.407891
0.828 -0.205431 -0.227934
0.829 -0.302651 -0.0322376
0.83 -0.552312 0.1706
0.831 -0.798141 0.377622
0.832 -0.879377 0.588399
0.833 -0.694365 0.801175
0.834 -0.240605 1.00991
0.835 0.383027 1.20328
0.836 1.01176 1.36574
0.837 1.47398 1.48056
0.838 1.6517 1.53386
0.839 1.52017 1.51858
0.84 1.15283 1.43692
0.841 0.691315 1.30064
0.842 0.293271 1.12905
0.843 0.0776992 0.945252
0.844 0.0866508 0.771261
0.845 0.275967 0.623261
0.846 0.537215 0.508226
0.847 0.741574 0.423433
0.848 0.788499 0.359057
0.849 0.640611 0.30264
0.85 0.332535 0.243833
0.851 -0.0472547 0.178134
0.852 -0.391909 0.108704
0.853 -0.614499 0.0455369
0.854 -0.675775 0.00184452
0.855 -0.593017 -0.0113074
0.856 -0.428432 0.0101681
0.857 -0.262309 0.0613348
0.858 -0.161353 0.129674
0.859 -0.154573 0.199093
0.86 -0.225952 0.255037
0.861 -0.325324 0.289235
0.862 -0.390743 0.302618
0.863 -0.371938 0.305058
0.864 -0.246454 0.311563
0.865 -0.0248885 0.336202
0.866 0.254396 0.386415
0.867 0.538512 0.460027
0.868 0.776902 0.545813
0.869 0.935817 0.627
0.87 1.00483 0.686474
0.871 0.993747 0.712175
0.872 0.923374 0.700956
0.873 0.816283 0.659355
0.874 0.691246 0.600804
0.875 0.561403 0.540482
0.876 0.434413 0.490109
0.877 0.313677 0.45467
0.878 0.200479 0.431839
0.879 0.0962438 0.413898
0.88 0.00346188 0.391374
0.881 -0.0752711 0.357298
0.882 -0.138593 0.310531
0.883 -0.186013 0.256641
0.884 -0.215785 0.205878
0.885 -0.223192 0.169217
0.886 -0.201282 0.154293
0.887 -0.144119 0.162714
0.888 -0.051002 0.189499
0.889 0.0703043 0.224605
0.89 0.202662 0.256073
0.891 0.321721 0.273846
0.892 0.401353 0.272876
0.893 0.421327 0.254238
0.894 0.374425 0.223956
0.895 0.26972 0.190339
0.896 0.130476 0.161039
0.897 -0.0125691 0.14087
0.898 -0.130257 0.130916
0.899 -0.203492 0.129007
0.9 -0.228359 0.131303
0.901 -0.215951 0.13434
0.902 -0.186618 0.136626
0.903 -0.160751 0.139053
0.904 -0.150219 0.144135
0.905 -0.154105 0.154642
0.906 -0.15991 0.172241
0.907 -0.149083 0.196643
0.908 -0.104799 0.225472
0.909 -0.0195208 0.254812
0.91 0.100255 0.28026
0.911 0.234305 0.298049
0.912 0.354607 0.305789
0.913 0.43473 0.302614
0.914 0.45856 0.288935
0.915 0.424853 0.266104
0.916 0.346589 0.236098
0.917 0.246157 0.201284
0.918 0.148228 0.164252
0.919 0.0723832 0.127681
0.92 0.0276399 0.0941907
0.921 0.0108335 0.0660752
0.922 0.00965665 0.0448928
0.923 0.00901675 0.0311035
0.924 -0.00233656 0.0240503
0.925 -0.0277224 0.0223369
0.926 -0.0620819 0.024396
0.927 -0.094609 0.0290093
0.928 -0.113055 0.0356212
0.929 -0.108229 0.0443688
0.93 -0.0774083 0.0558019
0.931 -0.0255503 0.0703221
0.932 0.0362891 0.0875376
0.933 0.094754 0.105914
0.934 0.138544 0.123004
0.935 0.161585 0.136178
0.936 0.16407 0.143471
0.937 0.151452 0.14423
0.938 0.13218 0.139359
0.939 0.115015 0.131106
0.94 0.106552 0.122418
0.941 0.109534 0.115966
0.942 0.122432 0.113192
0.943 0.140375 0.113808
0.944 0.157011 0.116011
0.945 0.166558 0.11726
0.946 0.165384 0.115224
0.947 0.152755 0.108565
0.948 0.130776 0.0973509
0.949 0.103643 0.083025
0.95 0.0763782 0.0678845
0.951 0.0533501 0.0542133
0.952 0.0370305 0.0434283
0.953 0.0273823 0.0356509
0.954 0.0220888 0.0298806
0.955 0.017556 0.0245987
0.956 0.0103306 0.0184796
0.957 -0.00155508 0.0109543
0.958 -0.0177561 0.00248495
0.959 -0.0356047 -0.00553769
0.96 -0.0509444 -0.0112832
0.961 -0.0595067 -0.0131973
0.962 -0.0583551 -0.0106271
0.963 -0.046929 -0.00406379
0.964 -0.0273385 0.00506371
0.965 -0.00377592 0.0148817
0.966 0.0187752 0.0236211
0.967 0.0360729 0.0300641
0.968 0.0458222 0.0337886
0.969 0.0481164 0.035141
0.97 0.0450246 0.0349415
0.971 0.0395921 0.034053
0.972 0.0346725 0.033021
0.973 0.0319821 0.0319404
0.974 0.0316604 0.030555
0.975 0.0324605 0.0284816
0.976 0.0324706 0.0254393
0.977 0.0300532 0.0214165
0.978 0.024591 0.0167277
0.979 0.0167275 0.0119364
0.98 0.00805783 0.0076661
0.981 0.000477581 0.00439116
0.982 -0.00450579 0.00230412
0.983 -0.00625128 0.00130819
0.984 -0.00511164 0.00110726
0.985 -0.00219852 0.00133287
0.986 0.00109696 0.00165936
0.987 0.00362125 0.00187948
0.988 0.00480071 0.00192425
0.989 0.00469384 0.00182748
0.99 0.00378691 0.00166126
0.991 0.00267674 0.00148136
0.992 0.00179964 0.00130625
0.993 0.00130729 0.00112679
0.994 0.00110463 0.000928065
0.995 0.00099114 0.000707165
0.996 0.000812036 0.000479748
0.997 0.000539222 0.000274359
0.998 0.000253395 0.00011885
0.999 5.90939e-05 2.79423e-05
0.12 3.53752 0.389854
0.24 3.5474 0.39176
0.36 3.56383 0.394928
0.48 3.58674 0.399346
0.6 3.61606 0.404994
0.72 3.65167 0.411851
0.84 3.69345 0.419887
0.96 3.74125 0.429069
1.08 3.79488 0.439361
1.2 3.85416 0.450719
1.32 3.91887 0.463096
1.44 3.98879 0.476442
1.56 4.06365 0.490701
1.68 4.1432 0.505814
1.8 4.22716 0.521718
1.92 4.31522 0.538347
2.04 4.40708 0.555632
2.16 4.50242 0.573499
2.28 4.60092 0.591875
2.4 4.70223 0.610682
2.52 4.80602 0.629841
2.64 4.91193 0.649271
2.76 5.01961 0.66889
2.88 5.12872 0.688614
3 5.2389 0.70836
3.12 5.34978 0.728043
3.24 5.46104 0.747579
3.36 5.5723 0.766884
3.48 5.68325 0.785876
3.6 5.79353 0.804472
3.72 5.90283 0.822593
3.84 6.01083 0.840159
3.96 6.11721 0.857095
4.08 6.2217 0.873326
4.2 6.324 0.888782
4.32 6.42384 0.903395
4.44 6.52098 0.917102
4.56 6.61517 0.929841
4.68 6.70619 0.941557
4.8 6.79384 0.952199
4.92 6.87792 0.961718
5.04 6.95826 0.970074
5.16 7.03471 0.977228
5.28 7.10713 0.983148
5.4 7.1754 0.987808
5.52 7.23943 0.991188
5.64 7.29913 0.99327
5.76 7.35443 0.994045
5.88 7.40529 0.99351
6 7.45168 0.991664
6.12 7.49358 0.988516
6.24 7.531 0.984077
6.36 7.56395 0.978366
6.48 7.59247 0.971406
6.6 7.61661 0.963226
6.72 7.63642 0.953858
6.84 7.65199 0.943342
6.96 7.66339 0.931719
7.08 7.67072 0.919038
7.2 7.67408 0.905348
7.32 7.6736 0.890706
7.44 7.6694 0.875168
7.56 7.66159 0.858796
7.68 7.65033 0.841653
7.8 7.63575 0.823805
7.92 7.618 0.80532
8.04 7.59722 0.786267
8.16 7.57356 0.766716
8.28 7.54718 0.746736
8.4 7.51822 0.7264
8.52 7.48684 0.705777
8.64 7.45319 0.684937
8.76 7.4174 0.66395
8.88 7.37964 0.642882
9 7.34002 0.6218
9.12 7.2987 0.600766
9.24 7.25581 0.579841
9.36 7.21145 0.559085
9.48 7.16577 0.538551
9.6 7.11886 0.518293
9.72 7.07084 0.498357
9.84 7.0218 0.478789
9.96 6.97183 0.45963
10.08 6.92103 0.440915
10.2 6.86946 0.422677
10.32 6.81719 0.404944
10.44 6.7643 0.38774
10.56 6.71082 0.371085
10.68 6.65681 0.354994
10.8 6.60231 0.339478
10.92 6.54734 0.324544
11.04 6.49195 0.310195
11.16 6.43614 0.296431
11.28 6.37993 0.283246
11.4 6.32332 0.270634
11.52 6.26633 0.258583
11.64 6.20895 0.24708
11.76 6.15117 0.236108
11.88 6.09299 0.225647
12 6.03438 0.215678
12.12 5.97534 0.206178
12.24 5.91585 0.197122
12.36 5.85589 0.188485
12.48 5.79543 0.180242
12.6 5.73446 0.172366
12.72 5.67295 0.164832
12.84 5.61088 0.157612
12.96 5.54824 0.150681
13.08 5.485 0.144015
13.2 5.42114 0.13759
13.32 5.35665 0.131383
13.44 5.29152 0.125375
13.56 5.22573 0.119546
13.68 5.15927 0.113881
13.8 5.09215 0.108363
13.92 5.02437 0.102982
14.04 4.95591 0.0977275
14.16 4.8868 0.0925927
14.28 4.81705 0.0875732
14.4 4.74666 0.0826673
14.52 4.67566 0.0778758
14.64 4.60407 0.0732023
14.76 4.53192 0.0686526
14.88 4.45924 0.0642354
15 4.38607 0.0599615
15.12 4.31244 0.0558437
15.24 4.23841 0.0518971
15.36 4.16401 0.0481385
15.48 4.08929 0.0445863
15.6 4.01432 0.0412601
15.72 3.93915 0.038181
15.84 3.86383 0.0353705
15.96 3.78843 0.0328508
16.08 3.713 0.0306447
16.2 3.63762 0.0287745
16.32 3.56235 0.0272626
16.44 3.48726 0.0261305
16.56 3.4124 0.0253991
16.68 3.33786 0.0250879
16.8 3.2637 0.0252151
16.92 3.18998 0.0257973
17.04 3.11678 0.0268489
17.16 3.04415 0.0283824
17.28 2.97216 0.0304077
17.4 2.90087 0.0329322
17.52 2.83034 0.0359606
17.64 2.76063 0.0394946
17.76 2.6918 0.0435332
17.88 2.62388 0.0480718
18 2.55695 0.053103
18.12 2.49103 0.0586161
18.24 2.42618 0.0645973
18.36 2.36243 0.0710294
18.48 2.29982 0.0778922
18.6 2.23838 0.0851625
18.72 2.17813 0.092814
18.84 2.11911 0.100818
18.96 2.06134 0.109142
19.08 2.00482 0.117753
19.2 1.94958 0.126613
19.32 1.89562 0.135685
19.44 1.84295 0.144928
19.56 1.79157 0.154301
19.68 1.74148 0.16376
19.8 1.69268 0.173261
19.92 1.64516 0.18276
20.04 1.5989 0.192211
20.16 1.55391 0.20157
20.28 1.51015 0.210791
20.4 1.46761 0.21983
20.52 1.42628 0.228643
20.64 1.38613 0.237188
20.76 1.34714 0.245424
20.88 1.30927 0.253312
21 1.27252 0.260814
21.12 1.23683 0.267895
21.24 1.2022 0.274522
21.36 1.16859 0.280665
21.48 1.13596 0.286297
21.6 1.10429 0.291394
21.72 1.07355 0.295934
21.84 1.04371 0.299899
21.96 1.01473 0.303274
22.08 0.986595 0.306049
22.2 0.959264 0.308214
22.32 0.932712 0.309767
22.44 0.90691 0.310706
22.56 0.881831 0.311032
22.68 0.857449 0.310752
22.8 0.833737 0.309875
22.92 0.81067 0.308412
23.04 0.788226 0.306379
23.16 0.766381 0.303792
23.28 0.745114 0.300673
23.4 0.724404 0.297044
23.52 0.704231 0.292931
23.64 0.684577 0.288359
23.76 0.665425 0.28336
23.88 0.646756 0.277961
24 0.628557 0.272197
24.12 0.610811 0.266098
24.24 0.593505 0.2597
24.36 0.576625 0.253036
24.48 0.560158 0.24614
24.6 0.544092 0.239048
24.72 0.528416 0.231794
24.84 0.513117 0.224412
24.96 0.498186 0.216936
25.08 0.483611 0.209397
25.2 0.469383 0.201828
25.32 0.45549 0.19426
25.44 0.441923 0.18672
25.56 0.428672 0.179237
25.68 0.415726 0.171836
25.8 0.403077 0.164542
25.92 0.390713 0.157376
26.04 0.378625 0.15036
26.16 0.366802 0.14351
26.28 0.355234 0.136843
26.4 0.343911 0.130374
26.52 0.332823 0.124114
26.64 0.321958 0.118073
26.76 0.311307 0.112259
26.88 0.300858 0.106678
27 0.290601 0.101334
27.12 0.280526 0.0962288
27.24 0.270622 0.0913627
27.36 0.260879 0.0867344
27.48 0.251287 0.082341
27.6 0.241836 0.0781782
27.72 0.232516 0.0742404
27.84 0.223319 0.0705208
27.96 0.214235 0.0670114
28.08 0.205257 0.0637038
28.2 0.196378 0.0605882
28.32 0.187589 0.0576548
28.44 0.178884 0.054893
28.56 0.170259 0.0522919
28.68 0.161708 0.0498406
28.8 0.153227 0.047528
28.92 0.144814 0.0453431
29.04 0.136465 0.0432752
29.16 0.128179 0.0413137
29.28 0.119957 0.0394486
29.4 0.111797 0.0376703
29.52 0.103703 0.0359698
29.64 0.0956755 0.0343387
29.76 0.0877183 0.0327694
29.88 0.0798356 0.0312549
30 0.0720321 0.0297892
30.12 0.0643137 0.0283669
30.24 0.0566869 0.0269835
30.36 0.0491588 0.0256352
30.48 0.0417375 0.0243194
30.6 0.0344313 0.0230338
30.72 0.0272492 0.0217772
30.84 0.0202007 0.0205491
30.96 0.0132954 0.0193495
31.08 0.00654347 0.0181792
31.2 -4.49728e-05 0.0170396
31.32 -0.00645962 0.0159325
31.44 -0.0126902 0.0148602
31.56 -0.0187265 0.0138254
31.68 -0.0245587 0.012831
31.8 -0.0301769 0.0118803
31.92 -0.0355719 0.0109766
32.04 -0.0407348 0.0101234
32.16 -0.0456573 0.00932403
32.28 -0.0503318 0.00858185
32.4 -0.0547512 0.00790007
32.52 -0.0589093 0.00728167
32.64 -0.0628008 0.00672934
32.76 -0.0664211 0.00624546
32.88 -0.0697667 0.00583199
33 -0.072835 0.0054905
33.12 -0.0756243 0.00522205
33.24 -0.0781341 0.0050272
33.36 -0.080365 0.00490598
33.48 -0.0823183 0.00485786
33.6 -0.0839967 0.00488176
33.72 -0.0854037 0.00497602
33.84 -0.0865441 0.00513841
33.96 -0.0874233 0.00536614
34.08 -0.088048 0.00565589
34.2 -0.0884257 0.00600379
34.32 -0.0885646 0.00640552
34.44 -0.0884739 0.00685626
34.56 -0.0881635 0.00735079
34.68 -0.0876441 0.00788353
34.8 -0.0869266 0.00844853
34.92 -0.086023 0.00903962
35.04 -0.0849452 0.00965035
35.16 -0.0837058 0.0102741
35.28 -0.0823178 0.0109043
35.4 -0.0807939 0.011534
35.52 -0.0791475 0.0121567
35.64 -0.0773916 0.0127655
35.76 -0.0755394 0.013354
35.88 -0.0736039 0.0139158
36 -0.0715979 0.0144448
36.12 -0.0695338 0.0149351
36.24 -0.0674238 0.0153813
36.36 -0.0652797 0.0157782
36.48 -0.0631128 0.016121
36.6 -0.0609337 0.0164057
36.72 -0.0587526 0.0166284
36.84 -0.056579 0.016786
36.96 -0.0544218 0.0168756
37.08 -0.0522892 0.0168952
37.2 -0.0501885 0.0168432
37.32 -0.0481265 0.0167187
37.44 -0.0461091 0.0165211
37.56 -0.0441416 0.0162507
37.68 -0.0422285 0.0159082
37.8 -0.0403734 0.0154948
37.92 -0.0385793 0.0150123
38.04 -0.0368486 0.014463
38.16 -0.0351829 0.0138497
38.28 -0.0335832 0.0131757
38.4 -0.0320498 0.0124445
38.52 -0.0305826 0.0116603
38.64 -0.0291809 0.0108274
38.76 -0.0278435 0.00995043
38.88 -0.0265686 0.00903438
39 -0.0253545 0.00808438
39.12 -0.0241987 0.00710576
39.24 -0.0230986 0.00610396
39.36 -0.0220514 0.00508452
39.48 -0.0210541 0.00405301
39.6 -0.0201037 0.00301499
39.72 -0.0191969 0.00197598
39.84 -0.0183305 0.000941417
39.96 -0.0175014 -8.3392e-05
40.08 -0.0167065 -0.0010933
40.2 -0.0159428 -0.00208335
40.32 -0.0152075 -0.00304882
40.44 -0.0144978 -0.00398522
40.56 -0.0138114 -0.00488835
40.68 -0.013146 -0.00575432
40.8 -0.0124995 -0.00657954
40.92 -0.0118704 -0.00736075
41.04 -0.0112572 -0.00809504
41.16 -0.0106586 -0.00877986
41.28 -0.010074 -0.00941301
41.4 -0.00950261 -0.00999263
41.52 -0.00894426 -0.0105173
41.64 -0.00839889 -0.0109858
41.76 -0.00786675 -0.0113973
41.88 -0.00734833 -0.0117516
42 -0.00684433 -0.0120484
42.12 -0.00635567 -0.0122878
42.24 -0.00588345 -0.0124706
42.36 -0.0054289 -0.0125973
42.48 -0.00499339 -0.012669
42.6 -0.0045784 -0.0126871
42.72 -0.00418544 -0.012653
42.84 -0.00381609 -0.0125684
42.96 -0.00347191 -0.0124352
43.08 -0.00315445 -0.0122555
43.2 -0.00286521 -0.0120313
43.32 -0.0026056 -0.011765
43.44 -0.00237691 -0.011459
43.56 -0.00218031 -0.0111156
43.68 -0.00201681 -0.0107374
43.8 -0.00188724 -0.0103269
43.92 -0.00179223 -0.00988665
44.04 -0.00173219 -0.00941911
44.16 -0.00170731 -0.00892683
44.28 -0.00171755 -0.00841227
44.4 -0.0017626 -0.00787787
44.52 -0.00184192 -0.00732598
44.64 -0.0019547 -0.0067589
44.76 -0.00209991 -0.00617887
44.88 -0.00227622 -0.00558801
45 -0.00248211 -0.00498838
45.12 -0.00271579 -0.00438195
45.24 -0.00297527 -0.00377056
45.36 -0.00325836 -0.003156
45.48 -0.00356267 -0.00253992
45.6 -0.00388563 -0.00192391
45.72 -0.00422454 -0.00130943
45.84 -0.00457657 -0.000697875
45.96 -0.00493876 -9.05402e-05
46.08 -0.0053081 0.000511366
46.2 -0.00568151 0.00110671
46.32 -0.00605587 0.00169445
46.44 -0.00642806 0.0022736
46.56 -0.00679499 0.00284324
46.68 -0.0071536 0.00340253
46.8 -0.00750089 0.00395066
46.92 -0.00783397 0.00448688
47.04 -0.00815006 0.00501051
47.16 -0.00844651 0.00552088
47.28 -0.00872081 0.00601736
47.4 -0.00897065 0.00649938
47.52 -0.0091939 0.00696637
47.64 -0.00938862 0.0074178
47.76 -0.0095531 0.00785316
47.88 -0.00968584 0.00827197
48 -0.00978561 0.00867377
48.12 -0.00985139 0.00905811
48.24 -0.0098824 0.00942458
48.36 -0.00987815 0.00977276
48.48 -0.00983835 0.0101023
48.6 -0.00976299 0.0104128
48.72 -0.0096523 0.0107039
48.84 -0.00950672 0.0109754
48.96 -0.00932696 0.0112269
49.08 -0.00911393 0.0114581
49.2 -0.00886875 0.011669
49.32 -0.00859275 0.0118591
49.44 -0.00828744 0.0120285
49.56 -0.00795452 0.012177
49.68 -0.00759582 0.0123044
49.8 -0.00721333 0.0124108
49.92 -0.00680919 0.0124962
50.04 -0.00638562 0.0125605
50.16 -0.00594494 0.012604
50.28 -0.00548958 0.0126268
50.4 -0.00502199 0.012629
50.52 -0.0045447 0.0126109
50.64 -0.00406026 0.0125728
50.76 -0.00357123 0.0125152
50.88 -0.00308018 0.0124382
51 -0.00258966 0.0123425
51.12 -0.00210221 0.0122285
51.24 -0.0016203 0.0120968
51.36 -0.00114637 0.0119479
51.48 -0.000682794 0.0117825
51.6 -0.000231869 0.0116012
51.72 0.000204191 0.0114047
51.84 0.00062326 0.0111938
51.96 0.00102332 0.0109692
52.08 0.00140244 0.0107316
52.2 0.00175882 0.010482
52.32 0.00209077 0.010221
52.44 0.00239672 0.00994949
52.56 0.00267523 0.00966833
52.68 0.00292499 0.00937832
52.8 0.00314481 0.00908027
52.92 0.00333363 0.008775
53.04 0.00349055 0.00846332
53.16 0.00361477 0.00814601
53.28 0.00370565 0.00782383
53.4 0.00376267 0.00749755
53.52 0.00378546 0.00716787
53.64 0.00377377 0.00683549
53.76 0.00372748 0.00650109
53.88 0.00364662 0.00616529
54 0.00353133 0.00582871
54.12 0.0033819 0.0054919
54.24 0.00319874 0.00515541
54.36 0.00298237 0.00481974
54.48 0.00273346 0.00448535
54.6 0.00245278 0.00415267
54.72 0.00214123 0.00382211
54.84 0.00179983 0.00349403
54.96 0.00142972 0.00316877
55.08 0.00103212 0.00284664
55.2 0.000608404 0.00252791
55.32 0.000160016 0.00221284
55.44 -0.000311481 0.00190167
55.56 -0.000804433 0.0015946
55.68 -0.00131709 0.00129184
55.8 -0.00184762 0.000993552
55.92 -0.00239409 0.000699916
56.04 -0.00295452 0.000411085
56.16 -0.00352684 0.000127209
56.28 -0.0041089 -0.000151569
56.4 -0.00469854 -0.000425107
56.52 -0.00529351 -0.000693264
56.64 -0.00589153 -0.000955897
56.76 -0.0064903 -0.00121286
56.88 -0.00708748 -0.00146401
57 -0.00768074 -0.00170918
57.12 -0.00826773 -0.00194821
57.24 -0.00884611 -0.00218094
57.36 -0.00941357 -0.00240717
57.48 -0.00996782 -0.00262674
57.6 -0.0105066 -0.00283943
57.72 -0.0110278 -0.00304504
57.84 -0.0115292 -0.00324337
57.96 -0.0120088 -0.0034342
58.08 -0.0124646 -0.0036173
58.2 -0.0128948 -0.00379245
58.32 -0.0132977 -0.00395942
58.44 -0.0136715 -0.00411797
58.56 -0.0140149 -0.00426788
58.68 -0.0143266 -0.00440893
58.8 -0.0146052 -0.00454089
58.92 -0.0148498 -0.00466355
59.04 -0.0150595 -0.00477671
59.16 -0.0152337 -0.00488017
59.28 -0.0153718 -0.00497378
59.4 -0.0154736 -0.00505735
59.52 -0.0155388 -0.00513076
59.64 -0.0155676 -0.00519389
59.76 -0.0155602 -0.00524663
59.88 -0.015517 -0.00528892
60 -0.0154388 -0.00532072
60.12 -0.0153263 -0.00534201
60.24 -0.0151805 -0.0053528
60.36 -0.0150026 -0.00535313
60.48 -0.0147941 -0.00534308
60.6 -0.0145562 -0.00532276
60.72 -0.0142909 -0.00529231
60.84 -0.0139998 -0.00525189
60.96 -0.0136849 -0.00520172
61.08 -0.0133482 -0.00514202
61.2 -0.012992 -0.00507308
61.32 -0.0126184 -0.00499518
61.44 -0.0122297 -0.00490867
61.56 -0.0118284 -0.0048139
61.68 -0.0114169 -0.00471125
61.8 -0.0109975 -0.00460115
61.92 -0.0105728 -0.00448404
62.04 -0.0101451 -0.00436037
62.16 -0.00971686 -0.00423065
62.28 -0.00929044 -0.00409536
62.4 -0.00886813 -0.00395504
62.52 -0.00845214 -0.00381023
62.64 -0.00804459 -0.00366148
62.76 -0.00764749 -0.00350936
62.88 -0.00726273 -0.00335445
63 -0.00689207 -0.00319734
63.12 -0.0065371 -0.00303861
63.24 -0.00619928 -0.00287888
63.36 -0.00587988 -0.00271873
63.48 -0.00558001 -0.00255878
63.6 -0.00530057 -0.00239962
63.72 -0.0050423 -0.00224185
63.84 -0.00480574 -0.00208608
63.96 -0.00459122 -0.00193289
64.08 -0.00439889 -0.00178286
64.2 -0.0042287 -0.00163658
64.32 -0.00408039 -0.00149461
64.44 -0.00395354 -0.00135751
64.56 -0.00384752 -0.00122583
64.68 -0.00376154 -0.0011001
64.8 -0.00369462 -0.000980836
64.92 -0.00364563 -0.000868546
65.04 -0.0036133 -0.000763716
65.16 -0.00359619 -0.000666817
65.28 -0.00359275 -0.0005783
65.4 -0.00360132 -0.000498596
65.52 -0.00362012 -0.000428115
65.64 -0.00364732 -0.000367243
65.76 -0.00368097 -0.000316341
65.88 -0.00371909 -0.000275746
66 -0.00375967 -0.000245766
66.12 -0.00380065 -0.00022668
66.24 -0.00383998 -0.000218734
66.36 -0.0038756 -0.000222143
66.48 -0.00390548 -0.000237086
66.6 -0.00392763 -0.000263705
66.72 -0.00394011 -0.000302101
66.84 -0.00394103 -0.000352336
66.96 -0.0039286 -0.000414428
67.08 -0.0039011 -0.000488348
67.2 -0.00385693 -0.00057402
67.32 -0.00379459 -0.00067132
67.44 -0.0037127 -0.000780072
67.56 -0.00361002 -0.000900044
67.68 -0.00348544 -0.00103095
67.8 -0.00333799 -0.00117245
67.92 -0.00316687 -0.00132415
68.04 -0.0029714 -0.00148559
68.16 -0.00275109 -0.00165626
68.28 -0.00250558 -0.00183557
68.4 -0.00223468 -0.0020229
68.52 -0.00193836 -0.00221754
68.64 -0.00161673 -0.00241876
68.76 -0.00127008 -0.00262573
68.88 -0.000898827 -0.00283761
69 -0.000503536 -0.00305347
69.12 -8.49169e-05 -0.00327234
69.24 0.000356189 -0.00349322
69.36 0.000818816 -0.00371505
69.48 0.00130188 -0.00393673
69.6 0.00180417 -0.00415714
69.72 0.00232441 -0.00437512
69.84 0.00286119 -0.0045895
69.96 0.00341303 -0.00479906
70.08 0.00397839 -0.00500262
70.2 0.00455564 -0.00519896
70.32 0.00514311 -0.00538687
70.44 0.00573907 -0.00556517
70.56 0.00634177 -0.00573267
70.68 0.00694942 -0.00588824
70.8 0.00756021 -0.00603077
70.92 0.00817232 -0.00615919
71.04 0.00878394 -0.00627249
71.16 0.00939325 -0.00636972
71.28 0.00999846 -0.00645
71.4 0.0105978 -0.00651252
71.52 0.0111895 -0.00655657
71.64 0.0117719 -0.00658151
71.76 0.0123433 -0.00658681
71.88 0.0129021 -0.00657206
72 0.0134467 -0.00653692
72.12 0.0139756 -0.0064812
72.24 0.0144874 -0.0064048
72.36 0.0149807 -0.00630778
72.48 0.0154542 -0.00619029
72.6 0.0159067 -0.00605261
72.72 0.016337 -0.00589515
72.84 0.0167441 -0.00571846
72.96 0.017127 -0.0055232
73.08 0.0174848 -0.00531014
73.2 0.0178168 -0.00508018
73.32 0.0181221 -0.00483433
73.44 0.0184003 -0.00457372
73.56 0.0186508 -0.00429957
73.68 0.0188731 -0.00401317
73.8 0.0190671 -0.00371594
73.92 0.0192324 -0.00340933
74.04 0.0193691 -0.00309489
74.16 0.019477 -0.00277419
74.28 0.0195564 -0.00244887
74.4 0.0196074 -0.00212059
74.52 0.0196305 -0.00179101
74.64 0.019626 -0.00146182
74.76 0.0195947 -0.00113468
74.88 0.0195371 -0.000811235
75 0.0194541 -0.000493087
75.12 0.0193468 -0.00018179
75.24 0.0192161 0.000121164
75.36 0.0190632 0.000414363
75.48 0.0188895 0.000696486
75.6 0.0186965 0.000966312
75.72 0.0184857 0.00122273
75.84 0.0182589 0.00146477
75.96 0.0180178 0.00169156
76.08 0.0177645 0.00190241
76.2 0.017501 0.00209675
76.32 0.0172294 0.00227419
76.44 0.0169522 0.00243448
76.56 0.0166717 0.00257755
76.68 0.0163905 0.00270349
76.8 0.0161111 0.00281256
76.92 0.0158363 0.00290518
77.04 0.0155689 0.00298197
77.16 0.0153117 0.00304367
77.28 0.0150677 0.00309122
77.4 0.0148398 0.00312568
77.52 0.0146312 0.00314828
77.64 0.0144447 0.00316037
77.76 0.0142836 0.00316346
77.88 0.0141509 0.00315914
78 0.0140496 0.00314914
78.12 0.0139828 0.00313527
78.24 0.0139534 0.00311941
78.36 0.0139644 0.00310352
78.48 0.0140186 0.00308962
78.6 0.0141187 0.00307976
78.72 0.0142675 0.003076
78.84 0.0144673 0.00308043
78.96 0.0147205 0.0030951
79.08 0.0150293 0.00312208
79.2 0.0153956 0.00316335
79.32 0.0158212 0.00322088
79.44 0.0163077 0.00329656
79.56 0.0168564 0.00339217
79.68 0.0174683 0.00350944
79.8 0.0181442 0.00364997
79.92 0.0188846 0.00381523
80.04 0.0196896 0.00400661
80.16 0.0205593 0.00422532
80.28 0.0214931 0.00447245
80.4 0.0224903 0.00474894
80.52 0.0235499 0.00505557
80.64 0.0246703 0.00539298
80.76 0.02585 0.00576164
80.88 0.0270867 0.00616186
81 0.0283781 0.00659381
81.12 0.0297214 0.00705749
81.24 0.0311136 0.00755274
81.36 0.0325512 0.00807928
81.48 0.0340307 0.00863666
81.6 0.035548 0.00922431
81.72 0.0370988 0.00984153
81.84 0.0386788 0.0104875
81.96 0.0402832 0.0111613
82.08 0.0419069 0.0118619
82.2 0.0435451 0.0125881
82.32 0.0451922 0.0133388
82.44 0.0468431 0.0141126
82.56 0.048492 0.0149083
82.68 0.0501336 0.0157244
82.8 0.0517621 0.0165595
82.92 0.053372 0.0174121
83.04 0.0549576 0.0182808
83.16 0.0565136 0.0191641
83.28 0.0580344 0.0200604
83.4 0.0595149 0.0209681
83.52 0.0609499 0.0218859
83.64 0.0623345 0.0228122
83.76 0.0636643 0.0237455
83.88 0.0649347 0.0246843
84 0.0661418 0.0256271
84.12 0.067282 0.0265726
84.24 0.0683518 0.0275193
84.36 0.0693485 0.0284656
84.48 0.0702695 0.0294103
84.6 0.0711129 0.0303519
84.72 0.071877 0.031289
84.84 0.0725609 0.0322201
84.96 0.0731639 0.0331438
85.08 0.0736862 0.0340585
85.2 0.0741281 0.0349629
85.32 0.0744907 0.0358554
85.44 0.0747756 0.0367342
85.56 0.0749849 0.0375978
85.68 0.0751212 0.0384444
85.8 0.0751876 0.0392723
85.92 0.0751877 0.0400793
86.04 0.0751258 0.0408637
86.16 0.0750063 0.0416232
86.28 0.0748342 0.0423556
86.4 0.074615 0.0430585
86.52 0.0743544 0.0437296
86.64 0.0740587 0.0443662
86.76 0.073734 0.0449655
86.88 0.0733873 0.0455248
87 0.0730252 0.0460411
87.12 0.0726549 0.0465113
87.24 0.0722835 0.0469322
87.36 0.0719182 0.0473004
87.48 0.0715662 0.0476126
87.6 0.0712346 0.0478653
87.72 0.0709306 0.0480549
87.84 0.070661 0.0481778
87.96 0.0704325 0.0482304
88.08 0.0702515 0.0482089
88.2 0.070124 0.0481097
88.32 0.0700559 0.0479291
88.44 0.0700522 0.0476636
88.56 0.0701177 0.0473095
88.68 0.0702568 0.0468635
88.8 0.070473 0.0463222
88.92 0.0707693 0.0456825
89.04 0.0711481 0.0449414
89.16 0.071611 0.0440962
89.28 0.0721588 0.0431444
89.4 0.0727918 0.0420836
89.52 0.0735092 0.0409121
89.64 0.0743096 0.0396281
89.76 0.0751906 0.0382305
89.88 0.0761491 0.0367183
90 0.0771812 0.0350912
90.12 0.078282 0.0333491
90.24 0.0794458 0.0314924
90.36 0.0806663 0.0295222
90.48 0.0819361 0.0274397
90.6 0.0832473 0.025247
90.72 0.084591 0.0229465
90.84 0.0859578 0.0205412
90.96 0.0873377 0.0180347
91.08 0.0887197 0.0154311
91.2 0.0900928 0.012735
91.32 0.091445 0.00995169
91.44 0.0927641 0.0070869
91.56 0.0940376 0.00414697
91.68 0.0952525 0.00113875
91.8 0.0963957 -0.00193038
91.92 0.0974539 -0.0050525
92.04 0.0984139 -0.00821924
92.16 0.0992621 -0.0114217
92.28 0.0999856 -0.0146507
92.4 0.100571 -0.0178963
92.52 0.101006 -0.0211485
92.64 0.101278 -0.0243969
92.76 0.101375 -0.0276305
92.88 0.101286 -0.0308383
93 0.100999 -0.0340089
93.12 0.100506 -0.0371309
93.24 0.0997961 -0.0401923
93.36 0.0988616 -0.0431814
93.48 0.097695 -0.0460861
93.6 0.0962898 -0.0488946
93.72 0.0946409 -0.0515948
93.84 0.0927439 -0.0541748
93.96 0.090596 -0.0566227
94.08 0.0881955 -0.0589269
94.2 0.0855419 -0.0610759
94.32 0.0826363 -0.0630584
94.44 0.0794808 -0.0648635
94.56 0.0760793 -0.0664807
94.68 0.0724367 -0.0678996
94.8 0.0685597 -0.0691105
94.92 0.064456 -0.070104
95.04 0.060135 -0.0708715
95.16 0.0556074 -0.0714048
95.28 0.0508851 -0.0716961
95.4 0.0459816 -0.0717386
95.52 0.0409113 -0.0715261
95.64 0.0356901 -0.0710529
95.76 0.0303349 -0.0703145
95.88 0.0248637 -0.0693069
96 0.0192956 -0.0680269
96.12 0.0136504 -0.0664724
96.24 0.00794903 -0.064642
96.36 0.00221283 -0.0625354
96.48 -0.00353607 -0.0601531
96.6 -0.00927507 -0.0574967
96.72 -0.0149812 -0.0545688
96.84 -0.0206311 -0.0513729
96.96 -0.0262015 -0.0479136
97.08 -0.0316689 -0.0441966
97.2 -0.03701 -0.0402285
97.32 -0.0422017 -0.0360173
97.44 -0.0472213 -0.0315716
97.56 -0.0520466 -0.0269013
97.68 -0.0566561 -0.0220175
97.8 -0.0610289 -0.016932
97.92 -0.0651451 -0.011658
98.04 -0.0689859 -0.00620941
98.16 -0.0725335 -0.000601318
98.28 -0.0757713 0.0051503
98.4 -0.0786844 0.0110285
98.52 -0.0812589 0.0170155
98.64 -0.0834828 0.0230925
98.76 -0.0853457 0.0292402
98.88 -0.0868388 0.0354381
99 -0.0879553 0.0416655
99.12 -0.08869 0.0479006
99.24 -0.0890398 0.0541213
99.36 -0.0890037 0.060305
99.48 -0.0885824 0.0664286
99.6 -0.0877788 0.0724686
99.72 -0.0865977 0.0784014
99.84 -0.0850461 0.0842031
99.96 -0.0831328 0.0898499
100.08 -0.0808688 0.0953178
100.2 -0.0782667 0.100583
100.32 -0.0753413 0.105623
100.44 -0.0721092 0.110413
100.56 -0.0685886 0.114931
100.68 -0.0647994 0.119156
100.8 -0.0607632 0.123066
100.92 -0.056503 0.12664
101.04 -0.0520431 0.129858
101.16 -0.0474091 0.132703
101.28 -0.0426276 0.135157
101.4 -0.0377264 0.137203
101.52 -0.0327339 0.138828
101.64 -0.0276793 0.140017
101.76 -0.0225921 0.140759
101.88 -0.0175025 0.141044
102 -0.0124405 0.140865
102.12 -0.00743641 0.140214
102.24 -0.00252032 0.139087
102.36 0.00227801 0.137483
102.48 0.00692931 0.135399
102.6 0.0114049 0.13284
102.72 0.015677 0.129808
102.84 0.0197186 0.126309
102.96 0.0235039 0.122352
103.08 0.0270085 0.117947
103.2 0.0302092 0.113106
103.32 0.0330843 0.107846
103.44 0.0356139 0.102182
103.56 0.0377798 0.0961333
103.68 0.0395657 0.0897211
103.8 0.0409571 0.0829683
103.92 0.0419417 0.0758995
104.04 0.0425094 0.0685413
104.16 0.0426521 0.0609216
104.28 0.0423639 0.0530702
104.4 0.0416412 0.0450178
104.52 0.0404829 0.0367968
104.64 0.0388898 0.0284402
104.76 0.0368653 0.0199823
104.88 0.0344149 0.0114577
105 0.0315463 0.00290188
105.12 0.0282696 -0.00564954
105.24 0.0245968 -0.0141607
105.36 0.0205421 -0.0225959
105.48 0.0161217 -0.0309195
105.6 0.0113537 -0.0390965
105.72 0.00625788 -0.0470923
105.84 0.000855967 -0.0548735
105.96 -0.00482887 -0.0624073
106.08 -0.010772 -0.0696625
106.2 -0.0169473 -0.0766091
106.32 -0.0233277 -0.0832186
106.44 -0.0298848 -0.0894646
106.56 -0.0365894 -0.0953221
106.68 -0.0434116 -0.100769
106.8 -0.0503207 -0.105783
106.92 -0.0572856 -0.110348
107.04 -0.0642749 -0.114448
107.16 -0.071257 -0.118068
107.28 -0.0782003 -0.121198
107.4 -0.0850732 -0.12383
107.52 -0.0918446 -0.125958
107.64 -0.0984835 -0.127579
107.76 -0.10496 -0.128693
107.88 -0.111244 -0.129303
108 -0.117306 -0.129412
108.12 -0.123119 -0.129029
108.24 -0.128657 -0.128163
108.36 -0.133892 -0.126827
108.48 -0.1388 -0.125034
108.6 -0.143359 -0.122803
108.72 -0.147546 -0.12015
108.84 -0.15134 -0.117097
108.96 -0.154723 -0.113665
109.08 -0.157677 -0.109879
109.2 -0.160186 -0.105762
109.32 -0.162236 -0.101341
109.44 -0.163814 -0.0966424
109.56 -0.16491 -0.0916937
109.68 -0.165514 -0.0865227
109.8 -0.165618 -0.0811577
109.92 -0.165217 -0.0756266
110.04 -0.164307 -0.0699574
110.16 -0.162884 -0.0641777
110.28 -0.160948 -0.0583143
110.4 -0.158499 -0.0523934
110.52 -0.15554 -0.0464401
110.64 -0.152074 -0.0404782
110.76 -0.148106 -0.0345304
110.88 -0.143644 -0.0286177
111 -0.138694 -0.0227596
111.12 -0.133267 -0.0169735
111.24 -0.127372 -0.0112755
111.36 -0.121023 -0.00567922
111.48 -0.114231 -0.000196501
111.6 -0.107011 0.00516294
111.72 -0.0993788 0.0103915
111.84 -0.0913499 0.0154837
111.96 -0.0829419 0.0204361
112.08 -0.074173 0.0252475
112.2 -0.0650622 0.0299186
112.32 -0.0556296 0.034452
112.44 -0.0458958 0.0388522
112.56 -0.0358823 0.0431256
112.68 -0.0256114 0.0472801
112.8 -0.0151057 0.051325
112.92 -0.0043889 0.0552712
113.04 0.0065151 0.0591304
113.16 0.0175817 0.0629157
113.28 0.0287858 0.0666406
113.4 0.0401019 0.0703195
113.52 0.0515041 0.0739669
113.64 0.0629659 0.0775979
113.76 0.0744608 0.0812271
113.88 0.0859617 0.0848691
114 0.0974415 0.088538
114.12 0.108873 0.0922474
114.24 0.120228 0.0960098
114.36 0.131479 0.0998367
114.48 0.142598 0.103738
114.6 0.153558 0.107724
114.72 0.164331 0.111801
114.84 0.174889 0.115974
114.96 0.185204 0.120247
115.08 0.195251 0.124623
115.2 0.205 0.129101
115.32 0.214428 0.133678
115.44 0.223506 0.138351
115.56 0.23221 0.143111
115.68 0.240516 0.147951
115.8 0.248398 0.15286
115.92 0.255833 0.157823
116.04 0.2628 0.162826
116.16 0.269277 0.167851
116.28 0.275244 0.172879
116.4 0.280681 0.177888
116.52 0.285571 0.182857
116.64 0.289898 0.187759
116.76 0.293646 0.192571
116.88 0.296802 0.197265
117 0.299355 0.201813
117.12 0.301295 0.206188
117.24 0.302613 0.210359
117.36 0.303303 0.214299
117.48 0.303361 0.217978
117.6 0.302786 0.221367
117.72 0.301575 0.224438
117.84 0.299733 0.227164
117.96 0.297262 0.229517
118.08 0.29417 0.231473
118.2 0.290464 0.233008
118.32 0.286157 0.234099
118.44 0.281259 0.234727
118.56 0.275788 0.234873
118.68 0.26976 0.234522
118.8 0.263195 0.233661
118.92 0.256115 0.23228
119.04 0.248543 0.23037
119.16 0.240506 0.227927
119.28 0.23203 0.224949
119.4 0.223145 0.221437
119.52 0.213882 0.217397
119.64 0.204274 0.212836
119.76 0.194355 0.207764
119.88 0.18416 0.202195
120 0.173725 0.196147
