-0.999 -4.55747e-05 -4.07569e-05
-0.998 -0.00017961 -0.000166146
-0.997 -0.000372886 -0.000379991
-0.996 -0.000589796 -0.000686882
-0.995 -0.000828889 -0.0010862
-0.994 -0.00114436 -0.00155924
-0.993 -0.00162544 -0.00205847
-0.992 -0.00233174 -0.00250955
-0.991 -0.00320978 -0.00283116
-0.99 -0.00403957 -0.00296737
-0.989 -0.00446439 -0.00291748
-0.988 -0.00412366 -0.00274702
-0.987 -0.00284675 -0.00257349
-0.986 -0.000816791 -0.00253497
-0.985 0.00138156 -0.0027579
-0.984 0.00286781 -0.00333787
-0.983 0.00271012 -0.00433924
-0.982 0.000256529 -0.00580962
-0.981 -0.00454776 -0.00779747
-0.98 -0.0110136 -0.0103567
-0.979 -0.0178734 -0.0135234
-0.978 -0.0237548 -0.0172643
-0.977 -0.02776 -0.0214225
-0.976 -0.029867 -0.0256992
-0.975 -0.0309702 -0.0296949
-0.974 -0.0325501 -0.0329982
-0.973 -0.0360745 -0.0352817
-0.972 -0.042273 -0.036367
-0.971 -0.0505156 -0.0362427
-0.97 -0.0586313 -0.0350351
-0.969 -0.0634255 -0.0329376
-0.968 -0.0618101 -0.0301234
-0.967 -0.0520858 -0.026693
-0.966 -0.034814 -0.0227152
-0.965 -0.0129286 -0.0183549
-0.964 0.00894333 -0.0140057
-0.963 0.0257801 -0.0103231
-0.962 0.0337621 -0.00811952
-0.961 0.0316497 -0.00816303
-0.96 0.021328 -0.0109473
-0.959 0.00716973 -0.0164862
-0.958 -0.00558626 -0.0242012
-0.957 -0.0128027 -0.0329965
-0.956 -0.0130357 -0.0415718
-0.955 -0.00821433 -0.0488753
-0.954 -0.0031258 -0.0544684
-0.953 -0.00373541 -0.0586158
-0.952 -0.0148403 -0.0620949
-0.951 -0.0380112 -0.0658558
-0.95 -0.070748 -0.0706567
-0.949 -0.107151 -0.0767573
-0.948 -0.139728 -0.083775
-0.947 -0.161695 -0.0908491
-0.946 -0.169217 -0.0971378
-0.945 -0.162966 -0.102408
-0.944 -0.148259 -0.107334
-0.943 -0.133317 -0.113297
-0.942 -0.126195 -0.121828
-0.941 -0.131791 -0.133972
-0.94 -0.150238 -0.149786
-0.939 -0.176922 -0.16801
-0.938 -0.20367 -0.186054
-0.937 -0.220739 -0.200464
-0.936 -0.219515 -0.207881
-0.935 -0.195436 -0.20608
-0.934 -0.149873 -0.194551
-0.933 -0.089808 -0.174406
-0.932 -0.0254528 -0.147862
-0.931 0.0327685 -0.117658
-0.93 0.0765975 -0.0865569
-0.929 0.101447 -0.0568724
-0.928 0.107286 -0.0301677
-0.927 0.0986407 -0.00737366
-0.926 0.0830881 0.0106338
-0.925 0.068268 0.0224214
-0.924 0.0586774 0.0258682
-0.923 0.0537993 0.018616
-0.922 0.0481354 -0.00127032
-0.921 0.0327032 -0.0348058
-0.92 -0.00245083 -0.0817431
-0.919 -0.0648744 -0.140231
-0.918 -0.156034 -0.206596
-0.917 -0.268684 -0.275557
-0.916 -0.386762 -0.340944
-0.915 -0.488359 -0.39658
-0.914 -0.551105 -0.436989
-0.913 -0.558481 -0.457954
-0.912 -0.505375 -0.457141
-0.911 -0.400989 -0.434767
-0.91 -0.267463 -0.393814
-0.909 -0.133953 -0.339434
-0.908 -0.0279704 -0.277762
-0.907 0.0330534 -0.214676
-0.906 0.0471892 -0.154841
-0.905 0.0286144 -0.101133
-0.904 0.00274476 -0.0545828
-0.903 -0.00328759 -0.0150677
-0.902 0.0280036 0.0172823
-0.901 0.0958501 0.0406443
-0.9 0.179608 0.0510329
-0.899 0.245249 0.0432789
-0.898 0.257474 0.0130291
-0.897 0.193139 -0.0410435
-0.896 0.0517272 -0.115514
-0.895 -0.140741 -0.201581
-0.894 -0.336647 -0.286136
-0.893 -0.480377 -0.354743
-0.892 -0.52672 -0.395831
-0.891 -0.457137 -0.404504
-0.89 -0.287378 -0.384223
-0.889 -0.0636256 -0.345661
-0.888 0.151378 -0.303234
-0.887 0.297933 -0.270459
-0.886 0.338655 -0.255525
-0.885 0.270832 -0.258655
-0.884 0.127015 -0.272524
-0.883 -0.0370022 -0.285878
-0.882 -0.162684 -0.289029
-0.881 -0.210211 -0.278841
-0.88 -0.173427 -0.261036
-0.879 -0.0832991 -0.248825
-0.878 0.0019015 -0.258292
-0.877 0.0175029 -0.30197
-0.876 -0.0825274 -0.382859
-0.875 -0.306071 -0.491442
-0.874 -0.616636 -0.607318
-0.873 -0.942619 -0.705141
-0.872 -1.19846 -0.762768
-0.871 -1.31083 -0.768629
-0.87 -1.24255 -0.725673
-0.869 -1.00669 -0.650417
-0.868 -0.66478 -0.567215
-0.867 -0.307433 -0.499582
-0.866 -0.0242371 -0.461815
-0.865 0.125362 -0.454286
-0.864 0.129482 -0.464206
-0.863 0.0251992 -0.471282
-0.862 -0.114765 -0.456023
-0.861 -0.20619 -0.407712
-0.86 -0.182663 -0.329207
-0.859 -0.0210403 -0.236591
-0.858 0.247635 -0.153471
-0.857 0.54768 -0.102013
-0.856 0.784963 -0.0945533
-0.855 0.878678 -0.129277
-0.854 0.787553 -0.191302
-0.853 0.523883 -0.258262
-0.852 0.152408 -0.308356
-0.851 -0.227289 -0.328372
-0.85 -0.512217 -0.318874
-0.849 -0.631423 -0.29431
-0.848 -0.571224 -0.277661
-0.847 -0.38008 -0.291946
-0.846 -0.15243 -0.352412
-0.845 0.00149548 -0.462236
-0.844 -0.0091552 -0.612222
-0.843 -0.2244 -0.783653
-0.842 -0.615207 -0.953387
-0.841 -1.08743 -1.09989
-0.84 -1.50975 -1.20815
-0.839 -1.75603 -1.27152
-0.838 -1.746 -1.29015
-0.837 -1.47042 -1.26758
-0.836 -0.994387 -1.20803
-0.835 -0.438316 -1.11507
-0.834 0.0592113 -0.991086
-0.833 0.387249 -0.837256
-0.832 0.500933 -0.654163
-0.831 0.436213 -0.443344
-0.83 0.294251 -0.208932
-0.829 0.202543 0.0412779
-0.828 0.267755 0.295267
-0.827 0.535221 0.53617
-0.826 0.966929 0.741758
-0.825 1.44632 0.885423
-0.824 1.81197 0.939843
-0.823 1.91121 0.882645
-0.822 1.65423 0.702321
-0.821 1.04738 0.402888
-0.82 0.194188 0.00603917
-0.819 -0.733877 -0.450685
-0.818 -1.54689 -0.920615
-0.817 -2.09209 -1.35844
-0.816 -2.2996 -1.73074
-0.815 -2.20204 -2.02215
-0.814 -1.91917 -2.23507
-0.813 -1.61228 -2.38376
-0.812 -1.42634 -2.48491
-0.811 -1.4413 -2.54716
-0.81 -1.6471 -2.56316
-0.809 -1.94834 -2.50856
-0.808 -2.19672 -2.35044
-0.807 -2.24319 -2.06269
-0.806 -1.99328 -1.64152
-0.805 -1.44536 -1.11406
-0.804 -0.696655 -0.537133
-0.803 0.084502 0.013191
-0.802 0.708962 0.458941
-0.801 1.02289 0.740722
-0.8 0.954232 0.834909
-0.799 0.53662 0.759996
-0.798 -0.0979739 0.567979
-0.797 -0.758278 0.323959
-0.796 -1.25277 0.0829436
-0.795 -1.44849 -0.12726
-0.794 -1.30986 -0.312326
-0.793 -0.906891 -0.505696
-0.792 -0.392151 -0.752019
-0.791 0.046379 -1.08424
-0.79 0.244567 -1.50298
-0.789 0.116528 -1.9677
-0.788 -0.314125 -2.40474
-0.787 -0.918525 -2.72881
-0.786 -1.5023 -2.86937
-0.785 -1.86809 -2.79276
-0.784 -1.8806 -2.51383
-0.783 -1.51424 -2.09307
-0.782 -0.868399 -1.61915
-0.781 -0.143824 -1.18168
-0.78 0.416204 -0.844654
-0.779 0.603489 -0.630512
-0.778 0.316751 -0.519792
-0.777 -0.397702 -0.464661
-0.776 -1.35293 -0.410818
-0.775 -2.27637 -0.320921
-0.774 -2.89635 -0.191958
-0.773 -3.03268 -0.0594481
-0.772 -2.66149 0.0142573
-0.771 -1.93098 -0.0370109
-0.77 -1.11935 -0.258484
-0.769 -0.544864 -0.656654
-0.768 -0.455815 -1.19284
-0.767 -0.937877 -1.78924
-0.766 -1.87391 -2.34661
-0.765 -2.97333 -2.76992
-0.764 -3.86337 -2.99386
-0.763 -4.21297 -2.99864
-0.762 -3.84801 -2.81055
-0.761 -2.81795 -2.48892
-0.76 -1.38842 -2.10591
-0.759 0.0416585 -1.72534
-0.758 1.07301 -1.38548
-0.757 1.44262 -1.09068
-0.756 1.11442 -0.8158
-0.755 0.291402 -0.522897
-0.754 -0.656017 -0.183693
-0.753 -1.32243 0.201461
-0.752 -1.41682 0.595257
-0.751 -0.876297 0.927782
-0.75 0.0989183 1.11205
-0.749 1.10575 1.06716
-0.748 1.67484 0.74292
-0.747 1.43453 0.138071
-0.746 0.244384 -0.694713
-0.745 -1.74612 -1.65886
-0.744 -4.13353 -2.63583
-0.743 -6.38223 -3.51241
-0.742 -7.99413 -4.20587
-0.741 -8.66813 -4.67997
-0.74 -8.39138 -4.94604
-0.739 -7.42887 -5.04851
-0.738 -6.21801 -5.04107
-0.737 -5.2103 -4.9629
-0.736 -4.71601 -4.82327
-0.735 -4.80092 -4.59846
-0.734 -5.26742 -4.24153
-0.733 -5.72866 -3.70323
-0.732 -5.75394 -2.95845
-0.731 -5.03387 -2.02863
-0.73 -3.50388 -0.988975
-0.729 -1.38014 0.0435936
-0.728 0.901636 0.93668
-0.727 2.81841 1.57294
-0.726 3.91733 1.87624
-0.725 3.95139 1.82795
-0.724 2.95319 1.46951
-0.723 1.22155 0.888565
-0.722 -0.777276 0.190791
-0.721 -2.56043 -0.532451
-0.72 -3.77774 -1.22686
-0.719 -4.30859 -1.88072
-0.718 -4.2786 -2.51478
-0.717 -3.99842 -3.16308
-0.716 -3.84977 -3.85112
-0.715 -4.1529 -4.57638
-0.714 -5.05424 -5.29662
-0.713 -6.46999 -5.93236
-0.712 -8.10573 -6.38528
-0.711 -9.54558 -6.56541
-0.71 -10.3811 -6.41601
-0.709 -10.3384 -5.9291
-0.708 -9.36441 -5.14937
-0.707 -7.64927 -4.16654
-0.706 -5.57863 -3.09741
-0.705 -3.62747 -2.06029
-0.704 -2.22315 -1.1488
-0.703 -1.61933 -0.414468
-0.702 -1.82055 0.13675
-0.701 -2.58167 0.535891
-0.7 -3.48458 0.833614
-0.699 -4.07182 1.07705
-0.698 -3.99803 1.28641
-0.697 -3.1531 1.4398
-0.696 -1.71516 1.47375
-0.695 -0.10927 1.30184
-0.694 1.12033 0.844926
-0.693 1.48427 0.0621941
-0.692 0.71315 -1.02555
-0.691 -1.13787 -2.32591
-0.69 -3.68192 -3.68392
-0.689 -6.30167 -4.91298
-0.688 -8.33576 -5.84091
-0.687 -9.29396 -6.35625
-0.686 -9.02548 -6.43691
-0.685 -7.77437 -6.15056
-0.684 -6.0997 -5.62826
-0.683 -4.68962 -5.02178
-0.682 -4.1306 -4.45644
-0.681 -4.70251 -3.99208
-0.68 -6.26644 -3.60644
-0.679 -8.29194 -3.21136
-0.678 -10.0302 -2.69905
-0.677 -10.7828 -2.00164
-0.676 -10.1666 -1.13908
-0.675 -8.27166 -0.234904
-0.674 -5.65287 0.506578
-0.673 -3.16347 0.854197
-0.672 -1.68539 0.620338
-0.671 -1.83637 -0.27267
-0.67 -3.74471 -1.75351
-0.669 -6.97568 -3.60771
-0.668 -10.6528 -5.53051
-0.667 -13.7437 -7.21079
-0.666 -15.4056 -8.41663
-0.665 -15.2618 -9.05253
-0.664 -13.5124 -9.16999
-0.663 -10.8529 -8.92973
-0.662 -8.23124 -8.52875
-0.661 -6.51649 -8.118
-0.66 -6.18552 -7.74143
-0.659 -7.14228 -7.32026
-0.658 -8.74748 -6.68899
-0.657 -10.0557 -5.67084
-0.656 -10.1705 -4.16517
-0.655 -8.58338 -2.21402
-0.654 -5.3803 -0.0211797
-0.653 -1.24741 2.08674
-0.652 2.72681 3.7464
-0.651 5.39708 4.66123
-0.65 5.94157 4.68546
-0.649 4.14082 3.86119
-0.648 0.45183 2.39886
-0.647 -4.14728 0.609221
-0.646 -8.48098 -1.1917
-0.645 -11.5546 -2.7735
-0.644 -12.8635 -4.04671
-0.643 -12.5342 -5.0627
-0.642 -11.2469 -5.9604
-0.641 -9.96434 -6.88448
-0.64 -9.56383 -7.90858
-0.639 -10.5114 -8.99084
-0.638 -12.6929 -9.97375
-0.637 -15.4509 -10.6271
-0.636 -17.8058 -10.7219
-0.635 -18.7883 -10.1114
-0.634 -17.7775 -8.79047
-0.633 -14.732 -6.90869
-0.632 -10.2258 -4.73378
-0.631 -5.27172 -2.57976
-0.63 -0.999249 -0.726773
-0.629 1.69409 0.643458
-0.628 2.40248 1.48106
-0.627 1.31147 1.86264
-0.626 -0.883832 1.94844
-0.625 -3.21712 1.91558
-0.624 -4.77655 1.89136
-0.623 -5.01216 1.91
-0.622 -3.91543 1.90504
-0.621 -2.00815 1.73627
-0.62 -0.153878 1.23962
-0.619 0.732964 0.28534
-0.618 -0.0161307 -1.17143
-0.617 -2.60695 -3.06368
-0.616 -6.70504 -5.21989
-0.615 -11.5229 -7.40344
-0.614 -16.0524 -9.36924
-0.613 -19.3724 -10.92
-0.612 -20.9276 -11.9483
-0.611 -20.6859 -12.4549
-0.61 -19.1259 -12.5374
-0.609 -17.0667 -12.3496
-0.608 -15.3965 -12.0426
-0.607 -14.7825 -11.7091
-0.606 -15.4447 -11.3516
-0.605 -17.0647 -10.883
-0.604 -18.8687 -10.1585
-0.603 -19.8693 -9.02852
-0.602 -19.1961 -7.40422
-0.601 -16.4065 -5.31535
-0.6 -11.672 -2.93668
-0.599 -5.77368 -0.566488
-0.598 0.0918478 1.44086
-0.597 4.64451 2.76513
-0.596 6.89677 3.20341
-0.595 6.46067 2.72354
-0.594 3.68025 1.47439
-0.593 -0.469508 -0.253916
-0.592 -4.69592 -2.11442
-0.591 -7.81171 -3.80695
-0.59 -9.12212 -5.16225
-0.589 -8.64537 -6.1731
-0.588 -7.09374 -6.96197
-0.587 -5.61415 -7.70188
-0.586 -5.36163 -8.52187
-0.585 -7.04575 -9.42938
-0.584 -10.6166 -10.2769
-0.583 -15.2177 -10.7911
-0.582 -19.4356 -10.6617
-0.581 -21.763 -9.66053
-0.58 -21.118 -7.74541
-0.579 -17.2489 -5.10854
-0.578 -10.8857 -2.14954
-0.577 -3.56853 0.61829
-0.576 2.81307 2.69981
-0.575 6.62092 3.74812
-0.574 6.99172 3.65109
-0.573 4.09724 2.54427
-0.572 -0.940465 0.746938
-0.571 -6.43862 -1.35145
-0.57 -10.7188 -3.41219
-0.569 -12.6719 -5.23581
-0.568 -12.1325 -6.79167
-0.567 -9.91408 -8.18192
-0.566 -7.47519 -9.55341
-0.565 -6.34332 -10.9924
-0.564 -7.5248 -12.4471
-0.563 -11.1124 -13.7128
-0.562 -16.2107 -14.4827
-0.561 -21.1949 -14.4417
-0.56 -24.2309 -13.37
-0.559 -23.9045 -11.2264
-0.558 -19.7464 -8.18886
-0.557 -12.4412 -4.63408
-0.556 -3.63304 -1.05581
-0.555 4.58966 2.05227
-0.554 10.3309 4.30611
-0.553 12.4379 5.49705
-0.552 10.8149 5.60489
-0.551 6.41434 4.76989
-0.55 0.897913 3.2378
-0.549 -3.93907 1.28847
-0.548 -6.77874 -0.83711
-0.547 -7.19659 -2.98784
-0.546 -5.74044 -5.11239
-0.545 -3.6798 -7.22938
-0.544 -2.54019 -9.37856
-0.543 -3.57143 -11.5749
-0.542 -7.2989 -13.7737
-0.541 -13.2959 -15.8481
-0.54 -20.2686 -17.5878
-0.539 -26.4446 -18.7302
-0.538 -30.1294 -19.0259
-0.537 -30.2358 -18.3199
-0.536 -26.6185 -16.6178
-0.535 -20.1342 -14.1122
-0.534 -12.4185 -11.1627
-0.533 -5.42842 -8.22968
-0.532 -0.864399 -5.77031
-0.531 0.353097 -4.11697
-0.53 -1.62454 -3.3752
-0.529 -5.61872 -3.3831
-0.528 -9.78909 -3.75802
-0.527 -12.2052 -4.02207
-0.526 -11.4627 -3.76549
-0.525 -7.16838 -2.79346
-0.524 -0.131184 -1.207
-0.523 7.83534 0.61428
-0.522 14.4643 2.13119
-0.521 17.7688 2.83265
-0.52 16.7112 2.42715
-0.519 11.5819 0.963987
-0.518 3.95603 -1.16859
-0.517 -3.7785 -3.37405
-0.516 -9.20157 -5.06276
-0.515 -10.7083 -5.87608
-0.514 -8.12201 -5.83683
-0.513 -2.82652 -5.36334
-0.512 2.66196 -5.12931
-0.511 5.55245 -5.8107
-0.51 3.77968 -7.80947
-0.509 -3.1932 -11.0596
-0.508 -14.0531 -14.9944
-0.507 -25.939 -18.6952
-0.506 -35.3127 -21.1747
-0.505 -39.1315 -21.6996
-0.504 -35.9171 -20.0422
-0.503 -26.3203 -16.5635
-0.502 -12.9575 -12.0938
-0.501 0.439604 -7.64789
-0.5 10.2687 -4.08185
-0.499 14.2675 -1.8178
-0.498 12.2721 -0.740349
-0.497 6.25295 -0.297177
-0.496 -0.411074 0.237992
-0.495 -4.19102 1.43849
-0.494 -2.75652 3.45626
-0.493 4.09233 5.91716
-0.492 14.2747 8.02644
-0.491 24.1292 8.85045
-0.49 29.7105 7.66982
-0.489 28.2157 4.26831
-0.488 19.0412 -0.95254
-0.487 4.10204 -7.07157
-0.486 -12.7171 -12.9199
-0.485 -26.8207 -17.4311
-0.484 -34.4443 -19.9505
-0.483 -33.9197 -20.3995
-0.482 -26.1933 -19.2406
-0.481 -14.4209 -17.2612
-0.48 -2.81347 -15.2652
-0.479 4.83055 -13.794
-0.478 6.39575 -12.9781
-0.477 2.10499 -12.5611
-0.476 -5.65717 -12.0655
-0.475 -13.2917 -11.0301
-0.474 -17.3562 -9.22741
-0.473 -15.8417 -6.78246
-0.472 -8.88622 -4.15112
-0.471 1.30986 -1.96837
-0.47 11.2902 -0.829814
-0.469 17.555 -1.09427
-0.468 17.7581 -2.77814
-0.467 11.4901 -5.56648
-0.466 0.390887 -8.91978
-0.465 -12.432 -12.2283
-0.464 -23.4426 -14.9594
-0.463 -29.7827 -16.7564
-0.462 -30.0786 -17.4695
-0.461 -24.7288 -17.1306
-0.46 -15.6408 -15.8981
-0.459 -5.53668 -14.003
-0.458 2.93227 -11.7125
-0.457 7.96649 -9.30729
-0.456 9.04374 -7.05916
-0.455 6.90067 -5.19485
-0.454 3.16049 -3.84691
-0.453 -0.218951 -3.00925
-0.452 -1.52276 -2.52822
-0.451 0.231891 -2.15338
-0.45 5.00545 -1.64445
-0.449 11.739 -0.897319
-0.448 18.6567 -0.0328562
-0.447 23.7534 0.599478
-0.446 25.3115 0.519765
-0.445 22.3476 -0.703295
-0.444 14.9396 -3.24697
-0.443 4.35739 -6.8817
-0.442 -7.12046 -10.9505
-0.441 -16.7582 -14.5211
-0.44 -22.1561 -16.6784
-0.439 -22.014 -16.8547
-0.438 -16.6014 -15.0641
-0.437 -7.78914 -11.9428
-0.436 1.38859 -8.56845
-0.435 7.59213 -6.11148
-0.434 8.27475 -5.42752
-0.433 2.67468 -6.7328
-0.432 -7.72086 -9.49347
-0.431 -19.5083 -12.5946
-0.43 -28.4358 -14.745
-0.429 -30.8405 -14.9692
-0.428 -24.9664 -12.9912
-0.427 -11.7234 -9.35997
-0.426 5.40855 -5.26817
-0.425 21.3969 -2.12784
-0.424 31.3362 -1.04888
-0.423 32.2194 -2.40591
-0.422 24.1149 -5.66122
-0.421 10.2613 -9.52844
-0.42 -3.99201 -12.4335
-0.419 -13.0427 -13.1046
-0.418 -13.0663 -11.0641
-0.417 -3.51915 -6.83582
-0.416 12.4648 -1.79078
-0.415 29.016 2.31158
-0.414 39.5453 3.92895
-0.413 39.1185 2.27583
-0.412 26.3071 -2.3973
-0.411 3.83201 -8.89215
-0.41 -22.2359 -15.4895
-0.409 -44.4622 -20.555
-0.408 -56.5684 -23.0952
-0.407 -55.6161 -23.0639
-0.406 -43.0439 -21.3162
-0.405 -24.13 -19.2378
-0.404 -6.06461 -18.192
-0.403 4.64257 -18.9901
-0.402 4.46236 -21.5783
-0.401 -5.93937 -25.0562
-0.4 -21.964 -28.0077
-0.399 -36.7255 -29.0159
-0.398 -43.5338 -27.1678
-0.397 -38.3499 -22.3763
-0.396 -21.3024 -15.4136
-0.395 3.30915 -7.65638
-0.394 28.5059 -0.640144
-0.393 47.0196 4.41129
-0.392 53.7069 6.916
-0.391 47.1866 7.02187
-0.39 30.2037 5.45069
-0.389 8.63126 3.18331
-0.388 -10.5553 1.10837
-0.387 -21.6375 -0.251747
-0.386 -22.0103 -0.861218
-0.385 -12.8876 -1.11361
-0.384 1.33385 -1.63404
-0.383 14.7317 -3.0245
-0.382 21.9043 -5.64667
-0.381 19.7274 -9.50572
-0.38 8.30532 -14.2468
-0.379 -9.13595 -19.2369
-0.378 -27.35 -23.6978
-0.377 -40.7965 -26.8638
-0.376 -45.4153 -28.1437
-0.375 -39.8633 -27.2554
-0.374 -25.8397 -24.3023
-0.373 -7.46876 -19.7706
-0.372 10.0004 -14.4428
-0.371 21.7504 -9.24216
-0.37 24.7699 -5.02811
-0.369 18.6865 -2.38269
-0.368 5.83951 -1.44368
-0.367 -9.43965 -1.85452
-0.366 -22.1502 -2.87659
-0.365 -28.1559 -3.6512
-0.364 -25.465 -3.53102
-0.363 -14.8697 -2.35891
-0.362 0.240593 -0.582945
-0.361 14.8476 0.847355
-0.36 23.7977 0.785092
-0.359 23.4262 -1.6943
-0.358 12.8392 -6.89044
-0.357 -5.59195 -14.2432
-0.356 -26.7708 -22.3833
-0.355 -44.3648 -29.4904
-0.354 -52.8095 -33.8559
-0.353 -49.1793 -34.4489
-0.352 -34.2778 -31.2724
-0.351 -12.5454 -25.3776
-0.35 9.24613 -18.5292
-0.349 24.151 -12.625
-0.348 27.3856 -9.05928
-0.347 18.0439 -8.24792
-0.346 -0.449475 -9.50158
-0.345 -21.3947 -11.3164
-0.344 -37.0967 -11.9899
-0.343 -41.6093 -10.3265
-0.342 -32.9569 -6.15908
-0.341 -14.0053 -0.487317
-0.34 8.38137 4.81733
-0.339 25.6472 7.64083
-0.338 30.5279 6.37776
-0.337 19.6704 0.539977
-0.336 -5.03327 -9.00467
-0.335 -36.9038 -20.2643
-0.334 -66.6344 -30.7505
-0.333 -85.4444 -38.2732
-0.332 -88.1041 -41.6161
-0.331 -74.718 -40.859
-0.33 -50.5967 -37.2464
-0.329 -24.288 -32.6627
-0.328 -4.52941 -28.9129
-0.327 2.76551 -27.076
-0.326 -3.53057 -27.1629
-0.325 -19.4789 -28.1819
-0.324 -37.5677 -28.5665
-0.323 -49.4737 -26.7944
-0.322 -49.1149 -21.9779
-0.321 -34.863 -14.2233
-0.32 -10.0907 -4.63787
-0.319 18.0941 5.01611
-0.318 41.3525 12.8814
-0.317 52.8915 17.5618
-0.316 49.5912 18.4841
-0.315 32.8644 15.9817
-0.314 8.03915 11.1175
-0.313 -17.5061 5.32655
-0.312 -36.8138 -0.0167155
-0.311 -45.5542 -3.98951
-0.31 -43.1876 -6.34354
-0.309 -32.7589 -7.48695
-0.308 -19.5662 -8.2594
-0.307 -9.29791 -9.61611
-0.306 -6.26819 -12.3324
-0.305 -12.2189 -16.7821
-0.304 -25.9448 -22.8041
-0.303 -43.7825 -29.6807
-0.302 -60.7834 -36.2681
-0.301 -72.1902 -41.2771
-0.3 -74.7556 -43.6219
-0.299 -67.5486 -42.7149
-0.298 -52.1203 -38.6321
-0.297 -32.0738 -32.1213
-0.296 -12.1755 -24.4534
-0.295 2.81219 -17.1163
-0.294 9.36162 -11.3948
-0.293 6.20604 -7.9549
-0.292 -5.13837 -6.6076
-0.291 -20.5971 -6.37605
-0.29 -34.5777 -5.86192
-0.289 -41.635 -3.78705
-0.288 -38.303 0.467029
-0.287 -24.4853 6.50071
-0.286 -3.87683 12.8615
-0.285 16.8294 17.3942
-0.284 29.8432 17.9102
-0.283 28.8159 12.9693
-0.282 11.2417 2.48251
-0.281 -20.177 -12.1094
-0.28 -57.8979 -28.1723
-0.279 -91.7454 -42.6394
-0.278 -112.287 -52.9487
-0.277 -114.158 -57.8377
-0.276 -98.0883 -57.7009
-0.275 -70.8772 -54.365
-0.274 -43.2054 -50.3422
-0.273 -25.9288 -47.8285
-0.272 -26.0422 -47.8222
-0.271 -43.7962 -49.7008
-0.27 -72.2104 -51.4315
-0.269 -99.3862 -50.362
-0.268 -112.865 -44.3162
-0.267 -104.391 -32.5801
-0.266 -73.2726 -16.3866
-0.265 -27.0648 1.31095
-0.264 20.7272 16.7131
-0.263 55.196 26.3833
-0.262 65.2784 28.3558
-0.261 47.8073 22.7518
-0.26 8.80244 11.6917
-0.259 -38.5788 -1.46615
-0.258 -78.7171 -13.2844
-0.257 -99.104 -21.3784
-0.256 -94.7448 -25.1034
-0.255 -69.7678 -25.5535
-0.254 -35.6564 -24.904
-0.253 -6.79197 -25.3842
-0.252 5.00642 -28.2958
-0.251 -5.10057 -33.4443
-0.25 -33.2166 -39.1816
-0.249 -68.209 -43.0227
-0.248 -95.8743 -42.5958
-0.247 -104.243 -36.5715
-0.246 -88.0815 -25.2263
-0.245 -50.8819 -10.4332
-0.244 -3.58904 4.90888
-0.243 39.4102 17.779
-0.242 65.3936 25.9202
-0.241 67.5421 28.3912
-0.24 46.8588 25.6279
-0.239 11.3134 19.0673
-0.238 -27.2978 10.5305
-0.237 -57.6225 1.60107
-0.236 -72.6496 -6.79967
-0.235 -71.8028 -14.5194
-0.234 -60.4584 -21.9542
-0.233 -47.2169 -29.6236
-0.232 -40.2486 -37.7589
-0.231 -44.2935 -46.107
-0.23 -59.3334 -54.0103
-0.229 -81.0814 -60.6566
-0.228 -102.816 -65.3289
-0.227 -117.83 -67.5535
-0.226 -121.68 -67.137
-0.225 -113.464 -64.1315
-0.224 -95.6689 -58.7572
-0.223 -72.8108 -51.3248
-0.222 -49.673 -42.2223
-0.221 -30.0248 -32.013
-0.22 -16.1892 -21.5771
-0.219 -9.20797 -12.134
-0.218 -9.14066 -5.01697
-0.217 -15.2285 -1.24633
-0.216 -25.9176 -1.10716
-0.215 -38.8573 -3.95383
-0.214 -51.0107 -8.34278
-0.213 -59.0445 -12.4598
-0.212 -60.1546 -14.7278
-0.211 -53.2321 -14.4258
-0.21 -39.8826 -12.0838
-0.209 -24.6039 -9.41996
-0.208 -13.6925 -8.74059
-0.207 -13.0563 -11.9946
-0.206 -25.7186 -19.8811
-0.205 -50.0661 -31.4014
-0.204 -79.7053 -44.0518
-0.203 -105.226 -54.5997
-0.202 -117.424 -60.1876
-0.201 -110.879 -59.391
-0.2 -86.4734 -52.8227
-0.199 -51.7281 -42.9883
-0.198 -18.5774 -33.3837
-0.197 0.805608 -27.1572
-0.196 -1.29851 -25.8674
-0.195 -24.7486 -28.824
-0.194 -60.9214 -33.2777
-0.193 -95.4022 -35.4146
-0.192 -113.167 -31.8277
-0.191 -104.329 -20.9327
-0.19 -68.1944 -3.76729
-0.189 -14.0275 16.1811
-0.188 41.8349 34.0735
-0.187 81.5482 45.3223
-0.186 92.1087 47.1068
-0.185 70.2251 39.2804
-0.184 23.7938 24.3642
-0.183 -30.8241 6.60753
-0.182 -74.8749 -9.57656
-0.181 -94.2976 -21.2148
-0.18 -84.9831 -27.7647
-0.179 -54.1675 -31.0915
-0.178 -17.557 -34.4917
-0.177 6.61754 -41.2102
-0.176 4.46371 -53.0294
-0.175 -28.1648 -69.4009
-0.174 -83.6929 -87.4113
-0.173 -145.205 -102.638
-0.172 -192.497 -110.646
-0.171 -209.502 -108.573
-0.17 -190.113 -96.1507
-0.169 -140.135 -75.7765
-0.168 -74.882 -51.6623
-0.167 -13.641 -28.4925
-0.166 26.879 -10.0831
-0.165 37.9288 1.56534
-0.164 21.2297 6.57582
-0.163 -12.2357 6.78868
-0.162 -46.7529 4.7949
-0.161 -67.9823 2.80548
-0.16 -68.1793 1.83083
-0.159 -48.5215 1.46897
-0.158 -17.9474 0.286572
-0.157 10.6208 -3.45903
-0.156 25.0366 -11.0578
-0.155 18.0518 -22.7777
-0.154 -10.3861 -37.6388
-0.153 -53.2618 -53.5841
-0.152 -98.9243 -67.9769
-0.151 -134.921 -78.2388
-0.15 -151.821 -82.4247
-0.149 -145.733 -79.6028
-0.148 -118.852 -70.0005
-0.147 -78.2449 -54.9297
-0.146 -33.5381 -36.5225
-0.145 5.6702 -17.3414
-0.144 32.0196 0.0617471
-0.143 41.8441 13.5805
-0.142 35.7271 21.9474
-0.141 18.1362 25.0136
-0.14 -3.81978 23.7721
-0.139 -22.3439 20.0129
-0.138 -31.1974 15.6722
-0.137 -27.6084 12.1153
-0.136 -13.2575 9.63117
-0.135 5.94251 7.30268
-0.134 21.2534 3.28944
-0.133 23.5359 -4.50794
-0.132 6.33203 -17.521
-0.131 -31.2045 -35.6167
-0.13 -82.8117 -56.666
-0.129 -136.171 -76.9046
-0.128 -176.555 -92.0374
-0.127 -191.813 -98.6644
-0.126 -176.766 -95.4796
-0.125 -135.436 -83.8313
-0.124 -80.3761 -67.4507
-0.123 -29.1242 -51.3715
-0.122 1.46085 -40.2924
-0.121 1.34169 -36.9154
-0.12 -28.45 -40.9346
-0.119 -75.5677 -49.1586
-0.118 -120.633 -56.7598
-0.117 -144.481 -59.1566
-0.116 -135.454 -53.7991
-0.115 -93.9207 -41.1935
-0.114 -32.4202 -24.7864
-0.113 28.6164 -9.72604
-0.112 68.152 -0.932795
-0.111 72.357 -1.20476
-0.11 40.0421 -10.1029
-0.109 -16.5392 -24.0562
-0.108 -76.0885 -37.6586
-0.107 -116.313 -45.6879
-0.106 -122.46 -45.092
-0.105 -92.8637 -36.1525
-0.104 -39.3178 -22.3284
-0.103 17.7201 -8.85345
-0.102 56.972 -0.70812
-0.101 64.1121 -0.81242
-0.1 36.6992 -9.08159
-0.099 -15.2559 -22.5768
-0.098 -73.172 -36.6265
-0.097 -116.903 -46.5375
-0.096 -132.281 -49.293
-0.095 -116.123 -44.5422
-0.094 -76.555 -34.4428
-0.093 -28.7801 -22.4893
-0.092 11.4281 -11.9844
-0.091 33.4484 -4.88105
-0.09 34.7199 -1.37389
-0.089 20.4021 -0.199707
-0.088 0.446373 0.591165
-0.087 -14.7563 2.67707
-0.086 -18.5815 6.66684
-0.085 -10.491 11.8264
-0.084 4.60509 16.4855
-0.083 19.4676 18.8844
-0.082 28.2251 17.9499
-0.081 28.5786 13.5843
-0.08 21.6258 6.40456
-0.079 9.90362 -2.8248
-0.078 -4.94504 -13.7165
-0.077 -23.497 -26.4555
-0.076 -48.0719 -41.5157
-0.075 -80.6018 -58.9861
-0.074 -119.978 -77.869
-0.073 -160.463 -95.8105
-0.072 -192.325 -109.512
-0.071 -204.852 -115.728
-0.07 -190.84 -112.511
-0.069 -150.919 -100.252
-0.068 -95.5922 -82.0578
-0.067 -43.1065 -63.0562
-0.066 -12.8802 -48.6268
-0.065 -16.9298 -42.1831
-0.064 -53.5978 -43.6217
-0.063 -106.991 -49.2804
-0.062 -152.488 -53.4212
-0.061 -165.931 -50.5611
-0.06 -133.259 -37.7953
-0.059 -57.4949 -16.3827
-0.058 39.7628 8.05223
-0.057 124.464 27.153
-0.056 163.018 33.0524
-0.055 136.908 21.8962
-0.054 51.8363 -4.083
-0.053 -63.2021 -37.0032
-0.052 -166.3 -66.0292
-0.051 -217.942 -81.1605
-0.05 -195.757 -76.7859
-0.049 -103.93 -53.8822
-0.048 26.5413 -19.985
-0.047 148.33 13.4205
-0.046 216.068 35.344
-0.045 204.827 39.7101
-0.044 120.435 27.7486
-0.043 -2.61995 7.4001
-0.042 -114.274 -9.85988
-0.041 -167.763 -13.5099
-0.04 -137.728 1.76758
-0.039 -31.0182 33.6181
-0.038 114.798 72.498
-0.037 245.743 105.201
-0.036 312.787 119.999
-0.035 290.744 111.103
-0.034 187.18 80.6889
-0.033 39.0645 37.9942
-0.032 -100.78 -3.9737
-0.031 -183.086 -33.079
-0.03 -181.209 -42.5843
-0.029 -102.199 -33.7505
-0.028 16.1731 -15.1032
-0.027 121.874 1.46557
-0.026 170.273 5.7778
-0.025 140.683 -6.78968
-0.024 42.2198 -33.9687
-0.023 -90.7781 -67.6906
-0.022 -211.242 -97.0059
-0.021 -276.689 -112.12
-0.02 -266.256 -108.35
-0.019 -189.721 -88.1888
-0.018 -82.509 -60.1185
-0.017 11.2489 -34.6619
-0.016 57.8069 -19.9602
-0.015 45.4984 -19.053
-0.014 -13.8045 -29.4999
-0.013 -91.0748 -44.8034
-0.012 -151.377 -56.9618
-0.011 -167.543 -59.6014
-0.01 -132.017 -50.7208
-0.009 -60.4556 -33.5797
-0.008 16.5453 -14.903
-0.007 69.0978 -1.38105
-0.006 81.3994 3.36912
-0.005 56.3667 -0.0942179
-0.004 11.8747 -7.83328
-0.003 -27.7832 -14.4322
-0.002 -42.1591 -15.3108
-0.001 -23.9366 -8.82824
0 16.8588 2.75366
0.001 57.6553 14.3388
0.002 75.8794 20.8215
0.003 61.502 19.915
0.004 21.8343 13.2364
0.005 -22.6814 5.3575
0.006 -47.7549 1.70788
0.007 -35.5106 6.25792
0.008 16.973 19.6052
0.009 93.9004 38.1608
0.01 165.391 55.2347
0.011 200.852 64.0715
0.012 184.628 61.3648
0.013 124.268 49.0786
0.014 46.9308 33.5787
0.015 -12.4608 22.8943
0.016 -24.8882 23.5773
0.017 21.52 38.1296
0.018 115.107 63.5559
0.019 222.142 91.7185
0.02 298.516 112.049
0.021 308.818 115.987
0.022 243.28 100.964
0.023 122.756 71.6307
0.024 -10.2923 37.8009
0.025 -108.821 10.4923
0.026 -138.516 -2.13734
0.027 -90.2667 2.25601
0.028 15.2424 19.0753
0.029 133.401 38.0968
0.03 212.206 47.3203
0.031 213.922 38.0943
0.032 131.523 9.06937
0.033 -8.34489 -33.0316
0.034 -156.443 -76.0113
0.035 -259.997 -106.747
0.036 -282.08 -115.872
0.037 -215.152 -101.119
0.038 -84.3964 -68.2635
0.039 61.1812 -29.118
0.04 167.653 2.96391
0.041 197.511 18.2994
0.042 143.956 14.4692
0.043 32.3591 -3.17448
0.044 -90.5464 -23.9928
0.045 -174.761 -36.3514
0.046 -185.87 -32.1634
0.047 -118.105 -10.1226
0.048 3.57279 23.6567
0.049 133.797 58.0342
0.05 225.286 81.3284
0.051 247.116 85.8562
0.052 195.184 70.6055
0.053 91.9098 41.2686
0.054 -23.1931 8.00033
0.055 -108.27 -18.1941
0.056 -134.408 -29.3096
0.057 -95.9917 -23.0924
0.058 -11.6027 -3.50169
0.059 85.1569 21.3995
0.06 160.292 43.0609
0.061 192.314 55.7618
0.062 178.321 58.2821
0.063 132.463 53.6723
0.064 78.9167 47.6041
0.065 42.2559 45.9783
0.066 38.2676 52.5342
0.067 68.4781 67.3265
0.068 120.761 86.7744
0.069 175.655 105.284
0.07 214.963 117.566
0.071 228.298 120.489
0.072 215.167 113.767
0.073 182.874 99.5314
0.074 142.168 81.2158
0.075 102.744 62.2444
0.076 70.2479 44.9834
0.077 45.6707 30.3111
0.078 26.9836 17.9278
0.079 11.8349 7.1524
0.08 -0.305011 -2.30203
0.081 -7.69292 -9.99862
0.082 -7.68745 -15.0022
0.083 0.875864 -16.4796
0.084 15.7089 -14.3437
0.085 30.8985 -9.57674
0.086 39.1261 -3.98009
0.087 35.3871 0.603392
0.088 20.1413 3.19841
0.089 -0.0198381 4.21073
0.09 -14.6835 5.24753
0.091 -13.8376 8.34552
0.092 7.74563 14.9647
0.093 47.5534 25.1316
0.094 94.9831 37.0574
0.095 134.256 47.4892
0.096 150.156 52.8411
0.097 134.537 50.747
0.098 90.5747 41.3094
0.099 32.4356 27.3641
0.1 -19.7216 13.5711
0.101 -47.3011 4.72843
0.102 -40.287 4.00279
0.103 -1.13475 11.7146
0.104 55.8013 25.1008
0.105 109.219 39.2034
0.106 138.655 48.6676
0.107 132.337 49.8116
0.108 91.9566 42.1181
0.109 32.2876 28.4858
0.11 -24.3808 14.1297
0.111 -56.7807 4.59381
0.112 -52.7117 3.67206
0.113 -13.4249 12.0207
0.114 47.2033 26.9687
0.115 108.132 43.5872
0.116 148.986 56.5911
0.117 157.332 62.3284
0.118 132.919 60.1043
0.119 87.4964 52.3734
0.12 40.2516 43.7498
0.121 10.5086 39.2061
0.122 10.4968 42.1307
0.123 41.1068 52.9997
0.124 92.1891 69.1879
0.125 146.848 85.953
0.126 187.603 98.1209
0.127 202.03 101.782
0.128 186.257 95.4441
0.129 145.576 80.351
0.13 92.1612 59.9406
0.131 40.6536 38.6198
0.132 3.2041 20.2878
0.133 -14.1144 7.17398
0.134 -12.2781 -0.561223
0.135 2.24225 -4.39871
0.136 20.4237 -6.53682
0.137 33.7346 -8.92037
0.138 36.4884 -12.5337
0.139 27.1752 -17.0915
0.14 8.62244 -21.17
0.141 -13.014 -22.7393
0.142 -30.1316 -19.9236
0.143 -35.8523 -11.6874
0.144 -25.8812 1.8116
0.145 0.317602 19.2622
0.146 39.1646 38.5039
0.147 83.4726 56.9406
0.148 123.83 71.9867
0.149 150.74 81.5148
0.15 157.158 84.2436
0.151 140.783 79.9831
0.152 105.31 69.685
0.153 59.9491 55.2842
0.154 17.0029 39.3298
0.155 -11.8992 24.4353
0.156 -19.6318 12.654
0.157 -6.05187 4.97851
0.158 21.8006 1.15757
0.159 51.9299 -0.0828448
0.16 71.4583 -0.472673
0.161 71.3749 -1.4422
0.162 50.3486 -3.40844
0.163 15.9577 -5.39033
0.164 -17.5681 -5.20067
0.165 -34.5282 -0.246442
0.166 -23.8628 11.3429
0.167 16.2768 29.7312
0.168 77.2582 52.9456
0.169 142.423 77.1707
0.17 192.442 97.6948
0.171 211.891 110.259
0.172 194.845 112.414
0.173 147.342 104.39
0.174 85.451 89.0466
0.175 29.4498 70.8553
0.176 -3.64253 54.3001
0.177 -6.15555 42.3523
0.178 17.8076 35.588
0.179 54.3183 32.2095
0.18 85.0424 28.9191
0.181 94.1655 22.3541
0.182 74.4132 10.6032
0.183 29.9611 -5.78823
0.184 -24.989 -23.7903
0.185 -71.5395 -38.9039
0.186 -93.2497 -46.8041
0.187 -82.2481 -44.9395
0.188 -41.9635 -33.4859
0.189 14.3777 -15.3449
0.19 68.6967 4.79196
0.191 104.515 22.0016
0.192 112.603 32.7745
0.193 93.8615 36.1345
0.194 58.4782 33.7898
0.195 21.7426 29.2766
0.196 -1.80179 26.4789
0.197 -3.58724 28.1214
0.198 16.3026 34.7805
0.199 49.8288 44.7371
0.2 84.5273 54.693
0.201 108.332 61.0738
0.202 113.827 61.4073
0.203 100.443 55.2301
0.204 74.0042 44.1802
0.205 44.0506 31.3043
0.206 20.1328 19.9136
0.207 8.52588 12.4403
0.208 10.4942 9.6871
0.209 22.553 10.7109
0.21 38.3926 13.3665
0.211 51.5352 15.2802
0.212 57.5949 14.8327
0.213 55.3252 11.7346
0.214 46.3009 7.00237
0.215 33.7267 2.4431
0.216 21.1198 -0.0640595
0.217 11.4074 0.789389
0.218 6.56579 5.36118
0.219 7.65321 13.0353
0.22 15.0121 22.5466
0.221 28.4159 32.5014
0.222 46.9672 41.8358
0.223 68.7362 49.9878
0.224 90.4498 56.7542
0.225 107.746 62.0052
0.226 116.295 65.4816
0.227 113.483 66.7825
0.228 99.8113 65.5096
0.229 79.2079 61.4761
0.23 57.9564 54.8905
0.231 42.6078 46.427
0.232 37.5774 37.1037
0.233 43.2468 27.9593
0.234 55.3355 19.6555
0.235 66.0602 12.2348
0.236 66.989 5.20851
0.237 52.6331 -2.04401
0.238 23.2274 -9.7645
0.239 -14.6383 -17.4481
0.24 -49.9401 -23.7943
0.241 -70.9975 -27.0207
0.242 -69.716 -25.4648
0.243 -44.7853 -18.2866
0.244 -2.65225 -6.00952
0.245 44.2558 9.36998
0.246 81.656 24.8302
0.247 98.486 37.2158
0.248 90.9736 44.2444
0.249 64.0375 45.233
0.25 29.415 41.2608
0.251 1.23543 34.7044
0.252 -9.27682 28.3149
0.253 1.98673 24.1684
0.254 30.4297 22.8802
0.255 64.4033 23.3954
0.256 89.5537 23.4662
0.257 94.2852 20.6539
0.258 74.2848 13.4671
0.259 34.3779 2.17499
0.26 -13.0149 -11.0486
0.261 -52.2608 -22.7316
0.262 -70.1049 -29.2495
0.263 -60.3861 -28.0929
0.264 -26.1479 -18.7893
0.265 21.5898 -3.1365
0.266 67.862 15.3483
0.267 99.045 32.573
0.268 107.48 45.1973
0.269 93.8313 51.6588
0.27 66.4113 52.5277
0.271 37.7857 50.0762
0.272 19.9615 47.25
0.273 19.9869 46.4501
0.274 37.6027 48.59
0.275 65.7138 52.7692
0.276 93.3016 56.6645
0.277 109.537 57.4708
0.278 107.571 53.0249
0.279 86.7482 42.6917
0.28 52.6024 27.6897
0.281 14.7466 10.753
0.282 -16.5265 -4.73457
0.283 -33.6637 -15.8104
0.284 -34.0701 -20.8316
0.285 -20.4509 -19.8926
0.286 0.623596 -14.636
0.287 21.217 -7.5616
0.288 34.6401 -1.11768
0.289 37.361 3.0865
0.29 29.7336 4.6967
0.291 15.4722 4.56389
0.292 0.169517 4.29179
0.293 -10.5876 5.55916
0.294 -12.8864 9.45521
0.295 -5.47707 16.0637
0.296 10.0992 24.4402
0.297 30.1379 32.9611
0.298 49.8654 39.8691
0.299 64.6685 43.7954
0.3 71.1979 44.1025
0.301 68.1594 40.9926
0.302 56.6492 35.3899
0.303 39.926 28.638
0.304 22.5932 22.0932
0.305 9.33793 16.747
0.306 3.55851 13.0104
0.307 6.29653 10.7118
0.308 15.8092 9.25384
0.309 27.9433 7.83752
0.31 37.2802 5.69728
0.311 38.8173 2.33059
0.312 29.7373 -2.31034
0.313 10.6621 -7.73348
0.314 -14.1735 -12.9892
0.315 -38.0458 -16.9082
0.316 -53.8579 -18.4108
0.317 -56.5104 -16.7997
0.318 -44.6979 -11.9757
0.319 -21.5086 -4.52956
0.32 6.41127 4.34165
0.321 30.9284 13.1165
0.322 45.1238 20.3729
0.323 45.7219 25.2099
0.324 34.3134 27.5068
0.325 16.8219 27.9188
0.326 1.35252 27.6109
0.327 -4.78058 27.814
0.328 2.24968 29.3381
0.329 21.3239 32.2151
0.33 46.6541 35.6187
0.331 69.7121 38.1141
0.332 82.1849 38.1663
0.333 78.9544 34.7263
0.334 60.0173 27.6847
0.335 30.5908 18.0234
0.336 -0.659549 7.59541
0.337 -24.61 -1.4152
0.338 -34.776 -7.17631
0.339 -29.4136 -8.78367
0.34 -11.9341 -6.51362
0.341 10.4366 -1.67182
0.342 29.2529 3.89016
0.343 37.7929 8.41426
0.344 33.3225 10.8186
0.345 17.8947 11.0306
0.346 -2.56023 9.94942
0.347 -20.4691 9.03929
0.348 -29.3215 9.7069
0.349 -25.8751 12.7164
0.35 -11.1383 17.8692
0.351 10.1159 24.0466
0.352 31.0593 29.575
0.353 45.1176 32.7753
0.354 48.0855 32.5187
0.355 39.3669 28.6087
0.356 21.9894 21.8559
0.357 1.46545 13.8098
0.358 -16.0595 6.25051
0.359 -25.7362 0.639093
0.36 -25.4134 -2.27746
0.361 -16.1205 -2.59393
0.362 -1.54859 -1.10203
0.363 13.2354 1.05445
0.364 23.3903 2.80192
0.365 25.7325 3.49835
0.366 19.6171 3.11731
0.367 7.06042 2.20161
0.368 -7.90523 1.62085
0.369 -20.4609 2.23571
0.37 -26.4649 4.5874
0.371 -23.7139 8.70333
0.372 -12.6167 14.0682
0.373 3.90548 19.7588
0.374 21.2384 24.6907
0.375 34.3859 27.8955
0.376 39.4367 28.7521
0.377 34.7929 27.1231
0.378 21.7644 23.372
0.379 4.26434 18.2635
0.38 -12.3795 12.7629
0.381 -23.1372 7.78735
0.382 -24.934 3.98037
0.383 -17.6996 1.57564
0.384 -4.47023 0.377156
0.385 9.51331 -0.14946
0.386 18.4905 -0.69083
0.387 18.1704 -1.83682
0.388 7.36179 -3.83286
0.389 -11.3935 -6.42713
0.39 -32.5084 -8.89309
0.391 -49.1658 -10.2395
0.392 -55.6169 -9.53703
0.393 -49.1536 -6.24887
0.394 -31.0974 -0.465005
0.395 -6.46915 7.03667
0.396 17.6012 14.944
0.397 34.2559 21.7625
0.398 39.2794 26.2669
0.399 32.5714 27.8902
0.4 18.1316 26.8957
0.401 2.55017 24.2608
0.402 -7.41065 21.3196
0.403 -7.25662 19.2919
0.404 3.61483 18.8548
0.405 21.6525 19.9008
0.406 40.3642 21.5795
0.407 52.6223 22.6234
0.408 53.2508 21.8497
0.409 40.9259 18.6478
0.41 18.6689 13.2617
0.411 -7.22425 6.75964
0.412 -29.3696 0.701956
0.413 -41.7957 -3.37716
0.414 -41.9029 -4.49501
0.415 -31.2317 -2.56588
0.416 -14.7789 1.56386
0.417 0.887214 6.40868
0.418 10.0074 10.3572
0.419 9.61432 12.2178
0.42 0.41377 11.6022
0.421 -13.6706 9.0187
0.422 -27.0346 5.65107
0.423 -34.4321 2.90453
0.424 -32.8106 1.88464
0.425 -22.3169 3.00225
0.426 -6.13 5.85117
0.427 10.7785 9.39379
0.428 23.4415 12.3687
0.429 28.5548 13.7589
0.43 25.4361 13.1516
0.431 16.0494 10.8714
0.432 4.17794 7.84668
0.433 -5.94013 5.25956
0.434 -11.0506 4.1062
0.435 -9.89784 4.8377
0.436 -3.46772 7.21611
0.437 5.56157 10.4263
0.438 13.8591 13.3793
0.439 18.5369 15.083
0.44 17.9618 14.9518
0.441 12.1192 12.964
0.442 2.49213 9.62948
0.443 -8.48479 5.78418
0.444 -18.2144 2.29442
0.445 -24.6844 -0.21457
0.446 -26.9194 -1.50573
0.447 -25.059 -1.7186
0.448 -20.1558 -1.23448
0.449 -13.8332 -0.491797
0.45 -7.87429 0.177322
0.451 -3.7789 0.643104
0.452 -2.37267 0.987727
0.453 -3.59363 1.43572
0.454 -6.52896 2.2402
0.455 -9.67328 3.57587
0.456 -11.3282 5.47783
0.457 -10.076 7.835
0.458 -5.25782 10.4207
0.459 2.67365 12.936
0.46 12.1061 15.0525
0.461 20.6286 16.4538
0.462 25.7312 16.8799
0.463 25.6161 16.1772
0.464 19.8534 14.3496
0.465 9.65858 11.5997
0.466 -2.33591 8.33386
0.467 -12.8051 5.10999
0.468 -18.7698 2.52525
0.469 -18.6043 1.06804
0.47 -12.6288 0.980924
0.471 -3.04049 2.18407
0.472 6.81243 4.29203
0.473 13.5773 6.72963
0.474 15.0804 8.91963
0.475 11.1303 10.4801
0.476 3.62373 11.3527
0.477 -4.12296 11.8026
0.478 -8.5991 12.2841
0.479 -7.43289 13.2194
0.48 -0.334108 14.7799
0.481 10.7 16.7555
0.482 21.9976 18.5654
0.483 29.4515 19.4205
0.484 29.9695 18.5928
0.485 22.6171 15.7037
0.486 9.01531 10.9163
0.487 -7.16812 4.94866
0.488 -21.4503 -1.11134
0.489 -30.0349 -6.12767
0.49 -31.0508 -9.25728
0.491 -25.1113 -10.1911
0.492 -15.0139 -9.21552
0.493 -4.6908 -7.07528
0.494 2.22161 -4.68311
0.495 3.67497 -2.77872
0.496 -0.109575 -1.66482
0.497 -6.80706 -1.12279
0.498 -12.9166 -0.541669
0.499 -15.0917 0.793311
0.5 -11.386 3.37149
0.501 -1.97766 7.21545
0.502 10.8697 11.8159
0.503 23.5797 16.2663
0.504 32.488 19.5527
0.505 35.0825 20.8952
0.506 30.8247 20.0186
0.507 21.2798 17.2492
0.508 9.52631 13.4016
0.509 -0.924223 9.49926
0.51 -7.30089 6.43764
0.511 -8.42623 4.71027
0.512 -4.97824 4.28902
0.513 0.881552 4.69087
0.514 6.34406 5.19883
0.515 8.95089 5.15093
0.516 7.42089 4.18935
0.517 2.0369 2.38033
0.518 -5.52588 0.167397
0.519 -12.8465 -1.81385
0.52 -17.6204 -2.98075
0.521 -18.4162 -3.01569
0.522 -15.0858 -1.97208
0.523 -8.73832 -0.241358
0.524 -1.32682 1.6016
0.525 5.00466 3.01317
0.526 8.60936 3.67366
0.527 8.8428 3.58783
0.528 6.21926 3.06359
0.529 2.18215 2.58753
0.53 -1.40449 2.65027
0.531 -2.85419 3.58272
0.532 -1.16526 5.45384
0.533 3.69101 8.05801
0.534 10.7678 10.9898
0.535 18.4242 13.773
0.536 24.8082 15.9919
0.537 28.3944 17.3815
0.538 28.4081 17.8545
0.539 25.0166 17.4762
0.54 19.2472 16.4077
0.541 12.6632 14.8432
0.542 6.88963 12.9563
0.543 3.12426 10.8707
0.544 1.79109 8.65821
0.545 2.44777 6.35785
0.546 3.97397 4.00173
0.547 4.97725 1.63512
0.548 4.29062 -0.671002
0.549 1.41072 -2.81108
0.55 -3.2677 -4.63934
0.551 -8.52118 -5.97293
0.552 -12.6728 -6.61092
0.553 -14.1503 -6.37135
0.554 -12.0257 -5.14107
0.555 -6.35593 -2.9276
0.556 1.78192 0.103747
0.557 10.5688 3.62636
0.558 17.9665 7.19543
0.559 22.3358 10.3336
0.56 22.9481 12.6367
0.561 20.1963 13.869
0.562 15.4171 14.0157
0.563 10.3994 13.2729
0.564 6.77104 11.9734
0.565 5.47165 10.4701
0.566 6.47127 9.0187
0.567 8.82064 7.70582
0.568 11.0246 6.45051
0.569 11.6225 5.07635
0.57 9.76827 3.4244
0.571 5.58181 1.46481
0.572 0.137766 -0.636338
0.573 -4.89492 -2.52707
0.574 -7.82099 -3.76271
0.575 -7.49978 -3.95341
0.576 -3.74883 -2.91092
0.577 2.56712 -0.735646
0.578 9.79893 2.18996
0.579 16.0418 5.2991
0.58 19.7436 7.99679
0.581 20.1778 9.82661
0.582 17.6244 10.5939
0.583 13.2144 10.4001
0.584 8.50377 9.57397
0.585 4.92854 8.52782
0.586 3.33134 7.5983
0.587 3.72289 6.93282
0.588 5.35094 6.45821
0.589 7.03237 5.93457
0.59 7.6156 5.07308
0.591 6.40841 3.67834
0.592 3.4323 1.76175
0.593 -0.57438 -0.424833
0.594 -4.40302 -2.45366
0.595 -6.78511 -3.85713
0.596 -6.81735 -4.2782
0.597 -4.2511 -3.58018
0.598 0.443408 -1.885
0.599 6.23943 0.465492
0.6 11.8726 3.01388
0.601 16.2107 5.32791
0.602 18.5656 7.12771
0.603 18.8595 8.34804
0.604 17.5968 9.11453
0.605 15.656 9.65538
0.606 13.9792 10.1931
0.607 13.2671 10.8555
0.608 13.775 11.6279
0.609 15.2632 12.355
0.61 17.0998 12.7947
0.611 18.4751 12.7107
0.612 18.6632 11.964
0.613 17.2565 10.5633
0.614 14.3052 8.6584
0.615 10.3155 6.49069
0.616 6.10536 4.32801
0.617 2.55917 2.4015
0.618 0.363267 0.854991
0.619 -0.192945 -0.279734
0.62 0.706463 -1.06886
0.621 2.46617 -1.62791
0.622 4.26238 -2.06468
0.623 5.30071 -2.44062
0.624 5.07952 -2.75703
0.625 3.57324 -2.95745
0.626 1.26178 -2.94044
0.627 -1.01582 -2.58671
0.628 -2.3341 -1.80021
0.629 -1.98467 -0.547648
0.63 0.285449 1.12306
0.631 4.16974 3.08894
0.632 8.86637 5.17083
0.633 13.3039 7.15612
0.634 16.4708 8.82996
0.635 17.7399 10.0181
0.636 17.0669 10.6283
0.637 14.9858 10.668
0.638 12.4094 10.2281
0.639 10.3073 9.44411
0.64 9.37095 8.45473
0.641 9.77052 7.36615
0.642 11.0896 6.22529
0.643 12.4712 5.01147
0.644 12.9357 3.65915
0.645 11.7548 2.11057
0.646 8.74347 0.374052
0.647 4.36042 -1.44275
0.648 -0.411799 -3.13923
0.649 -4.36965 -4.4622
0.65 -6.47756 -5.16695
0.651 -6.21357 -5.08584
0.652 -3.74678 -4.18661
0.653 0.123089 -2.59655
0.654 4.24259 -0.575038
0.655 7.49334 1.55913
0.656 9.15298 3.51579
0.657 9.1104 5.10334
0.658 7.87002 6.26201
0.659 6.34384 7.05554
0.66 5.4993 7.62392
0.661 5.98953 8.10925
0.662 7.90719 8.58158
0.663 10.754 8.99867
0.664 13.6275 9.22006
0.665 15.5465 9.06693
0.666 15.7948 8.39855
0.667 14.1737 7.17624
0.668 11.0809 5.49765
0.669 7.38642 3.59106
0.67 4.14075 1.76467
0.671 2.2211 0.321476
0.672 2.0472 -0.529809
0.673 3.46859 -0.730178
0.674 5.84962 -0.371392
0.675 8.30655 0.350094
0.676 10.0084 1.2023
0.677 10.4444 1.98728
0.678 9.57539 2.59476
0.679 7.82016 3.02477
0.68 5.88157 3.36827
0.681 4.47953 3.75064
0.682 4.09394 4.26318
0.683 4.80985 4.91414
0.684 6.30897 5.61772
0.685 7.99631 6.21904
0.686 9.2094 6.54131
0.687 9.43923 6.44081
0.688 8.49387 5.8556
0.689 6.55381 4.83174
0.69 4.10221 3.5146
0.691 1.75886 2.10679
0.692 0.0803766 0.81042
0.693 -0.604366 -0.223791
0.694 -0.274164 -0.925781
0.695 0.805517 -1.30944
0.696 2.18744 -1.45227
0.697 3.39283 -1.45764
0.698 4.06085 -1.41127
0.699 4.0529 -1.34851
0.7 3.48196 -1.24531
0.701 2.66202 -1.03388
0.702 1.99876 -0.633169
0.703 1.85761 0.017414
0.704 2.44976 0.930415
0.705 3.76812 2.05568
0.706 5.58801 3.2846
0.707 7.52979 4.47411
0.708 9.16519 5.48246
0.709 10.1366 6.2022
0.71 10.2546 6.57962
0.711 9.54736 6.61815
0.712 8.24813 6.36928
0.713 6.72251 5.91384
0.714 5.35602 5.33718
0.715 4.43494 4.7048
0.716 4.05878 4.04803
0.717 4.11357 3.36545
0.718 4.3158 2.63781
0.719 4.31219 1.84766
0.72 3.80438 0.996487
0.721 2.66153 0.115968
0.722 0.985237 -0.728818
0.723 -0.900095 -1.44683
0.724 -2.53609 -1.93951
0.725 -3.47316 -2.12547
0.726 -3.41751 -1.96249
0.727 -2.32955 -1.45946
0.728 -0.44085 -0.675348
0.729 1.81309 0.293331
0.73 3.92251 1.33315
0.731 5.45796 2.33775
0.732 6.20221 3.22816
0.733 6.21259 3.96326
0.734 5.78616 4.53773
0.735 5.33828 4.96965
0.736 5.24194 5.28311
0.737 5.68867 5.49144
0.738 6.61821 5.58663
0.739 7.73624 5.53919
0.74 8.61279 5.30934
0.741 8.83219 4.86515
0.742 8.14632 4.19988
0.743 6.57492 3.34228
0.744 4.41145 2.35741
0.745 2.13141 1.33844
0.746 0.239565 0.390752
0.747 -0.887799 -0.389102
0.748 -1.11441 -0.934209
0.749 -0.576667 -1.2203
0.75 0.371993 -1.26623
0.751 1.28806 -1.12309
0.752 1.79379 -0.857404
0.753 1.70444 -0.533634
0.754 1.08046 -0.199233
0.755 0.190955 0.124917
0.756 -0.591353 0.445104
0.757 -0.924409 0.784646
0.758 -0.616647 1.16634
0.759 0.305801 1.59513
0.76 1.60746 2.04825
0.761 2.92546 2.47601
0.762 3.89468 2.81209
0.763 4.26816 2.9908
0.764 3.99082 2.96724
0.765 3.20756 2.73433
0.766 2.20934 2.32967
0.767 1.33564 1.82812
0.768 0.863316 1.32179
0.769 0.917709 0.894887
0.77 1.43744 0.60156
0.771 2.2048 0.453662
0.772 2.92698 0.421991
0.773 3.33506 0.45113
0.774 3.26762 0.483287
0.775 2.71768 0.482127
0.776 1.83209 0.447112
0.777 0.863125 0.413096
0.778 0.0856673 0.436049
0.779 -0.292541 0.570501
0.78 -0.195454 0.846307
0.781 0.303923 1.25246
0.782 1.01498 1.73436
0.783 1.69402 2.20711
0.784 2.12046 2.58041
0.785 2.16397 2.78541
0.786 1.82386 2.79344
0.787 1.22674 2.62102
0.788 0.581366 2.32102
0.789 0.105836 1.96377
0.79 -0.0462951 1.61405
0.791 0.164988 1.31108
0.792 0.655926 1.05907
0.793 1.24736 0.832256
0.794 1.72223 0.592095
0.795 1.89633 0.308679
0.796 1.68094 -0.0222816
0.797 1.11566 -0.372758
0.798 0.35852 -0.687609
0.799 -0.364425 -0.899661
0.8 -0.831675 -0.950023
0.801 -0.895675 -0.807232
0.802 -0.527298 -0.478423
0.803 0.176874 -0.00828327
0.804 1.02638 0.533606
0.805 1.79863 1.07202
0.806 2.31101 1.54506
0.807 2.47846 1.91663
0.808 2.33559 2.1792
0.809 2.01623 2.34714
0.81 1.69961 2.44421
0.811 1.54402 2.4901
0.812 1.63014 2.49102
0.813 1.93192 2.43721
0.814 2.32459 2.30798
0.815 2.62812 2.08216
0.816 2.67152 1.74983
0.817 2.35488 1.32067
0.818 1.68591 0.825576
0.819 0.778899 0.311452
0.82 -0.181122 -0.168507
0.821 -0.995214 -0.565666
0.822 -1.50987 -0.845148
0.823 -1.66073 -0.991368
0.824 -1.48672 -1.00871
0.825 -1.10962 -0.917466
0.826 -0.687207 -0.74669
0.827 -0.358183 -0.526685
0.828 -0.199574 -0.283144
0.829 -0.209155 -0.0340225
0.83 -0.314857 0.210864
0.831 -0.405608 0.447996
0.832 -0.373691 0.6768
0.833 -0.155239 0.895928
0.834 0.245402 1.10042
0.835 0.756787 1.28038
0.836 1.26563 1.42144
0.837 1.65439 1.50732
0.838 1.83671 1.52423
0.839 1.78088 1.4662
0.84 1.51749 1.33895
0.841 1.12964 1.16037
0.842 0.727043 0.957257
0.843 0.411186 0.759424
0.844 0.244474 0.592949
0.845 0.235089 0.473914
0.846 0.340982 0.404114
0.847 0.487548 0.370872
0.848 0.591357 0.352089
0.849 0.584905 0.325091
0.85 0.437906 0.275371
0.851 0.16831 0.201436
0.852 -0.163173 0.114391
0.853 -0.474208 0.0335064
0.854 -0.688285 -0.0204086
0.855 -0.757106 -0.0323003
0.856 -0.67211 0.0011608
0.857 -0.465192 0.0696222
0.858 -0.199642 0.152735
0.859 0.0484756 0.228189
0.86 0.215261 0.280225
0.861 0.271285 0.304758
0.862 0.230925 0.309696
0.863 0.144776 0.311304
0.864 0.0800808 0.328096
0.865 0.0977359 0.373723
0.866 0.232202 0.451033
0.867 0.478279 0.549886
0.868 0.788898 0.650099
0.869 1.08731 0.728305
0.87 1.29175 0.765655
0.871 1.34338 0.753432
0.872 1.22584 0.695227
0.873 0.969469 0.605495
0.874 0.640802 0.504865
0.875 0.322014 0.413474
0.876 0.0861951 0.344774
0.877 -0.0249546 0.302422
0.878 -0.013406 0.281228
0.879 0.0784369 0.27103
0.88 0.185859 0.261411
0.881 0.247145 0.245695
0.882 0.225738 0.22339
0.883 0.121872 0.200317
0.884 -0.0288141 0.185931
0.885 -0.1687 0.188699
0.886 -0.239674 0.211842
0.887 -0.205463 0.251668
0.888 -0.0661287 0.298883
0.889 0.141243 0.341484
0.89 0.35548 0.367748
0.891 0.511994 0.368894
0.892 0.563416 0.341365
0.893 0.494026 0.287977
0.894 0.32413 0.216992
0.895 0.102771 0.1393
0.896 -0.109245 0.0653058
0.897 -0.259809 0.00312317
0.898 -0.321311 -0.0417655
0.899 -0.296212 -0.0664339
0.9 -0.211934 -0.0706831
0.901 -0.108659 -0.0569774
0.902 -0.0247248 -0.0294778
0.903 0.0162263 0.00752664
0.904 0.0125399 0.0507586
0.905 -0.0165293 0.0980773
0.906 -0.0400757 0.14801
0.907 -0.0288507 0.199408
0.908 0.0332626 0.251275
0.909 0.14375 0.302208
0.91 0.282732 0.349367
0.911 0.41944 0.387821
0.912 0.521601 0.411181
0.913 0.565171 0.413469
0.914 0.541433 0.391227
0.915 0.458897 0.344894
0.916 0.339467 0.279123
0.917 0.21087 0.202174
0.918 0.0984547 0.124463
0.919 0.0189185 0.0562504
0.92 -0.0227115 0.00502239
0.921 -0.0324791 -0.0263676
0.922 -0.0237948 -0.0398581
0.923 -0.0119893 -0.0406585
0.924 -0.00903252 -0.0348973
0.925 -0.0200864 -0.0274325
0.926 -0.0426298 -0.0204264
0.927 -0.0679932 -0.0129515
0.928 -0.0847017 -0.00178222
0.929 -0.0826896 0.0167399
0.93 -0.0569986 0.0444846
0.931 -0.00958765 0.0800569
0.932 0.0512775 0.1188
0.933 0.113522 0.154159
0.934 0.164625 0.179675
0.935 0.194962 0.190901
0.936 0.200488 0.186768
0.937 0.18402 0.170052
0.938 0.154383 0.146592
0.939 0.123407 0.123349
0.94 0.101903 0.106021
0.941 0.0963447 0.0973348
0.942 0.107324 0.096647
0.943 0.129903 0.100736
0.944 0.15539 0.105201
0.945 0.174051 0.105987
0.946 0.178225 0.100713
0.947 0.16489 0.0894726
0.948 0.136581 0.0746854
0.949 0.100155 0.0599224
0.95 0.0640484 0.048292
0.951 0.0353479 0.0412399
0.952 0.0177765 0.0382628
0.953 0.011008 0.0374053
0.954 0.0112542 0.0361092
0.955 0.0128801 0.0321149
0.956 0.0106135 0.0242749
0.957 0.00160639 0.0130688
0.958 -0.0135029 0.000514857
0.959 -0.0309703 -0.0105956
0.96 -0.0455041 -0.0177735
0.961 -0.0522522 -0.0196531
0.962 -0.0484556 -0.0162466
0.963 -0.0342863 -0.00872271
0.964 -0.0127044 0.0010415
0.965 0.0115536 0.0109832
0.966 0.0334848 0.0193899
0.967 0.0492837 0.0253221
0.968 0.057264 0.028731
0.969 0.0579956 0.0302107
0.97 0.0537212 0.030562
0.971 0.0473395 0.0304271
0.972 0.0413418 0.0301222
0.973 0.0370765 0.0296328
0.974 0.034572 0.0286998
0.975 0.0328932 0.0269687
0.976 0.030781 0.024186
0.977 0.0272612 0.0203652
0.978 0.0220252 0.0158298
0.979 0.0155179 0.0111153
0.98 0.00874987 0.00680286
0.981 0.002912 0.0033693
0.982 -0.00106256 0.00108775
0.983 -0.00280511 -1.70419e-05
0.984 -0.00256312 -0.000152409
0.985 -0.00101582 0.000323641
0.986 0.0010134 0.00102445
0.987 0.00281249 0.00164408
0.988 0.00393722 0.00201218
0.989 0.00425915 0.0020922
0.99 0.00391662 0.00194478
0.991 0.003195 0.00167557
0.992 0.00238579 0.00138262
0.993 0.00168458 0.00112079
0.994 0.00116213 0.000896829
0.995 0.000796981 0.000691606
0.996 0.000532076 0.000489818
0.997 0.000321576 0.000296714
0.998 0.000152398 0.000135667
0.999 3.90097e-05 3.28894e-05
0.12 4.30838 0.611229
0.24 4.31449 0.613718
0.36 4.32467 0.617855
0.48 4.33889 0.623623
0.6 4.35712 0.630998
0.72 4.37931 0.639948
0.84 4.40543 0.650437
0.96 4.4354 0.662421
1.08 4.46917 0.675851
1.2 4.50666 0.690671
1.32 4.54779 0.70682
1.44 4.59246 0.724232
1.56 4.64056 0.742836
1.68 4.692 0.762556
1.8 4.74664 0.783312
1.92 4.80436 0.805021
2.04 4.86502 0.827595
2.16 4.92848 0.850944
2.28 4.99459 0.874976
2.4 5.06318 0.899596
2.52 5.13408 0.924708
2.64 5.20711 0.950213
2.76 5.2821 0.976013
2.88 5.35885 1.00201
3 5.43716 1.0281
3.12 5.51682 1.0542
3.24 5.59763 1.08019
3.36 5.67937 1.10599
3.48 5.76182 1.13151
3.6 5.84476 1.15664
3.72 5.92795 1.1813
3.84 6.01116 1.2054
3.96 6.09416 1.22885
4.08 6.17672 1.25158
4.2 6.25859 1.27351
4.32 6.33953 1.29457
4.44 6.41932 1.31467
4.56 6.4977 1.33377
4.68 6.57446 1.35179
4.8 6.64934 1.36869
4.92 6.72214 1.3844
5.04 6.79263 1.39889
5.16 6.86058 1.4121
5.28 6.92578 1.424
5.4 6.98804 1.43456
5.52 7.04715 1.44375
5.64 7.10293 1.45155
5.76 7.1552 1.45793
5.88 7.2038 1.46289
6 7.24856 1.46641
6.12 7.28934 1.46849
6.24 7.32601 1.46914
6.36 7.35845 1.46835
6.48 7.38656 1.46613
6.6 7.41024 1.4625
6.72 7.42942 1.45747
6.84 7.44404 1.45106
6.96 7.45404 1.44331
7.08 7.45941 1.43423
7.2 7.46013 1.42386
7.32 7.45619 1.41223
7.44 7.44762 1.39938
7.56 7.43445 1.38535
7.68 7.41671 1.37018
7.8 7.39449 1.35392
7.92 7.36785 1.33661
8.04 7.3369 1.31831
8.16 7.30172 1.29907
8.28 7.26246 1.27894
8.4 7.21924 1.25798
8.52 7.1722 1.23623
8.64 7.12151 1.21377
8.76 7.06733 1.19064
8.88 7.00985 1.16692
9 6.94923 1.14265
9.12 6.8857 1.11789
9.24 6.81943 1.09272
9.36 6.75065 1.06719
9.48 6.67956 1.04136
9.6 6.60638 1.01529
9.72 6.53133 0.98904
9.84 6.45463 0.962675
9.96 6.3765 0.936251
10.08 6.29716 0.909826
10.2 6.21682 0.883458
10.32 6.13571 0.857201
10.44 6.05403 0.831111
10.56 5.97198 0.805241
10.68 5.88978 0.77964
10.8 5.80761 0.754359
10.92 5.72566 0.729445
11.04 5.6441 0.704942
11.16 5.5631 0.680893
11.28 5.48282 0.657338
11.4 5.4034 0.634315
11.52 5.32499 0.611859
11.64 5.2477 0.590002
11.76 5.17165 0.568772
11.88 5.09693 0.548195
12 5.02363 0.528296
12.12 4.95183 0.509093
12.24 4.88158 0.490603
12.36 4.81294 0.47284
12.48 4.74594 0.455813
12.6 4.6806 0.43953
12.72 4.61693 0.423993
12.84 4.55493 0.409203
12.96 4.49459 0.395158
13.08 4.43589 0.38185
13.2 4.37878 0.369271
13.32 4.32323 0.357408
13.44 4.26918 0.346247
13.56 4.21656 0.335769
13.68 4.16532 0.325953
13.8 4.11536 0.316777
13.92 4.06661 0.308215
14.04 4.01898 0.300239
14.16 3.97237 0.29282
14.28 3.92669 0.285927
14.4 3.88184 0.279526
14.52 3.8377 0.273583
14.64 3.79419 0.268062
14.76 3.75119 0.262928
14.88 3.70861 0.258143
15 3.66634 0.25367
15.12 3.62428 0.249472
15.24 3.58233 0.24551
15.36 3.54041 0.241748
15.48 3.49842 0.23815
15.6 3.45627 0.234678
15.72 3.4139 0.231299
15.84 3.37122 0.227979
15.96 3.32818 0.224685
16.08 3.2847 0.221387
16.2 3.24074 0.218055
16.32 3.19625 0.214664
16.44 3.1512 0.211188
16.56 3.10555 0.207604
16.68 3.05928 0.203891
16.8 3.01237 0.200033
16.92 2.96483 0.196013
17.04 2.91664 0.191817
17.16 2.86782 0.187437
17.28 2.81837 0.182864
17.4 2.76834 0.178091
17.52 2.71773 0.173118
17.64 2.66659 0.167942
17.76 2.61495 0.162566
17.88 2.56287 0.156995
18 2.51039 0.151235
18.12 2.45757 0.145294
18.24 2.40447 0.139183
18.36 2.35114 0.132914
18.48 2.29766 0.126502
18.6 2.2441 0.119962
18.72 2.19051 0.11331
18.84 2.13699 0.106565
18.96 2.08358 0.0997462
19.08 2.03038 0.0928723
19.2 1.97744 0.0859638
19.32 1.92484 0.0790413
19.44 1.87265 0.0721254
19.56 1.82094 0.0652369
19.68 1.76976 0.0583962
19.8 1.71919 0.0516234
19.92 1.66928 0.044938
20.04 1.62009 0.0383588
20.16 1.57167 0.0319038
20.28 1.52407 0.0255897
20.4 1.47733 0.0194326
20.52 1.43149 0.0134468
20.64 1.38659 0.00764575
20.76 1.34266 0.00204116
20.88 1.29972 -0.00335658
21 1.2578 -0.00853863
21.12 1.21692 -0.0134977
21.24 1.17708 -0.0182281
21.36 1.1383 -0.0227256
21.48 1.10058 -0.0269876
21.6 1.06391 -0.0310131
21.72 1.0283 -0.0348024
21.84 0.993728 -0.0383572
21.96 0.960192 -0.0416808
22.08 0.927674 -0.0447775
22.2 0.896155 -0.0476528
22.32 0.865613 -0.0503134
22.44 0.836027 -0.0527669
22.56 0.807368 -0.0550217
22.68 0.779611 -0.0570868
22.8 0.752724 -0.0589721
22.92 0.726679 -0.0606877
23.04 0.701443 -0.0622442
23.16 0.676984 -0.0636522
23.28 0.653269 -0.0649228
23.4 0.630267 -0.0660666
23.52 0.607944 -0.0670945
23.64 0.586268 -0.0680166
23.76 0.565209 -0.0688433
23.88 0.544736 -0.0695839
24 0.52482 -0.0702477
24.12 0.505432 -0.0708431
24.24 0.486547 -0.0713777
24.36 0.468139 -0.0718588
24.48 0.450186 -0.0722924
24.6 0.432665 -0.0726841
24.72 0.415559 -0.0730383
24.84 0.398848 -0.0733589
24.96 0.382518 -0.0736487
25.08 0.366556 -0.0739097
25.2 0.350949 -0.0741432
25.32 0.335687 -0.0743496
25.44 0.320764 -0.0745285
25.56 0.306173 -0.074679
25.68 0.291911 -0.0747993
25.8 0.277973 -0.0748874
25.92 0.264359 -0.0749403
26.04 0.251069 -0.0749551
26.16 0.238106 -0.0749281
26.28 0.22547 -0.0748555
26.4 0.213166 -0.0747335
26.52 0.201198 -0.074558
26.64 0.18957 -0.0743249
26.76 0.178289 -0.0740302
26.88 0.16736 -0.0736701
27 0.156788 -0.073241
27.12 0.14658 -0.0727396
27.24 0.136741 -0.0721631
27.36 0.127278 -0.0715089
27.48 0.118194 -0.070775
27.6 0.109494 -0.0699602
27.72 0.101183 -0.0690634
27.84 0.0932631 -0.0680846
27.96 0.0857374 -0.0670242
28.08 0.0786071 -0.0658832
28.2 0.0718727 -0.0646635
28.32 0.0655337 -0.0633675
28.44 0.0595885 -0.0619984
28.56 0.0540344 -0.0605599
28.68 0.0488676 -0.0590564
28.8 0.0440831 -0.0574929
28.92 0.0396749 -0.055875
29.04 0.0356359 -0.0542087
29.16 0.0319578 -0.0525006
29.28 0.0286314 -0.0507574
29.4 0.0256465 -0.0489865
29.52 0.0229919 -0.0471954
29.64 0.0206555 -0.0453917
29.76 0.0186246 -0.0435834
29.88 0.0168856 -0.0417782
30 0.0154243 -0.0399841
30.12 0.014226 -0.0382089
30.24 0.0132755 -0.0364601
30.36 0.0125572 -0.0347453
30.48 0.0120554 -0.0330715
30.6 0.0117539 -0.0314454
30.72 0.0116366 -0.0298735
30.84 0.0116874 -0.0283616
30.96 0.0118903 -0.026915
31.08 0.0122293 -0.0255387
31.2 0.0126887 -0.0242368
31.32 0.0132534 -0.023013
31.44 0.0139083 -0.0218701
31.56 0.0146389 -0.0208106
31.68 0.0154314 -0.0198359
31.8 0.0162724 -0.0189472
31.92 0.0171491 -0.0181447
32.04 0.0180495 -0.0174281
32.16 0.0189623 -0.0167963
32.28 0.0198768 -0.0162478
32.4 0.0207832 -0.0157804
32.52 0.0216725 -0.0153913
32.64 0.0225363 -0.0150773
32.76 0.0233672 -0.0148347
32.88 0.0241586 -0.0146594
33 0.0249046 -0.0145469
33.12 0.0256001 -0.0144924
33.24 0.0262407 -0.0144907
33.36 0.026823 -0.0145367
33.48 0.027344 -0.0146249
33.6 0.0278017 -0.0147498
33.72 0.0281945 -0.0149058
33.84 0.0285217 -0.0150874
33.96 0.0287829 -0.0152891
34.08 0.0289785 -0.0155057
34.2 0.0291093 -0.0157318
34.32 0.0291768 -0.0159625
34.44 0.0291826 -0.016193
34.56 0.029129 -0.0164189
34.68 0.0290185 -0.016636
34.8 0.0288541 -0.0168405
34.92 0.0286388 -0.0170289
35.04 0.0283762 -0.017198
35.16 0.0280698 -0.0173453
35.28 0.0277236 -0.0174683
35.4 0.0273414 -0.0175651
35.52 0.0269273 -0.0176341
35.64 0.0264855 -0.0176741
35.76 0.0260203 -0.0176844
35.88 0.0255357 -0.0176643
36 0.0250362 -0.0176138
36.12 0.0245257 -0.0175331
36.24 0.0240087 -0.0174225
36.36 0.023489 -0.0172827
36.48 0.0229707 -0.0171147
36.6 0.0224577 -0.0169195
36.72 0.0219537 -0.0166985
36.84 0.0214625 -0.0164529
36.96 0.0209873 -0.0161843
37.08 0.0205316 -0.0158943
37.2 0.0200985 -0.0155843
37.32 0.019691 -0.015256
37.44 0.0193117 -0.014911
37.56 0.0189632 -0.0145507
37.68 0.0186479 -0.0141765
37.8 0.0183678 -0.0137898
37.92 0.0181249 -0.0133918
38.04 0.0179207 -0.0129836
38.16 0.0177567 -0.0125661
38.28 0.0176341 -0.0121401
38.4 0.0175537 -0.0117063
38.52 0.0175163 -0.011265
38.64 0.0175221 -0.0108167
38.76 0.0175714 -0.0103615
38.88 0.0176641 -0.00989935
39 0.0177997 -0.00943019
39.12 0.0179777 -0.00895376
39.24 0.0181971 -0.00846972
39.36 0.0184568 -0.0079776
39.48 0.0187554 -0.00747691
39.6 0.0190913 -0.00696707
39.72 0.0194624 -0.00644748
39.84 0.0198668 -0.00591755
39.96 0.020302 -0.00537667
40.08 0.0207655 -0.00482431
40.2 0.0212543 -0.00425997
40.32 0.0217657 -0.00368325
40.44 0.0222963 -0.00309385
40.56 0.0228428 -0.0024916
40.68 0.0234018 -0.00187645
40.8 0.0239695 -0.00124853
40.92 0.0245423 -0.000608141
41.04 0.0251163 4.42347e-05
41.16 0.0256875 0.000707923
41.28 0.0262521 0.00138205
41.4 0.0268059 0.00206553
41.52 0.0273449 0.00275708
41.64 0.0278653 0.00345522
41.76 0.028363 0.00415826
41.88 0.0288341 0.00486432
42 0.0292749 0.00557134
42.12 0.0296817 0.00627711
42.24 0.0300509 0.00697924
42.36 0.0303792 0.00767524
42.48 0.0306634 0.00836248
42.6 0.0309006 0.00903826
42.72 0.031088 0.00969978
42.84 0.0312232 0.0103442
42.96 0.0313039 0.0109688
43.08 0.0313282 0.0115706
43.2 0.0312946 0.0121469
43.32 0.0312016 0.0126949
43.44 0.0310483 0.013212
43.56 0.0308341 0.0136958
43.68 0.0305586 0.0141437
43.8 0.0302218 0.0145536
43.92 0.0298242 0.0149236
44.04 0.0293664 0.0152516
44.16 0.0288495 0.0155363
44.28 0.0282747 0.0157762
44.4 0.0276439 0.0159703
44.52 0.0269589 0.0161178
44.64 0.026222 0.0162181
44.76 0.0254358 0.016271
44.88 0.0246031 0.0162766
45 0.023727 0.0162353
45.12 0.0228106 0.0161476
45.24 0.0218574 0.0160146
45.36 0.020871 0.0158374
45.48 0.0198551 0.0156176
45.6 0.0188137 0.0153568
45.72 0.0177506 0.0150571
45.84 0.0166698 0.0147206
45.96 0.0155754 0.0143499
46.08 0.0144713 0.0139474
46.2 0.0133616 0.013516
46.32 0.0122502 0.0130586
46.44 0.0111409 0.0125781
46.56 0.0100375 0.0120778
46.68 0.00894357 0.0115607
46.8 0.00786264 0.0110301
46.92 0.00679796 0.0104892
47.04 0.00575263 0.00994116
47.16 0.00472954 0.00938921
47.28 0.00373135 0.00883641
47.4 0.00276048 0.00828579
47.52 0.0018191 0.00774024
47.64 0.000909137 0.00720254
47.76 3.22464e-05 0.0066753
47.88 -0.000810181 0.00616097
48 -0.00161702 0.00566184
48.12 -0.00238742 0.00517998
48.24 -0.00312078 0.00471727
48.36 -0.00381675 0.00427536
48.48 -0.00447525 0.00385569
48.6 -0.00509643 0.00345948
48.72 -0.00568066 0.00308772
48.84 -0.00622854 0.00274116
48.96 -0.00674084 0.00242035
49.08 -0.00721856 0.00212561
49.2 -0.00766282 0.00185704
49.32 -0.00807491 0.00161454
49.44 -0.00845627 0.00139782
49.56 -0.00880841 0.0012064
49.68 -0.00913296 0.00103962
49.8 -0.00943162 0.000896689
49.92 -0.00970614 0.000776644
50.04 -0.00995828 0.000678409
50.16 -0.0101899 0.000600792
50.28 -0.0104026 0.000542508
50.4 -0.0105984 0.000502191
50.52 -0.0107789 0.000478415
50.64 -0.0109458 0.000469706
50.76 -0.0111007 0.000474563
50.88 -0.0112452 0.000491469
51 -0.0113806 0.00051891
51.12 -0.0115084 0.000555386
51.24 -0.0116298 0.000599427
51.36 -0.0117459 0.000649603
51.48 -0.0118577 0.000704537
51.6 -0.011966 0.000762914
51.72 -0.0120718 0.000823491
51.84 -0.0121755 0.000885104
51.96 -0.0122778 0.000946675
52.08 -0.0123789 0.00100722
52.2 -0.0124792 0.00106583
52.32 -0.0125789 0.00112173
52.44 -0.012678 0.00117421
52.56 -0.0127764 0.00122268
52.68 -0.0128741 0.00126664
52.8 -0.0129709 0.00130567
52.92 -0.0130665 0.00133949
53.04 -0.0131605 0.00136786
53.16 -0.0132525 0.00139065
53.28 -0.0133423 0.00140782
53.4 -0.0134292 0.00141938
53.52 -0.0135129 0.00142544
53.64 -0.0135928 0.00142616
53.76 -0.0136686 0.00142176
53.88 -0.0137396 0.0014125
54 -0.0138055 0.0013987
54.12 -0.0138658 0.00138072
54.24 -0.0139201 0.00135894
54.36 -0.0139682 0.00133377
54.48 -0.0140096 0.00130566
54.6 -0.0140442 0.00127504
54.72 -0.0140717 0.00124238
54.84 -0.0140919 0.00120814
54.96 -0.0141048 0.00117279
55.08 -0.0141103 0.00113678
55.2 -0.0141084 0.00110059
55.32 -0.0140992 0.00106465
55.44 -0.0140828 0.00102939
55.56 -0.0140594 0.000995251
55.68 -0.0140291 0.000962629
55.8 -0.0139922 0.000931916
55.92 -0.013949 0.000903486
56.04 -0.0138997 0.000877694
56.16 -0.0138448 0.000854875
56.28 -0.0137845 0.000835349
56.4 -0.0137192 0.000819413
56.52 -0.0136492 0.000807349
56.64 -0.0135748 0.000799417
56.76 -0.0134965 0.00079586
56.88 -0.0134145 0.000796904
57 -0.013329 0.000802754
57.12 -0.0132404 0.000813599
57.24 -0.0131489 0.000829608
57.36 -0.0130546 0.000850932
57.48 -0.0129577 0.000877701
57.6 -0.0128583 0.000910026
57.72 -0.0127564 0.000947998
57.84 -0.012652 0.000991685
57.96 -0.0125451 0.00104113
58.08 -0.0124356 0.00109636
58.2 -0.0123232 0.00115736
58.32 -0.0122079 0.0012241
58.44 -0.0120893 0.00129652
58.56 -0.0119671 0.00137453
58.68 -0.0118411 0.00145799
58.8 -0.0117108 0.00154675
58.92 -0.0115759 0.00164061
59.04 -0.0114359 0.00173934
59.16 -0.0112905 0.00184265
59.28 -0.0111391 0.00195024
59.4 -0.0109814 0.00206176
59.52 -0.010817 0.0021768
59.64 -0.0106453 0.00229492
59.76 -0.0104661 0.00241566
59.88 -0.010279 0.00253849
60 -0.0100835 0.00266285
60.12 -0.00987954 0.00278815
60.24 -0.00966678 0.00291375
60.36 -0.00944507 0.003039
60.48 -0.00921431 0.0031632
60.6 -0.00897446 0.00328563
60.72 -0.00872555 0.00340555
60.84 -0.0084677 0.0035222
60.96 -0.00820111 0.00363482
61.08 -0.00792606 0.00374262
61.2 -0.00764292 0.00384484
61.32 -0.00735213 0.0039407
61.44 -0.00705425 0.00402944
61.56 -0.00674989 0.00411032
61.68 -0.00643976 0.00418263
61.8 -0.00612466 0.00424568
61.92 -0.00580543 0.00429883
62.04 -0.00548303 0.00434148
62.16 -0.00515845 0.00437307
62.28 -0.00483274 0.00439313
62.4 -0.00450703 0.00440122
62.52 -0.00418247 0.00439698
62.64 -0.00386024 0.00438014
62.76 -0.00354157 0.00435048
62.88 -0.0032277 0.00430789
63 -0.00291987 0.00425233
63.12 -0.00261933 0.00418386
63.24 -0.0023273 0.00410261
63.36 -0.002045 0.00400882
63.48 -0.00177361 0.00390282
63.6 -0.00151427 0.00378501
63.72 -0.00126806 0.00365592
63.84 -0.00103601 0.00351613
63.96 -0.000819075 0.00336631
64.08 -0.000618142 0.00320724
64.2 -0.000434004 0.00303974
64.32 -0.000267364 0.00286471
64.44 -0.000118828 0.00268314
64.56 1.11004e-05 0.00249603
64.68 0.000122029 0.00230449
64.8 0.000213675 0.00210962
64.92 0.000285872 0.00191258
65.04 0.000338568 0.00171457
65.16 0.000371829 0.00151678
65.28 0.00038584 0.00132043
65.4 0.0003809 0.00112672
65.52 0.00035742 0.000936877
65.64 0.000315925 0.000752075
65.76 0.000257042 0.000573482
65.88 0.000181504 0.000402225
66 9.0135e-05 0.000239393
66.12 -1.61499e-05 8.60226e-05
66.24 -0.000136355 -5.69045e-05
66.36 -0.000269412 -0.00018847
66.48 -0.000414188 -0.000307826
66.6 -0.000569494 -0.000414196
66.72 -0.000734097 -0.000506885
66.84 -0.000906728 -0.000585278
66.96 -0.00108609 -0.000648849
67.08 -0.00127088 -0.000697155
67.2 -0.00145978 -0.000729845
67.32 -0.00165149 -0.000746657
67.44 -0.00184472 -0.000747417
67.56 -0.00203819 -0.000732043
67.68 -0.00223069 -0.000700534
67.8 -0.00242104 -0.000652977
67.92 -0.00260811 -0.000589539
68.04 -0.00279084 -0.000510463
68.16 -0.00296823 -0.000416065
68.28 -0.00313938 -0.000306728
68.4 -0.00330345 -0.0001829
68.52 -0.00345971 -4.50826e-05
68.64 -0.00360751 0.000106171
68.76 -0.00374631 0.000270263
68.88 -0.00387566 0.000446558
69 -0.00399521 0.000634389
69.12 -0.00410473 0.000833064
69.24 -0.00420407 0.00104187
69.36 -0.00429321 0.0012601
69.48 -0.0043722 0.001487
69.6 -0.0044412 0.00172187
69.72 -0.00450046 0.00196396
69.84 -0.00455033 0.00221258
69.96 -0.00459121 0.00246702
70.08 -0.00462361 0.00272661
70.2 -0.00464809 0.00299068
70.32 -0.00466526 0.00325862
70.44 -0.00467579 0.00352983
70.56 -0.00468041 0.00380373
70.68 -0.00467986 0.00407979
70.8 -0.00467492 0.00435751
70.92 -0.00466635 0.00463642
71.04 -0.00465496 0.00491608
71.16 -0.00464153 0.0051961
71.28 -0.00462682 0.0054761
71.4 -0.00461157 0.00575574
71.52 -0.00459649 0.00603472
71.64 -0.00458224 0.00631274
71.76 -0.00456942 0.00658955
71.88 -0.0045586 0.0068649
72 -0.00455024 0.00713856
72.12 -0.00454476 0.00741033
72.24 -0.00454248 0.00767999
72.36 -0.00454365 0.00794735
72.48 -0.00454841 0.00821221
72.6 -0.00455683 0.00847437
72.72 -0.00456887 0.00873363
72.84 -0.00458441 0.00898977
72.96 -0.00460321 0.00924258
73.08 -0.00462497 0.0094918
73.2 -0.00464925 0.00973718
73.32 -0.00467558 0.00997845
73.44 -0.00470335 0.0102153
73.56 -0.0047319 0.0104474
73.68 -0.00476049 0.0106743
73.8 -0.0047883 0.0108958
73.92 -0.00481448 0.0111114
74.04 -0.0048381 0.0113206
74.16 -0.00485819 0.011523
74.28 -0.00487377 0.011718
74.4 -0.00488382 0.0119052
74.52 -0.00488731 0.012084
74.64 -0.00488323 0.0122537
74.76 -0.00487055 0.0124139
74.88 -0.00484829 0.0125638
75 -0.0048155 0.0127028
75.12 -0.00477126 0.0128302
75.24 -0.00471474 0.0129453
75.36 -0.00464516 0.0130475
75.48 -0.00456181 0.013136
75.6 -0.00446408 0.0132101
75.72 -0.00435147 0.0132691
75.84 -0.00422358 0.0133123
75.96 -0.00408013 0.013339
76.08 -0.00392094 0.0133485
76.2 -0.003746 0.0133401
76.32 -0.0035554 0.0133132
76.44 -0.00334938 0.0132671
76.56 -0.00312832 0.0132012
76.68 -0.00289275 0.013115
76.8 -0.00264332 0.0130079
76.92 -0.00238086 0.0128795
77.04 -0.00210629 0.0127292
77.16 -0.00182071 0.0125567
77.28 -0.00152532 0.0123616
77.4 -0.00122145 0.0121437
77.52 -0.000910558 0.0119028
77.64 -0.000594199 0.0116386
77.76 -0.000274031 0.0113512
77.88 4.82035e-05 0.0110405
78 0.000370683 0.0107067
78.12 0.000691526 0.0103498
78.24 0.0010088 0.00997015
78.36 0.00132053 0.0095681
78.48 0.00162474 0.00914409
78.6 0.00191942 0.00869867
78.72 0.00220259 0.00823247
78.84 0.00247229 0.00774626
78.96 0.0027266 0.00724088
79.08 0.00296365 0.00671731
79.2 0.00318167 0.00617663
79.32 0.00337894 0.00562001
79.44 0.00355387 0.00504878
79.56 0.00370498 0.00446433
79.68 0.00383091 0.0038682
79.8 0.00393046 0.00326201
79.92 0.00400258 0.00264751
80.04 0.0040464 0.00202655
80.16 0.00406121 0.00140107
80.28 0.00404648 0.000773126
80.4 0.00400191 0.000144844
80.52 0.00392738 -0.000481552
80.64 0.00382296 -0.00110376
80.76 0.00368896 -0.00171942
80.88 0.00352589 -0.0023261
81 0.00333447 -0.00292133
81.12 0.00311563 -0.00350259
81.24 0.00287052 -0.00406734
81.36 0.0026005 -0.00461303
81.48 0.00230711 -0.00513712
81.6 0.00199211 -0.00563706
81.72 0.00165742 -0.00611037
81.84 0.00130516 -0.00655459
81.96 0.000937601 -0.00696735
82.08 0.000557174 -0.00734634
82.2 0.000166446 -0.00768939
82.32 -0.000231891 -0.00799442
82.44 -0.000635035 -0.0082595
82.56 -0.00104009 -0.00848288
82.68 -0.0014441 -0.00866296
82.8 -0.00184403 -0.00879836
82.92 -0.00223682 -0.0088879
83.04 -0.0026194 -0.00893066
83.16 -0.00298871 -0.00892595
83.28 -0.00334169 -0.00887334
83.4 -0.00367536 -0.0087727
83.52 -0.00398678 -0.00862418
83.64 -0.00427313 -0.00842823
83.76 -0.00453167 -0.00818565
83.88 -0.00475982 -0.00789752
84 -0.00495514 -0.00756527
84.12 -0.0051154 -0.00719066
84.24 -0.00523852 -0.00677577
84.36 -0.00532268 -0.00632305
84.48 -0.00536628 -0.00583523
84.6 -0.00536799 -0.00531538
84.72 -0.00532675 -0.0047669
84.84 -0.00524179 -0.00419345
84.96 -0.00511267 -0.00359901
85.08 -0.00493926 -0.0029878
85.2 -0.0047218 -0.0023643
85.32 -0.00446086 -0.0017332
85.44 -0.00415738 -0.00109937
85.56 -0.00381271 -0.000467877
85.68 -0.00342856 0.000156109
85.8 -0.00300706 0.000767309
85.92 -0.00255074 0.00136039
86.04 -0.00206252 0.00192998
86.16 -0.00154576 0.00247075
86.28 -0.00100424 0.0029774
86.4 -0.000442127 0.00344476
86.52 0.000135977 0.00386778
86.64 0.00072507 0.00424161
86.76 0.00131975 0.00456164
86.88 0.0019142 0.00482351
87 0.00250227 0.00502321
87.12 0.00307738 0.00515706
87.24 0.00363264 0.00522181
87.36 0.00416081 0.00521462
87.48 0.00465433 0.00513315
87.6 0.00510535 0.00497556
87.72 0.00550575 0.00474056
87.84 0.00584719 0.00442743
87.96 0.00612109 0.00403603
88.08 0.00631871 0.00356686
88.2 0.00643117 0.00302104
88.32 0.00644948 0.00240033
88.44 0.00636459 0.00170714
88.56 0.00616742 0.00094455
88.68 0.00584893 0.000116284
88.8 0.00540012 -0.000773292
88.92 0.00481214 -0.00171918
89.04 0.00407629 -0.00271576
89.16 0.0031841 -0.00375684
89.28 0.00212735 -0.00483564
89.4 0.000898163 -0.00594488
89.52 -0.000510947 -0.00707678
89.64 -0.00210704 -0.0082231
89.76 -0.00389668 -0.00937522
89.88 -0.00588588 -0.0105242
90 -0.00808003 -0.0116607
90.12 -0.0104839 -0.0127753
90.24 -0.0131015 -0.0138584
90.36 -0.015936 -0.0149001
90.48 -0.0189899 -0.0158907
90.6 -0.0222648 -0.0168204
90.72 -0.0257613 -0.0176797
90.84 -0.029479 -0.018459
90.96 -0.0334166 -0.0191491
91.08 -0.0375717 -0.0197412
91.2 -0.0419409 -0.0202267
91.32 -0.0465196 -0.0205977
91.44 -0.051302 -0.0208466
91.56 -0.0562814 -0.0209666
91.68 -0.0614497 -0.0209513
91.8 -0.0667978 -0.0207953
91.92 -0.0723152 -0.0204938
92.04 -0.0779905 -0.0200428
92.16 -0.083811 -0.0194392
92.28 -0.0897628 -0.0186807
92.4 -0.0958311 -0.0177661
92.52 -0.102 -0.016695
92.64 -0.108252 -0.0154679
92.76 -0.114569 -0.0140864
92.88 -0.120933 -0.012553
93 -0.127324 -0.0108712
93.12 -0.13372 -0.00904534
93.24 -0.140101 -0.00708082
93.36 -0.146444 -0.00498387
93.48 -0.152728 -0.00276158
93.6 -0.158928 -0.000421885
93.72 -0.165022 0.00202653
93.84 -0.170985 0.00457425
93.96 -0.176794 0.00721122
94.08 -0.182426 0.00992678
94.2 -0.187855 0.0127098
94.32 -0.193059 0.0155486
94.44 -0.198015 0.0184313
94.56 -0.202699 0.0213457
94.68 -0.207089 0.0242793
94.8 -0.211163 0.0272197
94.92 -0.214902 0.0301544
95.04 -0.218284 0.0330709
95.16 -0.221291 0.0359571
95.28 -0.223906 0.038801
95.4 -0.226111 0.041591
95.52 -0.227892 0.0443161
95.64 -0.229235 0.0469655
95.76 -0.230128 0.0495294
95.88 -0.23056 0.0519985
96 -0.230524 0.0543642
96.12 -0.230011 0.0566189
96.24 -0.229017 0.0587558
96.36 -0.227538 0.060769
96.48 -0.225574 0.0626537
96.6 -0.223125 0.064406
96.72 -0.220193 0.0660231
96.84 -0.216783 0.0675034
96.96 -0.212901 0.068846
97.08 -0.208556 0.0700516
97.2 -0.203759 0.0711215
97.32 -0.198521 0.0720585
97.44 -0.192856 0.0728661
97.56 -0.186781 0.0735489
97.68 -0.180313 0.0741126
97.8 -0.17347 0.0745636
97.92 -0.166274 0.0749094
98.04 -0.158746 0.075158
98.16 -0.15091 0.0753185
98.28 -0.142789 0.0754004
98.4 -0.134409 0.0754138
98.52 -0.125797 0.0753692
98.64 -0.116979 0.0752777
98.76 -0.107983 0.0751505
98.88 -0.0988373 0.0749991
99 -0.0895695 0.0748352
99.12 -0.0802086 0.0746701
99.24 -0.0707828 0.0745155
99.36 -0.0613205 0.0743825
99.48 -0.0518497 0.074282
99.6 -0.0423978 0.0742247
99.72 -0.0329917 0.0742205
99.84 -0.0236576 0.0742789
99.96 -0.0144207 0.0744087
100.08 -0.00530521 0.0746179
100.2 0.0036658 0.0749137
100.32 0.0124705 0.0753025
100.44 0.0210884 0.0757896
100.56 0.0295005 0.0763793
100.68 0.0376894 0.0770751
100.8 0.045639 0.0778792
100.92 0.0533353 0.0787927
101.04 0.0607658 0.0798157
101.16 0.0679196 0.0809471
101.28 0.0747879 0.0821847
101.4 0.0813635 0.083525
101.52 0.0876409 0.0849639
101.64 0.0936166 0.0864956
101.76 0.0992886 0.0881138
101.88 0.104657 0.089811
102 0.109723 0.0915788
102.12 0.11449 0.0934078
102.24 0.118963 0.095288
102.36 0.123147 0.0972087
102.48 0.12705 0.0991585
102.6 0.130682 0.101125
102.72 0.134051 0.103097
102.84 0.137169 0.10506
102.96 0.140047 0.107002
103.08 0.142699 0.108909
103.2 0.145138 0.110768
103.32 0.147378 0.112566
103.44 0.149433 0.114289
103.56 0.151318 0.115924
103.68 0.153047 0.117459
103.8 0.154636 0.118882
103.92 0.1561 0.120179
104.04 0.157453 0.12134
104.16 0.158708 0.122354
104.28 0.159882 0.12321
104.4 0.160985 0.1239
104.52 0.162031 0.124415
104.64 0.163033 0.124747
104.76 0.164 0.124888
104.88 0.164943 0.124834
105 0.165871 0.124579
105.12 0.166792 0.124118
105.24 0.167714 0.123449
105.36 0.168641 0.122569
105.48 0.169579 0.121476
105.6 0.170532 0.120171
105.72 0.171501 0.118654
105.84 0.172488 0.116926
105.96 0.173492 0.114988
106.08 0.174514 0.112844
106.2 0.17555 0.110498
106.32 0.176597 0.107953
106.44 0.177651 0.105214
106.56 0.178707 0.102286
106.68 0.179758 0.0991756
106.8 0.180798 0.0958881
106.92 0.181819 0.0924302
107.04 0.182813 0.0888086
107.16 0.18377 0.0850301
107.28 0.184681 0.0811017
107.4 0.185537 0.0770306
107.52 0.186328 0.0728237
107.64 0.187044 0.0684882
107.76 0.187673 0.064031
107.88 0.188207 0.0594587
108 0.188634 0.0547782
108.12 0.188946 0.0499957
108.24 0.189132 0.0451174
108.36 0.189184 0.0401492
108.48 0.189093 0.0350967
108.6 0.18885 0.0299654
108.72 0.18845 0.0247602
108.84 0.187884 0.0194861
108.96 0.187147 0.0141476
109.08 0.186235 0.0087491
109.2 0.185142 0.00329488
109.32 0.183867 -0.00221099
109.44 0.182407 -0.00776451
109.56 0.180761 -0.0133617
109.68 0.178929 -0.0189986
109.8 0.176913 -0.024671
109.92 0.174714 -0.0303748
110.04 0.172335 -0.0361055
110.16 0.169781 -0.0418583
110.28 0.167058 -0.0476281
110.4 0.164172 -0.0534094
110.52 0.161129 -0.0591961
110.64 0.157939 -0.0649815
110.76 0.154611 -0.0707584
110.88 0.151155 -0.0765188
111 0.147582 -0.0822539
111.12 0.143903 -0.0879543
111.24 0.140131 -0.0936096
111.36 0.136279 -0.0992084
111.48 0.132361 -0.104739
111.6 0.12839 -0.110187
111.72 0.124382 -0.11554
111.84 0.12035 -0.120782
111.96 0.11631 -0.125897
112.08 0.112276 -0.130869
112.2 0.108265 -0.135679
112.32 0.104291 -0.14031
112.44 0.10037 -0.144742
112.56 0.0965155 -0.148956
112.68 0.0927431 -0.15293
112.8 0.0890669 -0.156644
112.92 0.0855007 -0.160076
113.04 0.0820581 -0.163206
113.16 0.0787519 -0.16601
113.28 0.0755943 -0.168468
113.4 0.0725968 -0.170557
113.52 0.0697703 -0.172256
113.64 0.0671247 -0.173545
113.76 0.0646692 -0.174404
113.88 0.0624121 -0.174811
114 0.0603607 -0.17475
114.12 0.0585213 -0.174203
114.24 0.0568993 -0.173153
114.36 0.055499 -0.171587
114.48 0.0543236 -0.16949
114.6 0.0533754 -0.166851
114.72 0.0526555 -0.163662
114.84 0.052164 -0.159915
114.96 0.0518997 -0.155605
115.08 0.0518607 -0.150728
115.2 0.0520436 -0.145286
115.32 0.0524444 -0.13928
115.44 0.0530577 -0.132715
115.56 0.0538774 -0.125599
115.68 0.0548962 -0.117942
115.8 0.0561059 -0.109758
115.92 0.0574976 -0.101061
116.04 0.0590613 -0.0918722
116.16 0.0607864 -0.0822118
116.28 0.0626614 -0.0721045
116.4 0.0646742 -0.0615774
116.52 0.066812 -0.0506601
116.64 0.0690615 -0.0393849
116.76 0.0714088 -0.0277864
116.88 0.0738396 -0.0159014
117 0.0763394 -0.00376895
117.12 0.0788931 0.00857004
117.24 0.0814856 0.0210729
117.36 0.0841016 0.0336953
117.48 0.0867256 0.0463917
117.6 0.0893423 0.0591154
117.72 0.0919365 0.0718188
117.84 0.0944929 0.0844538
117.96 0.0969968 0.0969717
118.08 0.0994335 0.109324
118.2 0.101789 0.121462
118.32 0.104049 0.133338
118.44 0.106201 0.144904
118.56 0.108233 0.156115
118.68 0.110132 0.166924
118.8 0.111887 0.177289
118.92 0.113488 0.187168
119.04 0.114925 0.19652
119.16 0.116191 0.205309
119.28 0.117277 0.213499
119.4 0.118176 0.221059
119.52 0.118884 0.227958
119.64 0.119396 0.23417
119.76 0.119708 0.239672
119.88 0.119818 0.244444
120 0.119725 0.24847
