-0.999 -0.000210812 -0.000180048
-0.998 -0.000900688 -0.00073247
-0.997 -0.00201183 -0.00164629
-0.996 -0.00335843 -0.00287847
-0.995 -0.00479445 -0.00435812
-0.994 -0.00637287 -0.00598533
-0.993 -0.00836665 -0.0076279
-0.992 -0.0111029 -0.00912065
-0.991 -0.0146676 -0.010279
-0.99 -0.0186178 -0.0109401
-0.989 -0.0218849 -0.0110255
-0.988 -0.0230267 -0.0106012
-0.987 -0.0208429 -0.00991482
-0.986 -0.0151391 -0.00941448
-0.985 -0.00725919 -0.00974872
-0.984 -6.45293e-05 -0.0117238
-0.983 0.00272742 -0.0161869
-0.982 -0.00232296 -0.0238436
-0.981 -0.0171167 -0.0350654
-0.98 -0.0410821 -0.0497439
-0.979 -0.0710352 -0.067217
-0.978 -0.102088 -0.0862864
-0.977 -0.129365 -0.105372
-0.976 -0.149815 -0.122812
-0.975 -0.163303 -0.137228
-0.974 -0.172493 -0.147762
-0.973 -0.181538 -0.154099
-0.972 -0.193947 -0.156269
-0.971 -0.210368 -0.154361
-0.97 -0.227164 -0.148272
-0.969 -0.236703 -0.137609
-0.968 -0.229616 -0.121839
-0.967 -0.198289 -0.100768
-0.966 -0.140207 -0.0752291
-0.965 -0.0598467 -0.0476247
-0.964 0.0315147 -0.0219706
-0.963 0.118133 -0.00327353
-0.962 0.183849 0.00361641
-0.961 0.216821 -0.00466037
-0.96 0.213253 -0.0288518
-0.959 0.17842 -0.066581
-0.958 0.124403 -0.112752
-0.957 0.065555 -0.160908
-0.956 0.013551 -0.205141
-0.955 -0.0264357 -0.241782
-0.954 -0.057501 -0.270215
-0.953 -0.0901063 -0.292514
-0.952 -0.138269 -0.312151
-0.951 -0.21371 -0.332274
-0.95 -0.320231 -0.354208
-0.949 -0.450919 -0.376796
-0.948 -0.589351 -0.39698
-0.947 -0.714042 -0.411529
-0.946 -0.804466 -0.41922
-0.945 -0.847197 -0.422418
-0.944 -0.84076 -0.427226
-0.943 -0.797365 -0.442004
-0.942 -0.73992 -0.474734
-0.941 -0.694531 -0.530058
-0.94 -0.681216 -0.606963
-0.939 -0.706471 -0.697957
-0.938 -0.760137 -0.790243
-0.937 -0.817151 -0.868691
-0.936 -0.843802 -0.919635
-0.935 -0.807639 -0.934086
-0.934 -0.688839 -0.909291
-0.933 -0.489086 -0.848384
-0.932 -0.233831 -0.758622
-0.931 0.033582 -0.648977
-0.93 0.263787 -0.527963
-0.929 0.415123 -0.40244
-0.928 0.465256 -0.277844
-0.927 0.417648 -0.159619
-0.926 0.300389 -0.0549803
-0.925 0.156244 0.0261518
-0.924 0.0261893 0.0716949
-0.923 -0.067377 0.069341
-0.922 -0.130473 0.00925706
-0.921 -0.196153 -0.113267
-0.92 -0.312428 -0.29598
-0.919 -0.523428 -0.529173
-0.918 -0.849186 -0.796672
-0.917 -1.27031 -1.07798
-0.916 -1.72427 -1.35086
-0.915 -2.11761 -1.59358
-0.914 -2.3523 -1.78665
-0.913 -2.3569 -1.91398
-0.912 -2.11111 -1.9641
-0.911 -1.65471 -1.93152
-0.91 -1.07851 -1.8181
-0.909 -0.499323 -1.63386
-0.908 -0.0256375 -1.39642
-0.907 0.275958 -1.12884
-0.906 0.400832 -0.856094
-0.905 0.403411 -0.600925
-0.904 0.371418 -0.380382
-0.903 0.387829 -0.204223
-0.902 0.495586 -0.0758983
-0.901 0.67764 0.00419255
-0.9 0.859026 0.0347741
-0.899 0.931524 0.0112898
-0.898 0.794797 -0.0734425
-0.897 0.400524 -0.225426
-0.896 -0.218388 -0.443852
-0.895 -0.947402 -0.715854
-0.894 -1.62046 -1.01416
-0.893 -2.06959 -1.29968
-0.892 -2.1768 -1.52953
-0.891 -1.91208 -1.6688
-0.89 -1.34544 -1.70163
-0.889 -0.627831 -1.63731
-0.888 0.0551001 -1.50851
-0.887 0.541379 -1.36242
-0.886 0.741552 -1.24716
-0.885 0.659997 -1.19769
-0.884 0.382782 -1.22548
-0.883 0.0390694 -1.31644
-0.882 -0.249571 -1.43856
-0.881 -0.415287 -1.55712
-0.88 -0.470073 -1.65044
-0.879 -0.501744 -1.71959
-0.878 -0.639788 -1.78815
-0.877 -1.00327 -1.89279
-0.876 -1.65073 -2.06748
-0.875 -2.55042 -2.32654
-0.874 -3.5799 -2.65247
-0.873 -4.55424 -2.99476
-0.872 -5.27456 -3.2826
-0.871 -5.58305 -3.44762
-0.87 -5.40772 -3.44749
-0.869 -4.78237 -3.28091
-0.868 -3.8359 -2.9893
-0.867 -2.75545 -2.64486
-0.866 -1.73568 -2.32878
-0.865 -0.928804 -2.10534
-0.864 -0.407831 -2.00071
-0.863 -0.152852 -1.99489
-0.862 -0.0647512 -2.03121
-0.861 -0.00261678 -2.03968
-0.86 0.167009 -1.96392
-0.859 0.52386 -1.78197
-0.858 1.06342 -1.51437
-0.857 1.69065 -1.21767
-0.856 2.24134 -0.964907
-0.855 2.52818 -0.819068
-0.854 2.40034 -0.809472
-0.853 1.79827 -0.921244
-0.852 0.784218 -1.10272
-0.851 -0.463628 -1.28686
-0.85 -1.69417 -1.41766
-0.849 -2.65438 -1.4726
-0.848 -3.16969 -1.47446
-0.847 -3.20849 -1.48774
-0.846 -2.90533 -1.59892
-0.845 -2.52795 -1.88629
-0.844 -2.39288 -2.39022
-0.843 -2.75438 -3.09595
-0.842 -3.70323 -3.93395
-0.841 -5.11119 -4.7954
-0.84 -6.64512 -5.55681
-0.839 -7.85499 -6.10809
-0.838 -8.31348 -6.37746
-0.837 -7.76244 -6.34495
-0.836 -6.21344 -6.03904
-0.835 -3.9622 -5.51819
-0.834 -1.5063 -4.84669
-0.833 0.610565 -4.07512
-0.832 1.97799 -3.23115
-0.831 2.45996 -2.32002
-0.83 2.24339 -1.33421
-0.829 1.7681 -0.271547
-0.828 1.55603 0.842881
-0.827 1.99909 1.94107
-0.826 3.18467 2.91174
-0.825 4.82642 3.61724
-0.824 6.33181 3.9215
-0.823 6.99075 3.72033
-0.822 6.22646 2.9674
-0.821 3.82244 1.69106
-0.82 0.0398018 -0.00427539
-0.819 -4.42709 -1.95624
-0.818 -8.65068 -3.97872
-0.817 -11.7601 -5.90014
-0.816 -13.2199 -7.59316
-0.815 -12.9981 -8.9885
-0.814 -11.5646 -10.0717
-0.813 -9.71615 -10.8649
-0.812 -8.28659 -11.3986
-0.811 -7.84279 -11.6827
-0.81 -8.47613 -11.6902
-0.809 -9.76929 -11.3614
-0.808 -10.9552 -10.6285
-0.807 -11.2121 -9.45007
-0.806 -9.98766 -7.84301
-0.805 -7.23251 -5.90283
-0.804 -3.45789 -3.80345
-0.803 0.40752 -1.77194
-0.802 3.31527 -0.0416977
-0.801 4.44773 1.20157
-0.8 3.49932 1.86149
-0.799 0.787505 1.94596
-0.798 -2.84763 1.55309
-0.797 -6.32064 0.835295
-0.796 -8.65769 -0.0486314
-0.795 -9.31046 -0.98071
-0.794 -8.32048 -1.91449
-0.793 -6.2797 -2.87547
-0.792 -4.10403 -3.9297
-0.791 -2.70222 -5.13422
-0.79 -2.65692 -6.49145
-0.789 -4.02901 -7.92497
-0.788 -6.34836 -9.2831
-0.787 -8.78675 -10.3685
-0.786 -10.4497 -10.9876
-0.785 -10.6883 -11.0083
-0.784 -9.32721 -10.4054
-0.783 -6.72966 -9.27392
-0.782 -3.68084 -7.80443
-0.781 -1.1319 -6.23048
-0.78 0.103729 -4.76839
-0.779 -0.399489 -3.56825
-0.778 -2.55667 -2.68754
-0.777 -5.80601 -2.09333
-0.776 -9.28429 -1.69427
-0.775 -12.0929 -1.39324
-0.774 -13.5727 -1.13972
-0.773 -13.5001 -0.959728
-0.772 -12.1413 -0.952551
-0.771 -10.1523 -1.25778
-0.77 -8.36474 -2.00496
-0.769 -7.52653 -3.26052
-0.768 -8.06838 -4.9869
-0.767 -9.95799 -7.02841
-0.766 -12.6875 -9.13281
-0.765 -15.4088 -11.0041
-0.764 -17.1824 -12.3687
-0.763 -17.2672 -13.0348
-0.762 -15.3583 -12.9293
-0.761 -11.7009 -12.106
-0.76 -7.04482 -10.7233
-0.759 -2.44617 -8.99418
-0.758 1.03544 -7.12692
-0.757 2.65986 -5.27448
-0.756 2.24412 -3.51233
-0.755 0.22798 -1.84859
-0.754 -2.46595 -0.259563
-0.753 -4.74246 1.26231
-0.752 -5.71995 2.66224
-0.751 -5.06726 3.79565
-0.75 -3.17258 4.43469
-0.749 -1.07001 4.31329
-0.748 -0.125942 3.19918
-0.747 -1.57684 0.96968
-0.746 -6.07226 -2.33227
-0.745 -13.3821 -6.47884
-0.744 -22.3786 -11.0827
-0.743 -31.317 -15.6654
-0.742 -38.3436 -19.7541
-0.741 -42.0705 -22.9794
-0.74 -42.0223 -25.1415
-0.739 -38.7857 -26.2241
-0.738 -33.7969 -26.3561
-0.737 -28.8362 -25.7362
-0.736 -25.4038 -24.5456
-0.735 -24.1917 -22.8774
-0.734 -24.837 -20.7093
-0.733 -26.0536 -17.9343
-0.732 -26.1125 -14.4433
-0.731 -23.5141 -10.2258
-0.73 -17.6113 -5.44821
-0.729 -8.94767 -0.476041
-0.728 0.823393 4.16912
-0.727 9.41894 7.90982
-0.726 14.6468 10.2462
-0.725 15.1222 10.8849
-0.724 10.7366 9.81958
-0.723 2.70961 7.32798
-0.722 -6.80144 3.88384
-0.721 -15.4064 0.0166473
-0.72 -21.2575 -3.83022
-0.719 -23.6265 -7.39829
-0.718 -23.0876 -10.6437
-0.717 -21.2462 -13.6904
-0.716 -20.1112 -16.7202
-0.715 -21.3344 -19.8381
-0.714 -25.5884 -22.9666
-0.713 -32.3002 -25.8165
-0.712 -39.8239 -27.9485
-0.711 -45.9828 -28.8997
-0.71 -48.7934 -28.3301
-0.709 -47.1359 -26.1425
-0.708 -41.1488 -22.5376
-0.707 -32.2086 -17.9839
-0.706 -22.4953 -13.1026
-0.705 -14.2986 -8.50558
-0.704 -9.31329 -4.6425
-0.703 -8.1582 -1.71045
-0.702 -10.2485 0.348755
-0.701 -14.0371 1.7724
-0.7 -17.5428 2.85016
-0.699 -19.0139 3.78672
-0.698 -17.5222 4.59964
-0.697 -13.2817 5.09272
-0.696 -7.57688 4.91903
-0.695 -2.33794 3.70982
-0.694 0.471419 1.219
-0.693 -0.541231 -2.56703
-0.692 -5.75858 -7.38474
-0.691 -14.3903 -12.7248
-0.69 -24.6459 -17.9356
-0.689 -34.2264 -22.3751
-0.688 -41.0047 -25.5654
-0.687 -43.6668 -27.2943
-0.686 -42.0966 -27.6305
-0.685 -37.394 -26.8564
-0.684 -31.5386 -25.3551
-0.683 -26.7923 -23.4897
-0.682 -24.992 -21.5031
-0.681 -26.9269 -19.4657
-0.68 -32.0226 -17.2902
-0.679 -38.4785 -14.8172
-0.678 -43.8502 -11.9418
-0.677 -45.886 -8.72564
-0.676 -43.337 -5.44926
-0.675 -36.4827 -2.58819
-0.674 -27.1912 -0.725043
-0.673 -18.4476 -0.418454
-0.672 -13.4467 -2.05463
-0.671 -14.5173 -5.71829
-0.67 -22.2515 -11.1279
-0.669 -35.1742 -17.6674
-0.668 -50.0954 -24.511
-0.667 -63.0485 -30.8017
-0.666 -70.5241 -35.8283
-0.665 -70.6149 -39.1544
-0.664 -63.6789 -40.6696
-0.663 -52.2461 -40.5498
-0.662 -40.1506 -39.1381
-0.661 -31.1707 -36.7845
-0.66 -27.6701 -33.7041
-0.659 -29.7384 -29.9075
-0.658 -35.1398 -25.2335
-0.657 -40.0976 -19.475
-0.656 -40.6752 -12.5537
-0.655 -34.3057 -4.67824
-0.654 -20.9231 3.57849
-0.653 -3.23125 11.3247
-0.652 14.0488 17.514
-0.651 25.7121 21.1842
-0.65 27.8279 21.7018
-0.649 19.098 18.9354
-0.648 1.35312 13.3016
-0.647 -20.977 5.65802
-0.646 -42.2695 -2.92545
-0.645 -57.5485 -11.4444
-0.644 -64.1272 -19.1901
-0.643 -62.4373 -25.8584
-0.642 -55.7243 -31.5116
-0.641 -48.7295 -36.4176
-0.64 -45.8723 -40.8274
-0.639 -49.5994 -44.7728
-0.638 -59.4637 -47.9628
-0.637 -72.2331 -49.8234
-0.636 -82.9992 -49.672
-0.635 -86.9286 -46.9666
-0.634 -81.046 -41.5403
-0.633 -65.39 -33.7357
-0.632 -43.1039 -24.3889
-0.631 -19.4385 -14.657
-0.63 -0.044355 -5.74282
-0.629 10.8322 1.39575
-0.628 11.6512 6.25492
-0.627 3.96747 8.85461
-0.626 -8.20598 9.65491
-0.625 -19.8378 9.34923
-0.624 -26.6214 8.59619
-0.623 -26.4153 7.77481
-0.622 -19.8932 6.8516
-0.621 -10.2121 5.41341
-0.62 -1.85362 2.85125
-0.619 0.935523 -1.38385
-0.618 -4.42541 -7.54792
-0.617 -18.0091 -15.4619
-0.616 -37.3745 -24.4938
-0.615 -58.3631 -33.6754
-0.614 -76.4095 -41.9346
-0.613 -87.9344 -48.3795
-0.612 -91.3852 -52.5315
-0.611 -87.6065 -54.4138
-0.61 -79.4467 -54.4722
-0.609 -70.7503 -53.3742
-0.608 -65.0754 -51.7648
-0.607 -64.5469 -50.0462
-0.606 -69.1862 -48.2391
-0.605 -76.8965 -45.9727
-0.604 -84.0958 -42.6309
-0.603 -86.8243 -37.6187
-0.602 -82.013 -30.6516
-0.601 -68.5362 -21.954
-0.6 -47.7185 -12.2984
-0.599 -23.1213 -2.87735
-0.598 0.350456 4.95453
-0.597 17.7793 10.0066
-0.596 25.6248 11.5631
-0.595 22.7637 9.57706
-0.594 10.8509 4.67217
-0.593 -6.15322 -2.05454
-0.592 -23.1832 -9.35654
-0.591 -35.6489 -16.178
-0.59 -40.9023 -21.9068
-0.589 -39.1011 -26.4677
-0.588 -33.1395 -30.2212
-0.587 -27.6097 -33.6942
-0.586 -27.1044 -37.2408
-0.585 -34.4259 -40.7743
-0.584 -49.3401 -43.6878
-0.583 -68.3528 -44.9961
-0.582 -85.6448 -43.6502
-0.581 -94.9119 -38.9279
-0.58 -91.5471 -30.7828
-0.579 -74.4312 -20.0264
-0.578 -46.655 -8.24649
-0.577 -14.8238 2.54806
-0.576 12.8912 10.4435
-0.575 29.3131 14.1126
-0.574 30.5475 13.1187
-0.573 17.2128 7.95534
-0.572 -5.79732 -0.163288
-0.571 -30.9612 -9.69575
-0.57 -50.6792 -19.2383
-0.569 -59.8791 -27.906
-0.568 -57.7319 -35.4795
-0.567 -47.8188 -42.2593
-0.566 -36.6682 -48.7046
-0.565 -31.208 -55.0299
-0.564 -36.0781 -60.9311
-0.563 -51.7563 -65.5324
-0.562 -74.1375 -67.5658
-0.561 -95.7374 -65.7369
-0.56 -108.172 -59.1818
-0.559 -105.098 -47.8609
-0.558 -84.5633 -32.7313
-0.557 -49.9017 -15.6142
-0.556 -8.83692 1.20449
-0.555 28.8792 15.4954
-0.554 54.4631 25.5613
-0.553 62.7396 30.5428
-0.552 53.5983 30.4948
-0.551 31.8128 26.2274
-0.55 5.2856 18.9656
-0.549 -17.6808 9.94411
-0.548 -31.1397 0.0775772
-0.547 -33.3445 -10.1885
-0.546 -27.0884 -20.8173
-0.545 -18.488 -31.9636
-0.544 -14.6797 -43.697
-0.543 -21.2157 -55.7636
-0.542 -40.0119 -67.4657
-0.541 -68.5183 -77.7078
-0.54 -100.376 -85.2037
-0.539 -127.333 -88.7848
-0.538 -141.798 -87.7196
-0.537 -139.232 -81.9524
-0.536 -119.635 -72.192
-0.535 -87.663 -59.82
-0.534 -51.322 -46.6286
-0.533 -19.6278 -34.4411
-0.532 0.0553109 -24.7089
-0.531 4.18452 -18.1963
-0.53 -5.9265 -14.8389
-0.529 -24.5091 -13.8128
-0.528 -43.0946 -13.8057
-0.527 -53.1584 -13.4296
-0.526 -48.8818 -11.6665
-0.525 -29.1542 -8.21316
-0.524 1.87791 -3.59812
-0.523 35.9639 0.98722
-0.522 63.2792 4.09895
-0.521 75.5549 4.55604
-0.52 68.8399 1.8878
-0.519 45.0012 -3.44311
-0.518 11.3797 -10.1377
-0.517 -21.4377 -16.474
-0.516 -43.1127 -20.9195
-0.515 -47.1807 -22.7363
-0.514 -33.5146 -22.3461
-0.513 -8.67643 -21.2841
-0.512 16.0761 -21.7149
-0.511 28.5553 -25.6541
-0.51 19.9821 -34.1582
-0.509 -11.5758 -46.7801
-0.508 -59.934 -61.5075
-0.507 -112.286 -75.241
-0.506 -153.123 -84.6814
-0.505 -169.334 -87.3493
-0.504 -154.752 -82.3928
-0.503 -112.494 -70.8864
-0.502 -54.1714 -55.4886
-0.501 3.853 -39.5567
-0.5 45.9338 -26.0351
-0.499 62.4261 -16.5276
-0.498 52.9203 -10.8917
-0.497 26.2587 -7.49267
-0.496 -2.7395 -4.01004
-0.495 -18.769 1.49318
-0.494 -11.8317 9.62671
-0.493 18.7781 19.2171
-0.492 63.8362 27.5516
-0.491 107.236 31.2749
-0.49 131.667 27.6228
-0.489 124.875 15.5239
-0.488 84.2753 -3.84754
-0.487 18.2937 -27.27
-0.486 -56.0776 -50.3493
-0.485 -118.739 -68.783
-0.484 -153.115 -79.6071
-0.483 -151.647 -82.0118
-0.482 -118.15 -77.4389
-0.481 -66.2214 -68.923
-0.48 -14.3171 -59.9355
-0.479 20.6602 -53.1808
-0.478 29.0087 -49.7826
-0.477 11.1989 -49.1147
-0.476 -22.7773 -49.2755
-0.475 -57.3711 -48.0041
-0.474 -77.3004 -43.703
-0.473 -73.1242 -36.192
-0.472 -44.5864 -26.9024
-0.471 -0.616126 -18.4332
-0.47 43.8898 -13.6528
-0.469 73.2723 -14.6963
-0.468 76.4621 -22.2208
-0.467 50.6595 -35.1467
-0.466 2.16799 -50.9334
-0.465 -55.7689 -66.2835
-0.464 -107.249 -78.0434
-0.463 -138.592 -84.0096
-0.462 -142.264 -83.3897
-0.461 -118.718 -76.8154
-0.46 -75.7584 -65.979
-0.459 -25.7597 -53.0694
-0.458 18.2792 -40.1965
-0.457 46.5417 -28.942
-0.456 54.8987 -20.118
-0.455 45.5321 -13.7604
-0.454 25.755 -9.32449
-0.453 5.55607 -5.99094
-0.452 -5.45051 -2.98419
-0.451 -0.936222 0.155289
-0.45 20.135 3.37572
-0.449 53.0341 6.03369
-0.448 88.52 6.98333
-0.447 115.436 4.86897
-0.446 123.896 -1.41997
-0.445 108.256 -12.2599
-0.444 69.1647 -26.9348
-0.443 14.0665 -43.5494
-0.442 -44.2818 -59.3007
-0.441 -91.1884 -71.1108
-0.44 -114.438 -76.4952
-0.439 -108.307 -74.4091
-0.438 -75.7606 -65.7491
-0.437 -28.0399 -53.2582
-0.436 18.4151 -40.7929
-0.435 46.9601 -32.1529
-0.434 46.294 -29.8484
-0.433 14.7477 -34.2215
-0.432 -38.3876 -43.2521
-0.431 -95.3185 -53.1826
-0.43 -135.428 -59.8136
-0.429 -142.332 -60.0455
-0.428 -109.862 -53.0933
-0.427 -44.8441 -40.8814
-0.426 34.4925 -27.4304
-0.425 104.207 -17.4335
-0.424 142.718 -14.5189
-0.423 138.5 -19.8164
-0.422 94.5723 -31.3666
-0.421 27.9716 -44.646
-0.42 -35.8511 -54.0972
-0.419 -71.9226 -55.1614
-0.418 -64.8654 -46.0649
-0.417 -14.9502 -28.6677
-0.416 61.2634 -8.02929
-0.415 136.172 9.18033
-0.414 180.56 16.8842
-0.413 173.92 11.6608
-0.412 112.01 -6.05161
-0.411 8.93775 -32.0544
-0.41 -107.108 -59.7943
-0.409 -203.174 -82.5967
-0.408 -252.733 -95.9136
-0.407 -244.766 -98.7618
-0.406 -187.394 -93.8505
-0.405 -104.729 -86.3829
-0.404 -28.1405 -81.9909
-0.403 14.8536 -84.5518
-0.402 10.1859 -94.6634
-0.401 -37.9303 -109.325
-0.4 -108.592 -122.946
-0.399 -171.711 -129.324
-0.398 -198.839 -123.857
-0.397 -173.421 -105.215
-0.396 -96.7932 -75.885
-0.395 12.1657 -41.4418
-0.394 123.407 -8.82559
-0.393 205.702 15.7706
-0.392 236.802 28.6876
-0.391 210.452 29.6894
-0.39 138.039 21.7085
-0.389 44.4118 9.60551
-0.388 -40.6054 -1.57752
-0.387 -92.0597 -8.27571
-0.386 -97.7075 -9.45219
-0.385 -61.3235 -6.74321
-0.384 -0.637598 -3.70152
-0.383 59.1254 -4.43539
-0.382 93.8106 -12.1217
-0.381 88.2101 -27.8764
-0.38 40.8156 -50.3027
-0.379 -35.9053 -75.7945
-0.378 -119.626 -99.4673
-0.377 -185.264 -116.459
-0.376 -212.833 -123.258
-0.375 -193.624 -118.677
-0.374 -132.858 -104.186
-0.373 -48.0191 -83.4915
-0.372 36.4963 -61.5061
-0.371 96.7195 -43.0174
-0.37 116.198 -31.4065
-0.369 90.8334 -27.7417
-0.368 30.1447 -30.5157
-0.367 -45.4782 -36.171
-0.366 -110.936 -40.3359
-0.365 -144.313 -39.406
-0.364 -134.045 -31.9311
-0.363 -82.9355 -19.3134
-0.362 -7.62258 -5.55324
-0.361 66.3896 3.91598
-0.36 112.631 3.98951
-0.359 112.209 -8.27046
-0.358 60.4632 -32.3338
-0.357 -30.5092 -63.963
-0.356 -134.75 -96.2324
-0.355 -220.315 -121.544
-0.354 -259.742 -133.986
-0.353 -239.483 -131.229
-0.352 -164.917 -115.286
-0.351 -59.1166 -91.8434
-0.35 44.3243 -68.3449
-0.349 112.181 -51.4569
-0.348 122.802 -44.7996
-0.347 73.8687 -47.7563
-0.346 -16.229 -55.8134
-0.345 -114.367 -62.3428
-0.344 -184.245 -61.2213
-0.343 -199.449 -49.3548
-0.342 -153.234 -28.1539
-0.341 -61.4025 -3.36161
-0.34 42.7529 16.7537
-0.339 119.737 24.1964
-0.338 137.542 14.0242
-0.337 83.1022 -13.8637
-0.336 -32.5549 -54.5321
-0.335 -177.488 -99.4772
-0.334 -309.474 -139.281
-0.333 -390.365 -166.556
-0.332 -398.986 -178.123
-0.331 -337.922 -175.635
-0.33 -231.896 -164.475
-0.329 -118.583 -151.432
-0.328 -35.2976 -142.112
-0.327 -6.26747 -138.991
-0.326 -34.8143 -140.737
-0.325 -102.978 -142.917
-0.324 -178.536 -139.809
-0.323 -226.826 -126.656
-0.322 -223.135 -101.547
-0.321 -161.256 -66.2247
-0.32 -55.3217 -25.5968
-0.319 65.439 13.7877
-0.318 166.774 45.6363
-0.317 220.538 65.5306
-0.316 213.157 71.8298
-0.315 149 65.7281
-0.314 48.0958 50.5804
-0.313 -60.731 30.7686
-0.312 -148.98 10.4672
-0.311 -196.959 -7.34062
-0.31 -198.953 -21.3689
-0.309 -163.631 -32.0296
-0.308 -110.066 -41.0555
-0.307 -61.2326 -50.9158
-0.306 -37.232 -64.1297
-0.305 -49.9535 -82.5243
-0.304 -100.06 -106.511
-0.303 -176.741 -134.561
-0.302 -260.433 -163.131
-0.301 -328.068 -187.233
-0.3 -359.547 -201.613
-0.299 -343.525 -202.261
-0.298 -280.882 -187.798
-0.297 -185.098 -160.258
-0.296 -79.4524 -124.9
-0.295 8.62535 -88.9528
-0.294 55.193 -59.5068
-0.293 47.6411 -41.1758
-0.292 -9.98462 -34.3891
-0.291 -96.732 -35.103
-0.29 -180.471 -36.2454
-0.289 -228.153 -30.4992
-0.288 -217.307 -13.4313
-0.287 -144.933 14.2123
-0.286 -30.5951 45.97
-0.285 87.9669 71.2425
-0.284 166.179 78.6328
-0.283 167.863 60.0269
-0.282 79.1839 13.9714
-0.281 -84.1694 -53.0328
-0.28 -280.08 -128.036
-0.279 -453.074 -195.577
-0.278 -553.119 -242.673
-0.277 -553.46 -263.041
-0.276 -460.904 -258.979
-0.275 -314.41 -240.187
-0.274 -171.927 -219.875
-0.273 -89.6558 -209.528
-0.272 -100.968 -214.24
-0.271 -202.823 -230.44
-0.27 -355.297 -247.046
-0.269 -495.233 -249.738
-0.268 -559.498 -226.799
-0.267 -509.264 -174.279
-0.266 -345.954 -98.4229
-0.265 -112.529 -14.3682
-0.264 120.579 58.5192
-0.263 279.812 102.98
-0.262 314.407 109.596
-0.261 214.686 79.8546
-0.26 15.9745 25.4312
-0.259 -213.681 -36.0599
-0.258 -397.921 -87.2883
-0.257 -479.631 -117.101
-0.256 -441.106 -123.875
-0.255 -309.099 -115.105
-0.254 -143.202 -103.52
-0.253 -12.5568 -101.388
-0.252 30.1361 -115.275
-0.251 -32.0732 -143.238
-0.25 -174.443 -175.402
-0.249 -340.008 -197.651
-0.248 -461.072 -197.021
-0.247 -484.798 -166.809
-0.246 -393.071 -109.447
-0.245 -208.963 -36.009
-0.244 12.3093 37.4089
-0.243 203.727 94.9505
-0.242 309.899 125.841
-0.241 305.003 127.105
-0.24 199.445 103.426
-0.239 33.7281 64.5217
-0.238 -137.624 21.1905
-0.237 -265.991 -18.4899
-0.236 -325.004 -51.4503
-0.235 -317.338 -79.6388
-0.234 -269.971 -107.928
-0.233 -220.801 -140.997
-0.232 -202.807 -180.643
-0.231 -232.215 -224.668
-0.23 -304.506 -267.612
-0.229 -398.452 -302.759
-0.228 -485.44 -324.425
-0.227 -540.049 -329.645
-0.226 -548.069 -318.715
-0.225 -509.439 -294.565
-0.224 -435.724 -261.337
-0.223 -344.006 -222.89
-0.222 -250.519 -181.968
-0.221 -167.053 -140.37
-0.22 -101.021 -99.8817
-0.219 -57.6118 -63.1698
-0.218 -41.3706 -33.8851
-0.217 -55.4262 -15.7146
-0.216 -98.6877 -10.8076
-0.215 -162.969 -18.4159
-0.214 -232.306 -34.5248
-0.213 -285.781 -52.8236
-0.212 -303.73 -66.8141
-0.211 -275.677 -72.3837
-0.21 -206.971 -69.8304
-0.209 -120.547 -64.3126
-0.208 -51.3945 -64.1796
-0.207 -34.3011 -77.5567
-0.206 -89.1314 -108.5
-0.205 -210.07 -154.449
-0.204 -364.301 -206.24
-0.203 -501.724 -250.873
-0.202 -572.642 -276.04
-0.201 -546.945 -274.753
-0.2 -427.501 -248.275
-0.199 -252.139 -206.121
-0.198 -82.3455 -162.841
-0.197 18.4597 -132.589
-0.196 9.64318 -123.446
-0.195 -108.685 -133.843
-0.194 -292.602 -152.714
-0.193 -468.646 -163.521
-0.192 -560.637 -150.721
-0.191 -518.792 -106.185
-0.19 -339.864 -33.0855
-0.189 -70.6163 54.2868
-0.188 206.917 134.805
-0.187 403.582 187.422
-0.186 455.075 198.298
-0.185 346.118 165.565
-0.184 117.154 99.8689
-0.183 -150.062 20.3506
-0.182 -363.098 -52.4952
-0.181 -453.755 -104.296
-0.18 -403.351 -131.648
-0.179 -248.81 -142.509
-0.178 -67.9394 -152.194
-0.177 50.1239 -176.66
-0.176 38.6207 -225.586
-0.175 -120.849 -297.714
-0.174 -389.673 -380.195
-0.173 -684.905 -452.402
-0.172 -909.222 -492.995
-0.171 -986.666 -487.559
-0.17 -889.937 -433.787
-0.169 -648.906 -342.24
-0.168 -338.296 -232.73
-0.167 -50.5162 -127.938
-0.166 135.914 -46.652
-0.165 181.618 1.26996
-0.164 97.1725 16.7043
-0.163 -63.9279 9.37212
-0.162 -227.409 -6.98738
-0.161 -326.854 -20.4237
-0.16 -327.54 -25.2126
-0.159 -236.577 -23.3089
-0.158 -96.779 -22.6241
-0.157 31.6393 -33.191
-0.156 93.586 -62.8349
-0.155 57.8113 -113.83
-0.154 -73.7142 -181.518
-0.153 -267.76 -255.198
-0.152 -471.583 -320.913
-0.151 -630.008 -365.139
-0.15 -701.924 -378.221
-0.149 -670.932 -356.579
-0.148 -547.414 -303.237
-0.147 -362.693 -226.726
-0.146 -158.618 -138.905
-0.145 23.3558 -52.4185
-0.144 150.753 21.5917
-0.143 205.541 75.2565
-0.142 186.826 105.168
-0.141 110.757 112.804
-0.14 6.85595 103.808
-0.139 -89.5921 85.9958
-0.138 -147.577 66.5928
-0.137 -149.736 49.738
-0.136 -98.1774 35.1462
-0.135 -15.3771 18.2247
-0.134 60.2616 -8.44835
-0.133 84.4422 -52.439
-0.132 21.8461 -117.948
-0.131 -138.065 -202.557
-0.13 -371.378 -295.919
-0.129 -622.609 -381.628
-0.128 -821.064 -441.963
-0.127 -904.812 -463.665
-0.126 -843.094 -442.558
-0.125 -649.313 -385.469
-0.124 -380.263 -308.869
-0.123 -120.616 -234.345
-0.122 44.4135 -181.854
-0.121 60.1704 -162.844
-0.12 -74.6692 -176.012
-0.119 -304.608 -207.795
-0.118 -536.371 -237.677
-0.117 -673.529 -246.208
-0.116 -652.991 -222.568
-0.115 -469.405 -168.892
-0.114 -178.566 -99.7845
-0.113 121.597 -37.1395
-0.112 326.189 -2.02422
-0.111 362.381 -6.5767
-0.11 217.763 -49.0307
-0.109 -53.3833 -113.891
-0.108 -349.335 -177.365
-0.107 -559.117 -216.134
-0.106 -604.942 -216.163
-0.105 -471.817 -177.997
-0.104 -212.255 -116.332
-0.103 75.2171 -54.119
-0.102 284 -13.8313
-0.101 338.355 -9.44927
-0.1 219.463 -41.9344
-0.099 -29.3237 -99.3508
-0.098 -319.182 -161.372
-0.097 -549.038 -206.712
-0.096 -643.439 -220.866
-0.095 -579.684 -200.988
-0.094 -392.401 -155.755
-0.093 -154.708 -100.601
-0.092 53.299 -51.0565
-0.091 173.771 -17.3454
-0.09 187.652 -1.9856
-0.089 115.713 -0.429557
-0.088 6.25409 -3.95893
-0.087 -85.848 -3.7963
-0.086 -121.364 4.99384
-0.085 -90.9335 21.5206
-0.084 -14.6497 39.9909
-0.083 71.6819 52.8572
-0.082 134.68 54.184
-0.081 155.851 41.4081
-0.08 133.677 14.9969
-0.079 77.1216 -23.2239
-0.078 -4.0906 -71.8234
-0.077 -106.706 -130.507
-0.076 -234.412 -199.278
-0.075 -390.74 -276.312
-0.074 -568.452 -355.839
-0.073 -742.62 -427.61
-0.072 -873.027 -478.773
-0.071 -916.453 -497.689
-0.07 -844.871 -478.443
-0.069 -663.014 -424.503
-0.068 -417.097 -349.793
-0.067 -186.536 -275.606
-0.066 -56.18 -223.257
-0.065 -78.549 -205.126
-0.064 -245.358 -218.719
-0.063 -484.817 -247.147
-0.062 -686.742 -265.848
-0.061 -743.971 -252.432
-0.06 -594.71 -196.048
-0.059 -252.873 -103.472
-0.058 185.106 0.49915
-0.057 566.409 80.1943
-0.056 738.937 102.794
-0.055 617.838 53.237
-0.054 228.363 -57.2617
-0.053 -297.608 -193.641
-0.052 -769.093 -309.096
-0.051 -1005.98 -361.532
-0.05 -905.742 -328.532
-0.049 -485.826 -216.236
-0.048 114.421 -58.7101
-0.047 679.64 93.5311
-0.046 1000.76 192.76
-0.045 960.267 213.094
-0.044 581.325 160.708
-0.043 19.7135 70.9572
-0.042 -495.725 -5.76611
-0.041 -749.624 -23.7537
-0.04 -623.041 39.655
-0.039 -143.309 173.699
-0.038 521.203 336.618
-0.037 1124.46 471.084
-0.036 1439.57 526.462
-0.035 1346.49 478.138
-0.034 875.037 336.267
-0.033 191.601 141.838
-0.032 -461.989 -47.7682
-0.031 -857.213 -179.155
-0.03 -866.75 -222.725
-0.029 -516.625 -183.988
-0.028 25.0143 -100.313
-0.027 520.99 -23.9361
-0.026 763.631 0.136544
-0.025 651.802 -49.1095
-0.024 220.084 -162.717
-0.023 -379.88 -306.233
-0.022 -934.77 -432.176
-0.021 -1247.99 -497.55
-0.02 -1218.07 -481.233
-0.019 -881.992 -393.293
-0.018 -395.517 -270.12
-0.017 41.6899 -157.44
-0.016 272.61 -91.1029
-0.015 237.563 -85.1508
-0.014 -16.9002 -129.952
-0.013 -364.739 -198.034
-0.012 -649.533 -254.795
-0.011 -745.398 -271.88
-0.01 -611.176 -239.226
-0.009 -309.036 -169.38
-0.008 29.5468 -90.2683
-0.007 272.012 -30.4148
-0.006 344.619 -5.85682
-0.005 254.615 -15.2162
-0.004 75.2545 -42.8402
-0.003 -90.6362 -66.6386
-0.002 -154.963 -67.6738
-0.001 -84.6748 -38.9414
0 79.6267 10.5261
0.001 243.813 60.0035
0.002 313.77 88.7479
0.003 248.936 87.6877
0.004 82.4243 63.7869
0.005 -97.6047 35.9632
0.006 -188.26 26.32
0.007 -116.237 50.5534
0.008 125.718 110.098
0.009 463.821 188.96
0.01 765.433 258.622
0.011 899.008 291.123
0.012 802.347 273.869
0.013 516.653 216.88
0.014 167.908 148.502
0.015 -87.3444 103.366
0.016 -122.951 109.001
0.017 107.689 175.104
0.018 544.854 287.683
0.019 1031.39 410.899
0.02 1367.44 498.987
0.021 1397.09 515.487
0.022 1083.33 450.262
0.023 527.689 324.39
0.024 -73.0764 180.856
0.025 -505.461 67.1605
0.026 -617.69 17.7977
0.027 -375.16 41.7701
0.028 120.883 118.094
0.029 662.551 201.764
0.03 1012.43 240.517
0.031 1002.21 196.944
0.032 605.885 65.5069
0.033 -49.0687 -124.197
0.034 -733.861 -318.749
0.035 -1206.39 -460.732
0.036 -1300.1 -509.118
0.037 -985.168 -453.724
0.038 -381.83 -319.167
0.039 282.714 -156.121
0.04 762.117 -21.9843
0.041 887.839 41.425
0.042 632.583 23.3297
0.043 115.534 -53.5719
0.044 -447.576 -143.5
0.045 -827.552 -195.99
0.046 -868.423 -175.64
0.047 -547.067 -76.2766
0.048 18.6873 76.164
0.049 619.339 233.853
0.05 1039.15 346.174
0.051 1138.61 379.006
0.052 900.359 326.255
0.053 427.231 210.473
0.054 -100.248 73.9259
0.055 -490.743 -36.4441
0.056 -612.232 -85.5318
0.057 -439.613 -62.1977
0.058 -58.1214 18.3154
0.059 379.685 122.956
0.06 720.65 215.85
0.061 868.26 272.123
0.062 808.794 285.078
0.063 604.436 265.784
0.064 362.779 236.887
0.065 194.311 223.139
0.066 170.879 241.464
0.067 300.563 294.221
0.068 530.477 368.77
0.069 775.407 443.518
0.07 955.734 496.983
0.071 1025.28 515.232
0.072 979.59 494.987
0.073 847.059 442.484
0.074 671.246 369.696
0.075 492.505 289.698
0.076 335.648 212.771
0.077 207.614 144.523
0.078 104.515 86.476
0.079 22.3891 38.31
0.08 -35.6004 0.101597
0.081 -59.6082 -26.7504
0.082 -40.3728 -40.2581
0.083 20.934 -39.668
0.084 106.055 -27.2498
0.085 181.609 -8.75108
0.086 211.556 8.29179
0.087 175.447 17.9119
0.088 82.319 18.9169
0.089 -28.7664 15.922
0.09 -102.88 17.4893
0.091 -91.4561 32.3137
0.092 26.6835 65.1188
0.093 232.88 113.689
0.094 469.501 168.116
0.095 656.385 213.089
0.096 720.095 233.222
0.097 625.572 219.701
0.098 395.146 175.097
0.099 104.094 113.606
0.1 -146.424 56.2924
0.101 -267.26 23.448
0.102 -214.606 27.1645
0.103 -6.88617 66.7575
0.104 280.323 128.532
0.105 540.265 190.206
0.106 673.996 228.849
0.107 628.468 229.607
0.108 418.21 191.648
0.109 120.774 128.701
0.11 -152.772 63.8867
0.111 -300.308 20.9911
0.112 -266.991 15.6869
0.113 -64.7155 50.0189
0.114 233.978 112.119
0.115 524.175 181.084
0.116 707.644 235.02
0.117 728.119 259.155
0.118 590.472 251.081
0.119 357.475 221.346
0.12 125.537 189.257
0.121 -11.7667 175.373
0.122 1.57435 193.459
0.123 164.764 245.104
0.124 423.504 319.111
0.125 692.644 395.659
0.126 887.254 453.132
0.127 950.016 474.872
0.128 866.884 453.778
0.129 668.076 393.78
0.13 415.282 308.014
0.131 179.357 214.258
0.132 16.2845 129.111
0.133 -49.3629 63.1671
0.134 -27.5373 19.0408
0.135 46.7568 -7.41015
0.136 129.152 -23.863
0.137 180.803 -37.9865
0.138 178.585 -54.6639
0.139 119.779 -74.3965
0.14 21.437 -93.0933
0.141 -85.3027 -103.383
0.142 -164.623 -97.1555
0.143 -186.261 -68.429
0.144 -133.387 -15.4705
0.145 -6.53427 58.3934
0.146 176.163 145.171
0.147 381.683 233.448
0.148 567.774 310.28
0.149 691.831 363.604
0.15 722.111 384.871
0.151 648.309 371.238
0.152 487.363 326.595
0.153 281.163 260.909
0.154 85.5973 187.879
0.155 -46.2304 121.411
0.156 -81.2186 71.9222
0.157 -17.9737 43.6505
0.158 111.449 33.9107
0.159 251.238 34.6299
0.16 340.844 35.7877
0.161 337.653 29.7463
0.162 235.219 14.9838
0.163 69.1328 -2.34992
0.164 -93.4663 -10.0477
0.165 -178.002 5.62679
0.166 -131.211 54.1429
0.167 56.7996 135.98
0.168 345.777 240.894
0.169 656.467 349.888
0.17 896.16 440.348
0.171 990.414 492.803
0.172 910.113 497.165
0.173 683.475 456.156
0.174 387.165 384.368
0.175 118.727 303.019
0.176 -39.244 232.345
0.177 -48.9183 184.669
0.178 70.383 160.765
0.179 251.204 150.698
0.18 404.228 138.602
0.181 452.078 109.572
0.182 358.709 56.212
0.183 143.765 -17.595
0.184 -123.91 -97.2566
0.185 -351.824 -162.38
0.186 -458.757 -194.199
0.187 -405.214 -182.575
0.188 -207.467 -129.817
0.189 69.5287 -49.9481
0.19 336.593 36.1648
0.191 512.325 107.875
0.192 550.995 151.463
0.193 456.851 164.175
0.194 280.236 154.237
0.195 97.2317 136.938
0.196 -19.4096 128.289
0.197 -26.8061 138.737
0.198 74.1939 169.37
0.199 242.499 211.966
0.2 414.96 252.636
0.201 531.002 277.382
0.202 553.971 277.294
0.203 481.936 251.523
0.204 345.33 207.147
0.205 193.45 156.225
0.206 75.4231 111.269
0.207 22.8977 80.9099
0.208 40.7782 67.3638
0.209 108.927 66.5836
0.21 193.052 70.8128
0.211 259.216 72.2611
0.212 285.635 66.2745
0.213 267.71 52.8072
0.214 215.969 35.8854
0.215 149.415 21.6065
0.216 87.8546 15.6927
0.217 46.1141 21.5926
0.218 31.6633 39.7408
0.219 45.5991 68.058
0.22 85.5338 103.263
0.221 148.104 142.245
0.222 229.256 182.785
0.223 322.218 223.302
0.224 415.112 261.915
0.225 490.949 295.559
0.226 531.544 319.938
0.227 524.329 330.549
0.228 468.872 324.369
0.229 379.61 301.339
0.23 282.819 264.891
0.231 208.255 221.188
0.232 178.108 177.241
0.233 197.301 138.516
0.234 249.296 106.945
0.235 300.185 80.273
0.236 310.882 53.3257
0.237 253.415 20.8838
0.238 124.698 -19.0557
0.239 -48.5828 -63.1807
0.24 -216.913 -103.018
0.241 -324.683 -127.425
0.242 -330.538 -126.539
0.243 -223.784 -95.7582
0.244 -30.6181 -38.314
0.245 192.67 34.7094
0.246 377.999 107.236
0.247 469.364 163.169
0.248 443.537 191.696
0.249 319.184 190.813
0.25 150.178 167.632
0.251 5.32071 135.332
0.252 -57.6635 107.977
0.253 -13.8854 95.1627
0.254 119.201 98.4517
0.255 287.928 110.937
0.256 422.099 120.19
0.257 461.393 113.568
0.258 378.951 83.8698
0.259 193.016 33.0568
0.26 -38.3736 -27.5272
0.261 -237.949 -80.6277
0.262 -337.143 -108.949
0.263 -300.684 -101.247
0.264 -138.852 -56.4069
0.265 96.6805 15.9894
0.266 331.485 98.8116
0.267 494.646 173.098
0.268 543.293 224.254
0.269 476.616 246.485
0.27 334.32 243.908
0.271 180.33 228.05
0.272 78.2284 212.79
0.273 67.8661 208.715
0.274 151.787 219.044
0.275 295.908 238.618
0.276 443.395 256.195
0.277 535.98 259.035
0.278 534.8 237.952
0.279 433.49 190.972
0.28 259.385 124.348
0.281 63.0073 50.6805
0.282 -99.9507 -15.1393
0.283 -187.487 -60.6821
0.284 -184.3 -79.7107
0.285 -104.728 -73.5886
0.286 14.6249 -50.0206
0.287 128.991 -19.8209
0.288 200.714 6.95032
0.289 210.525 24.106
0.29 161.788 30.7846
0.291 77.2717 30.9594
0.292 -9.82198 31.3445
0.293 -67.3789 38.5249
0.294 -74.5983 56.37
0.295 -27.6533 84.6444
0.296 60.649 119.206
0.297 166.266 153.524
0.298 261.788 180.8
0.299 324.034 195.884
0.3 339.628 196.474
0.301 307.751 183.403
0.302 239.782 160.094
0.303 155.849 131.43
0.304 79.0555 102.397
0.305 28.997 76.898
0.306 16.4863 57.0272
0.307 40.8435 42.9218
0.308 90.1482 33.0761
0.309 144.244 24.9381
0.31 180.066 15.661
0.311 178.433 2.9466
0.312 130.63 -14.1261
0.313 42.4407 -34.5057
0.314 -66.2733 -55.0812
0.315 -166.823 -71.2647
0.316 -230.274 -78.1645
0.317 -236.621 -72.0325
0.318 -181.64 -51.555
0.319 -79.1426 -18.577
0.32 42.4374 22.0351
0.321 148.597 63.4897
0.322 210.004 98.9115
0.323 212.638 123.386
0.324 163.008 135.473
0.325 86.1959 137.557
0.326 17.1469 134.83
0.327 -11.8063 133.248
0.328 17.2197 137.186
0.329 100.682 147.657
0.33 214.073 161.726
0.331 319.861 173.403
0.332 380.327 175.764
0.333 370.922 163.6
0.334 289.396 135.639
0.335 157.27 95.4665
0.336 12.9023 50.7198
0.337 -101.483 10.8127
0.338 -154.161 -16.0058
0.339 -134.47 -25.2174
0.34 -55.8707 -17.3398
0.341 49.3447 2.45653
0.342 141.596 26.2546
0.343 187.708 46.1425
0.344 172.104 56.8469
0.345 101.745 57.3338
0.346 3.1625 50.8335
0.347 -87.3494 43.3257
0.348 -136.78 41.0752
0.349 -126.894 48.1464
0.35 -60.1158 64.8034
0.351 41.9388 87.3373
0.352 146.238 109.318
0.353 219.462 123.774
0.354 238.769 125.523
0.355 198.882 112.882
0.356 113.316 88.2152
0.357 9.40997 57.1628
0.358 -81.0433 26.85
0.359 -132.207 3.70427
0.36 -132.017 -8.35708
0.361 -85.0477 -8.80271
0.362 -10.042 -0.242596
0.363 66.6334 12.7298
0.364 119.42 25.1586
0.365 131.446 33.2936
0.366 99.5626 35.6583
0.367 35.0098 33.3243
0.368 -40.4976 29.3418
0.369 -101.86 27.5561
0.37 -128.462 31.2352
0.371 -110.392 41.9513
0.372 -51.3196 59.0161
0.373 32.5882 79.5753
0.374 117.387 99.3014
0.375 178.444 113.511
0.376 197.893 118.428
0.377 170.165 112.257
0.378 103.799 95.7327
0.379 18.9004 71.9779
0.38 -59.0611 45.7048
0.381 -107.224 21.9602
0.382 -112.654 4.75863
0.383 -76.6622 -4.01771
0.384 -14.6342 -5.10936
0.385 48.7633 -1.55504
0.386 87.6265 2.40405
0.387 83.6043 2.86745
0.388 32.5716 -2.23912
0.389 -53.1761 -12.251
0.39 -148.244 -23.7794
0.391 -222.147 -31.7167
0.392 -249.426 -30.9534
0.393 -218.38 -18.2559
0.394 -135.356 6.35929
0.395 -23.0536 39.291
0.396 86.6716 74.2388
0.397 163.211 104.048
0.398 187.418 122.913
0.399 158.12 128.196
0.4 92.4285 121.217
0.401 19.5493 106.714
0.402 -29.7738 91.1158
0.403 -34.3295 80.2348
0.404 9.95534 77.2163
0.405 88.5 81.4946
0.406 173.094 89.1282
0.407 231.737 94.3669
0.408 239.966 91.8848
0.409 189.707 78.889
0.41 92.4041 56.3396
0.411 -24.7904 28.8134
0.412 -128.355 3.02505
0.413 -189.808 -14.4633
0.414 -195.114 -19.4931
0.415 -148.896 -11.6961
0.416 -72.2024 5.44512
0.417 5.24287 25.8313
0.418 55.5266 42.8218
0.419 62.0794 51.4338
0.42 24.9159 49.914
0.421 -40.1182 40.1354
0.422 -107.579 26.7033
0.423 -151.713 15.14
0.424 -155.441 9.86821
0.425 -115.956 12.7375
0.426 -45.1625 22.5616
0.427 34.9454 35.7391
0.428 100.114 47.6743
0.429 132.002 54.4777
0.43 123.906 54.3445
0.431 82.3139 48.1187
0.432 24.0181 38.8564
0.433 -30.0005 30.6032
0.434 -61.7395 26.8984
0.435 -61.9072 29.5712
0.436 -32.3608 38.2009
0.437 15.2977 50.341
0.438 64.1107 62.3653
0.439 97.4075 70.6314
0.44 103.867 72.5768
0.441 80.6078 67.3887
0.442 33.5716 56.0607
0.443 -24.7673 40.9009
0.444 -79.5136 24.7532
0.445 -117.84 10.2327
0.446 -132.392 -0.82412
0.447 -122.752 -7.61157
0.448 -94.8686 -10.3138
0.449 -58.9216 -9.82558
0.45 -26.2522 -7.34358
0.451 -6.11237 -3.97144
0.452 -3.05838 -0.447574
0.453 -15.7487 2.97864
0.454 -37.5051 6.55086
0.455 -58.4152 10.907
0.456 -68.3235 16.8659
0.457 -59.9292 25.1042
0.458 -31.2335 35.7957
0.459 13.3538 48.3397
0.46 63.75 61.2944
0.461 106.806 72.5685
0.462 130.157 79.8635
0.463 126.154 81.2997
0.464 94.5807 76.0657
0.465 43.2049 64.8557
0.466 -14.1586 49.8791
0.467 -61.6442 34.3709
0.468 -86.2319 21.7315
0.469 -81.9539 14.5748
0.47 -51.9265 13.9892
0.471 -7.39663 19.2453
0.472 35.9898 28.0741
0.473 63.5146 37.4692
0.474 66.524 44.7563
0.475 45.5628 48.5286
0.476 10.2882 49.0731
0.477 -23.9466 48.1217
0.478 -41.6835 48.042
0.479 -33.1185 50.787
0.48 2.04913 56.9776
0.481 54.0595 65.4455
0.482 106.076 73.4368
0.483 139.769 77.4678
0.484 141.658 74.5604
0.485 107.976 63.3918
0.486 46.2486 44.9027
0.487 -27.0761 22.1321
0.488 -92.0801 -0.645784
0.489 -131.934 -19.1667
0.49 -138.273 -30.3949
0.491 -113.611 -33.3339
0.492 -70.0609 -29.1646
0.493 -24.8298 -20.6544
0.494 5.97202 -11.0532
0.495 13.0082 -2.9045
0.496 -3.17709 2.77364
0.497 -32.7227 6.65347
0.498 -60.363 10.6031
0.499 -71.1643 16.7658
0.5 -56.009 26.5647
0.501 -14.9501 39.9847
0.502 42.654 55.3905
0.503 101.233 69.9583
0.504 144.245 80.573
0.505 159.711 84.8566
0.506 144.11 81.9467
0.507 103.322 72.7554
0.508 50.4073 59.6443
0.509 1.10978 45.6637
0.51 -31.31 33.6303
0.511 -40.1745 25.3496
0.512 -27.1103 21.2191
0.513 -0.934047 20.3117
0.514 25.7824 20.8695
0.515 41.1911 21.0066
0.516 38.1499 19.3692
0.517 16.4302 15.5402
0.518 -17.4875 10.08
0.519 -52.8537 4.23233
0.52 -78.4083 -0.570685
0.521 -86.1384 -3.21068
0.522 -73.7869 -3.22737
0.523 -45.3583 -0.91258
0.524 -9.59354 2.84443
0.525 22.9729 6.88875
0.526 43.4029 10.1996
0.527 47.1398 12.2364
0.528 35.3335 13.1249
0.529 14.3101 13.6246
0.53 -6.60196 14.8963
0.531 -18.1461 18.1451
0.532 -14.0948 24.2457
0.533 6.8232 33.4459
0.534 40.5527 45.2188
0.535 78.9473 58.3034
0.536 112.228 70.9381
0.537 131.924 81.2403
0.538 133.401 87.6343
0.539 117.165 89.2062
0.54 88.563 85.8849
0.541 55.9632 78.3983
0.542 28.0544 68.0216
0.543 11.1232 56.1977
0.544 7.1756 44.1504
0.545 13.4888 32.6143
0.546 23.7407 21.7672
0.547 30.3429 11.3833
0.548 27.2073 1.14625
0.549 12.0286 -8.99134
0.55 -12.6998 -18.5434
0.551 -40.3241 -26.4423
0.552 -62.1431 -31.2537
0.553 -70.3009 -31.5965
0.554 -60.4725 -26.6187
0.555 -33.4231 -16.3578
0.556 5.07879 -1.86117
0.557 45.945 14.9758
0.558 79.5071 31.8131
0.559 98.4533 46.4066
0.56 100.01 57.1287
0.561 86.6218 63.297
0.562 64.8799 65.1938
0.563 43.0981 63.7829
0.564 28.4228 60.2567
0.565 24.5083 55.6044
0.566 30.5065 50.3429
0.567 41.6257 44.4756
0.568 51.0295 37.6666
0.569 52.4456 29.5655
0.57 42.5844 20.1688
0.571 22.4891 10.0616
0.572 -2.69761 0.413585
0.573 -25.4559 -7.28953
0.574 -38.4368 -11.6713
0.575 -36.9141 -11.873
0.576 -20.3441 -7.80856
0.577 7.42082 -0.204559
0.578 39.3127 9.57121
0.579 67.2505 19.8451
0.58 84.6379 29.0465
0.581 88.3033 36.0616
0.582 79.2315 40.4099
0.583 61.9068 42.2016
0.584 42.5937 41.9281
0.585 27.2021 40.1971
0.586 19.4311 37.5101
0.587 19.749 34.1394
0.588 25.5014 30.1216
0.589 32.0735 25.3555
0.59 34.6732 19.7634
0.591 30.0967 13.4482
0.592 17.8821 6.7805
0.593 0.50666 0.384086
0.594 -17.3797 -4.96665
0.595 -30.409 -8.49797
0.596 -34.176 -9.59635
0.597 -26.6194 -7.94067
0.598 -8.66879 -3.57833
0.599 16.0278 3.07311
0.6 42.176 11.2974
0.601 64.3525 20.2046
0.602 78.5142 28.8846
0.603 83.0758 36.5641
0.604 79.2461 42.739
0.605 70.5152 47.2454
0.606 61.4467 50.2385
0.607 56.1675 52.0791
0.608 57.0455 53.1635
0.609 63.9589 53.7532
0.61 74.3561 53.8595
0.611 84.0789 53.2173
0.612 88.7214 51.3648
0.613 85.1242 47.8167
0.614 72.5195 42.2834
0.615 52.9095 34.8576
0.616 30.5181 26.0829
0.617 10.4919 16.8649
0.618 -2.71557 8.24677
0.619 -6.75261 1.13003
0.62 -2.12303 -3.96291
0.621 7.9731 -7.00611
0.622 18.6983 -8.4269
0.623 25.2257 -8.91056
0.624 24.4315 -9.11089
0.625 16.0334 -9.36751
0.626 2.75731 -9.54206
0.627 -10.5399 -9.04848
0.628 -18.5025 -7.07693
0.629 -17.1124 -2.92921
0.63 -5.11203 3.66261
0.631 15.4729 12.3536
0.632 39.9027 22.2035
0.633 62.2135 31.8892
0.634 77.1361 40.0475
0.635 81.7894 45.6404
0.636 76.5561 48.222
0.637 64.832 48.0074
0.638 51.7358 45.7161
0.639 42.2479 42.2503
0.64 39.4448 38.3445
0.641 43.4494 34.3256
0.642 51.4457 30.0635
0.643 58.7396 25.1154
0.644 60.4996 19
0.645 53.5737 11.5041
0.646 37.7412 2.90817
0.647 15.9364 -5.96335
0.648 -6.64978 -13.9059
0.649 -24.2653 -19.6616
0.65 -32.4739 -22.2848
0.651 -29.5603 -21.4095
0.652 -17.0131 -17.3322
0.653 1.04409 -10.8994
0.654 19.266 -3.24707
0.655 32.8598 4.51967
0.656 39.1107 11.6033
0.657 38.1325 17.6559
0.658 32.5999 22.7421
0.659 26.6015 27.154
0.66 24.0683 31.1679
0.661 27.3437 34.8461
0.662 36.3682 37.9526
0.663 48.7273 40.0074
0.664 60.5251 40.4545
0.665 67.7671 38.8823
0.666 67.7606 35.2129
0.667 60.0436 29.784
0.668 46.534 23.2941
0.669 30.8846 16.6364
0.67 17.2979 10.6883
0.671 9.21232 6.12163
0.672 8.27836 3.28097
0.673 13.9441 2.15825
0.674 23.7637 2.4672
0.675 34.2901 3.78474
0.676 42.2225 5.70092
0.677 45.4185 7.91941
0.678 43.4631 10.2827
0.679 37.6558 12.738
0.68 30.464 15.2778
0.681 24.6326 17.8775
0.682 22.2432 20.4431
0.683 24.0361 22.7865
0.684 29.2121 24.6425
0.685 35.7499 25.7254
0.686 41.0931 25.8003
0.687 42.9704 24.7361
0.688 40.1028 22.5265
0.689 32.6061 19.2899
0.69 21.9741 15.2613
0.691 10.6348 10.7726
0.692 1.21309 6.21259
0.693 -4.25485 1.96832
0.694 -4.89881 -1.63396
0.695 -1.21749 -4.37132
0.696 5.12529 -6.14321
0.697 11.8356 -6.96912
0.698 16.7063 -6.96592
0.699 18.3145 -6.30119
0.7 16.4804 -5.12903
0.701 12.319 -3.53287
0.702 7.85476 -1.50219
0.703 5.33527 1.04497
0.704 6.47542 4.20092
0.705 11.8724 7.98926
0.706 20.7651 12.2961
0.707 31.2172 16.8383
0.708 40.6844 21.1857
0.709 46.8033 24.8414
0.71 48.1416 27.3557
0.711 44.6482 28.4384
0.712 37.6448 28.0291
0.713 29.3668 26.3052
0.714 22.2153 23.6215
0.715 17.9646 20.398
0.716 17.184 16.9945
0.717 19.069 13.6184
0.718 21.7496 10.3014
0.719 22.9813 6.95186
0.72 20.9773 3.45994
0.721 15.0886 -0.190904
0.722 6.09329 -3.84711
0.723 -4.00368 -7.17049
0.724 -12.5934 -9.69675
0.725 -17.3013 -10.9546
0.726 -16.7612 -10.6081
0.727 -11.0618 -8.57216
0.728 -1.70853 -5.05503
0.729 8.8805 -0.512214
0.73 18.1663 4.47053
0.731 24.2918 9.32103
0.732 26.6265 13.606
0.733 25.879 17.1026
0.734 23.7483 19.7984
0.735 22.245 21.8231
0.736 22.9253 23.339
0.737 26.31 24.4343
0.738 31.6918 25.0598
0.739 37.388 25.0376
0.74 41.3345 24.1327
0.741 41.8089 22.1597
0.742 38.034 19.0832
0.743 30.4614 15.0749
0.744 20.6411 10.5074
0.745 10.7287 5.88459
0.746 2.80406 1.73001
0.747 -1.76064 -1.53295
0.748 -2.6719 -3.67068
0.749 -0.717932 -4.67153
0.75 2.57285 -4.71343
0.751 5.48738 -4.08203
0.752 6.70711 -3.06943
0.753 5.72013 -1.8896
0.754 2.93762 -0.637098
0.755 -0.509257 0.702925
0.756 -3.20597 2.20374
0.757 -3.96308 3.92703
0.758 -2.22107 5.86037
0.759 1.77294 7.88405
0.76 7.05778 9.77953
0.761 12.2766 11.2789
0.762 16.1101 12.1395
0.763 17.6804 12.2169
0.764 16.8 11.508
0.765 13.994 10.1534
0.766 10.3025 8.3991
0.767 6.93638 6.53423
0.768 4.90178 4.82268
0.769 4.70709 3.44711
0.77 6.23463 2.47971
0.771 8.80979 1.88849
0.772 11.4374 1.5758
0.773 13.1254 1.43266
0.774 13.1952 1.38713
0.775 11.4872 1.43002
0.776 8.40319 1.6117
0.777 4.77904 2.01553
0.778 1.62504 2.71889
0.779 -0.185959 3.75371
0.78 -0.186452 5.07848
0.781 1.54694 6.57246
0.782 4.42396 8.05566
0.783 7.52687 9.32858
0.784 9.89433 10.2184
0.785 10.8176 10.6165
0.786 10.0598 10.496
0.787 7.92714 9.90861
0.788 5.1635 8.96176
0.789 2.69772 7.78622
0.79 1.33014 6.50233
0.791 1.46452 5.1961
0.792 2.97198 3.91151
0.793 5.22956 2.65994
0.794 7.32352 1.44174
0.795 8.35686 0.271143
0.796 7.76323 -0.805292
0.797 5.51851 -1.70385
0.798 2.17056 -2.31499
0.799 -1.32686 -2.52751
0.8 -3.91721 -2.25707
0.801 -4.77901 -1.47009
0.802 -3.58964 -0.196895
0.803 -0.630067 1.46807
0.804 3.30695 3.37956
0.805 7.17837 5.36569
0.806 10.0341 7.25711
0.807 11.3203 8.91217
0.808 11.0362 10.2312
0.809 9.69694 11.1581
0.81 8.12192 11.6736
0.811 7.12578 11.7851
0.812 7.21547 11.5157
0.813 8.39977 10.8934
0.814 10.182 9.94484
0.815 11.7398 8.69581
0.816 12.2249 7.17968
0.817 11.0698 5.44876
0.818 8.19549 3.58191
0.819 4.05321 1.68485
0.82 -0.508537 -0.116398
0.821 -4.50866 -1.68756
0.822 -7.14177 -2.90329
0.823 -8.02271 -3.66782
0.824 -7.28121 -3.93385
0.825 -5.47917 -3.7128
0.826 -3.39124 -3.07205
0.827 -1.73435 -2.1203
0.828 -0.937746 -0.985594
0.829 -1.02403 0.208251
0.83 -1.63536 1.36201
0.831 -2.19302 2.41336
0.832 -2.13102 3.33724
0.833 -1.11528 4.1342
0.834 0.832108 4.81223
0.835 3.34207 5.37003
0.836 5.82664 5.78807
0.837 7.67453 6.03021
0.838 8.44865 6.05532
0.839 8.02276 5.83537
0.84 6.61305 5.37377
0.841 4.69482 4.71608
0.842 2.83707 3.94685
0.843 1.51791 3.17207
0.844 0.985196 2.49374
0.845 1.20225 1.98505
0.846 1.88614 1.67354
0.847 2.61949 1.53654
0.848 2.99829 1.51101
0.849 2.76676 1.51597
0.85 1.89395 1.48097
0.851 0.569186 1.36997
0.852 -0.87456 1.19082
0.853 -2.07556 0.987596
0.854 -2.75633 0.821012
0.855 -2.80234 0.745121
0.856 -2.28642 0.787828
0.857 -1.43318 0.940635
0.858 -0.536061 1.16137
0.859 0.142712 1.39012
0.86 0.453746 1.57302
0.861 0.398695 1.68375
0.862 0.118355 1.73278
0.863 -0.160745 1.76124
0.864 -0.20391 1.82321
0.865 0.152369 1.96405
0.866 0.94371 2.20191
0.867 2.06303 2.51811
0.868 3.29193 2.85997
0.869 4.36531 3.15615
0.87 5.04692 3.33959
0.871 5.1942 3.36918
0.872 4.79587 3.24164
0.873 3.97188 2.99006
0.874 2.93515 2.67116
0.875 1.92629 2.34673
0.876 1.14314 2.06571
0.877 0.688411 1.85235
0.878 0.550356 1.70411
0.879 0.619336 1.59943
0.88 0.733602 1.51146
0.881 0.740268 1.42173
0.882 0.551839 1.32798
0.883 0.178233 1.24403
0.884 -0.277589 1.19242
0.885 -0.658163 1.19318
0.886 -0.809321 1.25307
0.887 -0.636954 1.35964
0.888 -0.144519 1.48264
0.889 0.560782 1.58213
0.89 1.29661 1.62022
0.891 1.8609 1.57164
0.892 2.09518 1.42997
0.893 1.93304 1.20834
0.894 1.41784 0.934922
0.895 0.685532 0.644905
0.896 -0.0795049 0.371796
0.897 -0.701077 0.141051
0.898 -1.06259 -0.0320424
0.899 -1.13676 -0.140602
0.9 -0.983728 -0.182682
0.901 -0.719148 -0.158462
0.902 -0.466342 -0.0691672
0.903 -0.311193 0.0823737
0.904 -0.275018 0.290091
0.905 -0.312385 0.542823
0.906 -0.332726 0.823416
0.907 -0.23791 1.10973
0.908 0.0372307 1.37758
0.909 0.496247 1.60454
0.91 1.07532 1.77304
0.911 1.66204 1.87186
0.912 2.13046 1.89604
0.913 2.37911 1.84585
0.914 2.35992 1.72562
0.915 2.09017 1.54304
0.916 1.64451 1.30937
0.917 1.13027 1.04009
0.918 0.654114 0.755192
0.919 0.291936 0.477997
0.92 0.0718959 0.232411
0.921 -0.0250614 0.0391462
0.922 -0.0499231 -0.0879443
0.923 -0.0624821 -0.144373
0.924 -0.108409 -0.135527
0.925 -0.203622 -0.0747414
0.926 -0.330499 0.0207172
0.927 -0.446548 0.134326
0.928 -0.501807 0.253784
0.929 -0.458185 0.372059
0.93 -0.303718 0.48608
0.931 -0.0573502 0.594141
0.932 0.236455 0.69332
0.933 0.520886 0.777926
0.934 0.74334 0.839643
0.935 0.870126 0.869602
0.936 0.894743 0.861779
0.937 0.837453 0.816212
0.938 0.736832 0.740367
0.939 0.636635 0.64784
0.94 0.572407 0.554898
0.941 0.561798 0.476212
0.942 0.601024 0.421207
0.943 0.668093 0.392078
0.944 0.731448 0.38402
0.945 0.760967 0.387596
0.946 0.737649 0.392392
0.947 0.658922 0.390533
0.948 0.538299 0.378736
0.949 0.400029 0.358292
0.95 0.270866 0.333331
0.951 0.171669 0.308299
0.952 0.111434 0.28572
0.953 0.0855507 0.265081
0.954 0.0787676 0.243245
0.955 0.0716599 0.216141
0.956 0.0481738 0.180915
0.957 0.00150218 0.1376
0.958 -0.0636606 0.0896279
0.959 -0.133002 0.0430433
0.96 -0.187705 0.00474219
0.961 -0.210932 -0.019632
0.962 -0.193541 -0.0273724
0.963 -0.137143 -0.0193356
0.964 -0.0535299 0.000664116
0.965 0.0392135 0.0273044
0.966 0.122394 0.0553656
0.967 0.18211 0.0809286
0.968 0.212567 0.101893
0.969 0.216438 0.117821
0.97 0.202523 0.129283
0.971 0.181833 0.137014
0.972 0.163577 0.141268
0.973 0.152417 0.141678
0.974 0.147768 0.137609
0.975 0.145147 0.1287
0.976 0.138794 0.115273
0.977 0.124443 0.0984399
0.978 0.101164 0.0799271
0.979 0.0716568 0.0616873
0.98 0.0411011 0.045444
0.981 0.0151661 0.0323121
0.982 -0.0019486 0.0226489
0.983 -0.00874326 0.016172
0.984 -0.00658287 0.012237
0.985 0.00111294 0.0101107
0.986 0.010243 0.00914734
0.987 0.0174069 0.00885507
0.988 0.020798 0.00888624
0.989 0.0203574 0.00898821
0.99 0.017274 0.0089563
0.991 0.0131765 0.00862419
0.992 0.00940592 0.00789598
0.993 0.00662817 0.00678263
0.994 0.00483998 0.00540144
0.995 0.00365318 0.00393305
0.996 0.00265819 0.0025625
0.997 0.00167456 0.00143242
0.998 0.000786081 0.000621701
0.999 0.000190817 0.000150149
0.12 17.9076 3.05354
0.24 17.9484 3.06148
0.36 18.0163 3.07467
0.48 18.111 3.09306
0.6 18.2321 3.11654
0.72 18.379 3.14502
0.84 18.5513 3.17835
0.96 18.7483 3.21638
1.08 18.9691 3.25894
1.2 19.2128 3.30581
1.32 19.4786 3.35678
1.44 19.7654 3.41162
1.56 20.072 3.47008
1.68 20.3972 3.53187
1.8 20.7399 3.59673
1.92 21.0986 3.66436
2.04 21.472 3.73446
2.16 21.8586 3.8067
2.28 22.2571 3.88078
2.4 22.6658 3.95637
2.52 23.0833 4.03314
2.64 23.508 4.11077
2.76 23.9384 4.18892
2.88 24.3729 4.26728
3 24.81 4.34552
3.12 25.248 4.42332
3.24 25.6855 4.50038
3.36 26.1209 4.5764
3.48 26.5528 4.65108
3.6 26.9797 4.72415
3.72 27.4002 4.79534
3.84 27.8129 4.8644
3.96 28.2166 4.93109
4.08 28.6099 4.99519
4.2 28.9916 5.05649
4.32 29.3608 5.1148
4.44 29.7162 5.16996
4.56 30.0569 5.22181
4.68 30.3819 5.27021
4.8 30.6905 5.31505
4.92 30.9819 5.35622
5.04 31.2554 5.39364
5.16 31.5104 5.42726
5.28 31.7464 5.45702
5.4 31.9629 5.48289
5.52 32.1597 5.50486
5.64 32.3364 5.52294
5.76 32.4929 5.53714
5.88 32.629 5.54748
6 32.7448 5.55403
6.12 32.8402 5.55683
6.24 32.9153 5.55594
6.36 32.9705 5.55146
6.48 33.0058 5.54346
6.6 33.0217 5.53204
6.72 33.0185 5.5173
6.84 32.9966 5.49936
6.96 32.9565 5.47831
7.08 32.8988 5.45428
7.2 32.8239 5.42739
7.32 32.7326 5.39776
7.44 32.6254 5.3655
7.56 32.5031 5.33074
7.68 32.3662 5.29359
7.8 32.2157 5.25417
7.92 32.0521 5.2126
8.04 31.8762 5.16898
8.16 31.6889 5.12342
8.28 31.4907 5.07602
8.4 31.2826 5.02688
8.52 31.0653 4.97608
8.64 30.8395 4.92372
8.76 30.606 4.86986
8.88 30.3655 4.81458
9 30.1187 4.75795
9.12 29.8663 4.70003
9.24 29.609 4.64087
9.36 29.3475 4.58051
9.48 29.0822 4.519
9.6 28.814 4.45637
9.72 28.5432 4.39266
9.84 28.2705 4.32789
9.96 27.9963 4.26209
10.08 27.7212 4.19526
10.2 27.4455 4.12744
10.32 27.1697 4.05863
10.44 26.8942 3.98883
10.56 26.6192 3.91807
10.68 26.345 3.84635
10.8 26.0721 3.77367
10.92 25.8005 3.70005
11.04 25.5305 3.62549
11.16 25.2622 3.55001
11.28 24.9959 3.47362
11.4 24.7316 3.39633
11.52 24.4695 3.31817
11.64 24.2095 3.23916
11.76 23.9517 3.15931
11.88 23.6962 3.07867
12 23.4429 2.99727
12.12 23.1919 2.91515
12.24 22.943 2.83235
12.36 22.6962 2.74894
12.48 22.4515 2.66495
12.6 22.2087 2.58046
12.72 21.9678 2.49553
12.84 21.7287 2.41024
12.96 21.4912 2.32467
13.08 21.2552 2.2389
13.2 21.0206 2.15301
13.32 20.7872 2.06711
13.44 20.555 1.9813
13.56 20.3238 1.89566
13.68 20.0935 1.81033
13.8 19.8639 1.72539
13.92 19.635 1.64097
14.04 19.4065 1.55719
14.16 19.1784 1.47415
14.28 18.9506 1.39199
14.4 18.7229 1.31081
14.52 18.4953 1.23074
14.64 18.2677 1.1519
14.76 18.0399 1.07441
14.88 17.812 0.998389
15 17.5839 0.923945
15.12 17.3554 0.851194
15.24 17.1266 0.780247
15.36 16.8974 0.711208
15.48 16.6679 0.644179
15.6 16.4379 0.579256
15.72 16.2075 0.516529
15.84 15.9767 0.456085
15.96 15.7455 0.398
16.08 15.5139 0.342347
16.2 15.282 0.289191
16.32 15.0499 0.238588
16.44 14.8175 0.190589
16.56 14.5849 0.145234
16.68 14.3522 0.102557
16.8 14.1195 0.0625816
16.92 13.8869 0.0253244
17.04 13.6544 -0.00920747
17.16 13.4222 -0.0410155
17.28 13.1904 -0.0701098
17.4 12.959 -0.0965093
17.52 12.7282 -0.120242
17.64 12.498 -0.141343
17.76 12.2687 -0.159857
17.88 12.0403 -0.175837
18 11.813 -0.189343
18.12 11.5869 -0.200443
18.24 11.3621 -0.209212
18.36 11.1387 -0.215734
18.48 10.9169 -0.220095
18.6 10.6968 -0.222392
18.72 10.4785 -0.222726
18.84 10.2621 -0.221201
18.96 10.0478 -0.217928
19.08 9.83575 -0.213023
19.2 9.62596 -0.206603
19.32 9.41858 -0.198791
19.44 9.21372 -0.18971
19.56 9.01149 -0.179488
19.68 8.81198 -0.168251
19.8 8.61528 -0.156128
19.92 8.42149 -0.143249
20.04 8.23068 -0.129741
20.16 8.04292 -0.115733
20.28 7.85829 -0.10135
20.4 7.67685 -0.0867171
20.52 7.49865 -0.0719561
20.64 7.32373 -0.0571855
20.76 7.15214 -0.0425205
20.88 6.9839 -0.028072
21 6.81905 -0.0139467
21.12 6.6576 -0.000246025
21.24 6.49955 0.0129339
21.36 6.34491 0.0255028
21.48 6.19367 0.0373765
21.6 6.04582 0.0484773
21.72 5.90133 0.0587342
21.84 5.76019 0.0680834
21.96 5.62236 0.0764683
22.08 5.48778 0.0838395
22.2 5.35643 0.0901554
22.32 5.22824 0.0953821
22.44 5.10315 0.0994932
22.56 4.98111 0.10247
22.68 4.86203 0.104302
22.8 4.74585 0.104986
22.92 4.63249 0.104526
23.04 4.52187 0.102935
23.16 4.4139 0.100231
23.28 4.30849 0.0964396
23.4 4.20555 0.0915947
23.52 4.105 0.0857354
23.64 4.00673 0.078907
23.76 3.91066 0.0711609
23.88 3.81669 0.0625537
24 3.72472 0.0531473
24.12 3.63466 0.0430079
24.24 3.54642 0.0322058
24.36 3.45991 0.0208151
24.48 3.37503 0.00891307
24.6 3.2917 -0.00342056
24.72 3.20984 -0.0161038
24.84 3.12936 -0.0290532
24.96 3.05018 -0.042184
25.08 2.97223 -0.0554112
25.2 2.89545 -0.0686495
25.32 2.81976 -0.0818144
25.44 2.7451 -0.0948223
25.56 2.67142 -0.107591
25.68 2.59866 -0.12004
25.8 2.52678 -0.132093
25.92 2.45573 -0.143674
26.04 2.38549 -0.154713
26.16 2.31602 -0.165141
26.28 2.24729 -0.174895
26.4 2.17928 -0.183917
26.52 2.11198 -0.192151
26.64 2.04538 -0.19955
26.76 1.97947 -0.20607
26.88 1.91425 -0.211671
27 1.84972 -0.216322
27.12 1.7859 -0.219995
27.24 1.7228 -0.222669
27.36 1.66043 -0.224331
27.48 1.5988 -0.224969
27.6 1.53796 -0.224583
27.72 1.47791 -0.223173
27.84 1.41869 -0.220749
27.96 1.36033 -0.217324
28.08 1.30287 -0.212919
28.2 1.24633 -0.207558
28.32 1.19075 -0.201271
28.44 1.13617 -0.194093
28.56 1.08263 -0.186063
28.68 1.03016 -0.177223
28.8 0.978794 -0.167622
28.92 0.928575 -0.15731
29.04 0.879535 -0.146341
29.16 0.831708 -0.134771
29.28 0.785127 -0.122658
29.4 0.739822 -0.110065
29.52 0.695821 -0.0970535
29.64 0.65315 -0.0836866
29.76 0.611833 -0.0700292
29.88 0.571891 -0.0561458
30 0.533341 -0.0421011
30.12 0.496197 -0.0279597
30.24 0.460472 -0.0137848
30.36 0.426173 0.000360823
30.48 0.393305 0.0144164
30.6 0.361869 0.0283225
30.72 0.331863 0.0420222
30.84 0.30328 0.0554605
30.96 0.27611 0.0685853
31.08 0.250342 0.0813472
31.2 0.225959 0.0936998
31.32 0.20294 0.1056
31.44 0.181264 0.117008
31.56 0.160903 0.127887
31.68 0.141829 0.138206
31.8 0.12401 0.147934
31.92 0.107412 0.157046
32.04 0.0919974 0.165521
32.16 0.0777274 0.173342
32.28 0.0645609 0.180492
32.4 0.052455 0.186963
32.52 0.041365 0.192748
32.64 0.0312454 0.197841
32.76 0.022049 0.202244
32.88 0.0137282 0.20596
33 0.00623448 0.208995
33.12 -0.000480808 0.211357
33.24 -0.00646659 0.213058
33.36 -0.0117717 0.214114
33.48 -0.0164445 0.214541
33.6 -0.0205331 0.214357
33.72 -0.0240846 0.213584
33.84 -0.0271452 0.212245
33.96 -0.02976 0.210364
34.08 -0.0319729 0.207966
34.2 -0.0338261 0.205079
34.32 -0.0353604 0.201731
34.44 -0.0366145 0.197949
34.56 -0.0376257 0.193764
34.68 -0.0384287 0.189206
34.8 -0.0390568 0.184303
34.92 -0.0395405 0.179086
35.04 -0.0399085 0.173585
35.16 -0.0401872 0.16783
35.28 -0.0404005 0.161849
35.4 -0.0405703 0.155672
35.52 -0.040716 0.149327
35.64 -0.0408547 0.142841
35.76 -0.0410015 0.136242
35.88 -0.0411692 0.129554
36 -0.0413683 0.122803
36.12 -0.0416076 0.116013
36.24 -0.0418935 0.109207
36.36 -0.042231 0.102406
36.48 -0.0426229 0.0956311
36.6 -0.0430706 0.0889022
36.72 -0.0435739 0.0822375
36.84 -0.0441311 0.0756545
36.96 -0.0447392 0.0691693
37.08 -0.0453943 0.0627971
37.2 -0.0460912 0.0565519
37.32 -0.0468239 0.0504465
37.44 -0.0475856 0.044493
37.56 -0.0483691 0.038702
37.68 -0.0491666 0.0330836
37.8 -0.0499698 0.0276465
37.92 -0.0507705 0.0223987
38.04 -0.0515603 0.0173473
38.16 -0.0523307 0.0124983
38.28 -0.0530736 0.00785716
38.4 -0.053781 0.00342833
38.52 -0.0544454 -0.000784446
38.64 -0.0550596 -0.00477819
38.76 -0.0556171 -0.00855063
38.88 -0.0561119 -0.0121002
39 -0.0565389 -0.015426
39.12 -0.0568933 -0.0185278
39.24 -0.0571717 -0.0214059
39.36 -0.0573711 -0.0240614
39.48 -0.0574894 -0.0264957
39.6 -0.0575255 -0.028711
39.72 -0.0574793 -0.0307099
39.84 -0.0573512 -0.0324957
39.96 -0.0571428 -0.034072
40.08 -0.0568564 -0.035443
40.2 -0.0564953 -0.0366135
40.32 -0.0560634 -0.0375885
40.44 -0.0555654 -0.0383737
40.56 -0.0550067 -0.038975
40.68 -0.0543934 -0.0393989
40.8 -0.0537321 -0.0396521
40.92 -0.05303 -0.039742
41.04 -0.0522947 -0.0396758
41.16 -0.0515341 -0.0394616
41.28 -0.0507565 -0.0391074
41.4 -0.0499705 -0.0386215
41.52 -0.0491846 -0.0380126
41.64 -0.0484075 -0.0372894
41.76 -0.0476479 -0.0364609
41.88 -0.0469143 -0.0355362
42 -0.0462152 -0.0345244
42.12 -0.0455586 -0.0334347
42.24 -0.0449524 -0.0322763
42.36 -0.0444041 -0.0310583
42.48 -0.0439206 -0.0297899
42.6 -0.0435083 -0.0284799
42.72 -0.0431733 -0.0271373
42.84 -0.0429208 -0.0257705
42.96 -0.0427555 -0.0243879
43.08 -0.0426814 -0.0229975
43.2 -0.0427017 -0.0216071
43.32 -0.0428191 -0.020224
43.44 -0.0430351 -0.0188552
43.56 -0.043351 -0.0175072
43.68 -0.043767 -0.0161861
43.8 -0.0442824 -0.0148974
43.92 -0.0448962 -0.0136464
44.04 -0.0456062 -0.0124375
44.16 -0.0464098 -0.0112747
44.28 -0.0473036 -0.0101616
44.4 -0.0482835 -0.00910103
44.52 -0.0493449 -0.00809539
44.64 -0.0504826 -0.00714649
44.76 -0.0516906 -0.00625556
44.88 -0.0529629 -0.00542334
45 -0.0542926 -0.00465
45.12 -0.0556728 -0.00393523
45.24 -0.0570959 -0.00327823
45.36 -0.0585544 -0.00267771
45.48 -0.0600404 -0.002132
45.6 -0.0615458 -0.00163898
45.72 -0.0630626 -0.0011962
45.84 -0.0645825 -0.000800863
45.96 -0.0660974 -0.000449886
46.08 -0.0675993 -0.000139939
46.2 -0.0690802 0.00013252
46.32 -0.0705324 0.000371197
46.44 -0.0719482 0.000579921
46.56 -0.0733205 0.000762603
46.68 -0.0746423 0.000923192
46.8 -0.0759068 0.00106564
46.92 -0.077108 0.00119384
47.04 -0.0782398 0.00131163
47.16 -0.0792968 0.00142272
47.28 -0.0802742 0.00153065
47.4 -0.0811672 0.00163881
47.52 -0.081972 0.00175036
47.64 -0.082685 0.00186824
47.76 -0.083303 0.0019951
47.88 -0.0838235 0.00213335
48 -0.0842444 0.00228508
48.12 -0.0845641 0.00245209
48.24 -0.0847814 0.00263586
48.36 -0.0848957 0.00283757
48.48 -0.0849066 0.00305805
48.6 -0.0848143 0.00329784
48.72 -0.0846195 0.00355716
48.84 -0.084323 0.00383594
48.96 -0.0839262 0.00413379
49.08 -0.0834306 0.00445008
49.2 -0.0828383 0.0047839
49.32 -0.0821514 0.00513411
49.44 -0.0813725 0.00549935
49.56 -0.0805042 0.00587806
49.68 -0.0795495 0.00626851
49.8 -0.0785113 0.00666884
49.92 -0.077393 0.00707706
50.04 -0.076198 0.00749108
50.16 -0.0749296 0.00790874
50.28 -0.0735915 0.00832787
50.4 -0.0721872 0.00874624
50.52 -0.0707205 0.00916168
50.64 -0.069195 0.00957202
50.76 -0.0676145 0.00997515
50.88 -0.0659827 0.0103691
51 -0.0643034 0.0107518
51.12 -0.0625801 0.0111216
51.24 -0.0608166 0.0114767
51.36 -0.0590166 0.0118157
51.48 -0.0571837 0.0121371
51.6 -0.0553213 0.0124398
51.72 -0.0534331 0.0127226
51.84 -0.0515226 0.0129848
51.96 -0.049593 0.0132257
52.08 -0.047648 0.0134447
52.2 -0.0456907 0.0136416
52.32 -0.0437245 0.0138161
52.44 -0.0417526 0.0139685
52.56 -0.0397783 0.0140987
52.68 -0.0378045 0.0142073
52.8 -0.0358346 0.0142946
52.92 -0.0338714 0.0143614
53.04 -0.0319181 0.0144084
53.16 -0.0299775 0.0144364
53.28 -0.0280527 0.0144465
53.4 -0.0261463 0.0144397
53.52 -0.0242612 0.0144172
53.64 -0.0224001 0.0143801
53.76 -0.0205657 0.0143297
53.88 -0.0187605 0.0142672
54 -0.016987 0.0141941
54.12 -0.0152476 0.0141115
54.24 -0.0135446 0.0140207
54.36 -0.0118801 0.0139232
54.48 -0.0102561 0.0138201
54.6 -0.00867468 0.0137128
54.72 -0.00713749 0.0136023
54.84 -0.00564616 0.01349
54.96 -0.00420214 0.0133769
55.08 -0.00280672 0.0132641
55.2 -0.00146099 0.0131526
55.32 -0.000165834 0.0130435
55.44 0.00107803 0.0129376
55.56 0.00227012 0.0128358
55.68 0.00341014 0.0127389
55.8 0.00449803 0.0126477
55.92 0.00553395 0.0125629
56.04 0.00651826 0.0124851
56.16 0.00745156 0.0124151
56.28 0.00833466 0.0123533
56.4 0.00916859 0.0123002
56.52 0.00995457 0.0122566
56.64 0.010694 0.0122227
56.76 0.0113886 0.012199
56.88 0.0120402 0.012186
57 0.0126506 0.0121841
57.12 0.013222 0.0121937
57.24 0.0137567 0.0122151
57.36 0.0142571 0.0122487
57.48 0.0147256 0.0122948
57.6 0.0151647 0.0123538
57.72 0.0155772 0.0124258
57.84 0.0159656 0.0125112
57.96 0.0163327 0.0126103
58.08 0.0166809 0.0127232
58.2 0.0170131 0.0128501
58.32 0.0173317 0.0129912
58.44 0.0176393 0.0131465
58.56 0.0179381 0.0133162
58.68 0.0182305 0.0135002
58.8 0.0185186 0.0136985
58.92 0.0188044 0.013911
59.04 0.0190896 0.0141374
59.16 0.0193759 0.0143775
59.28 0.0196645 0.0146309
59.4 0.0199568 0.0148973
59.52 0.0202536 0.015176
59.64 0.0205557 0.0154665
59.76 0.0208634 0.0157681
59.88 0.0211771 0.0160798
60 0.0214967 0.0164008
60.12 0.021822 0.01673
60.24 0.0221525 0.0170663
60.36 0.0224874 0.0174084
60.48 0.0228259 0.017755
60.6 0.0231667 0.0181047
60.72 0.0235086 0.0184558
60.84 0.02385 0.0188067
60.96 0.0241893 0.0191558
61.08 0.0245246 0.0195012
61.2 0.024854 0.0198412
61.32 0.0251755 0.0201737
61.44 0.025487 0.0204968
61.56 0.0257862 0.0208086
61.68 0.0260711 0.0211071
61.8 0.0263393 0.0213903
61.92 0.0265887 0.0216561
62.04 0.0268171 0.0219027
62.16 0.0270225 0.0221281
62.28 0.0272027 0.0223304
62.4 0.0273559 0.0225078
62.52 0.0274802 0.0226586
62.64 0.027574 0.0227813
62.76 0.0276357 0.0228743
62.88 0.027664 0.0229362
63 0.0276576 0.0229658
63.12 0.0276156 0.022962
63.24 0.0275371 0.022924
63.36 0.0274215 0.0228509
63.48 0.0272682 0.0227422
63.6 0.0270772 0.0225975
63.72 0.0268482 0.0224167
63.84 0.0265814 0.0221998
63.96 0.0262771 0.021947
64.08 0.0259358 0.0216587
64.2 0.025558 0.0213355
64.32 0.0251447 0.0209784
64.44 0.0246965 0.0205883
64.56 0.0242147 0.0201665
64.68 0.0237003 0.0197144
64.8 0.0231545 0.0192335
64.92 0.0225786 0.0187258
65.04 0.0219739 0.0181929
65.16 0.0213418 0.0176372
65.28 0.0206836 0.0170607
65.4 0.0200009 0.0164657
65.52 0.0192948 0.0158548
65.64 0.0185667 0.0152304
65.76 0.017818 0.0145951
65.88 0.0170497 0.0139515
66 0.0162631 0.0133023
66.12 0.0154593 0.0126502
66.24 0.0146392 0.0119978
66.36 0.0138036 0.0113478
66.48 0.0129534 0.0107027
66.6 0.0120893 0.0100652
66.72 0.0112118 0.00943767
66.84 0.0103214 0.00882244
66.96 0.00941856 0.00822178
67.08 0.0085035 0.00763779
67.2 0.00757647 0.00707244
67.32 0.00663763 0.00652751
67.44 0.00568708 0.00600462
67.56 0.00472488 0.00550521
67.68 0.00375105 0.00503051
67.8 0.00276562 0.00458154
67.92 0.00176859 0.00415911
68.04 0.000760005 0.0037638
68.16 -0.000260057 0.00339598
68.28 -0.00129147 0.00305576
68.4 -0.00233402 0.00274305
68.52 -0.00338743 0.00245751
68.64 -0.00445131 0.00219857
68.76 -0.00552513 0.00196545
68.88 -0.00660826 0.00175714
69 -0.00769991 0.00157241
69.12 -0.00879913 0.00140983
69.24 -0.00990483 0.00126779
69.36 -0.0110157 0.00114448
69.48 -0.0121304 0.00103793
69.6 -0.0132472 0.000946002
69.72 -0.0143644 0.00086644
69.84 -0.01548 0.000796852
69.96 -0.0165918 0.000734747
70.08 -0.0176978 0.000677547
70.2 -0.0187953 0.000622612
70.32 -0.019882 0.000567257
70.44 -0.0209552 0.000508775
70.56 -0.0220122 0.00044446
70.68 -0.0230501 0.000371625
70.8 -0.0240662 0.000287629
70.92 -0.0250576 0.000189899
71.04 -0.0260216 7.59475e-05
71.16 -0.0269552 -5.65989e-05
71.28 -0.0278558 -0.000209982
71.4 -0.0287207 -0.000386289
71.52 -0.0295474 -0.000587435
71.64 -0.0303336 -0.000815138
71.76 -0.031077 -0.00107091
71.88 -0.0317757 -0.00135602
72 -0.032428 -0.00167152
72.12 -0.0330324 -0.00201816
72.24 -0.0335877 -0.00239647
72.36 -0.034093 -0.00280665
72.48 -0.0345478 -0.00324864
72.6 -0.0349517 -0.00372207
72.72 -0.0353051 -0.00422627
72.84 -0.0356082 -0.00476026
72.96 -0.0358621 -0.00532276
73.08 -0.036068 -0.00591218
73.2 -0.0362274 -0.00652664
73.32 -0.0363422 -0.00716398
73.44 -0.036415 -0.00782173
73.56 -0.0364483 -0.00849718
73.68 -0.0364451 -0.00918734
73.8 -0.0364087 -0.009889
73.92 -0.0363429 -0.0105987
74.04 -0.0362514 -0.0113129
74.16 -0.0361383 -0.0120278
74.28 -0.036008 -0.0127393
74.4 -0.0358651 -0.0134436
74.52 -0.035714 -0.0141363
74.64 -0.0355595 -0.0148134
74.76 -0.0354065 -0.0154705
74.88 -0.0352598 -0.0161036
75 -0.0351241 -0.0167084
75.12 -0.0350041 -0.0172809
75.24 -0.0349045 -0.0178171
75.36 -0.0348298 -0.0183133
75.48 -0.0347843 -0.0187657
75.6 -0.0347721 -0.0191711
75.72 -0.034797 -0.0195263
75.84 -0.0348626 -0.0198285
75.96 -0.0349721 -0.0200753
76.08 -0.0351284 -0.0202644
76.2 -0.035334 -0.0203941
76.32 -0.035591 -0.0204631
76.44 -0.0359012 -0.0204705
76.56 -0.036266 -0.0204159
76.68 -0.036686 -0.0202993
76.8 -0.0371619 -0.0201211
76.92 -0.0376936 -0.0198825
77.04 -0.0382806 -0.0195849
77.16 -0.0389222 -0.0192304
77.28 -0.039617 -0.0188214
77.4 -0.0403634 -0.0183611
77.52 -0.0411593 -0.0178529
77.64 -0.0420024 -0.0173007
77.76 -0.0428899 -0.0167091
77.88 -0.0438187 -0.0160828
78 -0.0447856 -0.0154272
78.12 -0.045787 -0.0147479
78.24 -0.0468192 -0.0140508
78.36 -0.0478783 -0.0133422
78.48 -0.0489602 -0.0126285
78.6 -0.0500608 -0.0119166
78.72 -0.051176 -0.0112132
78.84 -0.0523016 -0.0105254
78.96 -0.0534333 -0.00986017
79.08 -0.0545672 -0.0092245
79.2 -0.0556993 -0.00862536
79.32 -0.0568256 -0.00806959
79.44 -0.0579425 -0.00756387
79.56 -0.0590465 -0.00711461
79.68 -0.0601343 -0.00672797
79.8 -0.0612029 -0.00640974
79.92 -0.0622493 -0.00616531
80.04 -0.0632711 -0.00599964
80.16 -0.064266 -0.00591717
80.28 -0.065232 -0.0059218
80.4 -0.0661674 -0.00601685
80.52 -0.0670707 -0.00620501
80.64 -0.0679408 -0.00648829
80.76 -0.0687767 -0.00686804
80.88 -0.0695778 -0.00734488
81 -0.0703435 -0.00791869
81.12 -0.0710737 -0.00858861
81.24 -0.0717682 -0.00935303
81.36 -0.0724272 -0.0102096
81.48 -0.0730507 -0.0111551
81.6 -0.0736391 -0.0121858
81.72 -0.0741927 -0.0132969
81.84 -0.0747117 -0.0144833
81.96 -0.0751965 -0.0157389
82.08 -0.0756474 -0.0170571
82.2 -0.0760644 -0.0184307
82.32 -0.0764476 -0.0198517
82.44 -0.0767969 -0.021312
82.56 -0.077112 -0.0228027
82.68 -0.0773923 -0.0243145
82.8 -0.077637 -0.025838
82.92 -0.0778451 -0.0273632
83.04 -0.0780153 -0.02888
83.16 -0.0781459 -0.0303782
83.28 -0.0782351 -0.0318474
83.4 -0.0782805 -0.0332772
83.52 -0.0782797 -0.0346571
83.64 -0.0782297 -0.0359769
83.76 -0.0781275 -0.0372264
83.88 -0.0779694 -0.0383957
84 -0.0777519 -0.039475
84.12 -0.077471 -0.0404551
84.24 -0.0771226 -0.0413269
84.36 -0.0767021 -0.0420819
84.48 -0.0762053 -0.042712
84.6 -0.0756275 -0.0432095
84.72 -0.0749641 -0.0435673
84.84 -0.0742104 -0.0437788
84.96 -0.0733618 -0.0438382
85.08 -0.0724139 -0.0437399
85.2 -0.0713623 -0.0434792
85.32 -0.0702028 -0.0430517
85.44 -0.0689317 -0.0424539
85.56 -0.0675453 -0.0416826
85.68 -0.0660404 -0.0407352
85.8 -0.0644145 -0.0396098
85.92 -0.0626651 -0.0383048
86.04 -0.0607905 -0.036819
86.16 -0.0587896 -0.035152
86.28 -0.0566619 -0.0333034
86.4 -0.0544074 -0.0312734
86.52 -0.052027 -0.0290622
86.64 -0.0495221 -0.0266707
86.76 -0.0468949 -0.0240995
86.88 -0.0441485 -0.0213498
87 -0.0412865 -0.0184226
87.12 -0.0383134 -0.0153192
87.24 -0.0352344 -0.0120407
87.36 -0.0320553 -0.00858833
87.48 -0.0287829 -0.00496319
87.6 -0.0254244 -0.00116633
87.72 -0.0219878 0.00280135
87.84 -0.0184816 0.00693907
87.96 -0.0149149 0.0112462
88.08 -0.0112972 0.0157224
88.2 -0.00763855 0.0203673
88.32 -0.00394934 0.0251808
88.44 -0.000240199 0.030163
88.56 0.003478 0.0353142
88.68 0.00719425 0.0406344
88.8 0.0108975 0.0461243
88.92 0.0145768 0.0517841
89.04 0.0182211 0.0576143
89.16 0.0218199 0.063615
89.28 0.0253627 0.0697866
89.4 0.0288396 0.0761289
89.52 0.032241 0.0826414
89.64 0.035558 0.0893236
89.76 0.0387823 0.096174
89.88 0.0419063 0.103191
90 0.0449232 0.110372
90.12 0.047827 0.117714
90.24 0.0506128 0.125213
90.36 0.0532765 0.132863
90.48 0.0558152 0.14066
90.6 0.058227 0.148595
90.72 0.0605109 0.15666
90.84 0.0626675 0.164846
90.96 0.0646981 0.173141
91.08 0.0666054 0.181533
91.2 0.0683934 0.190009
91.32 0.0700669 0.198552
91.44 0.0716321 0.207145
91.56 0.0730963 0.21577
91.68 0.0744678 0.224406
91.8 0.0757562 0.233031
91.92 0.0769717 0.241622
92.04 0.0781257 0.250154
92.16 0.0792306 0.2586
92.28 0.0802993 0.266931
92.4 0.0813456 0.275119
92.52 0.0823841 0.283133
92.64 0.0834296 0.29094
92.76 0.0844979 0.298508
92.88 0.0856046 0.305802
93 0.0867661 0.312789
93.12 0.0879986 0.319433
93.24 0.0893186 0.325698
93.36 0.0907426 0.331549
93.48 0.0922869 0.33695
93.6 0.0939675 0.341866
93.72 0.0958003 0.346261
93.84 0.0978006 0.350102
93.96 0.0999832 0.353355
94.08 0.102362 0.355989
94.2 0.104952 0.357972
94.32 0.107764 0.359275
94.44 0.110811 0.359873
94.56 0.114103 0.35974
94.68 0.117652 0.358854
94.8 0.121464 0.357195
94.92 0.125548 0.354747
95.04 0.129911 0.351496
95.16 0.134558 0.347432
95.28 0.139492 0.342548
95.4 0.144716 0.33684
95.52 0.150231 0.33031
95.64 0.156038 0.322962
95.76 0.162134 0.314804
95.88 0.168516 0.305848
96 0.17518 0.296112
96.12 0.18212 0.285615
96.24 0.189328 0.274383
96.36 0.196795 0.262444
96.48 0.204512 0.249832
96.6 0.212467 0.236583
96.72 0.220646 0.222737
96.84 0.229035 0.20834
96.96 0.237618 0.193438
97.08 0.246378 0.178083
97.2 0.255298 0.162329
97.32 0.264356 0.146233
97.44 0.273534 0.129854
97.56 0.282808 0.113254
97.68 0.292157 0.0964961
97.8 0.301555 0.0796459
97.92 0.310979 0.0627697
98.04 0.320402 0.0459347
98.16 0.329799 0.0292087
98.28 0.339141 0.0126594
98.4 0.348402 -0.00364556
98.52 0.357552 -0.0196394
98.64 0.366562 -0.0352564
98.76 0.375404 -0.0504322
98.88 0.384048 -0.0651045
99 0.392463 -0.0792132
99.12 0.40062 -0.0927007
99.24 0.408488 -0.105513
99.36 0.416038 -0.117598
99.48 0.423239 -0.128908
99.6 0.430063 -0.139401
99.72 0.436481 -0.149037
99.84 0.442463 -0.15778
99.96 0.447982 -0.165602
100.08 0.453012 -0.172475
100.2 0.457526 -0.178381
100.32 0.461499 -0.183305
100.44 0.464907 -0.187236
100.56 0.467729 -0.19017
100.68 0.469943 -0.192108
100.8 0.47153 -0.193057
100.92 0.472472 -0.193028
101.04 0.472755 -0.192037
101.16 0.472364 -0.190107
101.28 0.471288 -0.187265
101.4 0.469519 -0.183541
101.52 0.467049 -0.178972
101.64 0.463875 -0.173597
101.76 0.459996 -0.167462
101.88 0.455412 -0.160612
102 0.450129 -0.153101
102.12 0.444153 -0.14498
102.24 0.437496 -0.136306
102.36 0.430169 -0.127138
102.48 0.422191 -0.117535
102.6 0.413581 -0.107558
102.72 0.404362 -0.0972702
102.84 0.39456 -0.0867327
102.96 0.384205 -0.0760078
103.08 0.373329 -0.0651568
103.2 0.361968 -0.0542403
103.32 0.350162 -0.0433171
103.44 0.337951 -0.0324443
103.56 0.325381 -0.0216764
103.68 0.312499 -0.0110656
103.8 0.299355 -0.000660782
103.92 0.286001 0.00949264
104.04 0.272493 0.0193529
104.16 0.258887 0.0288821
104.28 0.245242 0.038047
104.4 0.231618 0.0468185
104.52 0.218077 0.0551724
104.64 0.204682 0.0630891
104.76 0.191495 0.0705542
104.88 0.178581 0.0775581
105 0.166004 0.0840964
105.12 0.153828 0.0901694
105.24 0.142116 0.0957828
105.36 0.130931 0.100947
105.48 0.120336 0.105676
105.6 0.110389 0.109991
105.72 0.101149 0.113915
105.84 0.0926717 0.117475
105.96 0.0850113 0.120705
106.08 0.0782184 0.123638
106.2 0.0723403 0.126314
106.32 0.0674213 0.128773
106.44 0.0635017 0.131059
106.56 0.0606177 0.133217
106.68 0.0588014 0.135294
106.8 0.0580803 0.137338
106.92 0.0584769 0.139397
107.04 0.060009 0.14152
107.16 0.0626891 0.143755
107.28 0.0665247 0.14615
107.4 0.0715174 0.148751
107.52 0.0776637 0.151601
107.64 0.0849544 0.154744
107.76 0.0933748 0.158218
107.88 0.102905 0.162061
108 0.113518 0.166305
108.12 0.125183 0.170979
108.24 0.137863 0.176109
108.36 0.151517 0.181716
108.48 0.166098 0.187816
108.6 0.181552 0.19442
108.72 0.197825 0.201535
108.84 0.214854 0.20916
108.96 0.232576 0.217293
109.08 0.250919 0.225923
109.2 0.269814 0.235036
109.32 0.289183 0.24461
109.44 0.308949 0.254621
109.56 0.32903 0.265037
109.68 0.349345 0.275822
109.8 0.369808 0.286937
109.92 0.390335 0.298335
110.04 0.410839 0.309968
110.16 0.431235 0.321782
110.28 0.451435 0.333721
110.4 0.471353 0.345724
110.52 0.490907 0.357729
110.64 0.510012 0.36967
110.76 0.528586 0.381481
110.88 0.546552 0.393095
111 0.563833 0.40444
111.12 0.580355 0.41545
111.24 0.596049 0.426054
111.36 0.610848 0.436184
111.48 0.62469 0.445773
111.6 0.637517 0.454756
111.72 0.649276 0.463071
111.84 0.65992 0.470656
111.96 0.669403 0.477456
112.08 0.677688 0.483418
112.2 0.684741 0.488492
112.32 0.690536 0.492635
112.44 0.695051 0.495807
112.56 0.698267 0.497975
112.68 0.700176 0.49911
112.8 0.70077 0.49919
112.92 0.700051 0.4982
113.04 0.698024 0.496129
113.16 0.694699 0.492974
113.28 0.690092 0.488738
113.4 0.684225 0.48343
113.52 0.677123 0.477068
113.64 0.668816 0.469673
113.76 0.659339 0.461275
113.88 0.648732 0.45191
114 0.637037 0.441617
114.12 0.6243 0.430446
114.24 0.610572 0.418448
114.36 0.595904 0.40568
114.48 0.580353 0.392206
114.6 0.563976 0.378093
114.72 0.546833 0.36341
114.84 0.528985 0.348233
114.96 0.510496 0.332638
115.08 0.49143 0.316704
115.2 0.471851 0.300515
115.32 0.451825 0.284151
115.44 0.431417 0.267697
115.56 0.410693 0.251236
115.68 0.389717 0.234851
115.8 0.368553 0.218626
115.92 0.347264 0.20264
116.04 0.325913 0.186972
116.16 0.30456 0.171699
116.28 0.283263 0.156893
116.4 0.26208 0.142623
116.52 0.241065 0.128955
116.64 0.220271 0.115949
116.76 0.199748 0.103661
116.88 0.179544 0.0921401
117 0.159703 0.0814319
117.12 0.14027 0.0715743
117.24 0.121282 0.0625998
117.36 0.102778 0.0545341
117.48 0.0847903 0.0473964
117.6 0.0673511 0.0411992
117.72 0.0504883 0.0359482
117.84 0.0342272 0.0316423
117.96 0.0185902 0.0282738
118.08 0.00359693 0.0258282
118.2 -0.010736 0.0242843
118.32 -0.0243945 0.023615
118.44 -0.0373674 0.0237866
118.56 -0.0496459 0.0247598
118.68 -0.0612241 0.0264897
118.8 -0.0720984 0.0289262
118.92 -0.0822675 0.0320143
119.04 -0.0917325 0.0356948
119.16 -0.100497 0.0399043
119.28 -0.108565 0.0445761
119.4 -0.115946 0.0496404
119.52 -0.122648 0.0550249
119.64 -0.128681 0.0606556
119.76 -0.13406 0.0664567
119.88 -0.138797 0.072352
120 -0.14291 0.0782647
