-0.999 0.000767086 -7.05473e-05
-0.998 0.00327353 -0.000242189
-0.997 0.00761141 -0.000530317
-0.996 0.0133162 -0.00109645
-0.995 0.019409 -0.00215225
-0.994 0.0249169 -0.00374586
-0.993 0.0296612 -0.00557548
-0.992 0.0348122 -0.00696104
-0.991 0.0427941 -0.00708812
-0.99 0.0564219 -0.00538643
-0.989 0.0775342 -0.00190472
-0.988 0.105855 0.00253478
-0.987 0.138706 0.00658549
-0.986 0.171701 0.00889477
-0.985 0.200716 0.00870647
-0.984 0.224001 0.00629224
-0.983 0.243346 0.00290722
-0.982 0.26395 0.000177779
-0.981 0.292563 -0.000550499
-0.98 0.334357 0.00107095
-0.979 0.390139 0.00401598
-0.978 0.454929 0.0063809
-0.977 0.518687 0.00609035
-0.976 0.569051 0.001753
-0.975 0.595787 -0.00681906
-0.974 0.595092 -0.0182895
-0.973 0.571567 -0.0304391
-0.972 0.537232 -0.0412671
-0.971 0.507712 -0.0493366
-0.97 0.498295 -0.0543263
-0.969 0.518697 -0.0567647
-0.968 0.570089 -0.0573394
-0.967 0.646191 -0.056497
-0.966 0.735106 -0.0540973
-0.965 0.823946 -0.0498874
-0.964 0.904226 -0.0439924
-0.963 0.973777 -0.0371176
-0.962 1.03755 -0.0311109
-0.961 1.10664 -0.0276388
-0.96 1.1938 -0.0269047
-0.959 1.3085 -0.0273176
-0.958 1.4535 -0.0249859
-0.957 1.62251 -0.014812
-0.956 1.79999 0.00710803
-0.955 1.96395 0.0410201
-0.954 2.09165 0.0815017
-0.953 2.16408 0.118308
-0.952 2.17191 0.140479
-0.951 2.12093 0.139341
-0.95 2.03159 0.112572
-0.949 1.93571 0.066936
-0.948 1.86984 0.0154459
-0.947 1.86499 -0.026131
-0.946 1.93695 -0.0458307
-0.945 2.08 -0.0411275
-0.944 2.26798 -0.0211292
-0.943 2.46236 -0.00391748
-0.942 2.62348 -0.00993503
-0.941 2.72744 -0.0538236
-0.94 2.77614 -0.135301
-0.939 2.79795 -0.238691
-0.938 2.83991 -0.336588
-0.937 2.95063 -0.397818
-0.936 3.16135 -0.400111
-0.935 3.46943 -0.337968
-0.934 3.83069 -0.226397
-0.933 4.17375 -0.0984264
-0.932 4.42143 0.0086727
-0.931 4.51398 0.0680964
-0.93 4.43545 0.071739
-0.929 4.22377 0.0315165
-0.928 3.9615 -0.0235275
-0.927 3.74888 -0.0585327
-0.926 3.67195 -0.0483858
-0.925 3.77137 0.0125694
-0.924 4.02638 0.10542
-0.923 4.36549 0.193604
-0.922 4.69325 0.237295
-0.921 4.92265 0.208137
-0.92 5.0067 0.0994826
-0.919 4.96458 -0.0683357
-0.918 4.86818 -0.253306
-0.917 4.81566 -0.411153
-0.916 4.90277 -0.505784
-0.915 5.18191 -0.517744
-0.914 5.64318 -0.452425
-0.913 6.2113 -0.334704
-0.912 6.77698 -0.199823
-0.911 7.23212 -0.0776736
-0.91 7.50015 0.012632
-0.909 7.56513 0.0683044
-0.908 7.46999 0.10006
-0.907 7.3004 0.122774
-0.906 7.15391 0.151442
-0.905 7.10925 0.189411
-0.904 7.20343 0.234809
-0.903 7.42004 0.277794
-0.902 7.70002 0.301127
-0.901 7.96778 0.287246
-0.9 8.1554 0.220798
-0.899 8.2189 0.0924923
-0.898 8.14703 -0.101288
-0.897 7.96538 -0.352401
-0.896 7.72885 -0.639235
-0.895 7.50847 -0.926057
-0.894 7.38341 -1.16817
-0.893 7.42155 -1.31686
-0.892 7.65712 -1.33573
-0.891 8.08676 -1.21487
-0.89 8.66742 -0.972214
-0.889 9.31364 -0.654904
-0.888 9.91577 -0.327908
-0.887 10.3772 -0.0526122
-0.886 10.6447 0.135876
-0.885 10.7278 0.239994
-0.884 10.7123 0.29768
-0.883 10.7316 0.368783
-0.882 10.9226 0.507869
-0.881 11.3752 0.731813
-0.88 12.0899 1.00546
-0.879 12.9546 1.24974
-0.878 13.768 1.36366
-0.877 14.3035 1.26252
-0.876 14.3766 0.917741
-0.875 13.9366 0.371273
-0.874 13.0941 -0.266476
-0.873 12.0888 -0.845181
-0.872 11.2265 -1.23474
-0.871 10.7759 -1.36367
-0.87 10.8693 -1.24868
-0.869 11.4397 -0.989722
-0.868 12.2485 -0.724979
-0.867 12.9753 -0.578715
-0.866 13.3335 -0.612165
-0.865 13.1917 -0.800768
-0.864 12.6307 -1.03881
-0.863 11.9291 -1.18922
-0.862 11.4736 -1.14067
-0.861 11.6071 -0.856666
-0.86 12.5075 -0.400222
-0.859 14.1064 0.0915307
-0.858 16.0847 0.458228
-0.857 17.9914 0.576403
-0.856 19.3976 0.40986
-0.855 20.0441 0.0328121
-0.854 19.9274 -0.4018
-0.853 19.301 -0.722298
-0.852 18.5659 -0.809978
-0.851 18.1075 -0.64061
-0.85 18.17 -0.289203
-0.849 18.7508 0.0950579
-0.848 19.6068 0.367901
-0.847 20.3584 0.438104
-0.846 20.6297 0.302543
-0.845 20.2161 0.0539314
-0.844 19.1539 -0.180103
-0.843 17.7088 -0.295714
-0.842 16.2819 -0.261201
-0.841 15.2727 -0.142624
-0.84 14.9459 -0.0731942
-0.839 15.3408 -0.192579
-0.838 16.2997 -0.57453
-0.837 17.5528 -1.1792
-0.836 18.8062 -1.86468
-0.835 19.8532 -2.4364
-0.834 20.6465 -2.72061
-0.833 21.2539 -2.64036
-0.832 21.8059 -2.25595
-0.831 22.4181 -1.72437
-0.83 23.1296 -1.24317
-0.829 23.8921 -0.96018
-0.828 24.597 -0.890149
-0.827 25.1366 -0.910244
-0.826 25.4535 -0.809532
-0.825 25.5603 -0.38677
-0.824 25.4978 0.436563
-0.823 25.294 1.55405
-0.822 24.9457 2.68926
-0.821 24.4011 3.48304
-0.82 23.5822 3.63957
-0.819 22.4856 3.04415
-0.818 21.2558 1.82595
-0.817 20.1633 0.334566
-0.816 19.5604 -0.987066
-0.815 19.7637 -1.77692
-0.814 20.9136 -1.89318
-0.813 22.8858 -1.47193
-0.812 25.2881 -0.876376
-0.811 27.5812 -0.539666
-0.81 29.2359 -0.772488
-0.809 29.9587 -1.62692
-0.808 29.8256 -2.84039
-0.807 29.2559 -3.92187
-0.806 28.8647 -4.36232
-0.805 29.1983 -3.83441
-0.804 30.4956 -2.34415
-0.803 32.547 -0.275478
-0.802 34.7289 1.73878
-0.801 36.2095 3.04246
-0.8 36.2765 3.21759
-0.799 34.6489 2.24347
-0.798 31.6212 0.495028
-0.797 28.0371 -1.38249
-0.796 25.003 -2.71515
-0.795 23.4964 -3.09285
-0.794 24.0156 -2.51204
-0.793 26.3671 -1.36946
-0.792 29.7168 -0.310135
-0.791 32.9195 0.0596535
-0.79 34.9415 -0.57346
-0.789 35.2354 -2.07588
-0.788 33.9998 -3.91897
-0.787 32.0798 -5.37173
-0.786 30.6225 -5.78377
-0.785 30.6455 -4.85694
-0.784 32.5892 -2.77258
-0.783 36.1161 -0.146034
-0.782 40.2281 2.2043
-0.781 43.6272 3.5901
-0.78 45.2171 3.7064
-0.779 44.5152 2.72178
-0.778 41.846 1.20611
-0.777 38.2258 -0.112181
-0.776 34.9547 -0.660152
-0.775 33.1509 -0.243192
-0.774 33.3314 0.868682
-0.773 35.2211 2.06438
-0.772 37.8881 2.66491
-0.771 40.1555 2.1944
-0.77 41.0573 0.608849
-0.769 40.2155 -1.67308
-0.768 37.9921 -3.94511
-0.767 35.3092 -5.49737
-0.766 33.2585 -5.89664
-0.765 32.6441 -5.15224
-0.764 33.6848 -3.72006
-0.763 35.955 -2.29496
-0.762 38.6024 -1.49769
-0.761 40.7143 -1.62192
-0.76 41.7194 -2.51463
-0.759 41.5936 -3.64233
-0.758 40.8523 -4.3326
-0.757 40.3087 -4.07271
-0.756 40.6875 -2.72535
-0.755 42.2938 -0.606038
-0.754 44.8693 1.63062
-0.753 47.7304 3.26153
-0.752 50.0767 3.80154
-0.751 51.3463 3.21962
-0.75 51.4379 1.93868
-0.749 50.7689 0.660275
-0.748 50.0424 0.0507489
-0.747 49.9178 0.429186
-0.746 50.617 1.6292
-0.745 51.7879 3.05246
-0.744 52.7025 3.89599
-0.743 52.5156 3.48925
-0.742 50.7022 1.62204
-0.741 47.3849 -1.35849
-0.74 43.3801 -4.66051
-0.739 39.9442 -7.34202
-0.738 38.2897 -8.68207
-0.737 39.0752 -8.45128
-0.736 42.1149 -7.0193
-0.735 46.3916 -5.19612
-0.734 50.4464 -3.86998
-0.733 52.964 -3.62537
-0.732 53.2946 -4.51269
-0.731 51.8061 -5.97365
-0.73 49.7591 -7.09858
-0.729 48.7451 -7.0195
-0.728 50.0617 -5.23081
-0.727 54.0938 -1.88079
-0.726 60.0231 2.25385
-0.725 66.0983 6.03424
-0.724 70.2334 8.38916
-0.723 70.7851 8.73783
-0.722 67.2793 7.159
-0.721 60.6413 4.36162
-0.72 52.9323 1.42063
-0.719 46.6038 -0.676005
-0.718 43.5745 -1.40107
-0.717 44.5495 -0.877829
-0.716 48.7279 0.192797
-0.715 54.1452 0.863095
-0.714 58.4735 0.353874
-0.713 59.9103 -1.61598
-0.712 57.9074 -4.6985
-0.711 53.4459 -8.01963
-0.71 48.6307 -10.5107
-0.709 45.8693 -11.3454
-0.708 46.9321 -10.2317
-0.707 52.2063 -7.51865
-0.706 60.5149 -4.07596
-0.705 69.5439 -0.914206
-0.704 76.6185 1.16306
-0.703 79.7308 1.8284
-0.702 78.2319 1.3281
-0.701 73.0651 0.302921
-0.7 66.3635 -0.500767
-0.699 60.6005 -0.537915
-0.698 57.7261 0.305975
-0.697 58.4313 1.68109
-0.696 61.9909 2.97383
-0.695 66.5789 3.56152
-0.694 70.0297 3.07466
-0.693 70.7588 1.55636
-0.692 68.289 -0.584431
-0.691 63.3965 -2.7512
-0.69 57.8408 -4.39248
-0.689 53.6442 -5.20189
-0.688 52.3179 -5.21066
-0.687 54.3651 -4.71481
-0.686 59.1931 -4.09926
-0.685 65.3468 -3.64662
-0.684 71.0797 -3.44896
-0.683 75.0137 -3.37876
-0.682 76.5399 -3.17354
-0.681 75.9724 -2.62746
-0.68 74.2855 -1.71424
-0.679 72.6684 -0.615469
-0.678 72.1187 0.359664
-0.677 73.0416 0.928526
-0.676 75.1904 0.994204
-0.675 77.8632 0.694606
-0.674 80.188 0.321283
-0.673 81.453 0.202338
-0.672 81.312 0.515466
-0.671 79.7959 1.17119
-0.67 77.2694 1.81043
-0.669 74.2152 1.93196
-0.668 71.094 1.13862
-0.667 68.3154 -0.637159
-0.666 66.1586 -3.08057
-0.665 64.7679 -5.57107
-0.664 64.2637 -7.42335
-0.663 64.7126 -8.14161
-0.662 65.9965 -7.62129
-0.661 67.8986 -6.22751
-0.66 70.0478 -4.6371
-0.659 72.054 -3.56913
-0.658 73.6722 -3.46094
-0.657 74.895 -4.25459
-0.656 76.0689 -5.40227
-0.655 77.7191 -6.07376
-0.654 80.3515 -5.51733
-0.653 84.1815 -3.37802
-0.652 88.9907 0.146881
-0.651 94.1376 4.28986
-0.65 98.5907 7.9678
-0.649 101.284 10.2371
-0.648 101.571 10.6004
-0.647 99.4539 9.19628
-0.646 95.5663 6.74396
-0.645 90.9939 4.19436
-0.644 86.8555 2.36688
-0.643 83.9627 1.61361
-0.642 82.5826 1.69534
-0.641 82.3015 1.88845
-0.64 82.3298 1.35796
-0.639 81.9272 -0.470538
-0.638 80.6807 -3.65858
-0.637 78.7068 -7.62037
-0.636 76.6876 -11.3628
-0.635 75.4909 -13.8783
-0.634 75.8938 -14.4991
-0.633 78.1923 -13.1847
-0.632 82.0942 -10.4725
-0.631 86.8405 -7.236
-0.63 91.4917 -4.36453
-0.629 95.3602 -2.35964
-0.628 98.1624 -1.17004
-0.627 100.045 -0.319265
-0.626 101.326 0.817137
-0.625 102.348 2.69611
-0.624 103.192 5.30286
-0.623 103.593 8.13901
-0.622 103.114 10.3926
-0.621 101.462 11.2391
-0.62 98.7311 10.3016
-0.619 95.4648 7.7795
-0.618 92.5919 4.35998
-0.617 91.0008 0.966024
-0.616 91.1712 -1.59678
-0.615 92.7944 -3.01898
-0.614 94.8552 -3.62935
-0.613 96.1003 -4.1423
-0.612 95.523 -5.323
-0.611 92.912 -7.57445
-0.61 89.1273 -10.6391
-0.609 85.8846 -13.6422
-0.608 85.114 -15.4202
-0.607 88.0734 -14.9954
-0.606 94.6828 -12.0324
-0.605 103.436 -7.08126
-0.604 111.801 -1.39993
-0.603 117.152 3.50731
-0.602 117.757 6.42651
-0.601 113.617 6.95011
-0.6 106.714 5.65376
-0.599 100.248 3.83599
-0.598 97.3873 2.97158
-0.597 100.069 4.06443
-0.596 108.044 7.14642
-0.595 118.741 11.1363
-0.594 128.186 14.3095
-0.593 132.574 14.9698
-0.592 129.741 12.1146
-0.591 120.181 6.00642
-0.59 107.054 -1.88806
-0.589 95.0758 -9.37334
-0.588 88.7026 -14.3169
-0.587 90.4045 -15.4896
-0.586 99.629 -13.0206
-0.585 112.83 -8.31743
-0.584 124.941 -3.52073
-0.583 131.261 -0.669975
-0.582 129.333 -0.794276
-0.581 120.105 -3.50445
-0.58 107.606 -7.20021
-0.579 97.3856 -9.74066
-0.578 94.3536 -9.26391
-0.577 100.782 -5.06428
-0.576 115.246 2.00847
-0.575 133.026 9.9108
-0.574 147.98 16.0557
-0.573 154.808 18.3369
-0.572 151.203 15.9161
-0.571 138.728 9.55897
-0.57 122.22 1.34322
-0.569 107.892 -6.18986
-0.568 100.882 -10.9769
-0.567 103.267 -12.196
-0.566 113.231 -10.5222
-0.565 125.838 -7.73809
-0.564 135.04 -5.88882
-0.563 136.286 -6.46566
-0.562 128.403 -9.71234
-0.561 114.054 -14.5252
-0.56 98.746 -18.9107
-0.559 88.7293 -20.7755
-0.558 88.3972 -18.8276
-0.557 98.4797 -13.1449
-0.556 115.871 -5.07794
-0.555 134.744 3.2306
-0.554 148.9 9.64694
-0.553 154.33 12.8765
-0.552 150.603 12.8104
-0.551 140.999 10.4955
-0.55 131.061 7.58815
-0.549 126.093 5.62813
-0.548 129.117 5.35378
-0.547 139.442 6.45712
-0.546 152.916 7.87992
-0.545 163.779 8.27595
-0.544 167.125 6.71586
-0.543 160.89 3.11949
-0.542 146.662 -1.68174
-0.541 129.339 -6.26806
-0.54 115.112 -9.30192
-0.539 108.814 -10.0256
-0.538 112.048 -8.57747
-0.537 122.632 -5.93584
-0.536 135.475 -3.43237
-0.535 144.844 -2.18502
-0.534 146.738 -2.57336
-0.533 140.61 -4.11362
-0.532 129.674 -5.83561
-0.531 119.524 -6.64003
-0.53 115.835 -5.89896
-0.529 121.785 -3.8657
-0.528 136.659 -1.51286
-0.527 156.152 -0.0930579
-0.526 173.858 -0.583285
-0.525 183.922 -3.14306
-0.524 183.43 -6.89218
-0.523 173.528 -10.3061
-0.522 159.023 -11.8009
-0.521 146.347 -10.3936
-0.52 140.917 -6.18355
-0.519 144.894 -0.446786
-0.518 156.274 4.88226
-0.517 169.698 7.99115
-0.516 178.66 7.89214
-0.515 178.207 4.8687
-0.514 167.064 0.323808
-0.513 148.291 -3.79111
-0.512 128.091 -5.84962
-0.511 113.427 -5.28578
-0.51 109.284 -2.84133
-0.509 116.73 -0.337363
-0.508 132.611 0.151889
-0.507 150.75 -2.74802
-0.506 164.448 -9.08251
-0.505 169.245 -17.3674
-0.504 164.643 -25.0828
-0.503 154.037 -29.6022
-0.502 143.35 -29.2014
-0.501 138.562 -23.7786
-0.5 143.179 -14.9151
-0.499 156.92 -5.23019
-0.498 175.626 2.61251
-0.497 193.033 6.89272
-0.496 203.244 7.48921
-0.495 202.894 5.78184
-0.494 192.51 3.9274
-0.493 176.072 3.94536
-0.492 159.52 6.72258
-0.491 148.309 11.521
-0.49 145.27 16.3639
-0.489 149.971 18.7806
-0.488 158.914 16.8789
-0.487 167.223 10.1994
-0.486 170.775 0.0285976
-0.485 167.775 -11.0069
-0.484 159.646 -19.9594
-0.483 150.077 -24.6112
-0.482 143.414 -24.2648
-0.481 143.017 -19.922
-0.48 149.747 -13.7586
-0.479 161.805 -8.18171
-0.478 175.521 -4.79496
-0.477 186.91 -3.82121
-0.476 193.241 -4.14331
-0.475 193.901 -3.95134
-0.474 190.49 -1.62915
-0.473 185.98 3.33776
-0.472 183.156 9.97954
-0.471 183.417 16.1979
-0.47 186.381 19.5492
-0.469 190.137 18.3062
-0.468 192.29 12.2153
-0.467 191.083 2.70082
-0.466 186.293 -7.71734
-0.465 179.424 -16.3744
-0.464 172.988 -21.4688
-0.463 169.276 -22.7445
-0.462 169.451 -21.404
-0.461 172.99 -19.4738
-0.46 177.901 -18.8116
-0.459 181.626 -20.1451
-0.458 182.202 -22.7078
-0.457 179.321 -24.5257
-0.456 174.283 -23.3307
-0.455 169.515 -17.6871
-0.454 167.616 -7.8252
-0.453 170.045 4.3164
-0.452 176.49 15.5716
-0.451 184.899 22.7048
-0.45 192.251 23.8581
-0.449 196 19.1672
-0.448 195.003 10.7246
-0.447 190.009 1.84028
-0.446 183.478 -4.38096
-0.445 178.645 -6.26609
-0.444 178.132 -4.22629
-0.443 182.951 -0.566648
-0.442 191.97 1.60764
-0.441 202.3 -0.219389
-0.44 210.448 -6.80119
-0.439 213.666 -16.5771
-0.438 210.931 -26.1735
-0.437 203.27 -31.753
-0.436 193.442 -30.6034
-0.435 184.694 -22.3761
-0.434 179.641 -9.36223
-0.433 179.32 4.29585
-0.432 182.975 14.1644
-0.431 188.646 17.1916
-0.43 193.789 12.8691
-0.429 196.419 3.4153
-0.428 195.903 -7.06345
-0.427 192.928 -14.2401
-0.426 189.274 -15.3251
-0.425 186.998 -10.1138
-0.424 187.751 -1.13147
-0.423 192.192 7.42137
-0.422 199.723 11.5526
-0.421 208.997 9.15078
-0.42 218.324 0.882203
-0.419 226.08 -9.97327
-0.418 231.035 -18.8154
-0.417 232.503 -21.5945
-0.416 230.349 -16.4704
-0.415 224.811 -4.5775
-0.414 216.643 10.2301
-0.413 207.059 22.8777
-0.412 197.527 29.0648
-0.411 189.568 26.7861
-0.41 184.466 17.0839
-0.409 182.898 3.54699
-0.408 184.571 -9.09308
-0.407 188.072 -16.9087
-0.406 191.393 -18.271
-0.405 192.62 -14.3445
-0.404 190.849 -8.53115
-0.403 186.783 -4.83692
-0.402 182.508 -6.27882
-0.401 181.048 -13.55
-0.4 185.121 -24.5245
-0.399 195.936 -35.23
-0.398 212.385 -41.3542
-0.397 230.923 -40.0109
-0.396 246.605 -30.9118
-0.395 254.713 -16.3975
-0.394 252.546 -0.651579
-0.393 240.423 11.9994
-0.392 221.937 18.6291
-0.391 202.715 18.6669
-0.39 188.453 13.9835
-0.389 183.112 7.91791
-0.388 187.171 3.81617
-0.387 197.473 3.60035
-0.386 208.548 6.97086
-0.385 214.65 11.7806
-0.384 212.17 14.9609
-0.383 201.136 13.823
-0.382 185.329 7.32401
-0.381 171.103 -3.45335
-0.38 164.864 -15.6937
-0.379 170.62 -25.9474
-0.378 188.554 -31.4723
-0.377 214.669 -31.2383
-0.376 241.939 -26.1761
-0.375 263.065 -18.7584
-0.374 272.889 -11.8794
-0.373 270.064 -7.67747
-0.372 257.513 -6.69264
-0.371 241.283 -7.87483
-0.37 227.991 -9.12395
-0.369 222.434 -8.28284
-0.368 226.099 -4.29263
-0.367 236.547 2.43398
-0.366 248.734 10.1548
-0.365 256.997 16.4271
-0.364 257.113 19.1937
-0.363 248.02 17.6806
-0.362 231.911 12.6148
-0.361 213.287 5.85802
-0.36 197.427 -0.261536
-0.359 188.388 -3.95905
-0.358 187.615 -4.73465
-0.357 193.944 -3.40554
-0.356 204.391 -1.70246
-0.355 215.19 -1.41143
-0.354 223.111 -3.55415
-0.353 226.585 -7.93012
-0.352 225.695 -13.2263
-0.351 221.727 -17.4915
-0.35 216.614 -19.0167
-0.349 212.222 -17.0937
-0.348 209.853 -12.2851
-0.347 210.152 -6.22479
-0.346 213.207 -0.884469
-0.345 218.801 2.10536
-0.344 226.544 2.16687
-0.343 235.341 -0.0702508
-0.342 243.435 -3.17931
-0.341 248.789 -5.41729
-0.34 249.505 -5.64838
-0.339 244.528 -3.84697
-0.338 234.353 -0.971336
-0.337 221.332 1.42887
-0.336 209.298 1.80784
-0.335 202.363 -0.617484
-0.334 203.044 -5.58237
-0.333 211.503 -11.9066
-0.332 225.199 -17.8372
-0.331 238.923 -21.8675
-0.33 246.813 -23.1687
-0.329 244.872 -21.8979
-0.328 232.553 -19.0215
-0.327 213.349 -15.8125
-0.326 193.987 -13.327
-0.325 182.146 -11.9652
-0.324 183.546 -11.4242
-0.323 199.575 -10.9211
-0.322 226.482 -9.57567
-0.321 256.348 -6.85675
-0.32 279.702 -2.8119
-0.319 289.251 1.9862
-0.318 282.626 6.6018
-0.317 263.219 10.155
-0.316 239.348 12.1541
-0.315 220.985 12.5939
-0.314 216.115 11.8003
-0.313 227.577 10.1833
-0.312 251.641 8.14985
-0.311 279.595 5.85635
-0.31 300.783 3.23794
-0.309 306.605 0.263047
-0.308 294.074 -3.0164
-0.307 266.757 -6.2668
-0.306 233.589 -8.98476
-0.305 205.675 -10.7892
-0.304 192.008 -11.5754
-0.303 196.282 -11.6792
-0.302 215.694 -11.7366
-0.301 242.118 -12.3769
-0.3 265.284 -13.963
-0.299 276.838 -16.2297
-0.298 273.176 -18.3121
-0.297 256.622 -19.0695
-0.296 234.363 -17.5168
-0.295 215.31 -13.3498
-0.294 206.814 -7.18165
-0.293 211.966 -0.500347
-0.292 228.423 4.89957
-0.291 249.739 7.67006
-0.29 268.21 7.35701
-0.289 277.743 4.7515
-0.288 275.773 1.72249
-0.287 264.029 0.255775
-0.286 247.207 1.60055
-0.285 230.768 5.87281
-0.284 219.133 11.5994
-0.283 214.074 16.151
-0.282 214.503 16.9168
-0.281 217.634 12.2995
-0.28 220.753 2.44053
-0.279 222.506 -10.6969
-0.278 223.034 -23.8878
-0.277 223.531 -33.7965
-0.276 225.343 -38.2037
-0.275 228.851 -36.8618
-0.274 233.188 -31.5983
-0.273 236.524 -25.4874
-0.272 237.239 -21.5886
-0.271 235.536 -21.7216
-0.27 233.507 -25.5536
-0.269 234.274 -30.5934
-0.268 240.945 -33.3193
-0.267 254.604 -30.519
-0.266 272.94 -20.7087
-0.265 290.674 -5.09245
-0.264 301.144 12.8786
-0.263 298.789 28.5292
-0.262 281.958 37.6765
-0.261 254.28 38.1564
-0.26 223.96 30.5532
-0.259 200.916 18.0051
-0.258 193.017 4.89613
-0.257 203.095 -4.73105
-0.256 227.204 -8.71028
-0.255 255.819 -7.59795
-0.254 277.163 -4.26806
-0.253 281.912 -2.62468
-0.252 267.376 -5.75934
-0.251 238.68 -14.6097
-0.25 207.393 -27.4557
-0.249 187.437 -40.3767
-0.248 189.384 -48.7668
-0.247 216.086 -48.9932
-0.246 261.231 -40.0081
-0.245 311.136 -23.8278
-0.244 349.551 -4.78338
-0.243 363.591 12.0438
-0.242 348.745 22.6673
-0.241 310.866 25.5025
-0.24 263.852 21.7295
-0.239 224.616 14.6714
-0.238 206.803 8.39637
-0.237 215.566 5.90684
-0.236 245.53 7.88101
-0.235 283.058 12.522
-0.234 311.464 16.4146
-0.233 317.629 15.996
-0.232 297.082 9.18291
-0.231 255.506 -3.78282
-0.23 206.77 -20.1787
-0.229 167.511 -35.7926
-0.228 151.054 -46.5811
-0.227 162.437 -50.0118
-0.226 196.727 -46.0643
-0.225 240.977 -37.1498
-0.224 279.319 -27.0091
-0.223 298.921 -19.1942
-0.222 294.31 -15.8377
-0.221 269.411 -16.8198
-0.22 235.304 -20.008
-0.219 205.474 -22.4149
-0.218 190.947 -21.3822
-0.217 196.249 -15.8723
-0.216 218.147 -7.09417
-0.215 247.428 2.16627
-0.214 272.972 8.73611
-0.213 286.076 10.3082
-0.212 283.363 6.36707
-0.211 267.605 -1.56619
-0.21 246.044 -10.5274
-0.209 227.118 -17.4344
-0.208 217.34 -20.2006
-0.207 219.03 -18.6536
-0.206 230.035 -14.5809
-0.205 245.255 -10.8146
-0.204 259.286 -10.1211
-0.203 268.5 -13.8678
-0.202 271.82 -21.5022
-0.201 270.736 -30.7917
-0.2 267.894 -38.5561
-0.199 265.464 -42.0346
-0.198 264.041 -40.0567
-0.197 262.793 -33.4929
-0.196 260.576 -24.8657
-0.195 257.216 -17.2081
-0.194 254.051 -12.8731
-0.193 253.578 -12.4309
-0.192 258.411 -14.4356
-0.191 269.643 -16.1038
-0.19 285.7 -14.4634
-0.189 302.277 -7.72145
-0.188 313.731 3.95253
-0.187 315.389 18.1093
-0.186 305.784 30.8477
-0.185 287.722 38.4223
-0.184 267.784 38.3962
-0.183 253.917 30.5332
-0.182 251.982 17.0573
-0.181 263.452 1.742
-0.18 284.35 -11.6013
-0.179 306.156 -20.5496
-0.178 319.014 -24.8489
-0.177 315.888 -26.3057
-0.176 295.348 -27.9832
-0.175 262.605 -32.6672
-0.174 227.988 -41.4715
-0.173 203.329 -53.3901
-0.172 197.449 -65.3433
-0.171 212.465 -73.2041
-0.17 243.155 -73.455
-0.169 278.707 -64.5958
-0.168 306.581 -47.8499
-0.167 317.373 -26.7869
-0.166 308.159 -6.21656
-0.165 283.609 9.35705
-0.164 253.912 17.2415
-0.163 230.859 17.3441
-0.162 223.264 11.9537
-0.161 233.608 4.59407
-0.16 257.512 -1.43397
-0.159 285.394 -4.16957
-0.158 306.353 -3.9122
-0.157 312.275 -2.87643
-0.156 300.619 -4.05118
-0.155 275.109 -10.0324
-0.154 244.412 -21.5839
-0.153 218.522 -37.2081
-0.152 205.167 -53.5232
-0.151 207.506 -66.2856
-0.15 223.391 -71.957
-0.149 246.919 -68.8237
-0.148 270.985 -57.5828
-0.147 289.814 -41.0839
-0.146 300.691 -23.2522
-0.145 304.195 -7.94606
-0.144 303.017 2.37261
-0.143 300.59 7.23698
-0.142 299.781 8.02316
-0.141 301.976 7.0548
-0.14 307.025 6.59135
-0.139 314.268 7.90706
-0.138 323.023 10.6938
-0.137 332.31 13.4118
-0.136 341.113 13.9596
-0.135 347.881 10.6328
-0.134 350.209 2.92128
-0.133 345.269 -8.26361
-0.132 331.328 -20.8231
-0.131 309.079 -32.0617
-0.13 282.145 -39.7347
-0.129 256.685 -42.5463
-0.128 239.691 -40.524
-0.127 236.572 -35.0743
-0.126 248.454 -28.0603
-0.125 271.112 -21.251
-0.124 296.018 -15.9023
-0.123 313.17 -12.4979
-0.122 314.64 -10.8289
-0.121 298.183 -10.3218
-0.12 268.919 -10.5147
-0.119 237.666 -11.1307
-0.118 217.299 -12.2319
-0.117 217.742 -14.1296
-0.116 241.523 -16.8965
-0.115 282.26 -20.3048
-0.114 326.669 -23.9157
-0.113 359.186 -27.0982
-0.112 367.769 -29.3782
-0.111 348.999 -30.5274
-0.11 309.592 -30.7029
-0.109 264.294 -30.3381
-0.108 230.567 -29.733
-0.107 221.645 -29.0245
-0.106 241.145 -28.0184
-0.105 281.643 -26.2241
-0.104 327.76 -23.2687
-0.103 361.746 -19.2824
-0.102 370.154 -14.9337
-0.101 349.71 -11.3024
-0.1 308.447 -9.81504
-0.099 262.536 -11.5616
-0.098 229.884 -16.6636
-0.097 223.138 -24.273
-0.096 244.848 -32.5489
-0.095 286.411 -39.0991
-0.094 331.907 -41.8782
-0.093 364.446 -39.8268
-0.092 372.895 -33.317
-0.091 355.931 -23.853
-0.09 322.311 -13.5628
-0.089 287.219 -4.59536
-0.088 265.331 1.77652
-0.087 265.077 5.55795
-0.086 285.666 7.90258
-0.085 317.508 10.3496
-0.084 346.652 14.1841
-0.083 360.933 19.8108
-0.082 355.12 26.1747
-0.081 332.729 31.118
-0.08 304.102 32.1546
-0.079 281.548 27.3068
-0.078 273.916 15.9614
-0.077 282.735 -0.742399
-0.076 301.664 -20.1669
-0.075 319.77 -38.8829
-0.074 326.686 -53.6941
-0.073 317.564 -62.7628
-0.072 295.489 -65.765
-0.071 270.143 -63.7946
-0.07 253.502 -58.8877
-0.069 253.973 -53.0641
-0.068 271.987 -47.7459
-0.067 299.6 -43.1368
-0.066 323.658 -38.341
-0.065 331.442 -32.1191
-0.064 316.731 -23.5382
-0.063 283.217 -12.4124
-0.062 243.642 0.248239
-0.061 214.711 12.4268
-0.06 210.18 21.8291
-0.059 234.575 26.5256
-0.058 280.066 25.5608
-0.057 329.196 19.3371
-0.056 361.847 9.30544
-0.055 363.706 -2.62868
-0.054 332.852 -14.5145
-0.053 281.045 -24.9541
-0.052 229.873 -33.1726
-0.051 202.024 -39.0347
-0.05 212.108 -42.9148
-0.049 260.373 -45.11
-0.048 331.3 -45.5969
-0.047 399.321 -44.1593
-0.046 439.105 -40.6124
-0.045 435.604 -34.9755
-0.044 390.675 -27.685
-0.043 322.849 -19.3615
-0.042 259.955 -10.8005
-0.041 228.358 -2.84349
-0.04 242.501 4.0389
-0.039 298.743 9.78061
-0.038 376.204 14.5133
-0.037 444.868 18.3243
-0.036 477.671 21.0912
-0.035 461.457 22.2904
-0.034 401.828 21.1143
-0.033 321.079 16.9625
-0.032 249.388 9.82339
-0.031 213.074 0.45366
-0.03 224.198 -9.57027
-0.029 275.699 -18.2805
-0.028 344.373 -23.9238
-0.027 400.138 -25.431
-0.026 418.565 -23.0053
-0.025 390.547 -18.2524
-0.024 325.43 -13.4643
-0.023 247.025 -10.6529
-0.022 184.025 -11.0543
-0.021 158.702 -14.5404
-0.02 178.37 -19.4892
-0.019 232.319 -23.622
-0.018 296.813 -24.819
-0.017 345.785 -22.0209
-0.016 361.124 -15.8507
-0.015 339.727 -8.31676
-0.014 293.9 -2.24548
-0.013 245.619 -0.331555
-0.012 217.516 -3.86963
-0.011 222.948 -12.3151
-0.01 260.739 -23.3235
-0.009 315.966 -33.4421
-0.008 366.543 -39.3151
-0.007 393.294 -39.0459
-0.006 387.614 -32.8965
-0.005 354.844 -22.9381
-0.004 311.515 -12.4505
-0.003 277.613 -4.74378
-0.002 267.941 -1.94443
-0.001 285.833 -4.16052
0 321.985 -9.42087
0.001 358.073 -14.7058
0.002 375.864 -16.9192
0.003 366.015 -14.1025
0.004 331.876 -6.4048
0.005 288.455 4.1032
0.006 255.811 14.085
0.007 250.056 20.2135
0.008 276.611 20.3488
0.009 327.215 14.3489
0.01 382.376 4.1833
0.011 420.104 -6.89623
0.012 425.463 -15.4293
0.013 397.305 -18.985
0.014 348.97 -17.0722
0.015 302.918 -10.9867
0.016 281.309 -3.3743
0.017 296.392 2.80969
0.018 345.169 5.59825
0.019 409.536 4.37416
0.02 463.226 0.163045
0.021 482.668 -4.80802
0.022 457.213 -8.25657
0.023 394.008 -8.64675
0.024 315.335 -5.81124
0.025 249.845 -1.04675
0.026 221.427 3.51886
0.027 239.563 5.77512
0.028 295.096 4.31332
0.029 363.471 -1.18122
0.03 414.81 -9.84786
0.031 425.838 -19.8635
0.032 389.449 -29.173
0.033 317.559 -36.2664
0.034 236.504 -40.379
0.035 176.601 -41.5426
0.036 160.218 -40.4001
0.037 193.003 -37.7162
0.038 261.539 -33.9734
0.039 338.845 -29.2592
0.04 394.911 -23.5607
0.041 408.947 -16.7278
0.042 377.244 -8.81663
0.043 314.037 -0.28059
0.044 245.919 8.11905
0.045 200.749 15.4582
0.046 196.972 21.0739
0.047 236.582 24.6367
0.048 304.57 26.0935
0.049 375.369 25.6238
0.05 423.457 23.4732
0.051 433.385 19.5649
0.052 405.212 13.6871
0.053 353.522 5.53971
0.054 301.269 -4.84796
0.055 269.836 -16.7523
0.056 271.362 -28.686
0.057 303.797 -38.7473
0.058 352.703 -44.9293
0.059 397.804 -45.8226
0.06 421.784 -41.1353
0.061 417.007 -31.7842
0.062 387.798 -19.6633
0.063 347.745 -7.01049
0.064 313.777 4.17213
0.065 298.581 12.7906
0.066 306.02 18.9689
0.067 329.934 23.7362
0.068 357.377 28.3746
0.069 374.962 33.6586
0.07 374.81 39.3811
0.071 357.664 44.2128
0.072 331.956 46.1632
0.073 309.429 43.1805
0.074 299.862 34.096
0.075 306.32 19.2549
0.076 324.038 0.570652
0.077 342.666 -18.7998
0.078 351.045 -35.4759
0.079 342.933 -46.809
0.08 319.822 -51.6423
0.081 290.569 -50.6564
0.082 267.7 -45.7448
0.083 261.476 -39.3679
0.084 275.269 -33.67
0.085 303.933 -29.6978
0.086 335.339 -27.1836
0.087 355.461 -24.7619
0.088 354.759 -20.8632
0.089 332.319 -14.4229
0.09 296.645 -5.42575
0.091 262.593 4.83079
0.092 245.054 14.2801
0.093 252.871 20.7608
0.094 284.897 22.7593
0.095 329.931 19.9738
0.096 371.191 13.4859
0.097 392.596 5.32975
0.098 385.381 -2.23444
0.099 352.16 -7.3282
0.1 305.719 -9.07789
0.101 263.871 -7.63412
0.102 242.891 -3.97169
0.103 250.779 0.469387
0.104 284.253 4.50697
0.105 330.088 7.47783
0.106 370.354 9.34596
0.107 389.43 10.4344
0.108 380.077 11.1845
0.109 345.922 11.7835
0.11 300.12 12.1116
0.111 260.139 11.8497
0.112 240.752 10.6916
0.113 248.723 8.45648
0.114 280.649 5.2912
0.115 324.624 1.74431
0.116 364.961 -1.62693
0.117 388.312 -4.36772
0.118 388.281 -6.27673
0.119 367.488 -7.49052
0.12 335.604 -8.21704
0.121 305.419 -8.47327
0.122 288.113 -8.00679
0.123 288.856 -6.29941
0.124 305.42 -2.83809
0.125 329.94 2.58207
0.126 352.187 9.46669
0.127 363.542 16.5942
0.128 359.812 22.0647
0.129 342.22 24.0152
0.13 315.956 21.2392
0.131 288.168 13.624
0.132 265.316 2.42443
0.133 250.929 -10.0605
0.134 245.472 -21.1761
0.135 247.254 -28.7623
0.136 253.556 -31.9795
0.137 261.914 -31.3845
0.138 270.611 -28.6617
0.139 278.646 -25.8801
0.14 285.291 -24.578
0.141 289.752 -25.0271
0.142 291.334 -25.9338
0.143 290.014 -25.1002
0.144 287.127 -20.1598
0.145 285.447 -9.76136
0.146 288.509 5.57267
0.147 298.93 23.4454
0.148 317.074 40.0276
0.149 340.42 51.3118
0.15 363.286 54.4688
0.151 378.577 48.7801
0.152 380.379 36.0321
0.153 366.534 19.8094
0.154 340.138 4.3034
0.155 309.014 -7.15014
0.156 282.965 -13.0603
0.157 270.574 -14.2174
0.158 275.727 -13.1371
0.159 295.9 -12.8963
0.16 323.139 -15.6462
0.161 346.474 -21.6292
0.162 356.248 -29.0094
0.163 347.976 -34.4282
0.164 324.244 -34.3179
0.165 293.919 -26.4055
0.166 268.744 -10.8349
0.167 258.855 9.69446
0.168 268.938 30.7206
0.169 296.052 47.41
0.17 330.792 56.1457
0.171 360.883 55.815
0.172 375.382 47.9569
0.173 368.854 35.9653
0.174 343.615 23.9538
0.175 308.477 15.0833
0.176 275.049 10.3741
0.177 253.656 8.66374
0.178 249.78 7.15614
0.179 261.991 2.81285
0.18 283.061 -6.14149
0.181 303.316 -19.5084
0.182 314.334 -34.8125
0.183 312.01 -48.18
0.184 297.681 -55.974
0.185 277.209 -56.0544
0.186 258.533 -48.4283
0.187 248.175 -35.5675
0.188 248.96 -21.3435
0.189 259.673 -9.59296
0.19 275.619 -2.81308
0.191 291.148 -1.20732
0.192 301.951 -2.90309
0.193 306.297 -4.86355
0.194 305.227 -4.38011
0.195 301.383 -0.00534885
0.196 297.362 7.6694
0.197 294.501 16.2539
0.198 292.548 22.7507
0.199 290.398 24.7738
0.2 287.319 21.3311
0.201 283.882 13.5783
0.202 282.235 4.29113
0.203 284.938 -3.32932
0.204 293.413 -6.99792
0.205 306.77 -6.26049
0.206 321.388 -2.49131
0.207 331.664 1.64938
0.208 332.57 3.25117
0.209 322.116 0.503785
0.21 302.484 -6.43416
0.211 280.219 -15.5041
0.212 263.927 -23.4553
0.213 260.708 -27.2987
0.214 273.292 -25.6415
0.215 298.244 -19.0299
0.216 326.809 -9.73041
0.217 347.93 -0.905521
0.218 352.456 4.63296
0.219 337.115 5.74475
0.22 306.596 3.40569
0.221 271.823 0.247347
0.222 246.351 -0.689902
0.223 241.222 2.67711
0.224 260.205 10.46
0.225 297.965 20.6171
0.226 341.516 29.5817
0.227 375.151 33.5885
0.228 385.978 30.1913
0.229 368.893 19.3893
0.23 328.894 3.73003
0.231 279.344 -12.6778
0.232 237.017 -25.61
0.233 215.824 -32.383
0.234 221.428 -32.7302
0.235 249.112 -28.8326
0.236 285.779 -24.1905
0.237 314.93 -22.2556
0.238 323.041 -24.7791
0.239 304.695 -31.0451
0.24 264.933 -38.1111
0.241 217.391 -41.9382
0.242 178.936 -39.1159
0.243 163.42 -28.4593
0.244 176.789 -11.6054
0.245 214.48 7.45362
0.246 263.657 23.6565
0.247 308.132 32.6259
0.248 334.118 32.3965
0.249 335.288 24.0531
0.25 314.691 11.1672
0.251 282.695 -1.70038
0.252 253.169 -10.5465
0.253 237.862 -13.6102
0.254 241.985 -11.9365
0.255 262.611 -8.59224
0.256 290.454 -7.46754
0.257 313.77 -11.4422
0.258 323.052 -21.0447
0.259 314.481 -34.1861
0.26 290.692 -46.7805
0.261 259.685 -54.3911
0.262 231.485 -53.8543
0.263 214.128 -44.5942
0.264 211.139 -28.8207
0.265 220.934 -10.7647
0.266 238.022 4.88036
0.267 255.741 14.6928
0.268 268.851 17.48
0.269 275.009 14.6604
0.27 275.186 9.50052
0.271 272.405 5.55777
0.272 269.963 5.31353
0.273 270.019 9.14155
0.274 272.702 15.2687
0.275 276.457 20.6056
0.276 279.391 22.0221
0.277 280.549 17.668
0.278 280.352 7.74857
0.279 280.091 -5.5041
0.28 281.188 -18.7254
0.281 283.731 -28.6319
0.282 286.217 -33.2025
0.283 285.953 -32.3391
0.284 280.226 -27.7181
0.285 267.961 -21.969
0.286 250.922 -17.6077
0.287 233.319 -16.1402
0.288 220.748 -17.6055
0.289 217.995 -20.6428
0.29 226.731 -23.2045
0.291 244.485 -23.4433
0.292 265.03 -20.6589
0.293 280.649 -15.2262
0.294 285.081 -8.49396
0.295 276.043 -2.28426
0.296 256.373 1.98252
0.297 233.454 3.64057
0.298 216.224 2.8614
0.299 211.723 0.730991
0.3 222.527 -1.5149
0.301 244.994 -3.10456
0.302 270.664 -3.73632
0.303 289.383 -3.72002
0.304 292.969 -3.7619
0.305 278.596 -4.50329
0.306 249.909 -6.28898
0.307 215.916 -8.98865
0.308 187.761 -12.2239
0.309 174.39 -15.5359
0.31 179.372 -18.5265
0.311 199.698 -21.1036
0.312 226.849 -23.322
0.313 250.172 -25.2274
0.314 260.869 -26.7294
0.315 255.326 -27.4558
0.316 236.344 -26.9348
0.317 211.731 -24.9318
0.318 191.504 -21.4431
0.319 184.001 -16.8678
0.32 192.727 -12.0508
0.321 215.271 -7.95032
0.322 244.313 -5.19934
0.323 270.47 -3.86261
0.324 285.785 -3.34714
0.325 286.386 -2.77404
0.326 273.751 -1.38541
0.327 253.569 1.11108
0.328 233.497 4.26694
0.329 220.311 7.0846
0.33 217.576 8.32532
0.331 224.723 7.04402
0.332 237.658 3.07458
0.333 250.542 -2.79103
0.334 258.387 -9.09473
0.335 258.263 -14.1067
0.336 250.417 -16.5549
0.337 237.605 -16.2362
0.338 223.845 -13.8849
0.339 212.917 -10.9896
0.34 207.209 -9.13493
0.341 207.25 -9.31349
0.342 211.861 -11.443
0.343 219.166 -14.398
0.344 227.098 -16.5442
0.345 233.922 -16.4013
0.346 238.691 -13.3806
0.347 240.892 -8.06595
0.348 240.304 -1.97749
0.349 237.106 2.90999
0.35 231.944 4.93466
0.351 226.013 3.51323
0.352 221.172 -0.648693
0.353 219.446 -5.82854
0.354 222.082 -10.1361
0.355 229.16 -12.2688
0.356 239.056 -11.9655
0.357 248.682 -10.2504
0.358 254.35 -8.89041
0.359 252.756 -9.64042
0.36 242.831 -13.3793
0.361 226.212 -19.4518
0.362 206.837 -26.137
0.363 189.938 -31.189
0.364 180.037 -32.645
0.365 179.286 -29.8323
0.366 186.595 -23.5502
0.367 197.782 -15.8236
0.368 207.316 -9.08217
0.369 210.137 -5.09426
0.37 203.764 -4.25107
0.371 189.657 -5.4543
0.372 172.613 -6.59221
0.373 159.238 -5.59465
0.374 155.496 -1.39073
0.375 164.385 5.50008
0.376 184.618 12.9319
0.377 211 17.9689
0.378 236.214 18.2193
0.379 253.417 12.7254
0.38 258.422 2.4902
0.381 251.342 -9.73388
0.382 236.28 -20.5069
0.383 219.717 -27.0284
0.384 207.905 -28.1941
0.385 204.603 -24.9966
0.386 209.824 -20.1267
0.387 220.012 -16.6867
0.388 229.442 -16.8463
0.389 232.608 -20.8733
0.39 226.482 -26.8521
0.391 211.486 -31.4675
0.392 191.41 -31.4225
0.393 171.962 -24.8443
0.394 158.844 -12.2283
0.395 155.679 3.49712
0.396 162.863 17.9784
0.397 177.678 27.0976
0.398 195.389 28.4797
0.399 211.083 22.4213
0.4 221.169 11.7684
0.401 224.402 0.835932
0.402 222.018 -6.35772
0.403 216.801 -7.78403
0.404 211.772 -4.06049
0.405 209.12 1.83227
0.406 209.463 5.83272
0.407 211.919 4.57186
0.408 214.623 -3.11562
0.409 215.45 -15.6575
0.41 213.015 -29.1349
0.411 206.994 -38.8074
0.412 198.026 -41.0643
0.413 187.438 -34.8182
0.414 176.87 -22.0947
0.415 167.789 -7.27376
0.416 161.332 4.63611
0.417 158.18 9.84995
0.418 158.706 7.145
0.419 162.703 -1.65969
0.42 169.495 -12.4609
0.421 177.888 -20.709
0.422 186.204 -23.184
0.423 192.734 -19.1483
0.424 196.128 -10.6733
0.425 195.941 -1.73287
0.426 192.78 3.54305
0.427 188.255 2.56056
0.428 184.46 -4.51735
0.429 183.089 -14.9036
0.43 184.859 -24.3353
0.431 189.034 -28.7122
0.432 193.662 -25.7524
0.433 196.331 -15.9116
0.434 195.015 -2.23265
0.435 188.981 10.8064
0.436 179.339 19.0604
0.437 168.611 20.2579
0.438 160.045 14.7979
0.439 156.426 5.33146
0.44 158.774 -4.34942
0.441 165.951 -10.9151
0.442 175.255 -12.8141
0.443 183.266 -10.706
0.444 187.129 -7.06696
0.445 185.663 -5.02818
0.446 179.877 -6.88432
0.447 172.361 -13.0349
0.448 166.345 -21.8408
0.449 164.326 -30.2331
0.45 167.102 -34.9235
0.451 173.555 -33.7743
0.452 181.016 -26.6917
0.453 186.461 -15.5053
0.454 187.848 -3.33478
0.455 184.955 6.62232
0.456 179.238 12.3624
0.457 173.238 13.6637
0.458 169.449 11.9343
0.459 169.108 9.41697
0.46 171.83 8.10264
0.461 175.748 8.75782
0.462 178.301 10.6614
0.463 177.487 12.0138
0.464 172.774 10.7647
0.465 165.279 5.66994
0.466 157.425 -2.92928
0.467 151.682 -13.2671
0.468 149.474 -22.7479
0.469 150.63 -28.82
0.47 153.403 -30.0597
0.471 155.37 -26.6883
0.472 154.634 -20.4276
0.473 150.804 -13.7403
0.474 145.402 -8.72676
0.475 141.18 -6.31698
0.476 140.907 -6.05964
0.477 146.23 -6.32317
0.478 156.679 -5.27068
0.479 169.484 -1.81919
0.48 180.582 3.76775
0.481 186.295 9.91906
0.482 184.854 14.3064
0.483 177.137 14.7318
0.484 166.529 10.1385
0.485 157.452 1.2435
0.486 153.528 -9.70791
0.487 156.037 -19.7654
0.488 163.312 -26.3995
0.489 171.242 -28.3038
0.49 175.031 -25.8912
0.491 171.151 -21.0256
0.492 158.986 -16.2237
0.493 141.52 -13.4809
0.494 124.207 -13.4364
0.495 112.858 -15.2319
0.496 111.494 -16.8939
0.497 120.697 -16.263
0.498 137.113 -11.9838
0.499 154.801 -4.136
0.5 167.554 5.57785
0.501 171.181 14.4383
0.502 165.35 19.8451
0.503 153.717 20.2675
0.504 142.25 15.8025
0.505 136.761 8.17175
0.506 140.684 -0.034267
0.507 153.456 -6.33714
0.508 170.555 -9.22724
0.509 185.404 -8.71805
0.51 191.888 -6.2288
0.511 186.823 -3.81919
0.512 171.25 -3.24936
0.513 150.084 -5.29613
0.514 130.379 -9.3606
0.515 118.31 -13.8442
0.516 116.87 -16.817
0.517 124.804 -16.8519
0.518 137.177 -13.7189
0.519 147.556 -8.36715
0.52 150.526 -2.61239
0.521 144.131 1.59984
0.522 130.516 3.03126
0.523 115.05 1.58721
0.524 104.181 -1.78374
0.525 102.639 -5.48429
0.526 111.65 -7.97858
0.527 128.313 -8.39897
0.528 146.835 -6.89225
0.529 160.724 -4.46443
0.53 165.637 -2.38311
0.531 160.984 -1.63417
0.532 149.915 -2.42093
0.533 138.055 -4.13085
0.534 130.95 -5.66959
0.535 131.835 -6.00918
0.536 140.215 -4.70689
0.537 152.1 -2.15501
0.538 161.702 0.534001
0.539 163.939 2.0371
0.54 156.645 1.35292
0.541 141.458 -1.66477
0.542 123.173 -6.23621
0.543 107.925 -11.0035
0.544 100.636 -14.5554
0.545 103.007 -16.0605
0.546 112.944 -15.6245
0.547 125.437 -14.1567
0.548 134.771 -12.9932
0.549 136.803 -13.2499
0.55 130.808 -15.2065
0.551 119.842 -18.0772
0.552 109.303 -20.3446
0.553 104.664 -20.3713
0.554 109.156 -17.1041
0.555 122.33 -10.6288
0.556 140.17 -2.26266
0.557 156.551 5.86329
0.558 165.665 11.5938
0.559 164.391 13.5633
0.56 153.454 11.7222
0.561 137.215 7.34929
0.562 121.884 2.53175
0.563 113.008 -0.714708
0.564 113.272 -1.30298
0.565 121.464 0.541734
0.566 133.058 3.36007
0.567 142.043 5.06155
0.568 143.479 3.86438
0.569 135.499 -0.898977
0.57 120.189 -8.41977
0.571 102.749 -16.6337
0.572 89.328 -22.9913
0.573 84.7729 -25.4217
0.574 90.6643 -23.122
0.575 104.682 -16.9319
0.576 121.529 -8.97152
0.577 135.044 -1.83256
0.578 140.57 2.41943
0.579 136.644 2.97699
0.58 125.506 0.500772
0.581 112.037 -3.17598
0.582 101.789 -5.86786
0.583 98.8447 -5.97878
0.584 104.136 -3.12649
0.585 115.252 1.67542
0.586 127.517 6.40053
0.587 135.789 8.90803
0.588 136.544 7.76777
0.589 129.218 2.85804
0.59 116.301 -4.58723
0.591 102.259 -12.4664
0.592 91.7487 -18.5604
0.593 87.9092 -21.3939
0.594 91.3045 -20.7318
0.595 99.7843 -17.5182
0.596 109.526 -13.491
0.597 116.6 -10.4
0.598 118.42 -9.26809
0.599 114.624 -10.088
0.6 107.162 -11.8793
0.601 99.268 -13.1594
0.602 94.1532 -12.6406
0.603 93.7836 -9.71382
0.604 98.208 -4.78503
0.605 105.709 0.930667
0.606 113.606 5.90658
0.607 119.355 8.86694
0.608 121.423 9.28219
0.609 119.759 7.50499
0.61 115.636 4.51107
0.611 110.94 1.458
0.612 107.396 -0.770961
0.613 105.862 -1.93312
0.614 106.165 -2.40754
0.615 107.272 -2.97103
0.616 107.966 -4.35528
0.617 107.316 -6.86717
0.618 104.922 -10.2183
0.619 101.201 -13.6302
0.62 97.0316 -16.1684
0.621 93.3286 -17.0902
0.622 90.7485 -16.2016
0.623 89.3634 -13.9118
0.624 88.8367 -11.0128
0.625 88.7863 -8.33602
0.626 88.9375 -6.40248
0.627 89.3311 -5.23125
0.628 90.3168 -4.37527
0.629 92.2501 -3.18712
0.63 95.2658 -1.17933
0.631 99.0282 1.69067
0.632 102.79 4.93228
0.633 105.709 7.66828
0.634 107.064 8.99797
0.635 106.585 8.40303
0.636 104.531 5.92328
0.637 101.647 2.20162
0.638 98.8109 -1.7268
0.639 96.6621 -4.8931
0.64 95.3692 -6.73583
0.641 94.5154 -7.26778
0.642 93.3295 -7.07211
0.643 91.034 -6.98779
0.644 87.2379 -7.71604
0.645 82.2258 -9.50058
0.646 76.774 -11.9899
0.647 72.0013 -14.3853
0.648 68.9935 -15.745
0.649 68.4108 -15.3737
0.65 70.2387 -13.1076
0.651 73.7792 -9.4251
0.652 78.0263 -5.27867
0.653 81.9702 -1.71433
0.654 84.9356 0.487505
0.655 86.7409 1.08641
0.656 87.5975 0.439712
0.657 87.986 -0.679701
0.658 88.4324 -1.43934
0.659 89.2427 -1.30436
0.66 90.4275 -0.214849
0.661 91.7325 1.4002
0.662 92.7724 2.82377
0.663 93.1901 3.37204
0.664 92.7476 2.68932
0.665 91.3928 0.844062
0.666 89.1628 -1.63668
0.667 86.1781 -4.03039
0.668 82.5849 -5.75454
0.669 78.6433 -6.50993
0.67 74.7421 -6.37338
0.671 71.3935 -5.73527
0.672 69.0825 -5.061
0.673 68.1286 -4.70403
0.674 68.5698 -4.78612
0.675 70.074 -5.14866
0.676 71.9451 -5.44318
0.677 73.2838 -5.34753
0.678 73.3592 -4.74923
0.679 71.981 -3.7601
0.68 69.5591 -2.64925
0.681 67.0439 -1.7131
0.682 65.6265 -1.13807
0.683 66.3316 -0.897491
0.684 69.4456 -0.788218
0.685 74.3704 -0.581323
0.686 79.7373 -0.128951
0.687 83.7771 0.497718
0.688 85.0433 1.01265
0.689 82.9236 1.0263
0.69 77.9132 0.233796
0.691 71.5691 -1.39751
0.692 65.908 -3.55605
0.693 62.6513 -5.69274
0.694 62.6335 -7.19463
0.695 65.3494 -7.65075
0.696 69.1615 -7.04843
0.697 71.9363 -5.74145
0.698 71.8615 -4.33566
0.699 68.1998 -3.4715
0.7 61.6553 -3.48434
0.701 54.1758 -4.2576
0.702 48.24 -5.25925
0.703 45.9881 -5.74491
0.704 48.3426 -5.06299
0.705 54.6341 -2.96548
0.706 62.8709 0.214097
0.707 70.4094 3.66692
0.708 74.8883 6.38489
0.709 75.1404 7.51467
0.71 71.5943 6.69771
0.711 66.0131 4.2132
0.712 60.7988 0.906592
0.713 58.0534 -2.16076
0.714 58.7701 -4.11108
0.715 62.3822 -4.58737
0.716 67.0504 -3.87938
0.717 70.4507 -2.77469
0.718 70.6658 -2.21816
0.719 66.8824 -2.90836
0.72 59.817 -4.97122
0.721 51.403 -7.88239
0.722 44.0526 -10.653
0.723 39.8234 -12.2083
0.724 39.6401 -11.8258
0.725 43.0227 -9.43098
0.726 48.3545 -5.63309
0.727 53.5424 -1.48605
0.728 56.8142 1.88965
0.729 57.3751 3.70482
0.73 55.6059 3.80147
0.731 52.8135 2.67547
0.732 50.6102 1.23617
0.733 50.2217 0.377286
0.734 52.012 0.637918
0.735 55.3363 1.98376
0.736 58.8831 3.82438
0.737 61.2016 5.27499
0.738 61.2615 5.53127
0.739 58.8752 4.22825
0.74 54.7166 1.5676
0.741 49.9994 -1.71492
0.742 45.9925 -4.66449
0.743 43.4995 -6.49299
0.744 42.6294 -6.85457
0.745 42.8548 -5.97504
0.746 43.3348 -4.51196
0.747 43.3252 -3.26999
0.748 42.4732 -2.86579
0.749 41.0303 -3.45502
0.75 39.6676 -4.70708
0.751 39.0578 -5.96431
0.752 39.6328 -6.53003
0.753 41.3148 -5.96993
0.754 43.5177 -4.32266
0.755 45.4231 -2.07167
0.756 46.3501 0.0729318
0.757 46.0486 1.44303
0.758 44.809 1.7162
0.759 43.3694 1.03183
0.76 42.554 -0.0913385
0.761 42.8679 -0.963193
0.762 44.3194 -1.06239
0.763 46.3302 -0.233336
0.764 47.9533 1.23484
0.765 48.343 2.70799
0.766 47.0766 3.48984
0.767 44.3624 3.12241
0.768 41.0178 1.59523
0.769 38.1325 -0.65326
0.77 36.6265 -2.91399
0.771 36.8763 -4.47972
0.772 38.5091 -4.93947
0.773 40.5438 -4.32425
0.774 41.8175 -3.10093
0.775 41.388 -1.96759
0.776 38.9588 -1.54119
0.777 35.0488 -2.08219
0.778 30.7834 -3.39382
0.779 27.4808 -4.90204
0.78 26.1608 -5.87781
0.781 27.1523 -5.74991
0.782 29.9548 -4.34182
0.783 33.4627 -1.97785
0.784 36.3702 0.654877
0.785 37.6872 2.7578
0.786 37.0956 3.71069
0.787 35.0249 3.32524
0.788 32.4924 1.89688
0.789 30.6634 0.0674488
0.79 30.3703 -1.42009
0.791 31.7945 -2.02319
0.792 34.4133 -1.62798
0.793 37.189 -0.550711
0.794 38.9633 0.608931
0.795 38.9059 1.20768
0.796 36.814 0.845521
0.797 33.1846 -0.475736
0.798 29.0122 -2.33502
0.799 25.4065 -4.06406
0.8 23.2028 -5.02041
0.801 22.7011 -4.82152
0.802 23.6273 -3.49856
0.803 25.2649 -1.47354
0.804 26.7616 0.607817
0.805 27.4862 2.11118
0.806 27.2477 2.65177
0.807 26.2858 2.22045
0.808 25.1581 1.155
0.809 24.4735 -0.0330066
0.81 24.6441 -0.863584
0.811 25.7432 -1.07373
0.812 27.4908 -0.71002
0.813 29.3591 -0.093224
0.814 30.7813 0.339986
0.815 31.3889 0.232475
0.816 31.0545 -0.552344
0.817 29.905 -1.86809
0.818 28.2739 -3.33943
0.819 26.5218 -4.53961
0.82 24.9219 -5.11838
0.821 23.5948 -4.94102
0.822 22.5265 -4.12619
0.823 21.6688 -2.97141
0.824 20.9662 -1.8339
0.825 20.3949 -0.99292
0.826 19.9867 -0.552777
0.827 19.7915 -0.434004
0.828 19.8221 -0.436455
0.829 20.0243 -0.35013
0.83 20.2978 -0.0534578
0.831 20.5297 0.441743
0.832 20.6551 0.986674
0.833 20.7204 1.38161
0.834 20.8357 1.47059
0.835 21.1405 1.19773
0.836 21.7025 0.635214
0.837 22.4657 -0.0389998
0.838 23.2392 -0.627683
0.839 23.7274 -0.989575
0.84 23.6529 -1.0887
0.841 22.8555 -0.998977
0.842 21.3823 -0.862783
0.843 19.4886 -0.814644
0.844 17.5748 -0.916307
0.845 16.0439 -1.13773
0.846 15.1676 -1.37323
0.847 14.9811 -1.49337
0.848 15.2766 -1.40918
0.849 15.6881 -1.11758
0.85 15.8289 -0.713648
0.851 15.456 -0.348581
0.852 14.5595 -0.164931
0.853 13.384 -0.241014
0.854 12.321 -0.551025
0.855 11.765 -0.974454
0.856 11.9723 -1.34153
0.857 12.9511 -1.49944
0.858 14.4393 -1.37216
0.859 15.9989 -0.99418
0.86 17.183 -0.488122
0.861 17.6792 -0.0201593
0.862 17.4042 0.273614
0.863 16.5353 0.333298
0.864 15.4211 0.19396
0.865 14.4472 -0.0356926
0.866 13.9018 -0.215176
0.867 13.8614 -0.236171
0.868 14.1964 -0.0749922
0.869 14.614 0.206327
0.87 14.7959 0.484209
0.871 14.5031 0.614407
0.872 13.6718 0.498621
0.873 12.4238 0.120701
0.874 11.03 -0.449454
0.875 9.80526 -1.07782
0.876 8.98858 -1.61659
0.877 8.6851 -1.95343
0.878 8.84689 -2.04423
0.879 9.29638 -1.91918
0.88 9.80179 -1.6604
0.881 10.1561 -1.37285
0.882 10.2508 -1.13801
0.883 10.0853 -0.990349
0.884 9.74972 -0.911117
0.885 9.38794 -0.846884
0.886 9.13213 -0.737005
0.887 9.06273 -0.540173
0.888 9.18998 -0.254382
0.889 9.45664 0.0845122
0.89 9.768 0.412975
0.891 10.0176 0.6667
0.892 10.1207 0.798283
0.893 10.0304 0.788079
0.894 9.74551 0.648624
0.895 9.30225 0.416394
0.896 8.76944 0.138845
0.897 8.2198 -0.137455
0.898 7.72634 -0.378155
0.899 7.34674 -0.563693
0.9 7.10837 -0.684082
0.901 6.99962 -0.741688
0.902 6.97037 -0.747799
0.903 6.95264 -0.717379
0.904 6.87335 -0.66737
0.905 6.67531 -0.612181
0.906 6.34361 -0.564638
0.907 5.9134 -0.528267
0.908 5.46287 -0.49593
0.909 5.09106 -0.454272
0.91 4.88274 -0.389117
0.911 4.87888 -0.289881
0.912 5.06559 -0.15884
0.913 5.36761 -0.0166869
0.914 5.6726 0.107319
0.915 5.8711 0.1804
0.916 5.89349 0.17728
0.917 5.72831 0.0912464
0.918 5.42534 -0.0593645
0.919 5.07916 -0.236106
0.92 4.79016 -0.394295
0.921 4.63396 -0.494382
0.922 4.62564 -0.516871
0.923 4.71745 -0.467023
0.924 4.82386 -0.373229
0.925 4.84898 -0.274587
0.926 4.72092 -0.206452
0.927 4.41973 -0.188037
0.928 3.98724 -0.215553
0.929 3.50745 -0.263507
0.93 3.08039 -0.298159
0.931 2.78889 -0.289225
0.932 2.67032 -0.223953
0.933 2.71006 -0.11121
0.934 2.84973 0.0218316
0.935 3.01056 0.138474
0.936 3.12058 0.206642
0.937 3.13762 0.211067
0.938 3.05635 0.156918
0.939 2.90854 0.0653102
0.94 2.7432 -0.0326822
0.941 2.60901 -0.108613
0.942 2.53498 -0.147104
0.943 2.52167 -0.148124
0.944 2.54469 -0.125763
0.945 2.56346 -0.100604
0.946 2.53912 -0.0903283
0.947 2.44726 -0.104379
0.948 2.28171 -0.140609
0.949 2.058 -0.187348
0.95 1.80739 -0.228608
0.951 1.56649 -0.250243
0.952 1.367 -0.246904
0.953 1.22944 -0.220682
0.954 1.15946 -0.179792
0.955 1.14745 -0.135497
0.956 1.17476 -0.097569
0.957 1.21823 -0.0714117
0.958 1.25628 -0.057168
0.959 1.27379 -0.0508771
0.96 1.26448 -0.0475576
0.961 1.23098 -0.0432709
0.962 1.18257 -0.0362595
0.963 1.13157 -0.0270477
0.964 1.08903 -0.0170129
0.965 1.06 -0.00778213
0.966 1.04275 -0.000355998
0.967 1.02835 0.00514347
0.968 1.00416 0.00902165
0.969 0.958678 0.011407
0.97 0.885245 0.0118419
0.971 0.785272 0.00956473
0.972 0.668166 0.00409129
0.973 0.549116 -0.00410419
0.974 0.444173 -0.0138156
0.975 0.365199 -0.0230866
0.976 0.316417 -0.0294946
0.977 0.294044 -0.0316622
0.978 0.288398 -0.0297397
0.979 0.287341 -0.0252637
0.98 0.280301 -0.0203694
0.981 0.262136 -0.0169278
0.982 0.233814 -0.0159272
0.983 0.200604 -0.0170554
0.984 0.169204 -0.0189317
0.985 0.144782 -0.0198713
0.986 0.129242 -0.0186509
0.987 0.120765 -0.0150079
0.988 0.115202 -0.00970137
0.989 0.108231 -0.00409257
0.99 0.0971232 0.000442632
0.991 0.0815849 0.00309654
0.992 0.0634664 0.0038018
0.993 0.045593 0.00314635
0.994 0.0303688 0.00196159
0.995 0.0189769 0.000911471
0.996 0.0112456 0.000302077
0.997 0.00620148 8.3291e-05
0.998 0.00286459 4.29826e-05
0.999 0.000767766 2.06692e-05
0.12 621.795 -19.0702
0.24 620.049 -19.017
0.36 617.147 -18.9286
0.48 613.102 -18.8054
0.6 607.933 -18.648
0.72 601.663 -18.4571
0.84 594.321 -18.2335
0.96 585.939 -17.9782
1.08 576.554 -17.6923
1.2 566.209 -17.3772
1.32 554.948 -17.0341
1.44 542.821 -16.6646
1.56 529.882 -16.2704
1.68 516.185 -15.853
1.8 501.79 -15.4142
1.92 486.757 -14.956
2.04 471.15 -14.4802
2.16 455.033 -13.9888
2.28 438.473 -13.4838
2.4 421.536 -12.9671
2.52 404.291 -12.441
2.64 386.803 -11.9073
2.76 369.142 -11.3683
2.88 351.373 -10.8257
3 333.563 -10.2818
3.12 315.775 -9.73837
3.24 298.073 -9.19737
3.36 280.516 -8.66062
3.48 263.165 -8.12991
3.6 246.074 -7.60693
3.72 229.296 -7.09329
3.84 212.882 -6.59049
3.96 196.878 -6.09996
4.08 181.327 -5.623
4.2 166.269 -5.16082
4.32 151.739 -4.7145
4.44 137.769 -4.285
4.56 124.387 -3.87318
4.68 111.617 -3.47977
4.8 99.4798 -3.10537
4.92 87.99 -2.75046
5.04 77.1599 -2.41542
5.16 66.9976 -2.10049
5.28 57.5071 -1.8058
5.4 48.689 -1.53137
5.52 40.54 -1.27712
5.64 33.0536 -1.04284
5.76 26.2198 -0.828246
5.88 20.0257 -0.632953
6 14.4555 -0.456489
6.12 9.49066 -0.298301
6.24 5.11021 -0.157764
6.36 1.29104 -0.0341866
6.48 -1.99197 0.0731822
6.6 -4.7656 0.165144
6.72 -7.05811 0.242543
6.84 -8.89895 0.30626
6.96 -10.3185 0.357205
7.08 -11.3478 0.396305
7.2 -12.0185 0.424505
7.32 -12.3622 0.442751
7.44 -12.4107 0.451991
7.56 -12.1953 0.453163
7.68 -11.7471 0.447193
7.8 -11.0965 0.434984
7.92 -10.2729 0.417416
8.04 -9.30479 0.395335
8.16 -8.21952 0.369555
8.28 -7.04307 0.340846
8.4 -5.80005 0.30994
8.52 -4.51351 0.277517
8.64 -3.20487 0.244212
8.76 -1.89389 0.210607
8.88 -0.598565 0.177231
9 0.664865 0.144561
9.12 1.88197 0.113018
9.24 3.04012 0.0829703
9.36 4.12847 0.0547305
9.48 5.13794 0.0285599
9.6 6.06114 0.00466757
9.72 6.89238 -0.0167872
9.84 7.62755 -0.0356931
9.96 8.26408 -0.0519841
10.08 8.80081 -0.0656372
10.2 9.23795 -0.0766691
10.32 9.57693 -0.0851333
10.44 9.82033 -0.0911166
10.56 9.97174 -0.0947361
10.68 10.0357 -0.0961349
10.8 10.0174 -0.0954791
10.92 9.9229 -0.0929542
11.04 9.7587 -0.0887609
11.16 9.53174 -0.083112
11.28 9.24932 -0.076229
11.4 8.91893 -0.0683384
11.52 8.54817 -0.0596685
11.64 8.14466 -0.0504466
11.76 7.71593 -0.0408959
11.88 7.26934 -0.0312327
12 6.81198 -0.0216644
12.12 6.35063 -0.0123866
12.24 5.89167 -0.00358209
12.36 5.44103 0.00458186
12.48 5.00416 0.0119542
12.6 4.58596 0.0184017
12.72 4.19075 0.0238094
12.84 3.82231 0.0280818
12.96 3.48376 0.0311428
13.08 3.17766 0.0329358
13.2 2.90594 0.033424
13.32 2.66994 0.0325896
13.44 2.47041 0.0304336
13.56 2.30757 0.0269746
13.68 2.18109 0.0222484
13.8 2.09013 0.0163064
13.92 2.03342 0.00921471
14.04 2.00925 0.0010527
14.16 2.01556 -0.00808859
14.28 2.04993 -0.0181078
14.4 2.10969 -0.0288951
14.52 2.19193 -0.0403334
14.64 2.29358 -0.0523004
14.76 2.41141 -0.0646702
14.88 2.54214 -0.0773146
15 2.68245 -0.090105
15.12 2.82904 -0.102914
15.24 2.97865 -0.115616
15.36 3.12815 -0.12809
15.48 3.27454 -0.14022
15.6 3.41498 -0.151896
15.72 3.54683 -0.163015
15.84 3.66772 -0.173484
15.96 3.77548 -0.183216
16.08 3.86824 -0.192136
16.2 3.94441 -0.200178
16.32 4.0027 -0.207288
16.44 4.04211 -0.213422
16.56 4.06194 -0.218545
16.68 4.0618 -0.222637
16.8 4.04158 -0.225685
16.92 4.00145 -0.227688
17.04 3.94187 -0.228655
17.16 3.86352 -0.228605
17.28 3.76734 -0.227566
17.4 3.65447 -0.225573
17.52 3.52625 -0.222671
17.64 3.38417 -0.218911
17.76 3.22988 -0.21435
17.88 3.0651 -0.20905
18 2.89169 -0.203077
18.12 2.71152 -0.196502
18.24 2.52653 -0.189399
18.36 2.33863 -0.181841
18.48 2.14974 -0.173904
18.6 1.96171 -0.165664
18.72 1.77632 -0.157195
18.84 1.5953 -0.148572
18.96 1.42022 -0.139864
19.08 1.25256 -0.131141
19.2 1.09365 -0.122467
19.32 0.944654 -0.113904
19.44 0.806601 -0.105507
19.56 0.68033 -0.0973279
19.68 0.566512 -0.0894142
19.8 0.465638 -0.0818069
19.92 0.378024 -0.0745418
20.04 0.30381 -0.0676493
20.16 0.242966 -0.0611542
20.28 0.195294 -0.0550759
20.4 0.160446 -0.0494281
20.52 0.137923 -0.0442197
20.64 0.127094 -0.0394542
20.76 0.127207 -0.0351309
20.88 0.137404 -0.0312441
21 0.156734 -0.0277844
21.12 0.184171 -0.0247388
21.24 0.218629 -0.0220907
21.36 0.258978 -0.0198208
21.48 0.304063 -0.0179075
21.6 0.352719 -0.0163269
21.72 0.403783 -0.0150537
21.84 0.456116 -0.0140615
21.96 0.508614 -0.0133231
22.08 0.56022 -0.0128107
22.2 0.609938 -0.0124969
22.32 0.656845 -0.0123544
22.44 0.700098 -0.0123567
22.56 0.738948 -0.012478
22.68 0.772738 -0.0126941
22.8 0.800917 -0.0129819
22.92 0.823038 -0.01332
23.04 0.838764 -0.0136887
23.16 0.847865 -0.0140701
23.28 0.850221 -0.0144483
23.4 0.845818 -0.0148092
23.52 0.834741 -0.0151407
23.64 0.817178 -0.0154325
23.76 0.793403 -0.0156763
23.88 0.763777 -0.0158654
24 0.728739 -0.0159946
24.12 0.688791 -0.0160605
24.24 0.644497 -0.0160606
24.36 0.596468 -0.0159941
24.48 0.545352 -0.0158606
24.6 0.491826 -0.015661
24.72 0.436584 -0.0153966
24.84 0.380325 -0.0150692
24.96 0.323747 -0.0146808
25.08 0.267532 -0.0142335
25.2 0.212342 -0.0137295
25.32 0.158806 -0.0131706
25.44 0.107515 -0.0125583
25.56 0.0590124 -0.0118937
25.68 0.0137897 -0.0111774
25.8 -0.02772 -0.0104091
25.92 -0.0651461 -0.00958808
26.04 -0.0981841 -0.00871281
26.16 -0.126598 -0.007781
26.28 -0.150221 -0.00678965
26.4 -0.168957 -0.00573509
26.52 -0.182779 -0.00461297
26.64 -0.191729 -0.00341837
26.76 -0.195912 -0.00214591
26.88 -0.195497 -0.00078977
27 -0.190711 0.000656097
27.12 -0.181833 0.00219791
27.24 -0.169191 0.00384188
27.36 -0.153152 0.0055941
27.48 -0.134121 0.00746039
27.6 -0.112531 0.00944612
27.72 -0.088837 0.0115561
27.84 -0.063507 0.0137945
27.96 -0.037018 0.0161644
28.08 -0.00984743 0.0186682
28.2 0.0175336 0.021307
28.32 0.0446668 0.0240808
28.44 0.0711125 0.0269882
28.56 0.096456 0.0300265
28.68 0.120312 0.0331916
28.8 0.142331 0.0364779
28.92 0.162201 0.0398783
29.04 0.179652 0.0433843
29.16 0.194461 0.0469858
29.28 0.206449 0.0506714
29.4 0.215486 0.0544284
29.52 0.221494 0.0582427
29.64 0.22444 0.062099
29.76 0.22434 0.0659811
29.88 0.221258 0.0698718
30 0.215301 0.0737531
30.12 0.206618 0.0776064
30.24 0.195397 0.0814126
30.36 0.18186 0.0851525
30.48 0.166263 0.0888067
30.6 0.148884 0.0923558
30.72 0.130025 0.0957809
30.84 0.110006 0.0990634
30.96 0.0891557 0.102185
31.08 0.0678121 0.10513
31.2 0.0463135 0.107881
31.32 0.0249951 0.110424
31.44 0.00418368 0.112745
31.56 -0.0158067 0.114832
31.68 -0.0346792 0.116675
31.8 -0.0521585 0.118264
31.92 -0.0679939 0.119594
32.04 -0.0819629 0.120658
32.16 -0.0938737 0.121453
32.28 -0.103568 0.121978
32.4 -0.110921 0.122234
32.52 -0.115845 0.122223
32.64 -0.118289 0.121948
32.76 -0.118238 0.121418
32.88 -0.115715 0.120638
33 -0.110775 0.119619
33.12 -0.103512 0.118373
33.24 -0.0940481 0.11691
33.36 -0.0825372 0.115246
33.48 -0.0691604 0.113395
33.6 -0.0541231 0.111374
33.72 -0.0376515 0.109199
33.84 -0.0199899 0.106887
33.96 -0.00139608 0.104457
34.08 0.017862 0.101927
34.2 0.0375103 0.0993149
34.32 0.0572726 0.09664
34.44 0.0768741 0.0939202
34.56 0.0960458 0.0911733
34.68 0.114528 0.0884166
34.8 0.132073 0.0856668
34.92 0.148449 0.0829397
35.04 0.163444 0.0802502
35.16 0.176866 0.0776121
35.28 0.188549 0.0750382
35.4 0.198351 0.07254
35.52 0.206158 0.0701276
35.64 0.211883 0.0678099
35.76 0.215471 0.0655944
35.88 0.216894 0.0634871
36 0.216156 0.0614929
36.12 0.213288 0.0596149
36.24 0.208351 0.0578552
36.36 0.20143 0.0562145
36.48 0.192639 0.0546922
36.6 0.182114 0.0532867
36.72 0.170011 0.0519951
36.84 0.156507 0.0508136
36.96 0.141793 0.0497375
37.08 0.126076 0.0487615
37.2 0.109571 0.0478794
37.32 0.0925024 0.0470845
37.44 0.0750971 0.0463697
37.56 0.057584 0.0457276
37.68 0.0401902 0.0451507
37.8 0.0231377 0.0446312
37.92 0.00664061 0.0441617
38.04 -0.00909714 0.0437345
38.16 -0.0238848 0.0433426
38.28 -0.0375469 0.0429791
38.4 -0.0499253 0.0426376
38.52 -0.0608811 0.0423122
38.64 -0.0702958 0.0419977
38.76 -0.078073 0.0416893
38.88 -0.0841389 0.0413832
39 -0.0884428 0.0410761
39.12 -0.0909578 0.0407655
39.24 -0.0916801 0.0404496
39.36 -0.090629 0.0401276
39.48 -0.0878462 0.0397991
39.6 -0.0833945 0.0394645
39.72 -0.077357 0.0391252
39.84 -0.0698351 0.0387828
39.96 -0.0609472 0.0384399
40.08 -0.0508264 0.0380992
40.2 -0.039619 0.0377642
40.32 -0.0274816 0.0374387
40.44 -0.0145793 0.0371269
40.56 -0.00108326 0.0368331
40.68 0.012832 0.0365618
40.8 0.0269905 0.0363178
40.92 0.0412176 0.0361055
41.04 0.0553421 0.0359295
41.16 0.0691983 0.0357943
41.28 0.0826284 0.0357039
41.4 0.095484 0.0356623
41.52 0.107628 0.035673
41.64 0.118937 0.0357389
41.76 0.129301 0.0358628
41.88 0.138625 0.0360465
42 0.146831 0.0362918
42.12 0.153859 0.0365994
42.24 0.159663 0.0369696
42.36 0.164217 0.0374021
42.48 0.167511 0.0378959
42.6 0.169553 0.0384495
42.72 0.170367 0.0390605
42.84 0.169992 0.0397262
42.96 0.168481 0.0404432
43.08 0.165902 0.0412075
43.2 0.162335 0.0420146
43.32 0.157868 0.0428597
43.44 0.152601 0.0437374
43.56 0.146641 0.0446422
43.68 0.140098 0.045568
43.8 0.133089 0.0465086
43.92 0.125731 0.0474576
44.04 0.118142 0.0484087
44.16 0.110438 0.0493552
44.28 0.102734 0.0502908
44.4 0.095137 0.0512089
44.52 0.0877499 0.0521033
44.64 0.0806673 0.0529679
44.76 0.0739752 0.0537969
44.88 0.0677499 0.0545847
45 0.0620565 0.0553262
45.12 0.0569491 0.0560166
45.24 0.0524695 0.0566514
45.36 0.0486474 0.0572269
45.48 0.0454997 0.0577395
45.6 0.0430313 0.0581862
45.72 0.0412344 0.0585647
45.84 0.0400898 0.058873
45.96 0.0395668 0.0591097
46.08 0.0396243 0.0592738
46.2 0.0402114 0.0593651
46.32 0.0412687 0.0593835
46.44 0.0427292 0.0593296
46.56 0.0445197 0.0592045
46.68 0.0465616 0.0590096
46.8 0.0487728 0.0587467
46.92 0.051069 0.0584179
47.04 0.0533646 0.0580259
47.16 0.0555746 0.0575735
47.28 0.0576156 0.0570636
47.4 0.0594074 0.0564997
47.52 0.0608738 0.0558852
47.64 0.0619444 0.0552238
47.76 0.0625548 0.0545192
47.88 0.0626485 0.0537753
48 0.0621769 0.052996
48.12 0.0611005 0.0521851
48.24 0.0593891 0.0513467
48.36 0.0570226 0.0504846
48.48 0.0539908 0.0496026
48.6 0.0502938 0.0487046
48.72 0.0459418 0.0477942
48.84 0.0409551 0.0468749
48.96 0.0353633 0.0459504
49.08 0.0292054 0.0450238
49.2 0.0225288 0.0440984
49.32 0.0153884 0.0431774
49.44 0.00784651 0.0422637
49.56 -2.90051e-05 0.04136
49.68 -0.00816508 0.0404692
49.8 -0.0164848 0.0395936
49.92 -0.0249084 0.0387359
50.04 -0.0333544 0.0378983
50.16 -0.0417409 0.0370831
50.28 -0.0499866 0.0362922
50.4 -0.0580118 0.0355277
50.52 -0.0657399 0.0347915
50.64 -0.0730979 0.0340853
50.76 -0.0800178 0.0334108
50.88 -0.0864371 0.0327696
51 -0.0923 0.0321631
51.12 -0.0975579 0.0315927
51.24 -0.10217 0.0310597
51.36 -0.106103 0.0305652
51.48 -0.109333 0.0301103
51.6 -0.111845 0.0296957
51.72 -0.113633 0.0293223
51.84 -0.114698 0.0289906
51.96 -0.115051 0.028701
52.08 -0.114712 0.0284537
52.2 -0.113709 0.0282488
52.32 -0.112075 0.028086
52.44 -0.109852 0.027965
52.56 -0.107087 0.027885
52.68 -0.103835 0.027845
52.8 -0.100151 0.0278439
52.92 -0.096097 0.0278801
53.04 -0.0917365 0.0279518
53.16 -0.0871349 0.0280568
53.28 -0.0823578 0.0281927
53.4 -0.0774712 0.0283567
53.52 -0.0725394 0.0285456
53.64 -0.0676247 0.028756
53.76 -0.0627864 0.0289841
53.88 -0.0580799 0.0292259
54 -0.0535562 0.0294769
54.12 -0.0492606 0.0297326
54.24 -0.045233 0.0299879
54.36 -0.0415066 0.0302378
54.48 -0.038108 0.0304768
54.6 -0.0350567 0.0306994
54.72 -0.0323651 0.0308999
54.84 -0.0300381 0.0310726
54.96 -0.0280735 0.0312116
55.08 -0.0264619 0.031311
55.2 -0.0251872 0.031365
55.32 -0.0242266 0.031368
55.44 -0.0235515 0.0313142
55.56 -0.0231276 0.0311982
55.68 -0.0229158 0.031015
55.8 -0.0228727 0.0307595
55.92 -0.0229515 0.0304273
56.04 -0.0231027 0.0300141
56.16 -0.0232751 0.0295163
56.28 -0.0234162 0.0289306
56.4 -0.0234736 0.0282544
56.52 -0.0233954 0.0274854
56.64 -0.0231315 0.0266222
56.76 -0.022634 0.0256638
56.88 -0.0218582 0.0246101
57 -0.0207631 0.0234614
57.12 -0.0193126 0.0222189
57.24 -0.0174755 0.0208844
57.36 -0.0152263 0.0194606
57.48 -0.0125457 0.0179506
57.6 -0.0094208 0.0163584
57.72 -0.00584544 0.0146887
57.84 -0.00182041 0.0129467
57.96 0.00264658 0.0111383
58.08 0.00754088 0.00927014
58.2 0.0128411 0.00734917
58.32 0.0185191 0.00538299
58.44 0.0245408 0.00337961
58.56 0.030866 0.00134744
58.68 0.0374493 -0.000704748
58.8 0.0442405 -0.00276795
58.92 0.0511853 -0.00483294
59.04 0.0582257 -0.00689037
59.16 0.0653014 -0.00893083
59.28 0.0723497 -0.0109449
59.4 0.079307 -0.0129233
59.52 0.0861092 -0.0148569
59.64 0.0926927 -0.0167367
59.76 0.0989953 -0.0185542
59.88 0.104957 -0.0203011
60 0.11052 -0.0219697
60.12 0.11563 -0.0235528
60.24 0.120238 -0.0250435
60.36 0.124299 -0.0264359
60.48 0.127773 -0.0277245
60.6 0.130628 -0.0289046
60.72 0.132835 -0.0299724
60.84 0.134374 -0.0309247
60.96 0.135232 -0.0317591
61.08 0.1354 -0.0324742
61.2 0.13488 -0.0330693
61.32 0.133678 -0.0335445
61.44 0.131808 -0.0339009
61.56 0.129292 -0.0341403
61.68 0.126155 -0.0342654
61.8 0.122432 -0.0342796
61.92 0.118161 -0.034187
62.04 0.113385 -0.0339926
62.16 0.108152 -0.033702
62.28 0.102516 -0.0333212
62.4 0.096531 -0.0328571
62.52 0.090255 -0.0323169
62.64 0.0837477 -0.0317083
62.76 0.0770701 -0.0310394
62.88 0.0702833 -0.0303185
63 0.0634482 -0.0295542
63.12 0.0566247 -0.0287554
63.24 0.0498708 -0.0279309
63.36 0.0432424 -0.0270894
63.48 0.0367921 -0.02624
63.6 0.030569 -0.0253911
63.72 0.0246185 -0.0245514
63.84 0.018981 -0.023729
63.96 0.0136923 -0.0229317
64.08 0.00878305 -0.0221671
64.2 0.00427832 -0.0214421
64.32 0.000197692 -0.0207633
64.44 -0.00344495 -0.0201366
64.56 -0.00664141 -0.0195672
64.68 -0.00938909 -0.0190601
64.8 -0.0116909 -0.018619
64.92 -0.013555 -0.0182474
65.04 -0.0149945 -0.0179479
65.16 -0.0160274 -0.0177223
65.28 -0.0166758 -0.0175717
65.4 -0.0169657 -0.0174966
65.52 -0.0169265 -0.0174965
65.64 -0.0165904 -0.0175704
65.76 -0.0159922 -0.0177165
65.88 -0.0151682 -0.0179321
66 -0.0141562 -0.0182142
66.12 -0.0129943 -0.0185589
66.24 -0.0117211 -0.0189618
66.36 -0.0103746 -0.0194179
66.48 -0.00899165 -0.0199217
66.6 -0.0076079 -0.0204673
66.72 -0.00625693 -0.0210482
66.84 -0.00496998 -0.0216576
66.96 -0.00377555 -0.0222885
67.08 -0.00269904 -0.0229336
67.2 -0.00176253 -0.0235853
67.32 -0.000984497 -0.0242359
67.44 -0.000379683 -0.0248776
67.56 4.10173e-05 -0.0255028
67.68 0.000270604 -0.0261036
67.8 0.000305956 -0.0266724
67.92 0.00014776 -0.0272016
68.04 -0.000199615 -0.027684
68.16 -0.0007283 -0.0281125
68.28 -0.00142715 -0.0284802
68.4 -0.00228203 -0.0287808
68.52 -0.0032761 -0.0290082
68.64 -0.0043902 -0.0291569
68.76 -0.0056032 -0.0292215
68.88 -0.0068924 -0.0291976
69 -0.00823395 -0.0290809
69.12 -0.0096033 -0.0288678
69.24 -0.0109756 -0.0285552
69.36 -0.012326 -0.0281409
69.48 -0.0136304 -0.0276228
69.6 -0.0148655 -0.0269997
69.72 -0.0160094 -0.0262709
69.84 -0.0170418 -0.0254365
69.96 -0.0179444 -0.024497
70.08 -0.0187011 -0.0234535
70.2 -0.0192985 -0.0223078
70.32 -0.0197257 -0.0210621
70.44 -0.0199747 -0.0197193
70.56 -0.0200407 -0.0182829
70.68 -0.0199215 -0.0167567
70.8 -0.0196183 -0.0151451
70.92 -0.0191351 -0.0134529
71.04 -0.018479 -0.0116853
71.16 -0.0176595 -0.00984808
71.28 -0.0166891 -0.00794709
71.4 -0.0155825 -0.00598867
71.52 -0.0143565 -0.00397938
71.64 -0.0130298 -0.00192602
71.76 -0.0116228 0.000164422
71.88 -0.0101568 0.00228479
72 -0.00865426 0.00442783
72.12 -0.00713796 0.00658623
72.24 -0.00563088 0.00875261
72.36 -0.00415581 0.0109197
72.48 -0.0027349 0.0130801
72.6 -0.0013894 0.0152267
72.72 -0.000139255 0.0173525
72.84 0.000997157 0.0194505
72.96 0.00200334 0.0215141
73.08 0.00286494 0.0235369
73.2 0.00356996 0.0255127
73.32 0.00410896 0.0274356
73.44 0.00447521 0.0293003
73.56 0.00466478 0.0311015
73.68 0.00467666 0.0328345
73.8 0.0045127 0.0344949
73.92 0.00417768 0.0360789
74.04 0.00367919 0.0375829
74.16 0.00302755 0.0390041
74.28 0.00223566 0.0403397
74.4 0.00131881 0.0415879
74.52 0.000294491 0.042747
74.64 -0.000817885 0.0438159
74.76 -0.00199724 0.044794
74.88 -0.00322115 0.0456812
75 -0.00446615 0.0464779
75.12 -0.00570805 0.0471847
75.24 -0.00692233 0.047803
75.36 -0.00808444 0.0483345
75.48 -0.00917018 0.0487812
75.6 -0.010156 0.0491455
75.72 -0.0110194 0.0494304
75.84 -0.0117393 0.0496389
75.96 -0.012296 0.0497747
76.08 -0.012672 0.0498413
76.2 -0.0128517 0.049843
76.32 -0.012822 0.0497838
76.44 -0.0125724 0.0496682
76.56 -0.012095 0.0495007
76.68 -0.0113848 0.049286
76.8 -0.0104397 0.0490289
76.92 -0.00926024 0.0487342
77.04 -0.00785021 0.0484065
77.16 -0.00621606 0.0480507
77.28 -0.00436704 0.0476714
77.4 -0.00231501 0.0472732
77.52 -7.43027e-05 0.0468605
77.64 0.00233849 0.0464377
77.76 0.00490474 0.0460087
77.88 0.00760404 0.0455775
78 0.0104145 0.0451477
78.12 0.0133129 0.0447225
78.24 0.0162754 0.0443051
78.36 0.0192774 0.0438982
78.48 0.0222939 0.0435041
78.6 0.0253004 0.0431251
78.72 0.0282724 0.0427627
78.84 0.0311865 0.0424185
78.96 0.03402 0.0420935
79.08 0.0367519 0.0417883
79.2 0.0393624 0.0415033
79.32 0.041834 0.0412385
79.44 0.0441508 0.0409937
79.56 0.0462995 0.0407683
79.68 0.048269 0.0405612
79.8 0.0500509 0.0403714
79.92 0.0516394 0.0401973
80.04 0.0530313 0.0400374
80.16 0.054226 0.0398898
80.28 0.0552258 0.0397523
80.4 0.0560353 0.0396228
80.52 0.0566618 0.0394989
80.64 0.057115 0.0393783
80.76 0.0574067 0.0392585
80.88 0.0575506 0.0391369
81 0.0575625 0.0390111
81.12 0.0574594 0.0388785
81.24 0.0572599 0.0387369
81.36 0.0569834 0.0385838
81.48 0.0566502 0.038417
81.6 0.0562809 0.0382346
81.72 0.0558962 0.0380346
81.84 0.0555168 0.0378155
81.96 0.0551628 0.0375756
82.08 0.0548537 0.0373137
82.2 0.0546078 0.0370289
82.32 0.0544422 0.0367205
82.44 0.0543727 0.0363879
82.56 0.054413 0.0360309
82.68 0.0545752 0.0356497
82.8 0.0548692 0.0352446
82.92 0.0553028 0.0348161
83.04 0.0558814 0.0343653
83.16 0.0566081 0.0338932
83.28 0.0574836 0.0334012
83.4 0.0585063 0.032891
83.52 0.0596721 0.0323643
83.64 0.0609748 0.0318233
83.76 0.0624059 0.03127
83.88 0.0639547 0.0307069
84 0.065609 0.0301365
84.12 0.0673546 0.0295611
84.24 0.0691758 0.0289836
84.36 0.0710556 0.0284066
84.48 0.0729761 0.0278326
84.6 0.0749183 0.0272644
84.72 0.0768631 0.0267046
84.84 0.0787906 0.0261556
84.96 0.0806813 0.0256199
85.08 0.0825157 0.0250997
85.2 0.0842749 0.0245972
85.32 0.0859407 0.024114
85.44 0.087496 0.0236521
85.56 0.0889248 0.0232128
85.68 0.0902125 0.0227972
85.8 0.0913462 0.0224064
85.92 0.0923146 0.0220408
86.04 0.0931084 0.0217009
86.16 0.0937202 0.0213865
86.28 0.0941447 0.0210974
86.4 0.0943786 0.0208329
86.52 0.094421 0.0205921
86.64 0.0942728 0.0203736
86.76 0.0939371 0.0201758
86.88 0.093419 0.0199969
87 0.0927254 0.0198346
87.12 0.0918653 0.0196863
87.24 0.090849 0.0195494
87.36 0.0896885 0.0194207
87.48 0.088397 0.0192971
87.6 0.0869887 0.0191751
87.72 0.0854791 0.0190511
87.84 0.083884 0.0189212
87.96 0.0822197 0.0187816
88.08 0.080503 0.0186282
88.2 0.0787505 0.0184571
88.32 0.0769785 0.0182639
88.44 0.0752032 0.0180447
88.56 0.0734398 0.0177954
88.68 0.0717029 0.0175119
88.8 0.070006 0.0171903
88.92 0.0683615 0.0168268
89.04 0.0667804 0.0164177
89.16 0.0652725 0.0159595
89.28 0.0638457 0.0154489
89.4 0.0625066 0.014883
89.52 0.06126 0.0142589
89.64 0.0601091 0.013574
89.76 0.0590554 0.0128263
89.88 0.0580987 0.0120138
90 0.0572372 0.011135
90.12 0.0564676 0.0101886
90.24 0.0557853 0.00917391
90.36 0.055184 0.0080904
90.48 0.0546566 0.006938
90.6 0.0541947 0.00571704
90.72 0.0537891 0.00442822
90.84 0.0534298 0.00307264
90.96 0.0531064 0.00165177
91.08 0.0528079 0.000167502
91.2 0.0525235 -0.00137793
91.32 0.052242 -0.0029819
91.44 0.0519526 -0.00464143
91.56 0.0516451 -0.00635318
91.68 0.0513094 -0.00811351
91.8 0.0509363 -0.00991841
91.92 0.0505177 -0.0117636
92.04 0.0500462 -0.0136446
92.16 0.0495155 -0.0155564
92.28 0.0489207 -0.0174941
92.4 0.0482581 -0.0194523
92.52 0.0475252 -0.0214256
92.64 0.0467211 -0.0234082
92.76 0.0458461 -0.0253945
92.88 0.0449021 -0.0273784
93 0.0438921 -0.0293539
93.12 0.0428206 -0.031315
93.24 0.0416933 -0.0332554
93.36 0.040517 -0.0351691
93.48 0.0392996 -0.0370498
93.6 0.0380499 -0.0388913
93.72 0.0367775 -0.0406877
93.84 0.0354926 -0.042433
93.96 0.034206 -0.0441211
94.08 0.0329287 -0.0457465
94.2 0.031672 -0.0473034
94.32 0.030447 -0.0487863
94.44 0.0292649 -0.0501902
94.56 0.0281363 -0.0515098
94.68 0.0270715 -0.0527406
94.8 0.0260801 -0.0538778
94.92 0.0251707 -0.0549173
95.04 0.0243512 -0.0558551
95.16 0.0236285 -0.0566875
95.28 0.0230081 -0.0574112
95.4 0.0224946 -0.0580232
95.52 0.022091 -0.0585208
95.64 0.0217992 -0.0589019
95.76 0.0216195 -0.0591644
95.88 0.0215511 -0.0593068
96 0.0215915 -0.0593281
96.12 0.0217372 -0.0592274
96.24 0.0219831 -0.0590044
96.36 0.0223232 -0.0586592
96.48 0.02275 -0.0581923
96.6 0.0232554 -0.0576044
96.72 0.0238299 -0.0568969
96.84 0.0244637 -0.0560715
96.96 0.025146 -0.0551302
97.08 0.0258656 -0.0540756
97.2 0.0266111 -0.0529104
97.32 0.0273706 -0.0516378
97.44 0.0281325 -0.0502616
97.56 0.0288852 -0.0487855
97.68 0.0296174 -0.047214
97.8 0.0303182 -0.0455516
97.92 0.0309773 -0.0438032
98.04 0.0315853 -0.0419741
98.16 0.0321335 -0.0400697
98.28 0.0326141 -0.0380958
98.4 0.0330207 -0.0360583
98.52 0.0333478 -0.0339634
98.64 0.0335911 -0.0318174
98.76 0.0337479 -0.029627
98.88 0.0338164 -0.0273986
99 0.0337965 -0.0251392
99.12 0.0336891 -0.0228555
99.24 0.0334969 -0.0205544
99.36 0.0332233 -0.0182429
99.48 0.0328733 -0.015928
99.6 0.032453 -0.0136164
99.72 0.0319695 -0.0113151
99.84 0.0314308 -0.00903086
99.96 0.030846 -0.00677034
100.08 0.0302245 -0.0045401
100.2 0.0295769 -0.00234653
100.32 0.0289136 -0.000195824
100.44 0.0282458 0.001906
100.56 0.0275848 0.00395316
100.68 0.0269416 0.00594011
100.8 0.0263275 0.00786159
100.92 0.0257533 0.00971261
101.04 0.0252294 0.0114885
101.16 0.0247658 0.0131848
101.28 0.0243719 0.0147976
101.4 0.024056 0.016323
101.52 0.0238259 0.0177579
101.64 0.0236883 0.0190991
101.76 0.023649 0.020344
101.88 0.0237126 0.0214904
102 0.0238827 0.0225363
102.12 0.0241618 0.0234803
102.24 0.0245511 0.0243212
102.36 0.0250509 0.0250582
102.48 0.0256602 0.0256909
102.6 0.026377 0.0262192
102.72 0.0271984 0.0266434
102.84 0.0281204 0.0269643
102.96 0.0291383 0.0271826
103.08 0.0302463 0.0272998
103.2 0.0314384 0.0273174
103.32 0.0327076 0.0272373
103.44 0.0340466 0.0270617
103.56 0.0354479 0.0267931
103.68 0.0369034 0.0264341
103.8 0.0384053 0.0259877
103.92 0.0399456 0.025457
104.04 0.0415162 0.0248454
104.16 0.0431097 0.0241565
104.28 0.0447188 0.0233939
104.4 0.0463364 0.0225614
104.52 0.0479562 0.0216632
104.64 0.0495724 0.0207032
104.76 0.0511798 0.0196858
104.88 0.052774 0.0186151
105 0.0543512 0.0174956
105.12 0.0559083 0.0163317
105.24 0.0574433 0.0151279
105.36 0.0589544 0.0138886
105.48 0.0604411 0.0126184
105.6 0.0619032 0.0113217
105.72 0.0633414 0.0100031
105.84 0.0647569 0.00866701
105.96 0.0661514 0.00731792
106.08 0.067527 0.00596022
106.2 0.0688865 0.00459827
106.32 0.0702325 0.00323637
106.44 0.0715681 0.00187876
106.56 0.0728965 0.000529587
106.68 0.0742206 -0.000807059
106.8 0.0755433 -0.00212719
106.92 0.0768674 -0.00342689
107.04 0.0781951 -0.00470237
107.16 0.0795284 -0.00594991
107.28 0.0808686 -0.00716593
107.4 0.0822164 -0.00834694
107.52 0.0835719 -0.00948958
107.64 0.0849345 -0.0105906
107.76 0.0863025 -0.0116469
107.88 0.0876737 -0.0126554
108 0.0890448 -0.0136134
108.12 0.0904119 -0.014518
108.24 0.0917698 -0.0153668
108.36 0.0931129 -0.0161572
108.48 0.0944344 -0.016887
108.6 0.095727 -0.0175541
108.72 0.0969825 -0.0181565
108.84 0.0981921 -0.0186923
108.96 0.0993466 -0.0191599
109.08 0.100436 -0.0195579
109.2 0.10145 -0.0198848
109.32 0.102379 -0.0201396
109.44 0.103211 -0.0203212
109.56 0.103937 -0.020429
109.68 0.104546 -0.0204622
109.8 0.105028 -0.0204205
109.92 0.105373 -0.0203035
110.04 0.105572 -0.0201113
110.16 0.105616 -0.019844
110.28 0.105498 -0.0195018
110.4 0.105211 -0.0190852
110.52 0.104749 -0.018595
110.64 0.104108 -0.0180319
110.76 0.103284 -0.017397
110.88 0.102274 -0.0166916
111 0.101079 -0.0159169
111.12 0.0996978 -0.0150746
111.24 0.0981333 -0.0141663
111.36 0.0963886 -0.013194
111.48 0.0944685 -0.0121596
111.6 0.0923793 -0.0110652
111.72 0.0901286 -0.00991321
111.84 0.0877253 -0.008706
111.96 0.0851797 -0.00744609
112.08 0.0825031 -0.00613613
112.2 0.0797081 -0.00477884
112.32 0.0768082 -0.00337705
112.44 0.0738178 -0.00193365
112.56 0.0707519 -0.000451604
112.68 0.0676264 0.00106608
112.8 0.0644574 0.00261634
112.92 0.0612616 0.00419609
113.04 0.0580556 0.00580222
113.16 0.0548562 0.00743161
113.28 0.0516801 0.00908114
113.4 0.0485435 0.0107477
113.52 0.0454625 0.0124282
113.64 0.0424524 0.0141197
113.76 0.0395278 0.015819
113.88 0.0367026 0.0175232
114 0.0339898 0.0192295
114.12 0.0314012 0.0209349
114.24 0.0289476 0.0226367
114.36 0.0266385 0.0243323
114.48 0.0244821 0.0260189
114.6 0.0224855 0.0276941
114.72 0.0206541 0.0293554
114.84 0.0189923 0.0310005
114.96 0.0175028 0.0326272
115.08 0.0161871 0.0342333
115.2 0.0150453 0.0358167
115.32 0.0140762 0.0373755
115.44 0.0132774 0.0389078
115.56 0.0126452 0.0404118
115.68 0.0121749 0.0418859
115.8 0.0118609 0.0433286
115.92 0.0116963 0.0447382
116.04 0.0116736 0.0461134
116.16 0.0117848 0.0474528
116.28 0.0120209 0.0487553
116.4 0.0123726 0.0500196
116.52 0.0128304 0.0512446
116.64 0.0133842 0.0524293
116.76 0.0140241 0.0535726
116.88 0.0147401 0.0546737
117 0.0155221 0.0557317
117.12 0.0163605 0.0567457
117.24 0.0172457 0.057715
117.36 0.0181687 0.0586388
117.48 0.019121 0.0595165
117.6 0.0200943 0.0603474
117.72 0.0210814 0.0611308
117.84 0.0220752 0.0618663
117.96 0.0230696 0.0625532
118.08 0.0240593 0.063191
118.2 0.0250393 0.0637793
118.32 0.0260058 0.0643176
118.44 0.0269553 0.0648056
118.56 0.0278853 0.0652428
118.68 0.0287937 0.0656289
118.8 0.0296792 0.0659637
118.92 0.0305412 0.066247
119.04 0.0313792 0.0664785
119.16 0.0321936 0.0666582
119.28 0.032985 0.0667859
119.4 0.0337543 0.0668617
119.52 0.0345028 0.0668856
119.64 0.0352319 0.0668578
119.76 0.0359432 0.0667784
119.88 0.0366382 0.0666477
120 0.0373185 0.066466
